#
# A fatal error has been detected by the Java Runtime Environment:
#
#  SIGSEGV (0xb) at pc=0x0000000124c1b3fd, pid=4634, tid=1811
#
# JRE version: Java(TM) SE Runtime Environment (8.0_31-b13) (build 1.8.0_31-b13)
# Java VM: Java HotSpot(TM) 64-Bit Server VM (25.31-b07 mixed mode bsd-amd64 compressed oops)
# Problematic frame:
# C  [libglass.dylib+0x163fd]  GlassScreenDidChangeScreenParameters+0x9d
#
# Failed to write core dump. Core dumps have been disabled. To enable core dumping, try "ulimit -c unlimited" before starting Java again
#
# If you would like to submit a bug report, please visit:
#   http://bugreport.java.com/bugreport/crash.jsp
#

---------------  T H R E A D  ---------------

Current thread is native thread

siginfo: si_signo: 11 (SIGSEGV), si_code: 1 (SEGV_MAPERR), si_addr: 0x0000000000000000

Registers:
RAX=0x0000000124c4de40, RBX=0x0000000000000000, RCX=0x4f00baf2139a2362, RDX=0x00007fa949542b50
RSP=0x00007fff52edefd0, RBP=0x00007fff52edefe0, RSI=0x00007fa94970d150, RDI=0x0000000000000000
R8 =0x00007fff52edee80, R9 =0x00007fff78be0300, R10=0x0000000000000000, R11=0x0000000000000246
R12=0x00007fa949522260, R13=0x00000000000f4268, R14=0x00007fa949542a60, R15=0x00007fff52edf128
RIP=0x0000000124c1b3fd, EFLAGS=0x0000000000010206, ERR=0x0000000000000004
  TRAPNO=0x000000000000000e

Top of Stack: (sp=0x00007fff52edefd0)
0x00007fff52edefd0:   00007fff52edf1c8 00007fa949542a60
0x00007fff52edefe0:   00007fff52edeff0 00007fff8e2eacdc
0x00007fff52edeff0:   00007fff52edf350 00007fff8e1dc244
0x00007fff52edf000:   0000000000000000 0000000000000000
0x00007fff52edf010:   0000000000000013 0000000000000000
0x00007fff52edf020:   00000000000f429c 0000000000000a50
0x00007fff52edf030:   0000000000000001 00007fa949542a60
0x00007fff52edf040:   0000000000000000 00007fff52edf120
0x00007fff52edf050:   0000000000000000 00007fa949542a20
0x00007fff52edf060:   00007fff52edf1a0 000000000000006e
0x00007fff52edf070:   00000000000f437a 00007fa949664ca0
0x00007fff52edf080:   00007fa949760b40 00007fa949522260
0x00007fff52edf090:   0000000000000001 00000000000f4268
0x00007fff52edf0a0:   00007fa949522250 000000010cd38000
0x00007fff52edf0b0:   00007fff52edf150 00007fff8bd454ff
0x00007fff52edf0c0:   00007fa94b359940 00007fa94b359c00
0x00007fff52edf0d0:   00007fa94befc080 000000010cd38000
0x00007fff52edf0e0:   00007fff52edf180 00007fff8bd454ff
0x00007fff52edf0f0:   00007fa94befc080 0000000000000003
0x00007fff52edf100:   0006620349522284 00007fa949522284
0x00007fff52edf110:   0000000000000000 00007fff9413d64f
0x00007fff52edf120:   00007fa949543410 00007fa949542a60
0x00007fff52edf130:   0000000300000003 0000000000000000
0x00007fff52edf140:   00007fff52edf1bc 00007fff52edf1c0
0x00007fff52edf150:   000000010cd3ba00 0000000000000001
0x00007fff52edf160:   000000010cd38000 00007fa94e102ea1
0x00007fff52edf170:   0000000000000003 000000010cd3d800
0x00007fff52edf180:   00007fff52edf270 00007fff8bd422a2
0x00007fff52edf190:   073fffffffffaa22 00000000000287b7
0x00007fff52edf1a0:   0000000000000014 0000000000000000
0x00007fff52edf1b0:   00000000000f429d 0000000000000017
0x00007fff52edf1c0:   0000000000000000 00000000000f4268 

Instructions: (pc=0x0000000124c1b3fd)
0x0000000124c1b3dd:   89 df 4c 89 f1 41 ff 90 68 04 00 00 48 8d 05 58
0x0000000124c1b3ed:   29 03 00 48 8b 30 48 8d 05 46 2a 03 00 48 8b 10
0x0000000124c1b3fd:   48 8b 0b 30 c0 48 89 df ff 91 68 04 00 00 48 8b
0x0000000124c1b40d:   03 48 89 df ff 50 78 48 85 c0 74 36 49 89 c6 48 

Register to memory mapping:

RAX=0x0000000124c4de40: jScreenNotifySettingsChanged+0 in /Library/Java/JavaVirtualMachines/jdk1.8.0_31.jdk/Contents/Home/jre/lib/libglass.dylib at 0x0000000124c05000
RBX=0x0000000000000000 is an unknown value
RCX=0x4f00baf2139a2362 is an unknown value
RDX=0x00007fa949542b50 is an unknown value
RSP=0x00007fff52edefd0 is an unknown value
RBP=0x00007fff52edefe0 is an unknown value
RSI=0x00007fa94970d150 is a global jni handle
RDI=0x0000000000000000 is an unknown value
R8 =0x00007fff52edee80 is an unknown value
R9 =0x00007fff78be0300: _thread+0 in /usr/lib/system/libsystem_pthread.dylib at 0x00007fff95183000
R10=0x0000000000000000 is an unknown value
R11=0x0000000000000246 is an unknown value
R12=0x00007fa949522260 is an unknown value
R13=0x00000000000f4268 is an unknown value
R14=0x00007fa949542a60 is an unknown value
R15=0x00007fff52edf128 is an unknown value


Stack: [0x00007fff526e2000,0x00007fff52ee2000],  sp=0x00007fff52edefd0,  free space=8179k
Native frames: (J=compiled Java code, j=interpreted, Vv=VM code, C=native code)
C  [libglass.dylib+0x163fd]  GlassScreenDidChangeScreenParameters+0x9d
C  [CoreFoundation+0x11ecdc]  __CFNOTIFICATIONCENTER_IS_CALLING_OUT_TO_AN_OBSERVER__+0xc
C  [CoreFoundation+0x10244]  _CFXNotificationPost+0xc44
C  [Foundation+0x2c31]  -[NSNotificationCenter postNotificationName:object:userInfo:]+0x42
C  [AppKit+0x36305e]  -[NSApplication _reactToScreenInvalidationImmediately:]+0x17b
C  [AppKit+0x362e9d]  __44-[NSApplication _reactToScreenInvalidation:]_block_invoke+0x4b
C  [CoreFoundation+0x8056c]  __CFRUNLOOP_IS_CALLING_OUT_TO_A_BLOCK__+0xc
C  [CoreFoundation+0x72675]  __CFRunLoopDoBlocks+0x155
C  [CoreFoundation+0x721b6]  __CFRunLoopRun+0x716
C  [CoreFoundation+0x71858]  CFRunLoopRunSpecific+0x128
C  [java+0x56cc]  CreateExecutionEnvironment+0x367
C  [java+0x165c]  JLI_Launch+0x7a0
C  [java+0x768a]  main+0x65
C  [java+0xeb4]  start+0x34


---------------  P R O C E S S  ---------------

VM state:not at safepoint (normal execution)

VM Mutex/Monitor currently owned by a thread: None

Heap:
 PSYoungGen      total 343552K, used 126238K [0x00000007aab00000, 0x00000007c0000000, 0x00000007c0000000)
  eden space 338944K, 36% used [0x00000007aab00000,0x00000007b230c2e0,0x00000007bf600000)
  from space 4608K, 71% used [0x00000007bf600000,0x00000007bf93b650,0x00000007bfa80000)
  to   space 4608K, 0% used [0x00000007bfb80000,0x00000007bfb80000,0x00000007c0000000)
 ParOldGen       total 72704K, used 48601K [0x0000000780000000, 0x0000000784700000, 0x00000007aab00000)
  object space 72704K, 66% used [0x0000000780000000,0x0000000782f765b0,0x0000000784700000)
 Metaspace       used 24065K, capacity 25198K, committed 25344K, reserved 1071104K
  class space    used 3336K, capacity 3563K, committed 3584K, reserved 1048576K

Card table byte_map: [0x000000011dadf000,0x000000011dce0000] byte_map_base: 0x0000000119edf000

Marking Bits: (ParMarkBitMap*) 0x000000010e09e410
 Begin Bits: [0x000000011e242000, 0x000000011f242000)
 End Bits:   [0x000000011f242000, 0x0000000120242000)

Polling page: 0x000000010cf78000

CodeCache: size=245760Kb used=12559Kb max_used=12570Kb free=233200Kb
 bounds [0x000000010e71f000, 0x000000010f37f000, 0x000000011d71f000]
 total_blobs=4754 nmethods=3952 adapters=722
 compilation: enabled

Compilation events (10 events):
Event: 39.348 Thread 0x00007fa94a82b000 3994       3       java.util.ArrayList::remove (69 bytes)
Event: 39.349 Thread 0x00007fa94a82b000 nmethod 3994 0x000000010f36b490 code [0x000000010f36b660, 0x000000010f36bce8]
Event: 39.349 Thread 0x00007fa94a82b000 3995   !   3       java.util.ArrayList$Itr::remove (68 bytes)
Event: 39.350 Thread 0x00007fa94a82b000 nmethod 3995 0x000000010f36aa10 code [0x000000010f36abe0, 0x000000010f36b198]
Event: 39.354 Thread 0x00007fa94a82b000 3996       3       java.lang.invoke.MemberName::equals (69 bytes)
Event: 39.355 Thread 0x00007fa94a82b000 nmethod 3996 0x000000010f36c050 code [0x000000010f36c2a0, 0x000000010f36d4d8]
Event: 102.165 Thread 0x00007fa94a82a800 3997       4       java.util.concurrent.locks.AbstractQueuedSynchronizer::release (33 bytes)
Event: 102.171 Thread 0x00007fa94a82a800 nmethod 3997 0x000000010f370850 code [0x000000010f3709a0, 0x000000010f370be8]
Event: 137.894 Thread 0x00007fa94a82b000 3998       1       sun.java2d.pipe.RenderBuffer::position (11 bytes)
Event: 137.894 Thread 0x00007fa94a82b000 nmethod 3998 0x000000010f370590 code [0x000000010f3706e0, 0x000000010f3707f0]

GC Heap History (10 events):
Event: 13.195 GC heap before
{Heap before GC invocations=22 (full 3):
 PSYoungGen      total 344064K, used 3165K [0x00000007aab00000, 0x00000007c0000000, 0x00000007c0000000)
  eden space 338944K, 0% used [0x00000007aab00000,0x00000007aab00000,0x00000007bf600000)
  from space 5120K, 61% used [0x00000007bf600000,0x00000007bf917640,0x00000007bfb00000)
  to   space 5120K, 0% used [0x00000007bfb00000,0x00000007bfb00000,0x00000007c0000000)
 ParOldGen       total 62464K, used 54718K [0x0000000780000000, 0x0000000783d00000, 0x00000007aab00000)
  object space 62464K, 87% used [0x0000000780000000,0x000000078356fa88,0x0000000783d00000)
 Metaspace       used 17187K, capacity 17576K, committed 17792K, reserved 1064960K
  class space    used 2316K, capacity 2428K, committed 2432K, reserved 1048576K
Event: 13.244 GC heap after
Heap after GC invocations=22 (full 3):
 PSYoungGen      total 344064K, used 0K [0x00000007aab00000, 0x00000007c0000000, 0x00000007c0000000)
  eden space 338944K, 0% used [0x00000007aab00000,0x00000007aab00000,0x00000007bf600000)
  from space 5120K, 0% used [0x00000007bf600000,0x00000007bf600000,0x00000007bfb00000)
  to   space 5120K, 0% used [0x00000007bfb00000,0x00000007bfb00000,0x00000007c0000000)
 ParOldGen       total 72704K, used 21247K [0x0000000780000000, 0x0000000784700000, 0x00000007aab00000)
  object space 72704K, 29% used [0x0000000780000000,0x00000007814bfe70,0x0000000784700000)
 Metaspace       used 17187K, capacity 17576K, committed 17792K, reserved 1064960K
  class space    used 2316K, capacity 2428K, committed 2432K, reserved 1048576K
}
Event: 14.129 GC heap before
{Heap before GC invocations=23 (full 3):
 PSYoungGen      total 344064K, used 335164K [0x00000007aab00000, 0x00000007c0000000, 0x00000007c0000000)
  eden space 338944K, 98% used [0x00000007aab00000,0x00000007bf24f398,0x00000007bf600000)
  from space 5120K, 0% used [0x00000007bf600000,0x00000007bf600000,0x00000007bfb00000)
  to   space 5120K, 0% used [0x00000007bfb00000,0x00000007bfb00000,0x00000007c0000000)
 ParOldGen       total 72704K, used 21247K [0x0000000780000000, 0x0000000784700000, 0x00000007aab00000)
  object space 72704K, 29% used [0x0000000780000000,0x00000007814bfe70,0x0000000784700000)
 Metaspace       used 17189K, capacity 17576K, committed 17792K, reserved 1064960K
  class space    used 2316K, capacity 2428K, committed 2432K, reserved 1048576K
Event: 14.131 GC heap after
Heap after GC invocations=23 (full 3):
 PSYoungGen      total 344064K, used 3197K [0x00000007aab00000, 0x00000007c0000000, 0x00000007c0000000)
  eden space 338944K, 0% used [0x00000007aab00000,0x00000007aab00000,0x00000007bf600000)
  from space 5120K, 62% used [0x00000007bfb00000,0x00000007bfe1f640,0x00000007c0000000)
  to   space 5120K, 0% used [0x00000007bf600000,0x00000007bf600000,0x00000007bfb00000)
 ParOldGen       total 72704K, used 24293K [0x0000000780000000, 0x0000000784700000, 0x00000007aab00000)
  object space 72704K, 33% used [0x0000000780000000,0x00000007817b94b0,0x0000000784700000)
 Metaspace       used 17189K, capacity 17576K, committed 17792K, reserved 1064960K
  class space    used 2316K, capacity 2428K, committed 2432K, reserved 1048576K
}
Event: 15.017 GC heap before
{Heap before GC invocations=24 (full 3):
 PSYoungGen      total 344064K, used 337431K [0x00000007aab00000, 0x00000007c0000000, 0x00000007c0000000)
  eden space 338944K, 98% used [0x00000007aab00000,0x00000007bf166910,0x00000007bf600000)
  from space 5120K, 62% used [0x00000007bfb00000,0x00000007bfe1f640,0x00000007c0000000)
  to   space 5120K, 0% used [0x00000007bf600000,0x00000007bf600000,0x00000007bfb00000)
 ParOldGen       total 72704K, used 24293K [0x0000000780000000, 0x0000000784700000, 0x00000007aab00000)
  object space 72704K, 33% used [0x0000000780000000,0x00000007817b94b0,0x0000000784700000)
 Metaspace       used 17190K, capacity 17576K, committed 17792K, reserved 1064960K
  class space    used 2316K, capacity 2428K, committed 2432K, reserved 1048576K
Event: 15.020 GC heap after
Heap after GC invocations=24 (full 3):
 PSYoungGen      total 344064K, used 3229K [0x00000007aab00000, 0x00000007c0000000, 0x00000007c0000000)
  eden space 338944K, 0% used [0x00000007aab00000,0x00000007aab00000,0x00000007bf600000)
  from space 5120K, 63% used [0x00000007bf600000,0x00000007bf927640,0x00000007bfb00000)
  to   space 5120K, 0% used [0x00000007bfb00000,0x00000007bfb00000,0x00000007c0000000)
 ParOldGen       total 72704K, used 36443K [0x0000000780000000, 0x0000000784700000, 0x00000007aab00000)
  object space 72704K, 50% used [0x0000000780000000,0x0000000782396d30,0x0000000784700000)
 Metaspace       used 17190K, capacity 17576K, committed 17792K, reserved 1064960K
  class space    used 2316K, capacity 2428K, committed 2432K, reserved 1048576K
}
Event: 15.867 GC heap before
{Heap before GC invocations=25 (full 3):
 PSYoungGen      total 344064K, used 339351K [0x00000007aab00000, 0x00000007c0000000, 0x00000007c0000000)
  eden space 338944K, 99% used [0x00000007aab00000,0x00000007bf33e9a8,0x00000007bf600000)
  from space 5120K, 63% used [0x00000007bf600000,0x00000007bf927640,0x00000007bfb00000)
  to   space 5120K, 0% used [0x00000007bfb00000,0x00000007bfb00000,0x00000007c0000000)
 ParOldGen       total 72704K, used 36443K [0x0000000780000000, 0x0000000784700000, 0x00000007aab00000)
  object space 72704K, 50% used [0x0000000780000000,0x0000000782396d30,0x0000000784700000)
 Metaspace       used 17220K, capacity 17640K, committed 17792K, reserved 1064960K
  class space    used 2316K, capacity 2428K, committed 2432K, reserved 1048576K
Event: 15.869 GC heap after
Heap after GC invocations=25 (full 3):
 PSYoungGen      total 343040K, used 3261K [0x00000007aab00000, 0x00000007bff00000, 0x00000007c0000000)
  eden space 338944K, 0% used [0x00000007aab00000,0x00000007aab00000,0x00000007bf600000)
  from space 4096K, 79% used [0x00000007bfb00000,0x00000007bfe2f640,0x00000007bff00000)
  to   space 4608K, 0% used [0x00000007bf600000,0x00000007bf600000,0x00000007bfa80000)
 ParOldGen       total 72704K, used 36451K [0x0000000780000000, 0x0000000784700000, 0x00000007aab00000)
  object space 72704K, 50% used [0x0000000780000000,0x0000000782398d30,0x0000000784700000)
 Metaspace       used 17220K, capacity 17640K, committed 17792K, reserved 1064960K
  class space    used 2316K, capacity 2428K, committed 2432K, reserved 1048576K
}
Event: 16.837 GC heap before
{Heap before GC invocations=26 (full 3):
 PSYoungGen      total 343040K, used 338928K [0x00000007aab00000, 0x00000007bff00000, 0x00000007c0000000)
  eden space 338944K, 99% used [0x00000007aab00000,0x00000007bf2ccd18,0x00000007bf600000)
  from space 4096K, 79% used [0x00000007bfb00000,0x00000007bfe2f640,0x00000007bff00000)
  to   space 4608K, 0% used [0x00000007bf600000,0x00000007bf600000,0x00000007bfa80000)
 ParOldGen       total 72704K, used 36451K [0x0000000780000000, 0x0000000784700000, 0x00000007aab00000)
  object space 72704K, 50% used [0x0000000780000000,0x0000000782398d30,0x0000000784700000)
 Metaspace       used 17220K, capacity 17640K, committed 17792K, reserved 1064960K
  class space    used 2316K, capacity 2428K, committed 2432K, reserved 1048576K
Event: 16.840 GC heap after
Heap after GC invocations=26 (full 3):
 PSYoungGen      total 343552K, used 3309K [0x00000007aab00000, 0x00000007c0000000, 0x00000007c0000000)
  eden space 338944K, 0% used [0x00000007aab00000,0x00000007aab00000,0x00000007bf600000)
  from space 4608K, 71% used [0x00000007bf600000,0x00000007bf93b650,0x00000007bfa80000)
  to   space 4608K, 0% used [0x00000007bfb80000,0x00000007bfb80000,0x00000007c0000000)
 ParOldGen       total 72704K, used 48601K [0x0000000780000000, 0x0000000784700000, 0x00000007aab00000)
  object space 72704K, 66% used [0x0000000780000000,0x0000000782f765b0,0x0000000784700000)
 Metaspace       used 17220K, capacity 17640K, committed 17792K, reserved 1064960K
  class space    used 2316K, capacity 2428K, committed 2432K, reserved 1048576K
}

Deoptimization events (10 events):
Event: 19.398 Thread 0x00007fa94a93b000 Uncommon trap: reason=class_check action=maybe_recompile pc=0x000000010ee10580 method=java.util.WeakHashMap.eq(Ljava/lang/Object;Ljava/lang/Object;)Z @ 7
Event: 19.398 Thread 0x00007fa94a93b000 Uncommon trap: reason=class_check action=maybe_recompile pc=0x000000010ee10580 method=java.util.WeakHashMap.eq(Ljava/lang/Object;Ljava/lang/Object;)Z @ 7
Event: 19.793 Thread 0x00007fa94b125800 Uncommon trap: reason=class_check action=maybe_recompile pc=0x000000010ef92948 method=javafx.beans.property.DoublePropertyBase.get()D @ 23
Event: 34.311 Thread 0x00007fa94b125800 Uncommon trap: reason=class_check action=maybe_recompile pc=0x000000010f2405d0 method=com.sun.javafx.css.ParsedValueImpl.hashCode()I @ 226
Event: 37.569 Thread 0x00007fa94b125800 Uncommon trap: reason=class_check action=maybe_recompile pc=0x000000010f1fb854 method=javafx.scene.Node.updateLocalToParentTransform()V @ 11
Event: 37.569 Thread 0x00007fa94b125800 Uncommon trap: reason=class_check action=maybe_recompile pc=0x000000010f1fb854 method=javafx.scene.Node.updateLocalToParentTransform()V @ 11
Event: 37.569 Thread 0x00007fa94b125800 Uncommon trap: reason=class_check action=maybe_recompile pc=0x000000010f1fb854 method=javafx.scene.Node.updateLocalToParentTransform()V @ 11
Event: 37.569 Thread 0x00007fa94b125800 Uncommon trap: reason=class_check action=maybe_recompile pc=0x000000010f1fb854 method=javafx.scene.Node.updateLocalToParentTransform()V @ 11
Event: 37.734 Thread 0x00007fa94b125800 Uncommon trap: reason=class_check action=maybe_recompile pc=0x000000010f2405d0 method=com.sun.javafx.css.ParsedValueImpl.hashCode()I @ 226
Event: 37.734 Thread 0x00007fa94b125800 Uncommon trap: reason=class_check action=maybe_recompile pc=0x000000010f2405d0 method=com.sun.javafx.css.ParsedValueImpl.hashCode()I @ 226

Internal exceptions (10 events):
Event: 17.235 Thread 0x00007fa94b125800 Exception <a 'java/security/PrivilegedActionException'> (0x00000007ad1c7a40) thrown at [/Users/java_re/workspace/8-2-build-macosx-x86_64/jdk8u31/2394/hotspot/src/share/vm/prims/jvm.cpp, line 1312]
Event: 17.237 Thread 0x00007fa94b125800 Exception <a 'java/security/PrivilegedActionException'> (0x00000007ad1cdfa0) thrown at [/Users/java_re/workspace/8-2-build-macosx-x86_64/jdk8u31/2394/hotspot/src/share/vm/prims/jvm.cpp, line 1312]
Event: 17.238 Thread 0x00007fa94b125800 Exception <a 'java/security/PrivilegedActionException'> (0x00000007ad1d1488) thrown at [/Users/java_re/workspace/8-2-build-macosx-x86_64/jdk8u31/2394/hotspot/src/share/vm/prims/jvm.cpp, line 1312]
Event: 17.239 Thread 0x00007fa94b125800 Exception <a 'java/security/PrivilegedActionException'> (0x00000007ad1d3b08) thrown at [/Users/java_re/workspace/8-2-build-macosx-x86_64/jdk8u31/2394/hotspot/src/share/vm/prims/jvm.cpp, line 1312]
Event: 17.240 Thread 0x00007fa94b125800 Exception <a 'java/security/PrivilegedActionException'> (0x00000007ad1d6198) thrown at [/Users/java_re/workspace/8-2-build-macosx-x86_64/jdk8u31/2394/hotspot/src/share/vm/prims/jvm.cpp, line 1312]
Event: 17.242 Thread 0x00007fa94b125800 Exception <a 'java/security/PrivilegedActionException'> (0x00000007ad1d8810) thrown at [/Users/java_re/workspace/8-2-build-macosx-x86_64/jdk8u31/2394/hotspot/src/share/vm/prims/jvm.cpp, line 1312]
Event: 17.271 Thread 0x00007fa94b125800 Exception <a 'java/security/PrivilegedActionException'> (0x00000007ad252ee0) thrown at [/Users/java_re/workspace/8-2-build-macosx-x86_64/jdk8u31/2394/hotspot/src/share/vm/prims/jvm.cpp, line 1312]
Event: 17.274 Thread 0x00007fa94b125800 Exception <a 'java/security/PrivilegedActionException'> (0x00000007ad269a58) thrown at [/Users/java_re/workspace/8-2-build-macosx-x86_64/jdk8u31/2394/hotspot/src/share/vm/prims/jvm.cpp, line 1312]
Event: 17.279 Thread 0x00007fa94b125800 Exception <a 'java/security/PrivilegedActionException'> (0x00000007ad28bb90) thrown at [/Users/java_re/workspace/8-2-build-macosx-x86_64/jdk8u31/2394/hotspot/src/share/vm/prims/jvm.cpp, line 1312]
Event: 18.771 Thread 0x00007fa94b125800 Implicit null exception at 0x000000010ed93a53 to 0x000000010ed94119

Events (10 events):
Event: 39.359 loading class com/sun/javafx/tk/quantum/QuantumToolkit done
Event: 39.359 Thread 0x00007fa94a93b000 DEOPT PACKING pc=0x000000010f17bbfc sp=0x00000001245375c0
Event: 39.359 Thread 0x00007fa94a93b000 DEOPT UNPACKING pc=0x000000010e766373 sp=0x0000000124537338 mode 1
Event: 39.359 Thread 0x00007fa94a93b000 Thread exited: 0x00007fa94a93b000
Event: 39.359 Thread 0x00007fa94a99e800 Thread exited: 0x00007fa94a99e800
Event: 39.360 Thread 0x00007fa94b125800 Thread exited: 0x00007fa94b125800
Event: 39.360 Thread 0x00007fa94a006000 Thread exited: 0x00007fa94a006000
Event: 39.360 Thread 0x00007fa94a006000 Thread added: 0x00007fa94a006000
Event: 160.342 Executing VM operation: RedefineClasses
Event: 160.379 Executing VM operation: RedefineClasses done


Dynamic libraries:
0x00000000067e6000 	/System/Library/Frameworks/Cocoa.framework/Versions/A/Cocoa
0x00000000067e6000 	/System/Library/Frameworks/Security.framework/Versions/A/Security
0x00000000067e6000 	/System/Library/Frameworks/ApplicationServices.framework/Versions/A/ApplicationServices
0x00000000067e6000 	/usr/lib/libz.1.dylib
0x00000000067e6000 	/usr/lib/libSystem.B.dylib
0x00000000067e6000 	/usr/lib/libobjc.A.dylib
0x00000000067e6000 	/System/Library/Frameworks/CoreFoundation.framework/Versions/A/CoreFoundation
0x00000000067e6000 	/System/Library/Frameworks/Foundation.framework/Versions/C/Foundation
0x00000000067e6000 	/System/Library/Frameworks/AppKit.framework/Versions/C/AppKit
0x00000000067e6000 	/System/Library/Frameworks/CoreData.framework/Versions/A/CoreData
0x00000000067e6000 	/System/Library/PrivateFrameworks/RemoteViewServices.framework/Versions/A/RemoteViewServices
0x00000000067e6000 	/System/Library/PrivateFrameworks/UIFoundation.framework/Versions/A/UIFoundation
0x00000000067e6000 	/System/Library/Frameworks/IOSurface.framework/Versions/A/IOSurface
0x00000000067e6000 	/System/Library/Frameworks/AudioToolbox.framework/Versions/A/AudioToolbox
0x00000000067e6000 	/System/Library/Frameworks/AudioUnit.framework/Versions/A/AudioUnit
0x00000000067e6000 	/System/Library/PrivateFrameworks/DataDetectorsCore.framework/Versions/A/DataDetectorsCore
0x00000000067e6000 	/System/Library/PrivateFrameworks/DesktopServicesPriv.framework/Versions/A/DesktopServicesPriv
0x00000000067e6000 	/System/Library/Frameworks/Carbon.framework/Versions/A/Frameworks/HIToolbox.framework/Versions/A/HIToolbox
0x00000000067e6000 	/System/Library/Frameworks/QuartzCore.framework/Versions/A/QuartzCore
0x00000000067e6000 	/System/Library/Frameworks/Carbon.framework/Versions/A/Frameworks/SpeechRecognition.framework/Versions/A/SpeechRecognition
0x00000000067e6000 	/usr/lib/libauto.dylib
0x00000000067e6000 	/usr/lib/libicucore.A.dylib
0x00000000067e6000 	/usr/lib/libxml2.2.dylib
0x00000000067e6000 	/System/Library/PrivateFrameworks/CoreUI.framework/Versions/A/CoreUI
0x00000000067e6000 	/System/Library/Frameworks/CoreAudio.framework/Versions/A/CoreAudio
0x00000000067e6000 	/System/Library/Frameworks/DiskArbitration.framework/Versions/A/DiskArbitration
0x00000000067e6000 	/usr/lib/liblangid.dylib
0x00000000067e6000 	/System/Library/PrivateFrameworks/MultitouchSupport.framework/Versions/A/MultitouchSupport
0x00000000067e6000 	/System/Library/Frameworks/IOKit.framework/Versions/A/IOKit
0x00000000067e6000 	/usr/lib/libDiagnosticMessagesClient.dylib
0x00000000067e6000 	/System/Library/Frameworks/CoreServices.framework/Versions/A/CoreServices
0x00000000067e6000 	/System/Library/PrivateFrameworks/PerformanceAnalysis.framework/Versions/A/PerformanceAnalysis
0x00000000067e6000 	/System/Library/PrivateFrameworks/GenerationalStorage.framework/Versions/A/GenerationalStorage
0x00000000067e6000 	/System/Library/Frameworks/OpenGL.framework/Versions/A/OpenGL
0x00000000067e6000 	/System/Library/PrivateFrameworks/Sharing.framework/Versions/A/Sharing
0x00000000067e6000 	/System/Library/Frameworks/CoreGraphics.framework/Versions/A/CoreGraphics
0x00000000067e6000 	/System/Library/Frameworks/CoreText.framework/Versions/A/CoreText
0x00000000067e6000 	/System/Library/Frameworks/ImageIO.framework/Versions/A/ImageIO
0x00000000067e6000 	/usr/lib/libextension.dylib
0x00000000067e6000 	/System/Library/PrivateFrameworks/Backup.framework/Versions/A/Backup
0x00000000067e6000 	/usr/lib/libarchive.2.dylib
0x00000000067e6000 	/System/Library/Frameworks/CFNetwork.framework/Versions/A/CFNetwork
0x00000000067e6000 	/System/Library/Frameworks/SystemConfiguration.framework/Versions/A/SystemConfiguration
0x00000000067e6000 	/usr/lib/libCRFSuite.dylib
0x00000000067e6000 	/usr/lib/libc++.1.dylib
0x00000000067e6000 	/usr/lib/libc++abi.dylib
0x00000000067e6000 	/usr/lib/system/libcache.dylib
0x00000000067e6000 	/usr/lib/system/libcommonCrypto.dylib
0x00000000067e6000 	/usr/lib/system/libcompiler_rt.dylib
0x00000000067e6000 	/usr/lib/system/libcopyfile.dylib
0x00000000067e6000 	/usr/lib/system/libcorecrypto.dylib
0x00000000067e6000 	/usr/lib/system/libdispatch.dylib
0x00000000067e6000 	/usr/lib/system/libdyld.dylib
0x00000000067e6000 	/usr/lib/system/libkeymgr.dylib
0x00000000067e6000 	/usr/lib/system/liblaunch.dylib
0x00000000067e6000 	/usr/lib/system/libmacho.dylib
0x00000000067e6000 	/usr/lib/system/libquarantine.dylib
0x00000000067e6000 	/usr/lib/system/libremovefile.dylib
0x00000000067e6000 	/usr/lib/system/libsystem_asl.dylib
0x00000000067e6000 	/usr/lib/system/libsystem_blocks.dylib
0x00000000067e6000 	/usr/lib/system/libsystem_c.dylib
0x00000000067e6000 	/usr/lib/system/libsystem_configuration.dylib
0x00000000067e6000 	/usr/lib/system/libsystem_coreservices.dylib
0x00000000067e6000 	/usr/lib/system/libsystem_coretls.dylib
0x00000000067e6000 	/usr/lib/system/libsystem_dnssd.dylib
0x00000000067e6000 	/usr/lib/system/libsystem_info.dylib
0x00000000067e6000 	/usr/lib/system/libsystem_kernel.dylib
0x00000000067e6000 	/usr/lib/system/libsystem_m.dylib
0x00000000067e6000 	/usr/lib/system/libsystem_malloc.dylib
0x00000000067e6000 	/usr/lib/system/libsystem_network.dylib
0x00000000067e6000 	/usr/lib/system/libsystem_networkextension.dylib
0x00000000067e6000 	/usr/lib/system/libsystem_notify.dylib
0x00000000067e6000 	/usr/lib/system/libsystem_platform.dylib
0x00000000067e6000 	/usr/lib/system/libsystem_pthread.dylib
0x00000000067e6000 	/usr/lib/system/libsystem_sandbox.dylib
0x00000000067e6000 	/usr/lib/system/libsystem_secinit.dylib
0x00000000067e6000 	/usr/lib/system/libsystem_stats.dylib
0x00000000067e6000 	/usr/lib/system/libsystem_trace.dylib
0x00000000067e6000 	/usr/lib/system/libunc.dylib
0x00000000067e6000 	/usr/lib/system/libunwind.dylib
0x00000000067e6000 	/usr/lib/system/libxpc.dylib
0x00000000067e6000 	/usr/lib/libbz2.1.0.dylib
0x00000000067e6000 	/usr/lib/liblzma.5.dylib
0x00000000067e6000 	/usr/lib/libbsm.0.dylib
0x00000000067e6000 	/usr/lib/libsqlite3.dylib
0x00000000067e6000 	/usr/lib/system/libkxld.dylib
0x00000000067e6000 	/usr/lib/libxar.1.dylib
0x00000000067e6000 	/usr/lib/libpam.2.dylib
0x00000000067e6000 	/usr/lib/libOpenScriptingUtil.dylib
0x00000000067e6000 	/System/Library/Frameworks/CoreServices.framework/Versions/A/Frameworks/FSEvents.framework/Versions/A/FSEvents
0x00000000067e6000 	/System/Library/Frameworks/CoreServices.framework/Versions/A/Frameworks/CarbonCore.framework/Versions/A/CarbonCore
0x00000000067e6000 	/System/Library/Frameworks/CoreServices.framework/Versions/A/Frameworks/Metadata.framework/Versions/A/Metadata
0x00000000067e6000 	/System/Library/Frameworks/CoreServices.framework/Versions/A/Frameworks/OSServices.framework/Versions/A/OSServices
0x00000000067e6000 	/System/Library/Frameworks/CoreServices.framework/Versions/A/Frameworks/SearchKit.framework/Versions/A/SearchKit
0x00000000067e6000 	/System/Library/Frameworks/CoreServices.framework/Versions/A/Frameworks/AE.framework/Versions/A/AE
0x00000000067e6000 	/System/Library/Frameworks/CoreServices.framework/Versions/A/Frameworks/LaunchServices.framework/Versions/A/LaunchServices
0x00000000067e6000 	/System/Library/Frameworks/CoreServices.framework/Versions/A/Frameworks/DictionaryServices.framework/Versions/A/DictionaryServices
0x00000000067e6000 	/System/Library/Frameworks/NetFS.framework/Versions/A/NetFS
0x00000000067e6000 	/System/Library/PrivateFrameworks/NetAuth.framework/Versions/A/NetAuth
0x00000000067e6000 	/System/Library/PrivateFrameworks/login.framework/Versions/A/Frameworks/loginsupport.framework/Versions/A/loginsupport
0x00000000067e6000 	/System/Library/PrivateFrameworks/TCC.framework/Versions/A/TCC
0x00000000067e6000 	/usr/lib/libmecabra.dylib
0x00000000067e6000 	/System/Library/Frameworks/ApplicationServices.framework/Versions/A/Frameworks/ATS.framework/Versions/A/ATS
0x00000000067e6000 	/System/Library/Frameworks/ApplicationServices.framework/Versions/A/Frameworks/ColorSync.framework/Versions/A/ColorSync
0x00000000067e6000 	/System/Library/Frameworks/ApplicationServices.framework/Versions/A/Frameworks/HIServices.framework/Versions/A/HIServices
0x00000000067e6000 	/System/Library/Frameworks/ApplicationServices.framework/Versions/A/Frameworks/LangAnalysis.framework/Versions/A/LangAnalysis
0x00000000067e6000 	/System/Library/Frameworks/ApplicationServices.framework/Versions/A/Frameworks/PrintCore.framework/Versions/A/PrintCore
0x00000000067e6000 	/System/Library/Frameworks/ApplicationServices.framework/Versions/A/Frameworks/QD.framework/Versions/A/QD
0x00000000067e6000 	/System/Library/Frameworks/ApplicationServices.framework/Versions/A/Frameworks/SpeechSynthesis.framework/Versions/A/SpeechSynthesis
0x00000000067e6000 	/System/Library/Frameworks/Accelerate.framework/Versions/A/Accelerate
0x00000000067e6000 	/System/Library/Frameworks/Accelerate.framework/Versions/A/Frameworks/vImage.framework/Versions/A/vImage
0x00000000067e6000 	/System/Library/Frameworks/Accelerate.framework/Versions/A/Frameworks/vecLib.framework/Versions/A/vecLib
0x00000000067e6000 	/System/Library/Frameworks/Accelerate.framework/Versions/A/Frameworks/vecLib.framework/Versions/A/libvDSP.dylib
0x00000000067e6000 	/System/Library/Frameworks/Accelerate.framework/Versions/A/Frameworks/vecLib.framework/Versions/A/libvMisc.dylib
0x00000000067e6000 	/System/Library/Frameworks/Accelerate.framework/Versions/A/Frameworks/vecLib.framework/Versions/A/libLAPACK.dylib
0x00000000067e6000 	/System/Library/Frameworks/Accelerate.framework/Versions/A/Frameworks/vecLib.framework/Versions/A/libBLAS.dylib
0x00000000067e6000 	/System/Library/Frameworks/Accelerate.framework/Versions/A/Frameworks/vecLib.framework/Versions/A/libLinearAlgebra.dylib
0x00000000067e6000 	/System/Library/Frameworks/ApplicationServices.framework/Versions/A/Frameworks/ATS.framework/Versions/A/Resources/libFontParser.dylib
0x00000000067e6000 	/System/Library/Frameworks/ApplicationServices.framework/Versions/A/Frameworks/ATS.framework/Versions/A/Resources/libFontRegistry.dylib
0x00000000067e6000 	/System/Library/PrivateFrameworks/AppleVPA.framework/Versions/A/AppleVPA
0x00000000067e6000 	/System/Library/PrivateFrameworks/AppleJPEG.framework/Versions/A/AppleJPEG
0x00000000067e6000 	/System/Library/Frameworks/ImageIO.framework/Versions/A/Resources/libJPEG.dylib
0x00000000067e6000 	/System/Library/Frameworks/ImageIO.framework/Versions/A/Resources/libTIFF.dylib
0x00000000067e6000 	/System/Library/Frameworks/ImageIO.framework/Versions/A/Resources/libPng.dylib
0x00000000067e6000 	/System/Library/Frameworks/ImageIO.framework/Versions/A/Resources/libGIF.dylib
0x00000000067e6000 	/System/Library/Frameworks/ImageIO.framework/Versions/A/Resources/libJP2.dylib
0x00000000067e6000 	/System/Library/Frameworks/ImageIO.framework/Versions/A/Resources/libRadiance.dylib
0x00000000067e6000 	/System/Library/Frameworks/CoreVideo.framework/Versions/A/CoreVideo
0x00000000067e6000 	/System/Library/Frameworks/OpenGL.framework/Versions/A/Libraries/libGLU.dylib
0x00000000067e6000 	/System/Library/Frameworks/OpenGL.framework/Versions/A/Libraries/libGFXShared.dylib
0x00000000067e6000 	/System/Library/Frameworks/OpenGL.framework/Versions/A/Libraries/libGL.dylib
0x00000000067e6000 	/System/Library/Frameworks/OpenGL.framework/Versions/A/Libraries/libGLImage.dylib
0x00000000067e6000 	/System/Library/Frameworks/OpenGL.framework/Versions/A/Libraries/libCVMSPluginSupport.dylib
0x00000000067e6000 	/System/Library/Frameworks/OpenGL.framework/Versions/A/Libraries/libCoreVMClient.dylib
0x00000000067e6000 	/usr/lib/libcups.2.dylib
0x00000000067e6000 	/System/Library/Frameworks/Kerberos.framework/Versions/A/Kerberos
0x00000000067e6000 	/System/Library/Frameworks/GSS.framework/Versions/A/GSS
0x00000000067e6000 	/usr/lib/libresolv.9.dylib
0x00000000067e6000 	/usr/lib/libiconv.2.dylib
0x00000000067e6000 	/System/Library/PrivateFrameworks/Heimdal.framework/Versions/A/Heimdal
0x00000000067e6000 	/usr/lib/libheimdal-asn1.dylib
0x00000000067e6000 	/System/Library/Frameworks/OpenDirectory.framework/Versions/A/OpenDirectory
0x00000000067e6000 	/System/Library/PrivateFrameworks/CommonAuth.framework/Versions/A/CommonAuth
0x00000000067e6000 	/System/Library/Frameworks/OpenDirectory.framework/Versions/A/Frameworks/CFOpenDirectory.framework/Versions/A/CFOpenDirectory
0x00000000067e6000 	/System/Library/Frameworks/SecurityFoundation.framework/Versions/A/SecurityFoundation
0x00000000067e6000 	/System/Library/PrivateFrameworks/LanguageModeling.framework/Versions/A/LanguageModeling
0x00000000067e6000 	/usr/lib/libcmph.dylib
0x00000000067e6000 	/System/Library/Frameworks/ServiceManagement.framework/Versions/A/ServiceManagement
0x00000000067e6000 	/usr/lib/libxslt.1.dylib
0x00000000067e6000 	/System/Library/Frameworks/Carbon.framework/Versions/A/Frameworks/Ink.framework/Versions/A/Ink
0x00000000067e6000 	/System/Library/Frameworks/QuartzCore.framework/Versions/A/Frameworks/CoreImage.framework/Versions/A/CoreImage
0x00000000067e6000 	/System/Library/PrivateFrameworks/CrashReporterSupport.framework/Versions/A/CrashReporterSupport
0x00000000067e6000 	/System/Library/Frameworks/OpenCL.framework/Versions/A/OpenCL
0x00000000067e6000 	/System/Library/PrivateFrameworks/FaceCore.framework/Versions/A/FaceCore
0x00000000067e6000 	/System/Library/PrivateFrameworks/Ubiquity.framework/Versions/A/Ubiquity
0x00000000067e6000 	/System/Library/PrivateFrameworks/IconServices.framework/Versions/A/IconServices
0x00000000067e6000 	/System/Library/PrivateFrameworks/ChunkingLibrary.framework/Versions/A/ChunkingLibrary
0x00000000067e6000 	/System/Library/PrivateFrameworks/Apple80211.framework/Versions/A/Apple80211
0x00000000067e6000 	/System/Library/Frameworks/CoreWLAN.framework/Versions/A/CoreWLAN
0x00000000067e6000 	/System/Library/Frameworks/IOBluetooth.framework/Versions/A/IOBluetooth
0x00000000067e6000 	/System/Library/PrivateFrameworks/CoreWiFi.framework/Versions/A/CoreWiFi
0x00000000067e6000 	/System/Library/Frameworks/CoreBluetooth.framework/Versions/A/CoreBluetooth
0x00000000067e6000 	/System/Library/PrivateFrameworks/DebugSymbols.framework/Versions/A/DebugSymbols
0x00000000067e6000 	/System/Library/PrivateFrameworks/CoreSymbolication.framework/Versions/A/CoreSymbolication
0x00000000067e6000 	/System/Library/PrivateFrameworks/Symbolication.framework/Versions/A/Symbolication
0x00000000067e6000 	/System/Library/PrivateFrameworks/SpeechRecognitionCore.framework/Versions/A/SpeechRecognitionCore
0x000000010d800000 	/Library/Java/JavaVirtualMachines/jdk1.8.0_31.jdk/Contents/Home/jre/lib/server/libjvm.dylib
0x00000000067e6000 	/usr/lib/libstdc++.6.dylib
0x000000010cf36000 	/Library/Java/JavaVirtualMachines/jdk1.8.0_31.jdk/Contents/Home/jre/lib/libverify.dylib
0x000000010cf44000 	/Library/Java/JavaVirtualMachines/jdk1.8.0_31.jdk/Contents/Home/jre/lib/libjava.dylib
0x000000010cf79000 	/Library/Java/JavaVirtualMachines/jdk1.8.0_31.jdk/Contents/Home/jre/lib/libjdwp.dylib
0x000000010cfc4000 	/Library/Java/JavaVirtualMachines/jdk1.8.0_31.jdk/Contents/Home/jre/lib/libnpt.dylib
0x000000010cfd1000 	/Library/Java/JavaVirtualMachines/jdk1.8.0_31.jdk/Contents/Home/jre/lib/libzip.dylib
0x0000000122217000 	/System/Library/Frameworks/JavaVM.framework/Frameworks/JavaRuntimeSupport.framework/JavaRuntimeSupport
0x000000012222f000 	/System/Library/Frameworks/JavaVM.framework/Versions/A/Frameworks/JavaNativeFoundation.framework/Versions/A/JavaNativeFoundation
0x000000010cfef000 	/System/Library/Frameworks/JavaVM.framework/Versions/A/JavaVM
0x00000000067e6000 	/System/Library/Frameworks/Carbon.framework/Versions/A/Carbon
0x0000000122244000 	/System/Library/PrivateFrameworks/JavaLaunching.framework/Versions/A/JavaLaunching
0x00000000067e6000 	/System/Library/Frameworks/Carbon.framework/Versions/A/Frameworks/CommonPanels.framework/Versions/A/CommonPanels
0x00000000067e6000 	/System/Library/Frameworks/Carbon.framework/Versions/A/Frameworks/Help.framework/Versions/A/Help
0x00000000067e6000 	/System/Library/Frameworks/Carbon.framework/Versions/A/Frameworks/ImageCapture.framework/Versions/A/ImageCapture
0x00000000067e6000 	/System/Library/Frameworks/Carbon.framework/Versions/A/Frameworks/OpenScripting.framework/Versions/A/OpenScripting
0x00000000067e6000 	/System/Library/Frameworks/Carbon.framework/Versions/A/Frameworks/Print.framework/Versions/A/Print
0x00000000067e6000 	/System/Library/Frameworks/Carbon.framework/Versions/A/Frameworks/SecurityHI.framework/Versions/A/SecurityHI
0x0000000123b50000 	/Library/Java/JavaVirtualMachines/jdk1.8.0_31.jdk/Contents/Home/jre/lib/libdt_socket.dylib
0x000000012453a000 	/Library/Java/JavaVirtualMachines/jdk1.8.0_31.jdk/Contents/Home/jre/lib/libprism_es2.dylib
0x00000001245b7000 	/System/Library/Frameworks/OpenGL.framework/Resources/GLEngine.bundle/GLEngine
0x00000000067e6000 	/System/Library/Frameworks/OpenGL.framework/Versions/A/Libraries/libGLProgrammability.dylib
0x0000000000000000 	/System/Library/Extensions/AppleIntelHD5000GraphicsGLDriver.bundle/Contents/MacOS/AppleIntelHD5000GraphicsGLDriver
0x00000000067e6000 	/System/Library/PrivateFrameworks/IOAccelerator.framework/Versions/A/IOAccelerator
0x00000000067e6000 	/System/Library/PrivateFrameworks/GPUSupport.framework/Versions/A/Libraries/libGPUSupportMercury.dylib
0x00000001247a7000 	/System/Library/Frameworks/OpenGL.framework/Resources//GLRendererFloat.bundle/GLRendererFloat
0x00000000067e6000 	/System/Library/Frameworks/OpenCL.framework/Versions/A/Libraries/libcldcpuengine.dylib
0x00000000067e6000 	/System/Library/PrivateFrameworks/DiskImages.framework/Versions/A/DiskImages
0x00000000067e6000 	/System/Library/Frameworks/DiscRecording.framework/Versions/A/DiscRecording
0x00000000067e6000 	/usr/lib/libcsfde.dylib
0x00000000067e6000 	/usr/lib/libcurl.4.dylib
0x00000000067e6000 	/System/Library/PrivateFrameworks/MediaKit.framework/Versions/A/MediaKit
0x00000000067e6000 	/System/Library/PrivateFrameworks/ProtectedCloudStorage.framework/Versions/A/ProtectedCloudStorage
0x00000000067e6000 	/usr/lib/libCoreStorage.dylib
0x00000000067e6000 	/System/Library/PrivateFrameworks/EFILogin.framework/Versions/A/EFILogin
0x00000000067e6000 	/usr/lib/libutil.dylib
0x00000000067e6000 	/System/Library/PrivateFrameworks/FindMyDevice.framework/Versions/A/FindMyDevice
0x00000000067e6000 	/System/Library/Frameworks/LDAP.framework/Versions/A/LDAP
0x00000000067e6000 	/usr/lib/libsasl2.2.dylib
0x00000000067e6000 	/System/Library/PrivateFrameworks/CoreDaemon.framework/Versions/B/CoreDaemon
0x00000000067e6000 	/usr/lib/libcrypto.0.9.8.dylib
0x00000000067e6000 	/System/Library/PrivateFrameworks/AppleSRP.framework/Versions/A/AppleSRP
0x00000000067e6000 	/System/Library/PrivateFrameworks/TrustEvaluationAgent.framework/Versions/A/TrustEvaluationAgent
0x0000000124c05000 	/Library/Java/JavaVirtualMachines/jdk1.8.0_31.jdk/Contents/Home/jre/lib/libglass.dylib
0x00000000067e6000 	/System/Library/PrivateFrameworks/CoreServicesInternal.framework/Versions/A/CoreServicesInternal
0x00000000067e6000 	/System/Library/PrivateFrameworks/CloudDocs.framework/Versions/A/CloudDocs
0x00000000067e6000 	/System/Library/PrivateFrameworks/CoreDuet.framework/Versions/A/CoreDuet
0x00000000067e6000 	/System/Library/Frameworks/CloudKit.framework/Versions/A/CloudKit
0x00000000067e6000 	/System/Library/PrivateFrameworks/ProtocolBuffer.framework/Versions/A/ProtocolBuffer
0x00000000067e6000 	/System/Library/PrivateFrameworks/CoreDuetDaemonProtocol.framework/Versions/A/CoreDuetDaemonProtocol
0x00000000067e6000 	/System/Library/PrivateFrameworks/CoreDuetDebugLogging.framework/Versions/A/CoreDuetDebugLogging
0x00000000067e6000 	/System/Library/Frameworks/CoreLocation.framework/Versions/A/CoreLocation
0x00000000067e6000 	/System/Library/Frameworks/Accounts.framework/Versions/A/Accounts
0x00000000067e6000 	/System/Library/PrivateFrameworks/ApplePushService.framework/Versions/A/ApplePushService
0x00000000067e6000 	/System/Library/PrivateFrameworks/GeoServices.framework/Versions/A/GeoServices
0x00000000067e6000 	/System/Library/PrivateFrameworks/OAuth.framework/Versions/A/OAuth
0x0000000125ffa000 	/System/Library/Frameworks/CoreGraphics.framework/Versions/A/Resources/libCGCMS.A.dylib
0x00000000067e6000 	/System/Library/CoreServices/RawCamera.bundle/Contents/MacOS/RawCamera
0x000000012612d000 	/System/Library/Frameworks/CoreGraphics.framework/Versions/A/Resources/libRIP.A.dylib
0x00000000067e6000 	/System/Library/PrivateFrameworks/FamilyControls.framework/Versions/A/FamilyControls
0x00000000067e6000 	/System/Library/PrivateFrameworks/CommerceKit.framework/Versions/A/Frameworks/CommerceCore.framework/Versions/A/CommerceCore
0x00000000067e6000 	/System/Library/PrivateFrameworks/SystemAdministration.framework/Versions/A/SystemAdministration
0x00000000067e6000 	/System/Library/PrivateFrameworks/AppContainer.framework/Versions/A/AppContainer
0x00000000067e6000 	/System/Library/PrivateFrameworks/SecCodeWrapper.framework/Versions/A/SecCodeWrapper
0x00000000067e6000 	/System/Library/Frameworks/DirectoryService.framework/Versions/A/DirectoryService
0x00000000067e6000 	/System/Library/PrivateFrameworks/LoginUIKit.framework/Versions/A/Frameworks/LoginUICore.framework/Versions/A/LoginUICore
0x00000000067e6000 	/usr/lib/libodfde.dylib
0x000000012805b000 	/Library/Java/JavaVirtualMachines/jdk1.8.0_31.jdk/Contents/Home/jre/lib/libjavafx_font.dylib
0x00000001287f2000 	/private/var/folders/7j/1700tj154vv6srg5wr66t5n80000gn/T/xuggle/xuggle4165850225545391486.tmp
0x000000012a954000 	/System/Library/Frameworks/VideoDecodeAcceleration.framework/Versions/A/VideoDecodeAcceleration
0x00000000067e6000 	/System/Library/Frameworks/CoreMedia.framework/Versions/A/CoreMedia
0x00000000067e6000 	/System/Library/Frameworks/VideoToolbox.framework/Versions/A/VideoToolbox
0x00000000067e6000 	/System/Library/PrivateFrameworks/AppleVA.framework/Versions/A/AppleVA
0x000000012beb1000 	/Library/Java/JavaVirtualMachines/jdk1.8.0_31.jdk/Contents/Home/jre/lib/libawt.dylib
0x000000012bf60000 	/Library/Java/JavaVirtualMachines/jdk1.8.0_31.jdk/Contents/Home/jre/lib/./libmlib_image.dylib
0x000000012c02c000 	/Library/Java/JavaVirtualMachines/jdk1.8.0_31.jdk/Contents/Home/jre/lib/libawt_lwawt.dylib
0x000000012a9e2000 	/Library/Java/JavaVirtualMachines/jdk1.8.0_31.jdk/Contents/Home/jre/lib/./libosxapp.dylib
0x00000000067e6000 	/System/Library/Frameworks/ExceptionHandling.framework/Versions/A/ExceptionHandling
0x0000000122250000 	/Library/Java/JavaVirtualMachines/jdk1.8.0_31.jdk/Contents/Home/jre/lib/libjavafx_iio.dylib
0x0000000122326000 	/System/Library/Frameworks/CoreGraphics.framework/Versions/A/Resources/libCGXType.A.dylib
0x000000012a993000 	/Library/Java/JavaVirtualMachines/jdk1.8.0_31.jdk/Contents/Home/jre/lib/libprism_common.dylib
0x0000000128701000 	cl_kernels
0x000000012c5e0000 	/System/Library/Frameworks/OpenCL.framework/Versions/A/Libraries/ImageFormats/unorm8_bgra.dylib
0x000000012ae54000 	cl_kernels

VM Arguments:
jvm_args: -agentlib:jdwp=transport=dt_socket,suspend=y,address=localhost:49620 -Dfile.encoding=UTF-8 
java_command: controller.Main
java_class_path (initial): /Users/Douglas/Workspace/stve/bin:/Users/Douglas/Workspace/stve/libraries/SLF4J/slf4j-api-1.7.5.jar:/Users/Douglas/Workspace/stve/libraries/SLF4J/slf4j-simple-1.7.5.jar:/Users/Douglas/Workspace/stve/libraries/Xuggle/xuggle-xuggler-5.4.jar:/Users/Douglas/Workspace/aNa/bin:/Users/Douglas/Workspace/aNa/libraries/junit-4.11.jar:/Users/Douglas/Workspace/stve/libraries/JGraph/jgraph.jar:/Users/Douglas/Workspace/stve/libraries/JGraphT/jgrapht-jdk1.6.jar
Launcher Type: SUN_STANDARD

Environment Variables:
PATH=/usr/bin:/bin:/usr/sbin:/sbin
SHELL=/bin/bash

Signal Handlers:
SIGSEGV: [libjvm.dylib+0x57a0e7], sa_mask[0]=11111111011111110111111111111111, sa_flags=SA_ONSTACK|SA_RESTART|SA_SIGINFO
SIGBUS: [libjvm.dylib+0x57a0e7], sa_mask[0]=11111111011111110111111111111111, sa_flags=SA_RESTART|SA_SIGINFO
SIGFPE: [libjvm.dylib+0x45af24], sa_mask[0]=11111111011111110111111111111111, sa_flags=SA_RESTART|SA_SIGINFO
SIGPIPE: [libjvm.dylib+0x45af24], sa_mask[0]=11111111011111110111111111111111, sa_flags=SA_RESTART|SA_SIGINFO
SIGXFSZ: [libjvm.dylib+0x45af24], sa_mask[0]=11111111011111110111111111111111, sa_flags=SA_RESTART|SA_SIGINFO
SIGILL: [libjvm.dylib+0x45af24], sa_mask[0]=11111111011111110111111111111111, sa_flags=SA_RESTART|SA_SIGINFO
SIGUSR1: SIG_DFL, sa_mask[0]=00000000000000000000000000000000, sa_flags=none
SIGUSR2: [libjvm.dylib+0x45aa42], sa_mask[0]=00100000000000000000000000000000, sa_flags=SA_RESTART|SA_SIGINFO
SIGHUP: [libjvm.dylib+0x459015], sa_mask[0]=11111111011111110111111111111111, sa_flags=SA_RESTART|SA_SIGINFO
SIGINT: [libjvm.dylib+0x459015], sa_mask[0]=11111111011111110111111111111111, sa_flags=SA_RESTART|SA_SIGINFO
SIGTERM: [libjvm.dylib+0x459015], sa_mask[0]=11111111011111110111111111111111, sa_flags=SA_RESTART|SA_SIGINFO
SIGQUIT: [libjvm.dylib+0x459015], sa_mask[0]=11111111011111110111111111111111, sa_flags=SA_RESTART|SA_SIGINFO


---------------  S Y S T E M  ---------------

OS:Bsduname:Darwin 14.1.0 Darwin Kernel Version 14.1.0: Mon Dec 22 23:10:38 PST 2014; root:xnu-2782.10.72~2/RELEASE_X86_64 x86_64
rlimit: STACK 8192k, CORE 0k, NPROC 709, NOFILE 10240, AS infinity
load average:1.28 1.54 1.55

CPU:total 4 (2 cores per cpu, 2 threads per core) family 6 model 69 stepping 1, cmov, cx8, fxsr, mmx, sse, sse2, sse3, ssse3, sse4.1, sse4.2, popcnt, avx, avx2, aes, clmul, erms, lzcnt, ht, tsc, tscinvbit, bmi1, bmi2

Memory: 4k page, physical 4194304k(30364k free)

/proc/meminfo:


vm_info: Java HotSpot(TM) 64-Bit Server VM (25.31-b07) for bsd-amd64 JRE (1.8.0_31-b13), built on Dec 17 2014 20:45:36 by "java_re" with gcc 4.2.1 (Based on Apple Inc. build 5658) (LLVM build 2336.11.00)

time: Sun Mar  1 00:18:49 2015
elapsed time: 165 seconds (0d 0h 2m 45s)

