#
# A fatal error has been detected by the Java Runtime Environment:
#
#  SIGSEGV (0xb) at pc=0x000000011a1003fd, pid=30787, tid=1811
#
# JRE version: Java(TM) SE Runtime Environment (8.0_31-b13) (build 1.8.0_31-b13)
# Java VM: Java HotSpot(TM) 64-Bit Server VM (25.31-b07 mixed mode bsd-amd64 compressed oops)
# Problematic frame:
# C  [libglass.dylib+0x163fd]  GlassScreenDidChangeScreenParameters+0x9d
#
# Failed to write core dump. Core dumps have been disabled. To enable core dumping, try "ulimit -c unlimited" before starting Java again
#
# If you would like to submit a bug report, please visit:
#   http://bugreport.java.com/bugreport/crash.jsp
#

---------------  T H R E A D  ---------------

Current thread is native thread

siginfo: si_signo: 11 (SIGSEGV), si_code: 1 (SEGV_MAPERR), si_addr: 0x0000000000000000

Registers:
RAX=0x000000011a132e40, RBX=0x0000000000000000, RCX=0x9400c5079bc72491, RDX=0x00007feddd2610e0
RSP=0x00007fff5d55c120, RBP=0x00007fff5d55c130, RSI=0x00007feddad286b8, RDI=0x0000000000000000
R8 =0x00007fff5d55bfd0, R9 =0x00007fff7f2b9300, R10=0x0000000000000000, R11=0x0000000000000246
R12=0x00007feddad31450, R13=0x00000000000f426a, R14=0x00007feddac53280, R15=0x00007fff5d55c270
RIP=0x000000011a1003fd, EFLAGS=0x0000000000010202, ERR=0x0000000000000004
  TRAPNO=0x000000000000000e

Top of Stack: (sp=0x00007fff5d55c120)
0x00007fff5d55c120:   00007fff5d55c300 00007feddac53280
0x00007fff5d55c130:   00007fff5d55c140 00007fff97c4045c
0x00007fff5d55c140:   00007fff5d55c4a0 00007fff97b30634
0x00007fff5d55c150:   00007fff5d55c1a0 0000000000000000
0x00007fff5d55c160:   00007fff7e730ed0 00007feddad86ad0
0x00007fff5d55c170:   0000000000001000 0000000000002220
0x00007fff5d55c180:   00007feddad86ad0 00007feddac53280
0x00007fff5d55c190:   0000000000000000 00007fff5d55c270
0x00007fff5d55c1a0:   0000000000000000 00007feddac31940
0x00007fff5d55c1b0:   00007fff5d55c2f0 000000000000016c
0x00007fff5d55c1c0:   00000000000f51b7 00007feddad3f500
0x00007fff5d55c1d0:   00007feddad6daa0 00007feddad31450
0x00007fff5d55c1e0:   0000000000000001 00000000000f426a
0x00007fff5d55c1f0:   00007feddad31440 00007fff9827bacb
0x00007fff5d55c200:   0000000000000001 0000000000000001
0x00007fff5d55c210:   0000000000000030 0000000000000001
0x00007fff5d55c220:   00007fff5d55c240 00007fff98281231
0x00007fff5d55c230:   00007fff7e72efb0 0000000000000000
0x00007fff5d55c240:   00007fff5d55c260 0000000000000030
0x00007fff5d55c250:   002d5203dbac3600 00007feddad31474
0x00007fff5d55c260:   0000000000000000 00007fff97b2610f
0x00007fff5d55c270:   00007feddac53280 00007fff7e72efb0
0x00007fff5d55c280:   00007fff5d55c300 00007fff97b2ec3f
0x00007fff5d55c290:   00007fff5d55c2f0 00007fff947d4605
0x00007fff5d55c2a0:   00000001026bea00 0000000000000002
0x00007fff5d55c2b0:   00000001026bb000 00007feddad1a742
0x00007fff5d55c2c0:   0000000000000003 00000001026bea00
0x00007fff5d55c2d0:   00007fff5d55c3c0 00007fff9827a2a2
0x00007fff5d55c2e0:   00007feddad6d6b0 00007fff5d55c4a8
0x00007fff5d55c2f0:   0000000000000017 0000000000000000
0x00007fff5d55c300:   00000000000f426a 00007fff97b26403
0x00007fff5d55c310:   00007fff00000000 00007feddad73c50 

Instructions: (pc=0x000000011a1003fd)
0x000000011a1003dd:   89 df 4c 89 f1 41 ff 90 68 04 00 00 48 8d 05 58
0x000000011a1003ed:   29 03 00 48 8b 30 48 8d 05 46 2a 03 00 48 8b 10
0x000000011a1003fd:   48 8b 0b 30 c0 48 89 df ff 91 68 04 00 00 48 8b
0x000000011a10040d:   03 48 89 df ff 50 78 48 85 c0 74 36 49 89 c6 48 

Register to memory mapping:

RAX=0x000000011a132e40: jScreenNotifySettingsChanged+0 in /Library/Java/JavaVirtualMachines/jdk1.8.0_31.jdk/Contents/Home/jre/lib/libglass.dylib at 0x000000011a0ea000
RBX=0x0000000000000000 is an unknown value
RCX=0x9400c5079bc72491 is an unknown value
RDX=0x00007feddd2610e0 is an unknown value
RSP=0x00007fff5d55c120 is an unknown value
RBP=0x00007fff5d55c130 is an unknown value
RSI=0x00007feddad286b8 is a global jni handle
RDI=0x0000000000000000 is an unknown value
R8 =0x00007fff5d55bfd0 is an unknown value
R9 =0x00007fff7f2b9300: _thread+0 in /usr/lib/system/libsystem_pthread.dylib at 0x00007fff9b870000
R10=0x0000000000000000 is an unknown value
R11=0x0000000000000246 is an unknown value
R12=0x00007feddad31450 is an unknown value
R13=0x00000000000f426a is an unknown value
R14=0x00007feddac53280 is an unknown value
R15=0x00007fff5d55c270 is an unknown value


Stack: [0x00007fff5cd5f000,0x00007fff5d55f000],  sp=0x00007fff5d55c120,  free space=8180k
Native frames: (J=compiled Java code, j=interpreted, Vv=VM code, C=native code)
C  [libglass.dylib+0x163fd]  GlassScreenDidChangeScreenParameters+0x9d
C  [CoreFoundation+0x12045c]  __CFNOTIFICATIONCENTER_IS_CALLING_OUT_TO_AN_OBSERVER__+0xc
C  [CoreFoundation+0x10634]  _CFXNotificationPost+0xc44
C  [Foundation+0x79d1]  -[NSNotificationCenter postNotificationName:object:userInfo:]+0x42
C  [AppKit+0x40df7e]  -[NSApplication _reactToScreenInvalidationImmediately:]+0x17b
C  [AppKit+0x40ddc7]  __44-[NSApplication _reactToScreenInvalidation:]_block_invoke+0x4b
C  [CoreFoundation+0x808ec]  __CFRUNLOOP_IS_CALLING_OUT_TO_A_BLOCK__+0xc
C  [CoreFoundation+0x729f5]  __CFRunLoopDoBlocks+0x155
C  [CoreFoundation+0x72536]  __CFRunLoopRun+0x716
C  [CoreFoundation+0x71bd8]  CFRunLoopRunSpecific+0x128
C  [java+0x56cc]  CreateExecutionEnvironment+0x367
C  [java+0x165c]  JLI_Launch+0x7a0
C  [java+0x768a]  main+0x65
C  [java+0xeb4]  start+0x34


---------------  P R O C E S S  ---------------

VM state:not at safepoint (normal execution)

VM Mutex/Monitor currently owned by a thread: None

Heap:
 PSYoungGen      total 35328K, used 17255K [0x00000007aab00000, 0x00000007af000000, 0x00000007c0000000)
  eden space 32768K, 52% used [0x00000007aab00000,0x00000007abbd9cf8,0x00000007acb00000)
  from space 2560K, 0% used [0x00000007acb00000,0x00000007acb00000,0x00000007acd80000)
  to   space 2560K, 0% used [0x00000007aed80000,0x00000007aed80000,0x00000007af000000)
 ParOldGen       total 121344K, used 86211K [0x0000000780000000, 0x0000000787680000, 0x00000007aab00000)
  object space 121344K, 71% used [0x0000000780000000,0x0000000785430fd8,0x0000000787680000)
 Metaspace       used 21316K, capacity 22712K, committed 22912K, reserved 1069056K
  class space    used 3182K, capacity 3416K, committed 3456K, reserved 1048576K

Card table byte_map: [0x00000001133f3000,0x00000001135f4000] byte_map_base: 0x000000010f7f3000

Marking Bits: (ParMarkBitMap*) 0x000000010389e410
 Begin Bits: [0x0000000113b56000, 0x0000000114b56000)
 End Bits:   [0x0000000114b56000, 0x0000000115b56000)

Polling page: 0x00000001027f8000

CodeCache: size=245760Kb used=12537Kb max_used=13186Kb free=233222Kb
 bounds [0x0000000104033000, 0x0000000104d23000, 0x0000000113033000]
 total_blobs=4642 nmethods=3944 adapters=611
 compilation: enabled

Compilation events (10 events):
Event: 56.739 Thread 0x00007feddb013000 4206       3       java.lang.invoke.MemberName::hashCode (39 bytes)
Event: 56.740 Thread 0x00007feddb013000 nmethod 4206 0x00000001041c5fd0 code [0x00000001041c61e0, 0x00000001041c6f68]
Event: 56.740 Thread 0x00007feddb013000 4207       3       java.util.Objects::hash (5 bytes)
Event: 56.740 Thread 0x00007feddb013000 nmethod 4207 0x000000010416eb90 code [0x000000010416ed00, 0x000000010416ee68]
Event: 56.740 Thread 0x00007feddb013000 4209       3       java.lang.Byte::hashCode (8 bytes)
Event: 56.740 Thread 0x00007feddb013000 nmethod 4209 0x00000001041553d0 code [0x0000000104155540, 0x00000001041556f0]
Event: 56.740 Thread 0x00007feddb013000 4210       3       java.lang.Byte::hashCode (2 bytes)
Event: 56.740 Thread 0x00007feddb013000 nmethod 4210 0x000000010432f0d0 code [0x000000010432f220, 0x000000010432f350]
Event: 56.759 Thread 0x00007feddb013000 4211       3       java.lang.invoke.MemberName::<init> (131 bytes)
Event: 56.760 Thread 0x00007feddb013000 nmethod 4211 0x0000000104380910 code [0x0000000104380be0, 0x0000000104381f78]

GC Heap History (8 events):
Event: 0.873 GC heap before
{Heap before GC invocations=1 (full 0):
 PSYoungGen      total 18944K, used 16384K [0x00000007aab00000, 0x00000007ac000000, 0x00000007c0000000)
  eden space 16384K, 100% used [0x00000007aab00000,0x00000007abb00000,0x00000007abb00000)
  from space 2560K, 0% used [0x00000007abd80000,0x00000007abd80000,0x00000007ac000000)
  to   space 2560K, 0% used [0x00000007abb00000,0x00000007abb00000,0x00000007abd80000)
 ParOldGen       total 44032K, used 0K [0x0000000780000000, 0x0000000782b00000, 0x00000007aab00000)
  object space 44032K, 0% used [0x0000000780000000,0x0000000780000000,0x0000000782b00000)
 Metaspace       used 8851K, capacity 9340K, committed 9472K, reserved 1056768K
  class space    used 1162K, capacity 1270K, committed 1280K, reserved 1048576K
Event: 0.899 GC heap after
Heap after GC invocations=1 (full 0):
 PSYoungGen      total 18944K, used 2544K [0x00000007aab00000, 0x00000007ad000000, 0x00000007c0000000)
  eden space 16384K, 0% used [0x00000007aab00000,0x00000007aab00000,0x00000007abb00000)
  from space 2560K, 99% used [0x00000007abb00000,0x00000007abd7c030,0x00000007abd80000)
  to   space 2560K, 0% used [0x00000007acd80000,0x00000007acd80000,0x00000007ad000000)
 ParOldGen       total 44032K, used 99K [0x0000000780000000, 0x0000000782b00000, 0x00000007aab00000)
  object space 44032K, 0% used [0x0000000780000000,0x0000000780018cf8,0x0000000782b00000)
 Metaspace       used 8851K, capacity 9340K, committed 9472K, reserved 1056768K
  class space    used 1162K, capacity 1270K, committed 1280K, reserved 1048576K
}
Event: 1.795 GC heap before
{Heap before GC invocations=2 (full 0):
 PSYoungGen      total 18944K, used 18928K [0x00000007aab00000, 0x00000007ad000000, 0x00000007c0000000)
  eden space 16384K, 100% used [0x00000007aab00000,0x00000007abb00000,0x00000007abb00000)
  from space 2560K, 99% used [0x00000007abb00000,0x00000007abd7c030,0x00000007abd80000)
  to   space 2560K, 0% used [0x00000007acd80000,0x00000007acd80000,0x00000007ad000000)
 ParOldGen       total 44032K, used 99K [0x0000000780000000, 0x0000000782b00000, 0x00000007aab00000)
  object space 44032K, 0% used [0x0000000780000000,0x0000000780018cf8,0x0000000782b00000)
 Metaspace       used 14216K, capacity 14888K, committed 14976K, reserved 1062912K
  class space    used 2238K, capacity 2380K, committed 2432K, reserved 1048576K
Event: 1.816 GC heap after
Heap after GC invocations=2 (full 0):
 PSYoungGen      total 35328K, used 2553K [0x00000007aab00000, 0x00000007ad000000, 0x00000007c0000000)
  eden space 32768K, 0% used [0x00000007aab00000,0x00000007aab00000,0x00000007acb00000)
  from space 2560K, 99% used [0x00000007acd80000,0x00000007acffe450,0x00000007ad000000)
  to   space 2560K, 0% used [0x00000007acb00000,0x00000007acb00000,0x00000007acd80000)
 ParOldGen       total 44032K, used 2495K [0x0000000780000000, 0x0000000782b00000, 0x00000007aab00000)
  object space 44032K, 5% used [0x0000000780000000,0x000000078026fdc8,0x0000000782b00000)
 Metaspace       used 14216K, capacity 14888K, committed 14976K, reserved 1062912K
  class space    used 2238K, capacity 2380K, committed 2432K, reserved 1048576K
}
Event: 9.968 GC heap before
{Heap before GC invocations=3 (full 0):
 PSYoungGen      total 35328K, used 33744K [0x00000007aab00000, 0x00000007ad000000, 0x00000007c0000000)
  eden space 32768K, 95% used [0x00000007aab00000,0x00000007ac975f38,0x00000007acb00000)
  from space 2560K, 99% used [0x00000007acd80000,0x00000007acffe450,0x00000007ad000000)
  to   space 2560K, 0% used [0x00000007acb00000,0x00000007acb00000,0x00000007acd80000)
 ParOldGen       total 81920K, used 77495K [0x0000000780000000, 0x0000000785000000, 0x00000007aab00000)
  object space 81920K, 94% used [0x0000000780000000,0x0000000784bade08,0x0000000785000000)
 Metaspace       used 19940K, capacity 21122K, committed 21248K, reserved 1067008K
  class space    used 3023K, capacity 3233K, committed 3328K, reserved 1048576K
Event: 10.006 GC heap after
Heap after GC invocations=3 (full 0):
 PSYoungGen      total 35328K, used 2528K [0x00000007aab00000, 0x00000007af000000, 0x00000007c0000000)
  eden space 32768K, 0% used [0x00000007aab00000,0x00000007aab00000,0x00000007acb00000)
  from space 2560K, 98% used [0x00000007acb00000,0x00000007acd78020,0x00000007acd80000)
  to   space 2560K, 0% used [0x00000007aed80000,0x00000007aed80000,0x00000007af000000)
 ParOldGen       total 87040K, used 85854K [0x0000000780000000, 0x0000000785500000, 0x00000007aab00000)
  object space 87040K, 98% used [0x0000000780000000,0x00000007853d7998,0x0000000785500000)
 Metaspace       used 19940K, capacity 21122K, committed 21248K, reserved 1067008K
  class space    used 3023K, capacity 3233K, committed 3328K, reserved 1048576K
}
Event: 10.006 GC heap before
{Heap before GC invocations=4 (full 1):
 PSYoungGen      total 35328K, used 2528K [0x00000007aab00000, 0x00000007af000000, 0x00000007c0000000)
  eden space 32768K, 0% used [0x00000007aab00000,0x00000007aab00000,0x00000007acb00000)
  from space 2560K, 98% used [0x00000007acb00000,0x00000007acd78020,0x00000007acd80000)
  to   space 2560K, 0% used [0x00000007aed80000,0x00000007aed80000,0x00000007af000000)
 ParOldGen       total 87040K, used 85854K [0x0000000780000000, 0x0000000785500000, 0x00000007aab00000)
  object space 87040K, 98% used [0x0000000780000000,0x00000007853d7998,0x0000000785500000)
 Metaspace       used 19940K, capacity 21122K, committed 21248K, reserved 1067008K
  class space    used 3023K, capacity 3233K, committed 3328K, reserved 1048576K
Event: 10.130 GC heap after
Heap after GC invocations=4 (full 1):
 PSYoungGen      total 35328K, used 0K [0x00000007aab00000, 0x00000007af000000, 0x00000007c0000000)
  eden space 32768K, 0% used [0x00000007aab00000,0x00000007aab00000,0x00000007acb00000)
  from space 2560K, 0% used [0x00000007acb00000,0x00000007acb00000,0x00000007acd80000)
  to   space 2560K, 0% used [0x00000007aed80000,0x00000007aed80000,0x00000007af000000)
 ParOldGen       total 121344K, used 86211K [0x0000000780000000, 0x0000000787680000, 0x00000007aab00000)
  object space 121344K, 71% used [0x0000000780000000,0x0000000785430fd8,0x0000000787680000)
 Metaspace       used 19939K, capacity 21120K, committed 21248K, reserved 1067008K
  class space    used 3022K, capacity 3232K, committed 3328K, reserved 1048576K
}

Deoptimization events (10 events):
Event: 38.097 Thread 0x00007feddb88f800 Uncommon trap: reason=null_check action=make_not_entrant pc=0x00000001048fd184 method=javafx.scene.Node$MiscProperties.getEffect()Ljavafx/scene/effect/Effect; @ 20
Event: 38.106 Thread 0x00007feddb88f800 Uncommon trap: reason=class_check action=maybe_recompile pc=0x0000000104b0f700 method=com.sun.javafx.geom.transform.GeneralTransform3D.mul(Lcom/sun/javafx/geom/transform/BaseTransform;)Lcom/sun/javafx/geom/transform/GeneralTransform3D; @ 1
Event: 38.106 Thread 0x00007feddb88f800 Uncommon trap: reason=class_check action=maybe_recompile pc=0x0000000104b0f700 method=com.sun.javafx.geom.transform.GeneralTransform3D.mul(Lcom/sun/javafx/geom/transform/BaseTransform;)Lcom/sun/javafx/geom/transform/GeneralTransform3D; @ 1
Event: 38.131 Thread 0x00007feddb88f800 Uncommon trap: reason=class_check action=maybe_recompile pc=0x0000000104b0f700 method=com.sun.javafx.geom.transform.GeneralTransform3D.mul(Lcom/sun/javafx/geom/transform/BaseTransform;)Lcom/sun/javafx/geom/transform/GeneralTransform3D; @ 1
Event: 38.131 Thread 0x00007feddb88f800 Uncommon trap: reason=class_check action=maybe_recompile pc=0x0000000104b0f700 method=com.sun.javafx.geom.transform.GeneralTransform3D.mul(Lcom/sun/javafx/geom/transform/BaseTransform;)Lcom/sun/javafx/geom/transform/GeneralTransform3D; @ 1
Event: 39.892 Thread 0x00007feddb88f800 Uncommon trap: reason=unreached action=reinterpret pc=0x0000000104c28d04 method=com.sun.javafx.css.StyleManager$Cache$Key.<init>([JLjava/lang/String;)V @ 11
Event: 50.761 Thread 0x00007feddb88f800 Uncommon trap: reason=bimorphic action=maybe_recompile pc=0x0000000104c4d954 method=javafx.scene.Node.getGeomBounds(Lcom/sun/javafx/geom/BaseBounds;Lcom/sun/javafx/geom/transform/BaseTransform;)Lcom/sun/javafx/geom/BaseBounds; @ 1
Event: 50.761 Thread 0x00007feddb88f800 Uncommon trap: reason=bimorphic action=maybe_recompile pc=0x0000000104c4d954 method=javafx.scene.Node.getGeomBounds(Lcom/sun/javafx/geom/BaseBounds;Lcom/sun/javafx/geom/transform/BaseTransform;)Lcom/sun/javafx/geom/BaseBounds; @ 1
Event: 50.767 Thread 0x00007feddc0bd800 Uncommon trap: reason=class_check action=maybe_recompile pc=0x0000000104abe434 method=com.sun.javafx.geom.transform.AffineBase.getType()I @ 9
Event: 50.768 Thread 0x00007feddc0bd800 Uncommon trap: reason=class_check action=maybe_recompile pc=0x0000000104abe434 method=com.sun.javafx.geom.transform.AffineBase.getType()I @ 9

Internal exceptions (10 events):
Event: 44.229 Thread 0x00007feddb88f800 Exception <a 'java/security/PrivilegedActionException'> (0x00000007ab625ce0) thrown at [/Users/java_re/workspace/8-2-build-macosx-x86_64/jdk8u31/2394/hotspot/src/share/vm/prims/jvm.cpp, line 1312]
Event: 44.230 Thread 0x00007feddb88f800 Exception <a 'java/security/PrivilegedActionException'> (0x00000007ab62a120) thrown at [/Users/java_re/workspace/8-2-build-macosx-x86_64/jdk8u31/2394/hotspot/src/share/vm/prims/jvm.cpp, line 1312]
Event: 44.232 Thread 0x00007feddb88f800 Exception <a 'java/security/PrivilegedActionException'> (0x00000007ab632a98) thrown at [/Users/java_re/workspace/8-2-build-macosx-x86_64/jdk8u31/2394/hotspot/src/share/vm/prims/jvm.cpp, line 1312]
Event: 44.233 Thread 0x00007feddb88f800 Exception <a 'java/security/PrivilegedActionException'> (0x00000007ab638d28) thrown at [/Users/java_re/workspace/8-2-build-macosx-x86_64/jdk8u31/2394/hotspot/src/share/vm/prims/jvm.cpp, line 1312]
Event: 44.236 Thread 0x00007feddb88f800 Exception <a 'java/security/PrivilegedActionException'> (0x00000007ab643020) thrown at [/Users/java_re/workspace/8-2-build-macosx-x86_64/jdk8u31/2394/hotspot/src/share/vm/prims/jvm.cpp, line 1312]
Event: 44.237 Thread 0x00007feddb88f800 Exception <a 'java/security/PrivilegedActionException'> (0x00000007ab647590) thrown at [/Users/java_re/workspace/8-2-build-macosx-x86_64/jdk8u31/2394/hotspot/src/share/vm/prims/jvm.cpp, line 1312]
Event: 44.238 Thread 0x00007feddb88f800 Exception <a 'java/security/PrivilegedActionException'> (0x00000007ab64ba40) thrown at [/Users/java_re/workspace/8-2-build-macosx-x86_64/jdk8u31/2394/hotspot/src/share/vm/prims/jvm.cpp, line 1312]
Event: 44.241 Thread 0x00007feddb88f800 Exception <a 'java/security/PrivilegedActionException'> (0x00000007ab6580f8) thrown at [/Users/java_re/workspace/8-2-build-macosx-x86_64/jdk8u31/2394/hotspot/src/share/vm/prims/jvm.cpp, line 1312]
Event: 44.242 Thread 0x00007feddb88f800 Exception <a 'java/security/PrivilegedActionException'> (0x00000007ab661ad8) thrown at [/Users/java_re/workspace/8-2-build-macosx-x86_64/jdk8u31/2394/hotspot/src/share/vm/prims/jvm.cpp, line 1312]
Event: 44.244 Thread 0x00007feddb88f800 Exception <a 'java/security/PrivilegedActionException'> (0x00000007ab6663b8) thrown at [/Users/java_re/workspace/8-2-build-macosx-x86_64/jdk8u31/2394/hotspot/src/share/vm/prims/jvm.cpp, line 1312]

Events (10 events):
Event: 56.737 loading class javafx/application/Application done
Event: 56.758 loading class com/sun/javafx/tk/quantum/QuantumRenderer
Event: 56.758 loading class com/sun/javafx/tk/quantum/QuantumRenderer done
Event: 56.759 loading class com/sun/javafx/tk/quantum/QuantumToolkit
Event: 56.759 loading class com/sun/javafx/tk/quantum/QuantumToolkit done
Event: 56.759 Thread 0x00007feddc0bd800 Thread exited: 0x00007feddc0bd800
Event: 56.759 Thread 0x00007feddc8e8000 Thread exited: 0x00007feddc8e8000
Event: 56.759 Thread 0x00007feddb88f800 Thread exited: 0x00007feddb88f800
Event: 56.759 Thread 0x00007feddc803000 Thread exited: 0x00007feddc803000
Event: 56.759 Thread 0x00007feddb88f800 Thread added: 0x00007feddb88f800


Dynamic libraries:
0x000000000cea3000 	/System/Library/Frameworks/Cocoa.framework/Versions/A/Cocoa
0x000000000cea3000 	/System/Library/Frameworks/Security.framework/Versions/A/Security
0x000000000cea3000 	/System/Library/Frameworks/ApplicationServices.framework/Versions/A/ApplicationServices
0x000000000cea3000 	/usr/lib/libz.1.dylib
0x000000000cea3000 	/usr/lib/libSystem.B.dylib
0x000000000cea3000 	/usr/lib/libobjc.A.dylib
0x000000000cea3000 	/System/Library/Frameworks/CoreFoundation.framework/Versions/A/CoreFoundation
0x000000000cea3000 	/System/Library/Frameworks/Foundation.framework/Versions/C/Foundation
0x000000000cea3000 	/System/Library/Frameworks/AppKit.framework/Versions/C/AppKit
0x000000000cea3000 	/System/Library/Frameworks/CoreData.framework/Versions/A/CoreData
0x000000000cea3000 	/System/Library/PrivateFrameworks/RemoteViewServices.framework/Versions/A/RemoteViewServices
0x000000000cea3000 	/System/Library/PrivateFrameworks/UIFoundation.framework/Versions/A/UIFoundation
0x000000000cea3000 	/System/Library/Frameworks/IOSurface.framework/Versions/A/IOSurface
0x000000000cea3000 	/System/Library/Frameworks/AudioToolbox.framework/Versions/A/AudioToolbox
0x000000000cea3000 	/System/Library/Frameworks/AudioUnit.framework/Versions/A/AudioUnit
0x000000000cea3000 	/System/Library/PrivateFrameworks/DataDetectorsCore.framework/Versions/A/DataDetectorsCore
0x000000000cea3000 	/System/Library/PrivateFrameworks/DesktopServicesPriv.framework/Versions/A/DesktopServicesPriv
0x000000000cea3000 	/System/Library/Frameworks/Carbon.framework/Versions/A/Frameworks/HIToolbox.framework/Versions/A/HIToolbox
0x000000000cea3000 	/System/Library/Frameworks/QuartzCore.framework/Versions/A/QuartzCore
0x000000000cea3000 	/System/Library/Frameworks/Carbon.framework/Versions/A/Frameworks/SpeechRecognition.framework/Versions/A/SpeechRecognition
0x000000000cea3000 	/usr/lib/libauto.dylib
0x000000000cea3000 	/usr/lib/libicucore.A.dylib
0x000000000cea3000 	/usr/lib/libxml2.2.dylib
0x000000000cea3000 	/System/Library/PrivateFrameworks/CoreUI.framework/Versions/A/CoreUI
0x000000000cea3000 	/System/Library/Frameworks/CoreAudio.framework/Versions/A/CoreAudio
0x000000000cea3000 	/System/Library/Frameworks/DiskArbitration.framework/Versions/A/DiskArbitration
0x000000000cea3000 	/usr/lib/liblangid.dylib
0x000000000cea3000 	/System/Library/PrivateFrameworks/MultitouchSupport.framework/Versions/A/MultitouchSupport
0x000000000cea3000 	/System/Library/Frameworks/IOKit.framework/Versions/A/IOKit
0x000000000cea3000 	/usr/lib/libDiagnosticMessagesClient.dylib
0x000000000cea3000 	/System/Library/Frameworks/CoreServices.framework/Versions/A/CoreServices
0x000000000cea3000 	/System/Library/PrivateFrameworks/PerformanceAnalysis.framework/Versions/A/PerformanceAnalysis
0x000000000cea3000 	/System/Library/PrivateFrameworks/GenerationalStorage.framework/Versions/A/GenerationalStorage
0x000000000cea3000 	/System/Library/Frameworks/OpenGL.framework/Versions/A/OpenGL
0x000000000cea3000 	/System/Library/PrivateFrameworks/Sharing.framework/Versions/A/Sharing
0x000000000cea3000 	/System/Library/Frameworks/CoreGraphics.framework/Versions/A/CoreGraphics
0x000000000cea3000 	/System/Library/Frameworks/CoreText.framework/Versions/A/CoreText
0x000000000cea3000 	/System/Library/Frameworks/ImageIO.framework/Versions/A/ImageIO
0x000000000cea3000 	/usr/lib/libextension.dylib
0x000000000cea3000 	/System/Library/PrivateFrameworks/Backup.framework/Versions/A/Backup
0x000000000cea3000 	/usr/lib/libarchive.2.dylib
0x000000000cea3000 	/System/Library/Frameworks/CFNetwork.framework/Versions/A/CFNetwork
0x000000000cea3000 	/System/Library/Frameworks/SystemConfiguration.framework/Versions/A/SystemConfiguration
0x000000000cea3000 	/usr/lib/libCRFSuite.dylib
0x000000000cea3000 	/usr/lib/libc++.1.dylib
0x000000000cea3000 	/usr/lib/libc++abi.dylib
0x000000000cea3000 	/usr/lib/system/libcache.dylib
0x000000000cea3000 	/usr/lib/system/libcommonCrypto.dylib
0x000000000cea3000 	/usr/lib/system/libcompiler_rt.dylib
0x000000000cea3000 	/usr/lib/system/libcopyfile.dylib
0x000000000cea3000 	/usr/lib/system/libcorecrypto.dylib
0x000000000cea3000 	/usr/lib/system/libdispatch.dylib
0x000000000cea3000 	/usr/lib/system/libdyld.dylib
0x000000000cea3000 	/usr/lib/system/libkeymgr.dylib
0x000000000cea3000 	/usr/lib/system/liblaunch.dylib
0x000000000cea3000 	/usr/lib/system/libmacho.dylib
0x000000000cea3000 	/usr/lib/system/libquarantine.dylib
0x000000000cea3000 	/usr/lib/system/libremovefile.dylib
0x000000000cea3000 	/usr/lib/system/libsystem_asl.dylib
0x000000000cea3000 	/usr/lib/system/libsystem_blocks.dylib
0x000000000cea3000 	/usr/lib/system/libsystem_c.dylib
0x000000000cea3000 	/usr/lib/system/libsystem_configuration.dylib
0x000000000cea3000 	/usr/lib/system/libsystem_coreservices.dylib
0x000000000cea3000 	/usr/lib/system/libsystem_coretls.dylib
0x000000000cea3000 	/usr/lib/system/libsystem_dnssd.dylib
0x000000000cea3000 	/usr/lib/system/libsystem_info.dylib
0x000000000cea3000 	/usr/lib/system/libsystem_kernel.dylib
0x000000000cea3000 	/usr/lib/system/libsystem_m.dylib
0x000000000cea3000 	/usr/lib/system/libsystem_malloc.dylib
0x000000000cea3000 	/usr/lib/system/libsystem_network.dylib
0x000000000cea3000 	/usr/lib/system/libsystem_networkextension.dylib
0x000000000cea3000 	/usr/lib/system/libsystem_notify.dylib
0x000000000cea3000 	/usr/lib/system/libsystem_platform.dylib
0x000000000cea3000 	/usr/lib/system/libsystem_pthread.dylib
0x000000000cea3000 	/usr/lib/system/libsystem_sandbox.dylib
0x000000000cea3000 	/usr/lib/system/libsystem_secinit.dylib
0x000000000cea3000 	/usr/lib/system/libsystem_stats.dylib
0x000000000cea3000 	/usr/lib/system/libsystem_trace.dylib
0x000000000cea3000 	/usr/lib/system/libunc.dylib
0x000000000cea3000 	/usr/lib/system/libunwind.dylib
0x000000000cea3000 	/usr/lib/system/libxpc.dylib
0x000000000cea3000 	/usr/lib/libbz2.1.0.dylib
0x000000000cea3000 	/usr/lib/liblzma.5.dylib
0x000000000cea3000 	/usr/lib/libbsm.0.dylib
0x000000000cea3000 	/usr/lib/libsqlite3.dylib
0x000000000cea3000 	/usr/lib/system/libkxld.dylib
0x000000000cea3000 	/usr/lib/libxar.1.dylib
0x000000000cea3000 	/usr/lib/libpam.2.dylib
0x000000000cea3000 	/usr/lib/libOpenScriptingUtil.dylib
0x000000000cea3000 	/System/Library/Frameworks/CoreServices.framework/Versions/A/Frameworks/FSEvents.framework/Versions/A/FSEvents
0x000000000cea3000 	/System/Library/Frameworks/CoreServices.framework/Versions/A/Frameworks/CarbonCore.framework/Versions/A/CarbonCore
0x000000000cea3000 	/System/Library/Frameworks/CoreServices.framework/Versions/A/Frameworks/Metadata.framework/Versions/A/Metadata
0x000000000cea3000 	/System/Library/Frameworks/CoreServices.framework/Versions/A/Frameworks/OSServices.framework/Versions/A/OSServices
0x000000000cea3000 	/System/Library/Frameworks/CoreServices.framework/Versions/A/Frameworks/SearchKit.framework/Versions/A/SearchKit
0x000000000cea3000 	/System/Library/Frameworks/CoreServices.framework/Versions/A/Frameworks/AE.framework/Versions/A/AE
0x000000000cea3000 	/System/Library/Frameworks/CoreServices.framework/Versions/A/Frameworks/LaunchServices.framework/Versions/A/LaunchServices
0x000000000cea3000 	/System/Library/Frameworks/CoreServices.framework/Versions/A/Frameworks/DictionaryServices.framework/Versions/A/DictionaryServices
0x000000000cea3000 	/System/Library/Frameworks/NetFS.framework/Versions/A/NetFS
0x000000000cea3000 	/System/Library/PrivateFrameworks/NetAuth.framework/Versions/A/NetAuth
0x000000000cea3000 	/System/Library/PrivateFrameworks/login.framework/Versions/A/Frameworks/loginsupport.framework/Versions/A/loginsupport
0x000000000cea3000 	/System/Library/PrivateFrameworks/TCC.framework/Versions/A/TCC
0x000000000cea3000 	/usr/lib/libmecabra.dylib
0x000000000cea3000 	/System/Library/Frameworks/ApplicationServices.framework/Versions/A/Frameworks/ATS.framework/Versions/A/ATS
0x000000000cea3000 	/System/Library/Frameworks/ApplicationServices.framework/Versions/A/Frameworks/ColorSync.framework/Versions/A/ColorSync
0x000000000cea3000 	/System/Library/Frameworks/ApplicationServices.framework/Versions/A/Frameworks/HIServices.framework/Versions/A/HIServices
0x000000000cea3000 	/System/Library/Frameworks/ApplicationServices.framework/Versions/A/Frameworks/LangAnalysis.framework/Versions/A/LangAnalysis
0x000000000cea3000 	/System/Library/Frameworks/ApplicationServices.framework/Versions/A/Frameworks/PrintCore.framework/Versions/A/PrintCore
0x000000000cea3000 	/System/Library/Frameworks/ApplicationServices.framework/Versions/A/Frameworks/QD.framework/Versions/A/QD
0x000000000cea3000 	/System/Library/Frameworks/ApplicationServices.framework/Versions/A/Frameworks/SpeechSynthesis.framework/Versions/A/SpeechSynthesis
0x000000000cea3000 	/System/Library/Frameworks/Accelerate.framework/Versions/A/Accelerate
0x000000000cea3000 	/System/Library/Frameworks/Accelerate.framework/Versions/A/Frameworks/vImage.framework/Versions/A/vImage
0x000000000cea3000 	/System/Library/Frameworks/Accelerate.framework/Versions/A/Frameworks/vecLib.framework/Versions/A/vecLib
0x000000000cea3000 	/System/Library/Frameworks/Accelerate.framework/Versions/A/Frameworks/vecLib.framework/Versions/A/libvDSP.dylib
0x000000000cea3000 	/System/Library/Frameworks/Accelerate.framework/Versions/A/Frameworks/vecLib.framework/Versions/A/libvMisc.dylib
0x000000000cea3000 	/System/Library/Frameworks/Accelerate.framework/Versions/A/Frameworks/vecLib.framework/Versions/A/libLAPACK.dylib
0x000000000cea3000 	/System/Library/Frameworks/Accelerate.framework/Versions/A/Frameworks/vecLib.framework/Versions/A/libBLAS.dylib
0x000000000cea3000 	/System/Library/Frameworks/Accelerate.framework/Versions/A/Frameworks/vecLib.framework/Versions/A/libLinearAlgebra.dylib
0x000000000cea3000 	/System/Library/Frameworks/ApplicationServices.framework/Versions/A/Frameworks/ATS.framework/Versions/A/Resources/libFontParser.dylib
0x000000000cea3000 	/System/Library/Frameworks/ApplicationServices.framework/Versions/A/Frameworks/ATS.framework/Versions/A/Resources/libFontRegistry.dylib
0x000000000cea3000 	/System/Library/PrivateFrameworks/AppleVPA.framework/Versions/A/AppleVPA
0x000000000cea3000 	/System/Library/PrivateFrameworks/AppleJPEG.framework/Versions/A/AppleJPEG
0x000000000cea3000 	/System/Library/Frameworks/ImageIO.framework/Versions/A/Resources/libJPEG.dylib
0x000000000cea3000 	/System/Library/Frameworks/ImageIO.framework/Versions/A/Resources/libTIFF.dylib
0x000000000cea3000 	/System/Library/Frameworks/ImageIO.framework/Versions/A/Resources/libPng.dylib
0x000000000cea3000 	/System/Library/Frameworks/ImageIO.framework/Versions/A/Resources/libGIF.dylib
0x000000000cea3000 	/System/Library/Frameworks/ImageIO.framework/Versions/A/Resources/libJP2.dylib
0x000000000cea3000 	/System/Library/Frameworks/ImageIO.framework/Versions/A/Resources/libRadiance.dylib
0x000000000cea3000 	/System/Library/Frameworks/CoreVideo.framework/Versions/A/CoreVideo
0x000000000cea3000 	/System/Library/Frameworks/OpenGL.framework/Versions/A/Libraries/libGLU.dylib
0x000000000cea3000 	/System/Library/Frameworks/OpenGL.framework/Versions/A/Libraries/libGFXShared.dylib
0x000000000cea3000 	/System/Library/Frameworks/OpenGL.framework/Versions/A/Libraries/libGL.dylib
0x000000000cea3000 	/System/Library/Frameworks/OpenGL.framework/Versions/A/Libraries/libGLImage.dylib
0x000000000cea3000 	/System/Library/Frameworks/OpenGL.framework/Versions/A/Libraries/libCVMSPluginSupport.dylib
0x000000000cea3000 	/System/Library/Frameworks/OpenGL.framework/Versions/A/Libraries/libCoreVMClient.dylib
0x000000000cea3000 	/usr/lib/libcups.2.dylib
0x000000000cea3000 	/System/Library/Frameworks/Kerberos.framework/Versions/A/Kerberos
0x000000000cea3000 	/System/Library/Frameworks/GSS.framework/Versions/A/GSS
0x000000000cea3000 	/usr/lib/libresolv.9.dylib
0x000000000cea3000 	/usr/lib/libiconv.2.dylib
0x000000000cea3000 	/System/Library/PrivateFrameworks/Heimdal.framework/Versions/A/Heimdal
0x000000000cea3000 	/usr/lib/libheimdal-asn1.dylib
0x000000000cea3000 	/System/Library/Frameworks/OpenDirectory.framework/Versions/A/OpenDirectory
0x000000000cea3000 	/System/Library/PrivateFrameworks/CommonAuth.framework/Versions/A/CommonAuth
0x000000000cea3000 	/System/Library/Frameworks/OpenDirectory.framework/Versions/A/Frameworks/CFOpenDirectory.framework/Versions/A/CFOpenDirectory
0x000000000cea3000 	/System/Library/Frameworks/SecurityFoundation.framework/Versions/A/SecurityFoundation
0x000000000cea3000 	/System/Library/PrivateFrameworks/LanguageModeling.framework/Versions/A/LanguageModeling
0x000000000cea3000 	/usr/lib/libcmph.dylib
0x000000000cea3000 	/System/Library/Frameworks/ServiceManagement.framework/Versions/A/ServiceManagement
0x000000000cea3000 	/usr/lib/libxslt.1.dylib
0x000000000cea3000 	/System/Library/Frameworks/Carbon.framework/Versions/A/Frameworks/Ink.framework/Versions/A/Ink
0x000000000cea3000 	/System/Library/Frameworks/QuartzCore.framework/Versions/A/Frameworks/CoreImage.framework/Versions/A/CoreImage
0x000000000cea3000 	/System/Library/PrivateFrameworks/CrashReporterSupport.framework/Versions/A/CrashReporterSupport
0x000000000cea3000 	/System/Library/Frameworks/OpenCL.framework/Versions/A/OpenCL
0x000000000cea3000 	/System/Library/PrivateFrameworks/FaceCore.framework/Versions/A/FaceCore
0x000000000cea3000 	/System/Library/PrivateFrameworks/Ubiquity.framework/Versions/A/Ubiquity
0x000000000cea3000 	/System/Library/PrivateFrameworks/IconServices.framework/Versions/A/IconServices
0x000000000cea3000 	/System/Library/PrivateFrameworks/ChunkingLibrary.framework/Versions/A/ChunkingLibrary
0x000000000cea3000 	/System/Library/PrivateFrameworks/Apple80211.framework/Versions/A/Apple80211
0x000000000cea3000 	/System/Library/Frameworks/CoreWLAN.framework/Versions/A/CoreWLAN
0x000000000cea3000 	/System/Library/Frameworks/IOBluetooth.framework/Versions/A/IOBluetooth
0x000000000cea3000 	/System/Library/PrivateFrameworks/CoreWiFi.framework/Versions/A/CoreWiFi
0x000000000cea3000 	/System/Library/Frameworks/CoreBluetooth.framework/Versions/A/CoreBluetooth
0x000000000cea3000 	/System/Library/PrivateFrameworks/DebugSymbols.framework/Versions/A/DebugSymbols
0x000000000cea3000 	/System/Library/PrivateFrameworks/CoreSymbolication.framework/Versions/A/CoreSymbolication
0x000000000cea3000 	/System/Library/PrivateFrameworks/Symbolication.framework/Versions/A/Symbolication
0x000000000cea3000 	/System/Library/PrivateFrameworks/SpeechRecognitionCore.framework/Versions/A/SpeechRecognitionCore
0x0000000103000000 	/Library/Java/JavaVirtualMachines/jdk1.8.0_31.jdk/Contents/Home/jre/lib/server/libjvm.dylib
0x000000000cea3000 	/usr/lib/libstdc++.6.dylib
0x00000001027b6000 	/Library/Java/JavaVirtualMachines/jdk1.8.0_31.jdk/Contents/Home/jre/lib/libverify.dylib
0x00000001027c4000 	/Library/Java/JavaVirtualMachines/jdk1.8.0_31.jdk/Contents/Home/jre/lib/libjava.dylib
0x000000010402a000 	/Library/Java/JavaVirtualMachines/jdk1.8.0_31.jdk/Contents/Home/jre/lib/libzip.dylib
0x0000000117b3f000 	/System/Library/Frameworks/JavaVM.framework/Frameworks/JavaRuntimeSupport.framework/JavaRuntimeSupport
0x0000000117b57000 	/System/Library/Frameworks/JavaVM.framework/Versions/A/Frameworks/JavaNativeFoundation.framework/Versions/A/JavaNativeFoundation
0x0000000117b6c000 	/System/Library/Frameworks/JavaVM.framework/Versions/A/JavaVM
0x000000000cea3000 	/System/Library/Frameworks/Carbon.framework/Versions/A/Carbon
0x0000000117b79000 	/System/Library/PrivateFrameworks/JavaLaunching.framework/Versions/A/JavaLaunching
0x000000000cea3000 	/System/Library/Frameworks/Carbon.framework/Versions/A/Frameworks/CommonPanels.framework/Versions/A/CommonPanels
0x000000000cea3000 	/System/Library/Frameworks/Carbon.framework/Versions/A/Frameworks/Help.framework/Versions/A/Help
0x000000000cea3000 	/System/Library/Frameworks/Carbon.framework/Versions/A/Frameworks/ImageCapture.framework/Versions/A/ImageCapture
0x000000000cea3000 	/System/Library/Frameworks/Carbon.framework/Versions/A/Frameworks/OpenScripting.framework/Versions/A/OpenScripting
0x000000000cea3000 	/System/Library/Frameworks/Carbon.framework/Versions/A/Frameworks/Print.framework/Versions/A/Print
0x000000000cea3000 	/System/Library/Frameworks/Carbon.framework/Versions/A/Frameworks/SecurityHI.framework/Versions/A/SecurityHI
0x0000000119c39000 	/Library/Java/JavaVirtualMachines/jdk1.8.0_31.jdk/Contents/Home/jre/lib/libprism_es2.dylib
0x000000000cea3000 	/System/Library/Frameworks/OpenGL.framework/Versions/A/Resources/GLEngine.bundle/GLEngine
0x000000000cea3000 	/System/Library/Frameworks/OpenGL.framework/Versions/A/Libraries/libGLProgrammability.dylib
0x0000000000000000 	/System/Library/Extensions/AppleIntelHD5000GraphicsGLDriver.bundle/Contents/MacOS/AppleIntelHD5000GraphicsGLDriver
0x000000000cea3000 	/System/Library/PrivateFrameworks/IOAccelerator.framework/Versions/A/IOAccelerator
0x000000000cea3000 	/System/Library/PrivateFrameworks/GPUSupport.framework/Versions/A/Libraries/libGPUSupportMercury.dylib
0x000000000cea3000 	/System/Library/Frameworks/OpenGL.framework/Versions/A/Resources/GLRendererFloat.bundle/GLRendererFloat
0x000000000cea3000 	/System/Library/Frameworks/OpenCL.framework/Versions/A/Libraries/libcldcpuengine.dylib
0x000000000cea3000 	/System/Library/PrivateFrameworks/DiskImages.framework/Versions/A/DiskImages
0x000000000cea3000 	/System/Library/Frameworks/DiscRecording.framework/Versions/A/DiscRecording
0x000000000cea3000 	/usr/lib/libcsfde.dylib
0x000000000cea3000 	/usr/lib/libcurl.4.dylib
0x000000000cea3000 	/System/Library/PrivateFrameworks/MediaKit.framework/Versions/A/MediaKit
0x000000000cea3000 	/System/Library/PrivateFrameworks/ProtectedCloudStorage.framework/Versions/A/ProtectedCloudStorage
0x000000000cea3000 	/usr/lib/libCoreStorage.dylib
0x000000000cea3000 	/System/Library/PrivateFrameworks/EFILogin.framework/Versions/A/EFILogin
0x000000000cea3000 	/usr/lib/libutil.dylib
0x000000000cea3000 	/System/Library/PrivateFrameworks/FindMyDevice.framework/Versions/A/FindMyDevice
0x000000000cea3000 	/System/Library/Frameworks/LDAP.framework/Versions/A/LDAP
0x000000000cea3000 	/usr/lib/libsasl2.2.dylib
0x000000000cea3000 	/System/Library/PrivateFrameworks/CoreDaemon.framework/Versions/B/CoreDaemon
0x000000000cea3000 	/usr/lib/libcrypto.0.9.8.dylib
0x000000000cea3000 	/System/Library/PrivateFrameworks/AppleSRP.framework/Versions/A/AppleSRP
0x000000000cea3000 	/System/Library/PrivateFrameworks/TrustEvaluationAgent.framework/Versions/A/TrustEvaluationAgent
0x000000011a0ea000 	/Library/Java/JavaVirtualMachines/jdk1.8.0_31.jdk/Contents/Home/jre/lib/libglass.dylib
0x000000000cea3000 	/System/Library/PrivateFrameworks/CoreServicesInternal.framework/Versions/A/CoreServicesInternal
0x000000000cea3000 	/System/Library/PrivateFrameworks/CloudDocs.framework/Versions/A/CloudDocs
0x000000000cea3000 	/System/Library/PrivateFrameworks/CoreDuet.framework/Versions/A/CoreDuet
0x000000000cea3000 	/System/Library/Frameworks/CloudKit.framework/Versions/A/CloudKit
0x000000000cea3000 	/System/Library/PrivateFrameworks/ProtocolBuffer.framework/Versions/A/ProtocolBuffer
0x000000000cea3000 	/System/Library/PrivateFrameworks/CoreDuetDaemonProtocol.framework/Versions/A/CoreDuetDaemonProtocol
0x000000000cea3000 	/System/Library/PrivateFrameworks/CoreDuetDebugLogging.framework/Versions/A/CoreDuetDebugLogging
0x000000000cea3000 	/System/Library/PrivateFrameworks/MMCS.framework/Versions/A/MMCS
0x000000000cea3000 	/System/Library/Frameworks/CoreLocation.framework/Versions/A/CoreLocation
0x000000000cea3000 	/System/Library/PrivateFrameworks/GeoServices.framework/Versions/A/GeoServices
0x000000000cea3000 	/System/Library/Frameworks/CoreGraphics.framework/Versions/A/Resources/libCGCMS.A.dylib
0x000000011b7a3000 	/System/Library/CoreServices/RawCamera.bundle/Contents/MacOS/RawCamera
0x000000000cea3000 	/System/Library/Frameworks/CoreGraphics.framework/Versions/A/Resources/libRIP.A.dylib
0x000000000cea3000 	/System/Library/PrivateFrameworks/FamilyControls.framework/Versions/A/FamilyControls
0x000000000cea3000 	/System/Library/PrivateFrameworks/CommerceKit.framework/Versions/A/Frameworks/CommerceCore.framework/Versions/A/CommerceCore
0x000000000cea3000 	/System/Library/PrivateFrameworks/SystemAdministration.framework/Versions/A/SystemAdministration
0x000000000cea3000 	/System/Library/PrivateFrameworks/AppContainer.framework/Versions/A/AppContainer
0x000000000cea3000 	/System/Library/PrivateFrameworks/SecCodeWrapper.framework/Versions/A/SecCodeWrapper
0x000000000cea3000 	/System/Library/Frameworks/DirectoryService.framework/Versions/A/DirectoryService
0x000000000cea3000 	/System/Library/PrivateFrameworks/LoginUIKit.framework/Versions/A/Frameworks/LoginUICore.framework/Versions/A/LoginUICore
0x000000000cea3000 	/usr/lib/libodfde.dylib
0x000000011da9f000 	/Library/Java/JavaVirtualMachines/jdk1.8.0_31.jdk/Contents/Home/jre/lib/libjavafx_font.dylib
0x000000000cea3000 	/System/Library/Frameworks/CoreGraphics.framework/Versions/A/Resources/libCGXType.A.dylib
0x000000011e5a3000 	cl_kernels
0x0000000120fe1000 	/System/Library/Frameworks/OpenCL.framework/Versions/A/Libraries/ImageFormats/unorm8_bgra.dylib
0x0000000120e01000 	/Library/Java/JavaVirtualMachines/jdk1.8.0_31.jdk/Contents/Home/jre/lib/libprism_common.dylib
0x00000001221dc000 	cl_kernels
0x000000000cea3000 	/System/Library/PrivateFrameworks/FinderKit.framework/Versions/A/FinderKit
0x000000000cea3000 	/System/Library/PrivateFrameworks/Suggestions.framework/Versions/A/Suggestions
0x000000000cea3000 	/System/Library/Frameworks/Quartz.framework/Versions/A/Frameworks/QuickLookUI.framework/Versions/A/QuickLookUI
0x000000000cea3000 	/System/Library/Frameworks/Quartz.framework/Versions/A/Frameworks/ImageKit.framework/Versions/A/ImageKit
0x000000000cea3000 	/System/Library/PrivateFrameworks/Bom.framework/Versions/A/Bom
0x000000000cea3000 	/System/Library/Frameworks/QuickLook.framework/Versions/A/QuickLook
0x000000000cea3000 	/System/Library/PrivateFrameworks/AppleSystemInfo.framework/Versions/A/AppleSystemInfo
0x000000000cea3000 	/System/Library/Frameworks/ImageCaptureCore.framework/Versions/A/ImageCaptureCore
0x000000000cea3000 	/System/Library/Frameworks/AddressBook.framework/Versions/A/AddressBook
0x000000000cea3000 	/System/Library/PrivateFrameworks/IntlPreferences.framework/Versions/A/IntlPreferences
0x000000000cea3000 	/System/Library/PrivateFrameworks/ToneLibrary.framework/Versions/A/ToneLibrary
0x000000000cea3000 	/System/Library/PrivateFrameworks/ToneKit.framework/Versions/A/ToneKit
0x000000000cea3000 	/System/Library/PrivateFrameworks/vCard.framework/Versions/A/vCard
0x000000000cea3000 	/System/Library/PrivateFrameworks/ApplePushService.framework/Versions/A/ApplePushService
0x000000000cea3000 	/System/Library/PrivateFrameworks/ContactsData.framework/Versions/A/ContactsData
0x000000000cea3000 	/System/Library/PrivateFrameworks/ContactsFoundation.framework/Versions/A/ContactsFoundation
0x000000000cea3000 	/System/Library/Frameworks/SecurityInterface.framework/Versions/A/SecurityInterface
0x000000000cea3000 	/System/Library/PrivateFrameworks/PhoneNumbers.framework/Versions/A/PhoneNumbers
0x000000000cea3000 	/System/Library/Frameworks/Quartz.framework/Versions/A/Quartz
0x000000000cea3000 	/System/Library/Frameworks/AVFoundation.framework/Versions/A/AVFoundation
0x000000000cea3000 	/System/Library/Frameworks/AVFoundation.framework/Versions/A/Resources/libAVFAudio.dylib
0x000000000cea3000 	/System/Library/Frameworks/CoreMedia.framework/Versions/A/CoreMedia
0x000000000cea3000 	/System/Library/Frameworks/MediaToolbox.framework/Versions/A/MediaToolbox
0x000000000cea3000 	/System/Library/Frameworks/VideoToolbox.framework/Versions/A/VideoToolbox
0x000000000cea3000 	/System/Library/Frameworks/CoreMediaIO.framework/Versions/A/CoreMediaIO
0x000000000cea3000 	/System/Library/PrivateFrameworks/MediaControlSender.framework/Versions/A/MediaControlSender
0x000000000cea3000 	/System/Library/PrivateFrameworks/CoreAVCHD.framework/Versions/A/CoreAVCHD
0x000000000cea3000 	/System/Library/Frameworks/MediaAccessibility.framework/Versions/A/MediaAccessibility
0x000000000cea3000 	/System/Library/PrivateFrameworks/Mangrove.framework/Versions/A/Mangrove
0x000000000cea3000 	/System/Library/PrivateFrameworks/CoreAUC.framework/Versions/A/CoreAUC
0x000000000cea3000 	/System/Library/PrivateFrameworks/NetworkStatistics.framework/Versions/A/NetworkStatistics
0x000000000cea3000 	/System/Library/PrivateFrameworks/AirPlaySupport.framework/Versions/A/AirPlaySupport
0x000000000cea3000 	/System/Library/PrivateFrameworks/CoreUtils.framework/Versions/A/CoreUtils
0x000000000cea3000 	/System/Library/PrivateFrameworks/AppleVA.framework/Versions/A/AppleVA
0x000000000cea3000 	/System/Library/PrivateFrameworks/XPCService.framework/Versions/A/XPCService
0x000000000cea3000 	/System/Library/PrivateFrameworks/AppSandbox.framework/Versions/A/AppSandbox
0x000000000cea3000 	/usr/lib/libsandbox.1.dylib
0x000000000cea3000 	/usr/lib/libMatch.1.dylib
0x00000001221d0000 	/System/Library/PrivateFrameworks/SafariServices.framework/Versions/A/SafariServices
0x000000000cea3000 	/usr/lib/libspindump.dylib
0x000000000cea3000 	/System/Library/Frameworks/QTKit.framework/Versions/A/QTKit
0x000000000cea3000 	/System/Library/PrivateFrameworks/CoreMediaAuthoring.framework/Versions/A/CoreMediaAuthoring
0x000000000cea3000 	/System/Library/Frameworks/Quartz.framework/Versions/A/Frameworks/QuartzComposer.framework/Versions/A/QuartzComposer
0x000000000cea3000 	/System/Library/Frameworks/Quartz.framework/Versions/A/Frameworks/PDFKit.framework/Versions/A/PDFKit
0x000000000cea3000 	/System/Library/Frameworks/Quartz.framework/Versions/A/Frameworks/QuartzFilters.framework/Versions/A/QuartzFilters
0x000000000cea3000 	/System/Library/Frameworks/JavaScriptCore.framework/Versions/A/JavaScriptCore
0x000000000cea3000 	/System/Library/PrivateFrameworks/CorePDF.framework/Versions/A/CorePDF
0x000000000cea3000 	/System/Library/PrivateFrameworks/DisplayServices.framework/Versions/A/DisplayServices
0x000000000cea3000 	/System/Library/PrivateFrameworks/AppleFSCompression.framework/Versions/A/AppleFSCompression
0x00000001221de000 	/System/Library/PrivateFrameworks/CacheDelete.framework/CacheDelete
0x000000000cea3000 	/System/Library/PrivateFrameworks/PlugInKit.framework/Versions/A/PlugInKit
0x0000000124688000 	/System/Library/Frameworks/OpenCL.framework/Versions/A/Libraries/ImageFormats/unorm8_rgba.dylib
0x000000012491e000 	cl_kernels
0x000000012493e000 	cl_kernels
0x0000000124942000 	cl_kernels
0x000000012498a000 	/System/Library/Frameworks/Security.framework/PlugIns/csparser.bundle/Contents/MacOS/csparser
0x00000001239dc000 	/Library/Java/JavaVirtualMachines/jdk1.8.0_31.jdk/Contents/Home/jre/lib/libjavafx_iio.dylib
0x000000000cea3000 	/System/Library/Frameworks/CoreGraphics.framework/Versions/A/Resources/libCGXCoreImage.A.dylib
0x000000011faaa000 	cl_kernels
0x000000000cea3000 	/System/Library/Frameworks/Accelerate.framework/Versions/A/Frameworks/vImage.framework/Versions/A/Libraries/libCGInterfaces.dylib

VM Arguments:
jvm_args: -Dfile.encoding=UTF-8 
java_command: gui.stevePane.Main
java_class_path (initial): /Users/Douglas/Workspace/steve/bin:/Users/Douglas/Applications/Eclipse Luna/plugins/org.eclipse.fx.ide.css.jfx8_1.1.0.201411050807.jar:/Users/Douglas/Workspace/steve/libraries/SLF4J/slf4j-api-1.7.5.jar:/Users/Douglas/Workspace/steve/libraries/SLF4J/slf4j-simple-1.7.5.jar:/Users/Douglas/Workspace/steve/libraries/Xuggle/xuggle-xuggler-5.4.jar:/Users/Douglas/Workspace/aNa/bin:/Users/Douglas/Workspace/aNa/libraries/junit-4.11.jar:/Users/Douglas/Workspace/steve/libraries/JGraph/jgraph.jar:/Users/Douglas/Workspace/steve/libraries/JGraphT/jgrapht-jdk1.6.jar
Launcher Type: SUN_STANDARD

Environment Variables:
PATH=/usr/bin:/bin:/usr/sbin:/sbin
SHELL=/bin/bash

Signal Handlers:
SIGSEGV: [libjvm.dylib+0x57a0e7], sa_mask[0]=11111111011111110111111111111111, sa_flags=SA_ONSTACK|SA_RESTART|SA_SIGINFO
SIGBUS: [libjvm.dylib+0x57a0e7], sa_mask[0]=11111111011111110111111111111111, sa_flags=SA_RESTART|SA_SIGINFO
SIGFPE: [libjvm.dylib+0x45af24], sa_mask[0]=11111111011111110111111111111111, sa_flags=SA_RESTART|SA_SIGINFO
SIGPIPE: [libjvm.dylib+0x45af24], sa_mask[0]=11111111011111110111111111111111, sa_flags=SA_RESTART|SA_SIGINFO
SIGXFSZ: [libjvm.dylib+0x45af24], sa_mask[0]=11111111011111110111111111111111, sa_flags=SA_RESTART|SA_SIGINFO
SIGILL: [libjvm.dylib+0x45af24], sa_mask[0]=11111111011111110111111111111111, sa_flags=SA_RESTART|SA_SIGINFO
SIGUSR1: SIG_DFL, sa_mask[0]=00000000000000000000000000000000, sa_flags=none
SIGUSR2: [libjvm.dylib+0x45aa42], sa_mask[0]=00100000000000000000000000000000, sa_flags=SA_RESTART|SA_SIGINFO
SIGHUP: [libjvm.dylib+0x459015], sa_mask[0]=11111111011111110111111111111111, sa_flags=SA_RESTART|SA_SIGINFO
SIGINT: [libjvm.dylib+0x459015], sa_mask[0]=11111111011111110111111111111111, sa_flags=SA_RESTART|SA_SIGINFO
SIGTERM: [libjvm.dylib+0x459015], sa_mask[0]=11111111011111110111111111111111, sa_flags=SA_RESTART|SA_SIGINFO
SIGQUIT: [libjvm.dylib+0x459015], sa_mask[0]=11111111011111110111111111111111, sa_flags=SA_RESTART|SA_SIGINFO


---------------  S Y S T E M  ---------------

OS:Bsduname:Darwin 14.3.0 Darwin Kernel Version 14.3.0: Mon Mar 23 11:59:05 PDT 2015; root:xnu-2782.20.48~5/RELEASE_X86_64 x86_64
rlimit: STACK 8192k, CORE 0k, NPROC 709, NOFILE 10240, AS infinity
load average:1.83 2.21 2.21

CPU:total 4 (2 cores per cpu, 2 threads per core) family 6 model 69 stepping 1, cmov, cx8, fxsr, mmx, sse, sse2, sse3, ssse3, sse4.1, sse4.2, popcnt, avx, avx2, aes, clmul, erms, lzcnt, ht, tsc, tscinvbit, bmi1, bmi2

Memory: 4k page, physical 4194304k(16104k free)

/proc/meminfo:


vm_info: Java HotSpot(TM) 64-Bit Server VM (25.31-b07) for bsd-amd64 JRE (1.8.0_31-b13), built on Dec 17 2014 20:45:36 by "java_re" with gcc 4.2.1 (Based on Apple Inc. build 5658) (LLVM build 2336.11.00)

time: Sat May 23 21:12:47 2015
elapsed time: 102 seconds (0d 0h 1m 42s)

