#
# A fatal error has been detected by the Java Runtime Environment:
#
#  SIGSEGV (0xb) at pc=0x00007fffae9e582c, pid=47817, tid=141319
#
# JRE version: Java(TM) SE Runtime Environment (8.0_60-b27) (build 1.8.0_60-b27)
# Java VM: Java HotSpot(TM) 64-Bit Server VM (25.60-b23 mixed mode bsd-amd64 compressed oops)
# Problematic frame:
# C  [libvDSP.dylib+0xf082c]  vDSP_vflt32+0x3dcc
#
# Failed to write core dump. Core dumps have been disabled. To enable core dumping, try "ulimit -c unlimited" before starting Java again
#
# If you would like to submit a bug report, please visit:
#   http://bugreport.java.com/bugreport/crash.jsp
#

---------------  T H R E A D  ---------------

Current thread is native thread

siginfo: si_signo: 11 (SIGSEGV), si_code: 0 (unknown), si_addr: 0x0000000000000000

Registers:
RAX=0x0000000000000008, RBX=0x0000000000000004, RCX=0x0000000000000001, RDX=0x3135626530663149
RSP=0x0000700006798510, RBP=0x0000700006798520, RSI=0x0000000000000001, RDI=0x00007ff91ade920c
R8 =0x0000000000001000, R9 =0x0000000000000ffc, R10=0x313562653066b149, R11=0x0000000000000ffc
R12=0x0000000000001000, R13=0x00007ff91f0f1a70, R14=0x00007ff91aded200, R15=0x0000000000001000
RIP=0x00007fffae9e582c, EFLAGS=0x0000000000010206, ERR=0x0000000000000000
  TRAPNO=0x000000000000000d

Top of Stack: (sp=0x0000700006798510)
0x0000700006798510:   0000000000000001 00007ff91ade9200
0x0000700006798520:   0000700006798580 000000012b4a75cd
0x0000700006798530:   00007ff91f0c73c0 0000000000001000
0x0000700006798540:   00007ff91f0f1ac8 00007ff91ade9200
0x0000700006798550:   00000000067985c0 0000000000000001
0x0000700006798560:   00007ff91f0c6800 00007ff91f0c2de0
0x0000700006798570:   00007000067985b7 0000000000001000
0x0000700006798580:   00007000067985e0 000000012b4b2033
0x0000700006798590:   00009fe03ed413cd 0000700006798a54
0x00007000067985a0:   0000700006798a54 00007ff91f0c2db0
0x00007000067985b0:   0000000000001000 00007ff91f0c6800
0x00007000067985c0:   00007ff91f0c2de0 0000700006798a54
0x00007000067985d0:   0000000000001000 00007ff91f0c2db0
0x00007000067985e0:   0000700006798620 000000012b4b1d0d
0x00007000067985f0:   00007ff91f0c2db0 0000700006798a54
0x0000700006798600:   00007ff91f0c6800 00007ff91f0c2de0
0x0000700006798610:   000000012b4a89bc 0000000000001000
0x0000700006798620:   0000700006798680 000000012b4b1c32
0x0000700006798630:   401a827a401a827a 0000700006798a54
0x0000700006798640:   3ed413cd3ed413cd 3ed413cd3ed413cd
0x0000700006798650:   3ed413cd3ed413cd 0000700006798a54
0x0000700006798660:   00007ff91f0c6800 00007ff91f0c29f0
0x0000700006798670:   00007ff91f0c3580 0000000000001000
0x0000700006798680:   00007000067986d0 000000012b4ac4e9
0x0000700006798690:   402d1e8500000001 0000700006798a78
0x00007000067986a0:   0000000000000000 0000000000009fe0
0x00007000067986b0:   00007ff91f0c29f0 00000000ffffffce
0x00007000067986c0:   0000000000001000 00007ff91f0c6800
0x00007000067986d0:   0000700006798740 000000012b4aab21
0x00007000067986e0:   00007ff91f0c3580 00009fe0b0256257
0x00007000067986f0:   0000700006798a54 0000700006798a78
0x0000700006798700:   0000000047800000 00007ff91f0c3580 

Instructions: (pc=0x00007fffae9e582c)
0x00007fffae9e580c:   c5 fa 10 14 3b 48 01 df c5 fa 10 1c 3b c5 f8 5a
0x00007fffae9e581c:   c0 c5 f8 5a c9 c5 f8 5a d2 c5 f8 5a db 48 01 df
0x00007fffae9e582c:   c5 f8 13 02 c5 f8 13 0c 02 48 01 c2 c5 f8 13 14
0x00007fffae9e583c:   10 48 01 c2 c5 f8 13 1c 10 48 01 c2 49 83 c0 fc 

Register to memory mapping:

RAX=0x0000000000000008 is an unknown value
RBX=0x0000000000000004 is an unknown value
RCX=0x0000000000000001 is an unknown value
RDX=0x3135626530663149 is an unknown value
RSP=0x0000700006798510 is an unknown value
RBP=0x0000700006798520 is an unknown value
RSI=0x0000000000000001 is an unknown value
RDI=0x00007ff91ade920c is an unknown value
R8 =0x0000000000001000 is an unknown value
R9 =0x0000000000000ffc is an unknown value
R10=0x313562653066b149 is an unknown value
R11=0x0000000000000ffc is an unknown value
R12=0x0000000000001000 is an unknown value
R13=0x00007ff91f0f1a70 is an unknown value
R14=0x00007ff91aded200 is an unknown value
R15=0x0000000000001000 is an unknown value


Stack: [0x0000700006719000,0x0000700006799000],  sp=0x0000700006798510,  free space=509k
Native frames: (J=compiled Java code, j=interpreted, Vv=VM code, C=native code)
C  [libvDSP.dylib+0xf082c]  vDSP_vflt32+0x3dcc
C  [libjfxmedia_avf.dylib+0x65cd]  AVFAudioEqualizer::RunFilter(float const*, float*, unsigned int, unsigned int)+0xd3
C  [libjfxmedia_avf.dylib+0x11033]  void AUEffectBase::ProcessBufferListsT<float>(unsigned int&, AudioBufferList const&, AudioBufferList&, unsigned int)+0x121
C  [libjfxmedia_avf.dylib+0x10d0d]  AUEffectBase::ProcessBufferLists(unsigned int&, AudioBufferList const&, AudioBufferList&, unsigned int)+0x7f
C  [libjfxmedia_avf.dylib+0x10c32]  AUEffectBase::Render(unsigned int&, AudioTimeStamp const&, unsigned int)+0x240
C  [libjfxmedia_avf.dylib+0xb4e9]  AUBase::DoRenderBus(unsigned int&, AudioTimeStamp const&, unsigned int, AUOutputElement*, unsigned int, AudioBufferList&)+0xa9
C  [libjfxmedia_avf.dylib+0x9b21]  AUBase::DoRender(unsigned int&, AudioTimeStamp const&, unsigned int, unsigned int, AudioBufferList&)+0x1b9
C  [libjfxmedia_avf.dylib+0xdb16]  AUMethodRender(void*, unsigned int*, AudioTimeStamp const*, unsigned int, unsigned int, AudioBufferList*)+0x2e
C  [libjfxmedia_avf.dylib+0xc8f7]  AUInputElement::PullInput(unsigned int&, AudioTimeStamp const&, unsigned int, unsigned int)+0x8d
C  [libjfxmedia_avf.dylib+0x10a70]  AUEffectBase::Render(unsigned int&, AudioTimeStamp const&, unsigned int)+0x7e
C  [libjfxmedia_avf.dylib+0xb4e9]  AUBase::DoRenderBus(unsigned int&, AudioTimeStamp const&, unsigned int, AUOutputElement*, unsigned int, AudioBufferList&)+0xa9
C  [libjfxmedia_avf.dylib+0x9b21]  AUBase::DoRender(unsigned int&, AudioTimeStamp const&, unsigned int, unsigned int, AudioBufferList&)+0x1b9
C  [libjfxmedia_avf.dylib+0xdb16]  AUMethodRender(void*, unsigned int*, AudioTimeStamp const*, unsigned int, unsigned int, AudioBufferList*)+0x2e
C  [libjfxmedia_avf.dylib+0xc8f7]  AUInputElement::PullInput(unsigned int&, AudioTimeStamp const&, unsigned int, unsigned int)+0x8d
C  [libjfxmedia_avf.dylib+0x10a70]  AUEffectBase::Render(unsigned int&, AudioTimeStamp const&, unsigned int)+0x7e
C  [libjfxmedia_avf.dylib+0xb4e9]  AUBase::DoRenderBus(unsigned int&, AudioTimeStamp const&, unsigned int, AUOutputElement*, unsigned int, AudioBufferList&)+0xa9
C  [libjfxmedia_avf.dylib+0x9b21]  AUBase::DoRender(unsigned int&, AudioTimeStamp const&, unsigned int, unsigned int, AudioBufferList&)+0x1b9
C  [libjfxmedia_avf.dylib+0xdb16]  AUMethodRender(void*, unsigned int*, AudioTimeStamp const*, unsigned int, unsigned int, AudioBufferList*)+0x2e
C  [libjfxmedia_avf.dylib+0x5631]  ProcessAudioTap(void const*, long, unsigned int, AudioBufferList*, long*, unsigned int*)+0x63
C  [MediaToolbox+0x3713fd]  MTAudioProcessingTapGetSourceAudio+0x852
C  [AudioToolbox+0xe4229]  AQClientCallProcessingTap(void*, unsigned int, AudioTimeStamp*, unsigned int*, unsigned int*, AudioBufferList*, int, double, unsigned int, double, unsigned int, unsigned char const*, unsigned int)+0x5d
C  [AudioToolbox+0x16af0e]  AQProcessingTap::DoCallout(unsigned int&, AudioTimeStamp&, unsigned int&, AudioBufferList&)+0xbc
C  [AudioToolbox+0x16ad0d]  AudioQueueObject::PerformTapInternal(AudioTimeStamp&, unsigned int&, unsigned int&)+0x85
C  [AudioToolbox+0x16ac13]  AudioQueueObject::PerformProcessingTap(int (*)(void*, unsigned int&, AudioTimeStamp const&, unsigned int, AudioBufferList&, double&, unsigned int&), void*, AudioTimeStamp&, unsigned int&, AudioBufferList&, unsigned int&)+0xc5
C  [AudioToolbox+0x176227]  MEMixerChannel::TapDownstream(void*, unsigned int*, AudioTimeStamp const*, unsigned int, unsigned int, AudioBufferList*)+0x81
C  [CoreAudio+0x10cea5]  AUInputElement::PullInput(unsigned int&, AudioTimeStamp const&, unsigned int, unsigned int)+0xb9
C  [CoreAudio+0x5f524]  AUDeferredRenderer::Produce()+0x240
C  [CoreAudio+0x5f25b]  AUDeferredRenderer::ProducerThreadProc()+0x31
C  [CoreAudio+0x5ec5b]  AUDeferredRenderer::ProducerThreadProc(void*)+0x1f
C  [CoreAudio+0x123695]  CAPThread::Entry(CAPThread*)+0x55
C  [libsystem_pthread.dylib+0x393b]  _pthread_body+0xb4
C  [libsystem_pthread.dylib+0x3887]  _pthread_body+0x0
C  [libsystem_pthread.dylib+0x308d]  thread_start+0xd


---------------  P R O C E S S  ---------------

VM state:at safepoint (normal execution)

VM Mutex/Monitor currently owned by a thread:  ([mutex/lock_event])
[0x00007ff918c04680] Threads_lock - owner thread: 0x00007ff919803000
[0x00007ff918c04b80] Heap_lock - owner thread: 0x00007ff919ba8000

Heap:
 PSYoungGen      total 70144K, used 65532K [0x00000007aab00000, 0x00000007afa80000, 0x00000007c0000000)
  eden space 62976K, 97% used [0x00000007aab00000,0x00000007ae6c2a70,0x00000007ae880000)
  from space 7168K, 60% used [0x00000007af380000,0x00000007af7bc810,0x00000007afa80000)
  to   space 9216K, 0% used [0x00000007ae880000,0x00000007ae880000,0x00000007af180000)
 ParOldGen       total 86528K, used 66660K [0x0000000780000000, 0x0000000785480000, 0x00000007aab00000)
  object space 86528K, 77% used [0x0000000780000000,0x00000007841192f8,0x0000000785480000)
 Metaspace       used 24636K, capacity 26256K, committed 26496K, reserved 1071104K
  class space    used 3589K, capacity 3876K, committed 3968K, reserved 1048576K

Card table byte_map: [0x000000010a149000,0x000000010a34a000] byte_map_base: 0x0000000106549000

Marking Bits: (ParMarkBitMap*) 0x00000001096dee20
 Begin Bits: [0x000000010a4a0000, 0x000000010b4a0000)
 End Bits:   [0x000000010b4a0000, 0x000000010c4a0000)

Polling page: 0x00000001084dd000

CodeCache: size=245760Kb used=16438Kb max_used=16465Kb free=229321Kb
 bounds [0x000000010c9d2000, 0x000000010da32000, 0x000000011b9d2000]
 total_blobs=5683 nmethods=4948 adapters=645
 compilation: enabled

Compilation events (10 events):
Event: 477.835 Thread 0x00007ff919825800 6009       4       javafx.scene.Node$NodeTransformation::getTranslateX (19 bytes)
Event: 477.840 Thread 0x00007ff919825800 nmethod 6009 0x000000010d107890 code [0x000000010d1079e0, 0x000000010d107ab8]
Event: 477.934 Thread 0x00007ff919807000 6010       4       javafx.scene.Node$NodeTransformation::getTranslateY (19 bytes)
Event: 477.936 Thread 0x00007ff919807000 nmethod 6010 0x000000010d2b5c90 code [0x000000010d2b5de0, 0x000000010d2b5eb8]
Event: 478.125 Thread 0x00007ff91a01a800 6011   !   3       java.util.ArrayList$Itr::remove (68 bytes)
Event: 478.125 Thread 0x00007ff91a01a800 nmethod 6011 0x000000010cd49190 code [0x000000010cd49360, 0x000000010cd498d8]
Event: 478.297 Thread 0x00007ff91a01a800 6012   !   3       com.sun.media.jfxmediaimpl.MediaDisposer::implRemoveResourceDisposer (132 bytes)
Event: 478.298 Thread 0x00007ff91a01a800 nmethod 6012 0x000000010d2c6a10 code [0x000000010d2c6c60, 0x000000010d2c7bd8]
Event: 478.305 Thread 0x00007ff91a01a800 6013       1       java.util.logging.LogManager::access$500 (5 bytes)
Event: 478.305 Thread 0x00007ff91a01a800 nmethod 6013 0x000000010d105f10 code [0x000000010d106060, 0x000000010d106150]

GC Heap History (10 events):
Event: 334.741 GC heap before
{Heap before GC invocations=17 (full 3):
 PSYoungGen      total 33792K, used 25600K [0x00000007aab00000, 0x00000007ae280000, 0x00000007c0000000)
  eden space 25600K, 100% used [0x00000007aab00000,0x00000007ac400000,0x00000007ac400000)
  from space 8192K, 0% used [0x00000007ac400000,0x00000007ac400000,0x00000007acc00000)
  to   space 8192K, 0% used [0x00000007ada80000,0x00000007ada80000,0x00000007ae280000)
 ParOldGen       total 86528K, used 54695K [0x0000000780000000, 0x0000000785480000, 0x00000007aab00000)
  object space 86528K, 63% used [0x0000000780000000,0x0000000783569ea8,0x0000000785480000)
 Metaspace       used 23837K, capacity 25264K, committed 25600K, reserved 1071104K
  class space    used 3464K, capacity 3738K, committed 3840K, reserved 1048576K
Event: 334.749 GC heap after
Heap after GC invocations=17 (full 3):
 PSYoungGen      total 42496K, used 4882K [0x00000007aab00000, 0x00000007adf80000, 0x00000007c0000000)
  eden space 37376K, 0% used [0x00000007aab00000,0x00000007aab00000,0x00000007acf80000)
  from space 5120K, 95% used [0x00000007ada80000,0x00000007adf44810,0x00000007adf80000)
  to   space 8192K, 0% used [0x00000007acf80000,0x00000007acf80000,0x00000007ad780000)
 ParOldGen       total 86528K, used 54703K [0x0000000780000000, 0x0000000785480000, 0x00000007aab00000)
  object space 86528K, 63% used [0x0000000780000000,0x000000078356bea8,0x0000000785480000)
 Metaspace       used 23837K, capacity 25264K, committed 25600K, reserved 1071104K
  class space    used 3464K, capacity 3738K, committed 3840K, reserved 1048576K
}
Event: 339.382 GC heap before
{Heap before GC invocations=18 (full 3):
 PSYoungGen      total 42496K, used 42258K [0x00000007aab00000, 0x00000007adf80000, 0x00000007c0000000)
  eden space 37376K, 100% used [0x00000007aab00000,0x00000007acf80000,0x00000007acf80000)
  from space 5120K, 95% used [0x00000007ada80000,0x00000007adf44810,0x00000007adf80000)
  to   space 8192K, 0% used [0x00000007acf80000,0x00000007acf80000,0x00000007ad780000)
 ParOldGen       total 86528K, used 54703K [0x0000000780000000, 0x0000000785480000, 0x00000007aab00000)
  object space 86528K, 63% used [0x0000000780000000,0x000000078356bea8,0x0000000785480000)
 Metaspace       used 23898K, capacity 25334K, committed 25600K, reserved 1071104K
  class space    used 3469K, capacity 3739K, committed 3840K, reserved 1048576K
Event: 339.391 GC heap after
Heap after GC invocations=18 (full 3):
 PSYoungGen      total 45568K, used 256K [0x00000007aab00000, 0x00000007af000000, 0x00000007c0000000)
  eden space 37376K, 0% used [0x00000007aab00000,0x00000007aab00000,0x00000007acf80000)
  from space 8192K, 3% used [0x00000007acf80000,0x00000007acfc0000,0x00000007ad780000)
  to   space 8704K, 0% used [0x00000007ae780000,0x00000007ae780000,0x00000007af000000)
 ParOldGen       total 86528K, used 59378K [0x0000000780000000, 0x0000000785480000, 0x00000007aab00000)
  object space 86528K, 68% used [0x0000000780000000,0x00000007839fcad8,0x0000000785480000)
 Metaspace       used 23898K, capacity 25334K, committed 25600K, reserved 1071104K
  class space    used 3469K, capacity 3739K, committed 3840K, reserved 1048576K
}
Event: 343.627 GC heap before
{Heap before GC invocations=19 (full 3):
 PSYoungGen      total 45568K, used 34929K [0x00000007aab00000, 0x00000007af000000, 0x00000007c0000000)
  eden space 37376K, 92% used [0x00000007aab00000,0x00000007accdc468,0x00000007acf80000)
  from space 8192K, 3% used [0x00000007acf80000,0x00000007acfc0000,0x00000007ad780000)
  to   space 8704K, 0% used [0x00000007ae780000,0x00000007ae780000,0x00000007af000000)
 ParOldGen       total 86528K, used 59378K [0x0000000780000000, 0x0000000785480000, 0x00000007aab00000)
  object space 86528K, 68% used [0x0000000780000000,0x00000007839fcad8,0x0000000785480000)
 Metaspace       used 23929K, capacity 25334K, committed 25600K, reserved 1071104K
  class space    used 3469K, capacity 3739K, committed 3840K, reserved 1048576K
Event: 343.629 GC heap after
Heap after GC invocations=19 (full 3):
 PSYoungGen      total 58880K, used 160K [0x00000007aab00000, 0x00000007aee80000, 0x00000007c0000000)
  eden space 51712K, 0% used [0x00000007aab00000,0x00000007aab00000,0x00000007add80000)
  from space 7168K, 2% used [0x00000007ae780000,0x00000007ae7a8000,0x00000007aee80000)
  to   space 8704K, 0% used [0x00000007add80000,0x00000007add80000,0x00000007ae600000)
 ParOldGen       total 86528K, used 59490K [0x0000000780000000, 0x0000000785480000, 0x00000007aab00000)
  object space 86528K, 68% used [0x0000000780000000,0x0000000783a18ad8,0x0000000785480000)
 Metaspace       used 23929K, capacity 25334K, committed 25600K, reserved 1071104K
  class space    used 3469K, capacity 3739K, committed 3840K, reserved 1048576K
}
Event: 348.724 GC heap before
{Heap before GC invocations=20 (full 3):
 PSYoungGen      total 58880K, used 51872K [0x00000007aab00000, 0x00000007aee80000, 0x00000007c0000000)
  eden space 51712K, 100% used [0x00000007aab00000,0x00000007add80000,0x00000007add80000)
  from space 7168K, 2% used [0x00000007ae780000,0x00000007ae7a8000,0x00000007aee80000)
  to   space 8704K, 0% used [0x00000007add80000,0x00000007add80000,0x00000007ae600000)
 ParOldGen       total 86528K, used 59490K [0x0000000780000000, 0x0000000785480000, 0x00000007aab00000)
  object space 86528K, 68% used [0x0000000780000000,0x0000000783a18ad8,0x0000000785480000)
 Metaspace       used 24497K, capacity 26062K, committed 26240K, reserved 1071104K
  class space    used 3577K, capacity 3865K, committed 3968K, reserved 1048576K
Event: 348.747 GC heap after
Heap after GC invocations=20 (full 3):
 PSYoungGen      total 60416K, used 7250K [0x00000007aab00000, 0x00000007afd00000, 0x00000007c0000000)
  eden space 51712K, 0% used [0x00000007aab00000,0x00000007aab00000,0x00000007add80000)
  from space 8704K, 83% used [0x00000007add80000,0x00000007ae494810,0x00000007ae600000)
  to   space 9728K, 0% used [0x00000007af380000,0x00000007af380000,0x00000007afd00000)
 ParOldGen       total 86528K, used 59530K [0x0000000780000000, 0x0000000785480000, 0x00000007aab00000)
  object space 86528K, 68% used [0x0000000780000000,0x0000000783a22ad8,0x0000000785480000)
 Metaspace       used 24497K, capacity 26062K, committed 26240K, reserved 1071104K
  class space    used 3577K, capacity 3865K, committed 3968K, reserved 1048576K
}
Event: 467.600 GC heap before
{Heap before GC invocations=21 (full 3):
 PSYoungGen      total 60416K, used 58962K [0x00000007aab00000, 0x00000007afd00000, 0x00000007c0000000)
  eden space 51712K, 100% used [0x00000007aab00000,0x00000007add80000,0x00000007add80000)
  from space 8704K, 83% used [0x00000007add80000,0x00000007ae494810,0x00000007ae600000)
  to   space 9728K, 0% used [0x00000007af380000,0x00000007af380000,0x00000007afd00000)
 ParOldGen       total 86528K, used 59530K [0x0000000780000000, 0x0000000785480000, 0x00000007aab00000)
  object space 86528K, 68% used [0x0000000780000000,0x0000000783a22ad8,0x0000000785480000)
 Metaspace       used 24548K, capacity 26098K, committed 26240K, reserved 1071104K
  class space    used 3583K, capacity 3869K, committed 3968K, reserved 1048576K
Event: 467.650 GC heap after
Heap after GC invocations=21 (full 3):
 PSYoungGen      total 70144K, used 4338K [0x00000007aab00000, 0x00000007afa80000, 0x00000007c0000000)
  eden space 62976K, 0% used [0x00000007aab00000,0x00000007aab00000,0x00000007ae880000)
  from space 7168K, 60% used [0x00000007af380000,0x00000007af7bc810,0x00000007afa80000)
  to   space 9216K, 0% used [0x00000007ae880000,0x00000007ae880000,0x00000007af180000)
 ParOldGen       total 86528K, used 66660K [0x0000000780000000, 0x0000000785480000, 0x00000007aab00000)
  object space 86528K, 77% used [0x0000000780000000,0x00000007841192f8,0x0000000785480000)
 Metaspace       used 24548K, capacity 26098K, committed 26240K, reserved 1071104K
  class space    used 3583K, capacity 3869K, committed 3968K, reserved 1048576K
}

Deoptimization events (10 events):
Event: 346.936 Thread 0x00007ff91915e800 Uncommon trap: reason=intrinsic action=make_not_entrant pc=0x000000010cee7fb8 method=com.sun.prism.impl.ps.BaseShaderGraphics.drawString(Lcom/sun/javafx/scene/text/GlyphList;Lcom/sun/javafx/font/FontStrike;FFLcom/sun/prism/paint/Color;II)V @ 546
Event: 348.747 Thread 0x00007ff919158800 Uncommon trap: reason=unstable_if action=reinterpret pc=0x000000010cd7129c method=java.util.WeakHashMap$HashIterator.hasNext()Z @ 76
Event: 464.343 Thread 0x00007ff91915e800 Uncommon trap: reason=intrinsic action=make_not_entrant pc=0x000000010d9a07ac method=com.sun.prism.impl.ps.BaseShaderGraphics.drawString(Lcom/sun/javafx/scene/text/GlyphList;Lcom/sun/javafx/font/FontStrike;FFLcom/sun/prism/paint/Color;II)V @ 559
Event: 464.385 Thread 0x00007ff91915e800 Uncommon trap: reason=unstable_if action=reinterpret pc=0x000000010d7b7230 method=com.sun.prism.impl.ManagedResource.isValid()Z @ 4
Event: 466.156 Thread 0x00007ff91915e800 Uncommon trap: reason=intrinsic action=make_not_entrant pc=0x000000010d9fd7dc method=com.sun.prism.impl.ps.BaseShaderGraphics.drawString(Lcom/sun/javafx/scene/text/GlyphList;Lcom/sun/javafx/font/FontStrike;FFLcom/sun/prism/paint/Color;II)V @ 572
Event: 478.007 Thread 0x00007ff919158800 Uncommon trap: reason=unstable_if action=reinterpret pc=0x000000010d010b80 method=com.sun.glass.ui.TouchInputSupport.notifyBeginTouchEvent(Lcom/sun/glass/ui/View;IZI)V @ 12
Event: 478.124 Thread 0x00007ff919158800 Uncommon trap: reason=unstable_if action=reinterpret pc=0x000000010d850f6c method=com.sun.javafx.css.StyleManager.forget(Ljavafx/scene/Parent;)V @ 229
Event: 478.298 Thread 0x00007ff919158800 Uncommon trap: reason=unstable_if action=reinterpret pc=0x000000010d6f6d84 method=java.util.Collections.unmodifiableList(Ljava/util/List;)Ljava/util/List; @ 4
Event: 478.301 Thread 0x00007ff919158800 Uncommon trap: reason=unstable_if action=reinterpret pc=0x000000010d290b28 method=java.util.concurrent.locks.ReentrantLock$Sync.tryRelease(I)Z @ 28
Event: 478.301 Thread 0x00007ff91915e800 Uncommon trap: reason=unstable_if action=reinterpret pc=0x000000010d277f64 method=java.util.concurrent.locks.AbstractQueuedSynchronizer$ConditionObject.checkInterruptWhileWaiting(Ljava/util/concurrent/locks/AbstractQueuedSynchronizer$Node;)I @ 3

Internal exceptions (10 events):
Event: 320.610 Thread 0x00007ff919158800 Implicit null exception at 0x000000010cbe0cb5 to 0x000000010cbe1015
Event: 320.682 Thread 0x00007ff919158800 Exception <a 'java/lang/NullPointerException'> (0x00000007aafd5480) thrown at [/Users/java_re/workspace/8-2-build-macosx-x86_64/jdk8u60/4407/hotspot/src/share/vm/interpreter/linkResolver.cpp, line 1280]
Event: 321.087 Thread 0x00007ff919575000 Implicit null exception at 0x000000010d28d688 to 0x000000010d28d751
Event: 321.186 Thread 0x00007ff91915e800 Implicit null exception at 0x000000010d13ebab to 0x000000010d13f4b5
Event: 321.251 Thread 0x00007ff91915e800 Implicit null exception at 0x000000010d11103b to 0x000000010d1113f9
Event: 323.642 Thread 0x00007ff91915e800 Implicit null exception at 0x000000010ccaaa49 to 0x000000010ccab1c7
Event: 324.595 Thread 0x00007ff919158800 Implicit null exception at 0x000000010d60b27b to 0x000000010d60d891
Event: 346.678 Thread 0x00007ff919158800 Implicit null exception at 0x000000010d62a1b2 to 0x000000010d62bbe5
Event: 346.719 Thread 0x00007ff919158800 Implicit null exception at 0x000000010d641e9f to 0x000000010d64259d
Event: 346.927 Thread 0x00007ff91915e800 Implicit null exception at 0x000000010ccd74c8 to 0x000000010ccd7e05

Events (10 events):
Event: 478.305 Executing VM operation: RevokeBias done
Event: 478.305 Executing VM operation: RevokeBias
Event: 478.305 Executing VM operation: RevokeBias done
Event: 478.305 Executing VM operation: RevokeBias
Event: 478.305 Executing VM operation: RevokeBias done
Event: 478.305 Executing VM operation: RevokeBias
Event: 478.305 Executing VM operation: RevokeBias done
Event: 478.305 Thread 0x00007ff91a01a800 flushing nmethod 0x000000010cafcc50
Event: 478.305 Thread 0x00007ff91a004000 Thread exited: 0x00007ff91a004000
Event: 478.306 Thread 0x00007ff919ba8000 Thread exited: 0x00007ff919ba8000


Dynamic libraries:
0x000000003bf3e000 	/System/Library/Frameworks/Cocoa.framework/Versions/A/Cocoa
0x000000003bf3e000 	/System/Library/Frameworks/Security.framework/Versions/A/Security
0x000000003bf3e000 	/System/Library/Frameworks/ApplicationServices.framework/Versions/A/ApplicationServices
0x000000003bf3e000 	/usr/lib/libz.1.dylib
0x000000003bf3e000 	/usr/lib/libSystem.B.dylib
0x000000003bf3e000 	/usr/lib/libobjc.A.dylib
0x000000003bf3e000 	/System/Library/Frameworks/CoreFoundation.framework/Versions/A/CoreFoundation
0x000000003bf3e000 	/System/Library/Frameworks/Foundation.framework/Versions/C/Foundation
0x000000003bf3e000 	/System/Library/Frameworks/AppKit.framework/Versions/C/AppKit
0x000000003bf3e000 	/System/Library/Frameworks/CoreData.framework/Versions/A/CoreData
0x000000003bf3e000 	/System/Library/PrivateFrameworks/RemoteViewServices.framework/Versions/A/RemoteViewServices
0x000000003bf3e000 	/System/Library/PrivateFrameworks/UIFoundation.framework/Versions/A/UIFoundation
0x000000003bf3e000 	/System/Library/PrivateFrameworks/DFRFoundation.framework/Versions/A/DFRFoundation
0x000000003bf3e000 	/usr/lib/libenergytrace.dylib
0x000000003bf3e000 	/System/Library/PrivateFrameworks/SkyLight.framework/Versions/A/SkyLight
0x000000003bf3e000 	/System/Library/Frameworks/CoreGraphics.framework/Versions/A/CoreGraphics
0x000000003bf3e000 	/usr/lib/libScreenReader.dylib
0x000000003bf3e000 	/System/Library/Frameworks/Accelerate.framework/Versions/A/Accelerate
0x000000003bf3e000 	/System/Library/Frameworks/IOSurface.framework/Versions/A/IOSurface
0x000000003bf3e000 	/System/Library/Frameworks/AudioToolbox.framework/Versions/A/AudioToolbox
0x000000003bf3e000 	/System/Library/Frameworks/AudioUnit.framework/Versions/A/AudioUnit
0x000000003bf3e000 	/System/Library/PrivateFrameworks/DataDetectorsCore.framework/Versions/A/DataDetectorsCore
0x000000003bf3e000 	/System/Library/PrivateFrameworks/DesktopServicesPriv.framework/Versions/A/DesktopServicesPriv
0x000000003bf3e000 	/System/Library/Frameworks/Carbon.framework/Versions/A/Frameworks/HIToolbox.framework/Versions/A/HIToolbox
0x000000003bf3e000 	/usr/lib/libicucore.A.dylib
0x000000003bf3e000 	/System/Library/Frameworks/QuartzCore.framework/Versions/A/QuartzCore
0x000000003bf3e000 	/System/Library/Frameworks/Carbon.framework/Versions/A/Frameworks/SpeechRecognition.framework/Versions/A/SpeechRecognition
0x000000003bf3e000 	/usr/lib/libauto.dylib
0x000000003bf3e000 	/usr/lib/libxml2.2.dylib
0x000000003bf3e000 	/System/Library/PrivateFrameworks/CoreUI.framework/Versions/A/CoreUI
0x000000003bf3e000 	/System/Library/Frameworks/CoreAudio.framework/Versions/A/CoreAudio
0x000000003bf3e000 	/System/Library/Frameworks/DiskArbitration.framework/Versions/A/DiskArbitration
0x000000003bf3e000 	/usr/lib/liblangid.dylib
0x000000003bf3e000 	/System/Library/PrivateFrameworks/MultitouchSupport.framework/Versions/A/MultitouchSupport
0x000000003bf3e000 	/System/Library/Frameworks/IOKit.framework/Versions/A/IOKit
0x000000003bf3e000 	/usr/lib/libDiagnosticMessagesClient.dylib
0x000000003bf3e000 	/System/Library/Frameworks/CoreServices.framework/Versions/A/CoreServices
0x000000003bf3e000 	/System/Library/PrivateFrameworks/PerformanceAnalysis.framework/Versions/A/PerformanceAnalysis
0x000000003bf3e000 	/System/Library/PrivateFrameworks/GenerationalStorage.framework/Versions/A/GenerationalStorage
0x000000003bf3e000 	/System/Library/Frameworks/OpenGL.framework/Versions/A/OpenGL
0x000000003bf3e000 	/System/Library/Frameworks/CoreImage.framework/Versions/A/CoreImage
0x000000003bf3e000 	/System/Library/Frameworks/CoreText.framework/Versions/A/CoreText
0x000000003bf3e000 	/System/Library/Frameworks/ImageIO.framework/Versions/A/ImageIO
0x000000003bf3e000 	/System/Library/PrivateFrameworks/Backup.framework/Versions/A/Backup
0x000000003bf3e000 	/usr/lib/libarchive.2.dylib
0x000000003bf3e000 	/System/Library/Frameworks/CFNetwork.framework/Versions/A/CFNetwork
0x000000003bf3e000 	/System/Library/Frameworks/SystemConfiguration.framework/Versions/A/SystemConfiguration
0x000000003bf3e000 	/usr/lib/libCRFSuite.dylib
0x000000003bf3e000 	/usr/lib/libc++.1.dylib
0x000000003bf3e000 	/usr/lib/libc++abi.dylib
0x000000003bf3e000 	/usr/lib/system/libcache.dylib
0x000000003bf3e000 	/usr/lib/system/libcommonCrypto.dylib
0x000000003bf3e000 	/usr/lib/system/libcompiler_rt.dylib
0x000000003bf3e000 	/usr/lib/system/libcopyfile.dylib
0x000000003bf3e000 	/usr/lib/system/libcorecrypto.dylib
0x000000003bf3e000 	/usr/lib/system/libdispatch.dylib
0x000000003bf3e000 	/usr/lib/system/libdyld.dylib
0x000000003bf3e000 	/usr/lib/system/libkeymgr.dylib
0x000000003bf3e000 	/usr/lib/system/liblaunch.dylib
0x000000003bf3e000 	/usr/lib/system/libmacho.dylib
0x000000003bf3e000 	/usr/lib/system/libquarantine.dylib
0x000000003bf3e000 	/usr/lib/system/libremovefile.dylib
0x000000003bf3e000 	/usr/lib/system/libsystem_asl.dylib
0x000000003bf3e000 	/usr/lib/system/libsystem_blocks.dylib
0x000000003bf3e000 	/usr/lib/system/libsystem_c.dylib
0x000000003bf3e000 	/usr/lib/system/libsystem_configuration.dylib
0x000000003bf3e000 	/usr/lib/system/libsystem_coreservices.dylib
0x000000003bf3e000 	/usr/lib/system/libsystem_coretls.dylib
0x000000003bf3e000 	/usr/lib/system/libsystem_dnssd.dylib
0x000000003bf3e000 	/usr/lib/system/libsystem_info.dylib
0x000000003bf3e000 	/usr/lib/system/libsystem_kernel.dylib
0x000000003bf3e000 	/usr/lib/system/libsystem_m.dylib
0x000000003bf3e000 	/usr/lib/system/libsystem_malloc.dylib
0x000000003bf3e000 	/usr/lib/system/libsystem_network.dylib
0x000000003bf3e000 	/usr/lib/system/libsystem_networkextension.dylib
0x000000003bf3e000 	/usr/lib/system/libsystem_notify.dylib
0x000000003bf3e000 	/usr/lib/system/libsystem_platform.dylib
0x000000003bf3e000 	/usr/lib/system/libsystem_pthread.dylib
0x000000003bf3e000 	/usr/lib/system/libsystem_sandbox.dylib
0x000000003bf3e000 	/usr/lib/system/libsystem_secinit.dylib
0x000000003bf3e000 	/usr/lib/system/libsystem_symptoms.dylib
0x000000003bf3e000 	/usr/lib/system/libsystem_trace.dylib
0x000000003bf3e000 	/usr/lib/system/libunwind.dylib
0x000000003bf3e000 	/usr/lib/system/libxpc.dylib
0x000000003bf3e000 	/usr/lib/libbsm.0.dylib
0x000000003bf3e000 	/usr/lib/system/libkxld.dylib
0x000000003bf3e000 	/usr/lib/libcoretls.dylib
0x000000003bf3e000 	/usr/lib/libcoretls_cfhelpers.dylib
0x000000003bf3e000 	/usr/lib/libOpenScriptingUtil.dylib
0x000000003bf3e000 	/usr/lib/libpam.2.dylib
0x000000003bf3e000 	/usr/lib/libsqlite3.dylib
0x000000003bf3e000 	/usr/lib/libxar.1.dylib
0x000000003bf3e000 	/usr/lib/libbz2.1.0.dylib
0x000000003bf3e000 	/usr/lib/liblzma.5.dylib
0x000000003bf3e000 	/usr/lib/libnetwork.dylib
0x000000003bf3e000 	/usr/lib/libpcap.A.dylib
0x000000003bf3e000 	/System/Library/Frameworks/CoreServices.framework/Versions/A/Frameworks/FSEvents.framework/Versions/A/FSEvents
0x000000003bf3e000 	/System/Library/Frameworks/CoreServices.framework/Versions/A/Frameworks/CarbonCore.framework/Versions/A/CarbonCore
0x000000003bf3e000 	/System/Library/Frameworks/CoreServices.framework/Versions/A/Frameworks/Metadata.framework/Versions/A/Metadata
0x000000003bf3e000 	/System/Library/Frameworks/CoreServices.framework/Versions/A/Frameworks/OSServices.framework/Versions/A/OSServices
0x000000003bf3e000 	/System/Library/Frameworks/CoreServices.framework/Versions/A/Frameworks/SearchKit.framework/Versions/A/SearchKit
0x000000003bf3e000 	/System/Library/Frameworks/CoreServices.framework/Versions/A/Frameworks/AE.framework/Versions/A/AE
0x000000003bf3e000 	/System/Library/Frameworks/CoreServices.framework/Versions/A/Frameworks/LaunchServices.framework/Versions/A/LaunchServices
0x000000003bf3e000 	/System/Library/Frameworks/CoreServices.framework/Versions/A/Frameworks/DictionaryServices.framework/Versions/A/DictionaryServices
0x000000003bf3e000 	/System/Library/Frameworks/CoreServices.framework/Versions/A/Frameworks/SharedFileList.framework/Versions/A/SharedFileList
0x000000003bf3e000 	/System/Library/Frameworks/NetFS.framework/Versions/A/NetFS
0x000000003bf3e000 	/System/Library/PrivateFrameworks/NetAuth.framework/Versions/A/NetAuth
0x000000003bf3e000 	/System/Library/PrivateFrameworks/login.framework/Versions/A/Frameworks/loginsupport.framework/Versions/A/loginsupport
0x000000003bf3e000 	/System/Library/PrivateFrameworks/TCC.framework/Versions/A/TCC
0x000000003bf3e000 	/usr/lib/libmecabra.dylib
0x000000003bf3e000 	/System/Library/Frameworks/ApplicationServices.framework/Versions/A/Frameworks/ATS.framework/Versions/A/ATS
0x000000003bf3e000 	/System/Library/Frameworks/ApplicationServices.framework/Versions/A/Frameworks/ColorSync.framework/Versions/A/ColorSync
0x000000003bf3e000 	/System/Library/Frameworks/ApplicationServices.framework/Versions/A/Frameworks/HIServices.framework/Versions/A/HIServices
0x000000003bf3e000 	/System/Library/Frameworks/ApplicationServices.framework/Versions/A/Frameworks/LangAnalysis.framework/Versions/A/LangAnalysis
0x000000003bf3e000 	/System/Library/Frameworks/ApplicationServices.framework/Versions/A/Frameworks/PrintCore.framework/Versions/A/PrintCore
0x000000003bf3e000 	/System/Library/Frameworks/ApplicationServices.framework/Versions/A/Frameworks/QD.framework/Versions/A/QD
0x000000003bf3e000 	/System/Library/Frameworks/ApplicationServices.framework/Versions/A/Frameworks/SpeechSynthesis.framework/Versions/A/SpeechSynthesis
0x000000003bf3e000 	/System/Library/Frameworks/Accelerate.framework/Versions/A/Frameworks/vImage.framework/Versions/A/vImage
0x000000003bf3e000 	/System/Library/Frameworks/Accelerate.framework/Versions/A/Frameworks/vecLib.framework/Versions/A/vecLib
0x000000003bf3e000 	/System/Library/Frameworks/Accelerate.framework/Versions/A/Frameworks/vecLib.framework/Versions/A/libvDSP.dylib
0x000000003bf3e000 	/System/Library/Frameworks/Accelerate.framework/Versions/A/Frameworks/vecLib.framework/Versions/A/libBNNS.dylib
0x000000003bf3e000 	/System/Library/Frameworks/Accelerate.framework/Versions/A/Frameworks/vecLib.framework/Versions/A/libQuadrature.dylib
0x000000003bf3e000 	/System/Library/Frameworks/Accelerate.framework/Versions/A/Frameworks/vecLib.framework/Versions/A/libvMisc.dylib
0x000000003bf3e000 	/System/Library/Frameworks/Accelerate.framework/Versions/A/Frameworks/vecLib.framework/Versions/A/libLAPACK.dylib
0x000000003bf3e000 	/System/Library/Frameworks/Accelerate.framework/Versions/A/Frameworks/vecLib.framework/Versions/A/libBLAS.dylib
0x000000003bf3e000 	/System/Library/Frameworks/Accelerate.framework/Versions/A/Frameworks/vecLib.framework/Versions/A/libLinearAlgebra.dylib
0x000000003bf3e000 	/System/Library/Frameworks/Accelerate.framework/Versions/A/Frameworks/vecLib.framework/Versions/A/libSparseBLAS.dylib
0x000000003bf3e000 	/System/Library/Frameworks/ApplicationServices.framework/Versions/A/Frameworks/ATS.framework/Versions/A/Resources/libFontParser.dylib
0x000000003bf3e000 	/System/Library/Frameworks/ApplicationServices.framework/Versions/A/Frameworks/ATS.framework/Versions/A/Resources/libFontRegistry.dylib
0x000000003bf3e000 	/System/Library/Frameworks/ImageIO.framework/Versions/A/Resources/libJPEG.dylib
0x000000003bf3e000 	/System/Library/Frameworks/ImageIO.framework/Versions/A/Resources/libTIFF.dylib
0x000000003bf3e000 	/System/Library/Frameworks/ImageIO.framework/Versions/A/Resources/libPng.dylib
0x000000003bf3e000 	/System/Library/Frameworks/ImageIO.framework/Versions/A/Resources/libGIF.dylib
0x000000003bf3e000 	/System/Library/Frameworks/ImageIO.framework/Versions/A/Resources/libJP2.dylib
0x000000003bf3e000 	/System/Library/Frameworks/ImageIO.framework/Versions/A/Resources/libRadiance.dylib
0x000000003bf3e000 	/usr/lib/libcompression.dylib
0x000000003bf3e000 	/System/Library/PrivateFrameworks/AppleJPEG.framework/Versions/A/AppleJPEG
0x000000003bf3e000 	/usr/lib/libcups.2.dylib
0x000000003bf3e000 	/System/Library/Frameworks/Kerberos.framework/Versions/A/Kerberos
0x000000003bf3e000 	/System/Library/Frameworks/GSS.framework/Versions/A/GSS
0x000000003bf3e000 	/usr/lib/libresolv.9.dylib
0x000000003bf3e000 	/usr/lib/libiconv.2.dylib
0x000000003bf3e000 	/System/Library/PrivateFrameworks/Heimdal.framework/Versions/A/Heimdal
0x000000003bf3e000 	/usr/lib/libheimdal-asn1.dylib
0x000000003bf3e000 	/System/Library/Frameworks/OpenDirectory.framework/Versions/A/OpenDirectory
0x000000003bf3e000 	/System/Library/PrivateFrameworks/CommonAuth.framework/Versions/A/CommonAuth
0x000000003bf3e000 	/System/Library/Frameworks/OpenDirectory.framework/Versions/A/Frameworks/CFOpenDirectory.framework/Versions/A/CFOpenDirectory
0x000000003bf3e000 	/System/Library/Frameworks/SecurityFoundation.framework/Versions/A/SecurityFoundation
0x000000003bf3e000 	/System/Library/PrivateFrameworks/LanguageModeling.framework/Versions/A/LanguageModeling
0x000000003bf3e000 	/usr/lib/libmarisa.dylib
0x000000003bf3e000 	/usr/lib/libChineseTokenizer.dylib
0x000000003bf3e000 	/usr/lib/libcmph.dylib
0x000000003bf3e000 	/System/Library/PrivateFrameworks/CoreEmoji.framework/Versions/A/CoreEmoji
0x000000003bf3e000 	/System/Library/Frameworks/ServiceManagement.framework/Versions/A/ServiceManagement
0x000000003bf3e000 	/usr/lib/libxslt.1.dylib
0x000000003bf3e000 	/System/Library/Frameworks/Carbon.framework/Versions/A/Frameworks/Ink.framework/Versions/A/Ink
0x000000003bf3e000 	/System/Library/PrivateFrameworks/TextureIO.framework/Versions/A/TextureIO
0x000000003bf3e000 	/System/Library/Frameworks/Metal.framework/Versions/A/Metal
0x000000003bf3e000 	/usr/lib/libate.dylib
0x000000003bf3e000 	/System/Library/PrivateFrameworks/GPUCompiler.framework/libmetal_timestamp.dylib
0x000000003bf3e000 	/System/Library/Frameworks/OpenGL.framework/Versions/A/Libraries/libCoreFSCache.dylib
0x000000003bf3e000 	/System/Library/PrivateFrameworks/IOAccelerator.framework/Versions/A/IOAccelerator
0x000000003bf3e000 	/System/Library/Frameworks/CoreVideo.framework/Versions/A/CoreVideo
0x000000003bf3e000 	/usr/lib/libFosl_dynamic.dylib
0x000000003bf3e000 	/System/Library/PrivateFrameworks/MetalPerformanceShaders.framework/Versions/A/MetalPerformanceShaders
0x000000003bf3e000 	/System/Library/PrivateFrameworks/FaceCore.framework/Versions/A/FaceCore
0x000000003bf3e000 	/System/Library/Frameworks/OpenCL.framework/Versions/A/OpenCL
0x000000003bf3e000 	/System/Library/Frameworks/OpenGL.framework/Versions/A/Libraries/libGLU.dylib
0x000000003bf3e000 	/System/Library/Frameworks/OpenGL.framework/Versions/A/Libraries/libGFXShared.dylib
0x000000003bf3e000 	/System/Library/Frameworks/OpenGL.framework/Versions/A/Libraries/libGL.dylib
0x000000003bf3e000 	/System/Library/Frameworks/OpenGL.framework/Versions/A/Libraries/libGLImage.dylib
0x000000003bf3e000 	/System/Library/Frameworks/OpenGL.framework/Versions/A/Libraries/libCVMSPluginSupport.dylib
0x000000003bf3e000 	/System/Library/Frameworks/OpenGL.framework/Versions/A/Libraries/libCoreVMClient.dylib
0x000000003bf3e000 	/System/Library/PrivateFrameworks/CrashReporterSupport.framework/Versions/A/CrashReporterSupport
0x000000003bf3e000 	/System/Library/PrivateFrameworks/Sharing.framework/Versions/A/Sharing
0x000000003bf3e000 	/System/Library/PrivateFrameworks/IconServices.framework/Versions/A/IconServices
0x000000003bf3e000 	/System/Library/PrivateFrameworks/ProtocolBuffer.framework/Versions/A/ProtocolBuffer
0x000000003bf3e000 	/System/Library/PrivateFrameworks/Apple80211.framework/Versions/A/Apple80211
0x000000003bf3e000 	/System/Library/Frameworks/CoreWLAN.framework/Versions/A/CoreWLAN
0x000000003bf3e000 	/System/Library/PrivateFrameworks/CoreUtils.framework/Versions/A/CoreUtils
0x000000003bf3e000 	/System/Library/Frameworks/IOBluetooth.framework/Versions/A/IOBluetooth
0x000000003bf3e000 	/System/Library/PrivateFrameworks/CoreWiFi.framework/Versions/A/CoreWiFi
0x000000003bf3e000 	/System/Library/Frameworks/CoreBluetooth.framework/Versions/A/CoreBluetooth
0x000000003bf3e000 	/System/Library/Frameworks/CoreDisplay.framework/Versions/A/CoreDisplay
0x000000003bf3e000 	/System/Library/PrivateFrameworks/IOPresentment.framework/Versions/A/IOPresentment
0x000000003bf3e000 	/System/Library/PrivateFrameworks/DSExternalDisplay.framework/Versions/A/DSExternalDisplay
0x000000003bf3e000 	/System/Library/PrivateFrameworks/DebugSymbols.framework/Versions/A/DebugSymbols
0x000000003bf3e000 	/System/Library/PrivateFrameworks/CoreSymbolication.framework/Versions/A/CoreSymbolication
0x000000003bf3e000 	/System/Library/PrivateFrameworks/Symbolication.framework/Versions/A/Symbolication
0x000000003bf3e000 	/System/Library/PrivateFrameworks/AppleFSCompression.framework/Versions/A/AppleFSCompression
0x000000003bf3e000 	/System/Library/PrivateFrameworks/SpeechRecognitionCore.framework/Versions/A/SpeechRecognitionCore
0x000000003bf3e000 	/System/Library/PrivateFrameworks/ChunkingLibrary.framework/Versions/A/ChunkingLibrary
0x0000000108e00000 	/Library/Java/JavaVirtualMachines/jdk1.8.0_60.jdk/Contents/Home/jre/lib/server/libjvm.dylib
0x000000003bf3e000 	/usr/lib/libstdc++.6.dylib
0x000000010849a000 	/Library/Java/JavaVirtualMachines/jdk1.8.0_60.jdk/Contents/Home/jre/lib/libverify.dylib
0x00000001084a8000 	/Library/Java/JavaVirtualMachines/jdk1.8.0_60.jdk/Contents/Home/jre/lib/libjava.dylib
0x00000001084e7000 	/Library/Java/JavaVirtualMachines/jdk1.8.0_60.jdk/Contents/Home/jre/lib/libzip.dylib
0x000000011d112000 	/System/Library/Frameworks/JavaVM.framework/Frameworks/JavaRuntimeSupport.framework/JavaRuntimeSupport
0x000000011d12c000 	/System/Library/Frameworks/JavaVM.framework/Versions/A/Frameworks/JavaNativeFoundation.framework/Versions/A/JavaNativeFoundation
0x000000010c935000 	/System/Library/Frameworks/JavaVM.framework/Versions/A/JavaVM
0x000000003bf3e000 	/System/Library/Frameworks/Carbon.framework/Versions/A/Carbon
0x000000011d141000 	/System/Library/PrivateFrameworks/JavaLaunching.framework/Versions/A/JavaLaunching
0x000000003bf3e000 	/System/Library/Frameworks/Carbon.framework/Versions/A/Frameworks/CommonPanels.framework/Versions/A/CommonPanels
0x000000003bf3e000 	/System/Library/Frameworks/Carbon.framework/Versions/A/Frameworks/Help.framework/Versions/A/Help
0x000000003bf3e000 	/System/Library/Frameworks/Carbon.framework/Versions/A/Frameworks/ImageCapture.framework/Versions/A/ImageCapture
0x000000003bf3e000 	/System/Library/Frameworks/Carbon.framework/Versions/A/Frameworks/OpenScripting.framework/Versions/A/OpenScripting
0x000000003bf3e000 	/System/Library/Frameworks/Carbon.framework/Versions/A/Frameworks/Print.framework/Versions/A/Print
0x000000003bf3e000 	/System/Library/Frameworks/Carbon.framework/Versions/A/Frameworks/SecurityHI.framework/Versions/A/SecurityHI
0x000000011eae0000 	/Library/Java/JavaVirtualMachines/jdk1.8.0_60.jdk/Contents/Home/jre/lib/libprism_es2.dylib
0x000000011eb45000 	/System/Library/Frameworks/OpenGL.framework/Resources/GLEngine.bundle/GLEngine
0x000000003bf3e000 	/System/Library/Frameworks/OpenGL.framework/Versions/A/Libraries/libGLProgrammability.dylib
0x000000011ed2a000 	/System/Library/Extensions/AppleIntelHD5000GraphicsGLDriver.bundle/Contents/MacOS/AppleIntelHD5000GraphicsGLDriver
0x000000003bf3e000 	/System/Library/PrivateFrameworks/GPUSupport.framework/Versions/A/Libraries/libGPUSupportMercury.dylib
0x000000011f49d000 	/System/Library/Frameworks/OpenGL.framework/Resources//GLRendererFloat.bundle/GLRendererFloat
0x000000003bf3e000 	/System/Library/Frameworks/OpenCL.framework/Versions/A/Libraries/libcldcpuengine.dylib
0x000000003bf3e000 	/usr/lib/libcrypto.0.9.8.dylib
0x000000003bf3e000 	/System/Library/PrivateFrameworks/TrustEvaluationAgent.framework/Versions/A/TrustEvaluationAgent
0x000000011f900000 	/Library/Java/JavaVirtualMachines/jdk1.8.0_60.jdk/Contents/Home/jre/lib/libglass.dylib
0x000000003bf3e000 	/System/Library/PrivateFrameworks/CoreServicesInternal.framework/Versions/A/CoreServicesInternal
0x000000003bf3e000 	/System/Library/CoreServices/RawCamera.bundle/Contents/MacOS/RawCamera
0x000000003bf3e000 	/System/Library/Frameworks/Accelerate.framework/Versions/A/Frameworks/vImage.framework/Versions/A/Libraries/libCGInterfaces.dylib
0x000000003bf3e000 	/System/Library/PrivateFrameworks/FamilyControls.framework/Versions/A/FamilyControls
0x000000003bf3e000 	/System/Library/PrivateFrameworks/CommerceKit.framework/Versions/A/Frameworks/CommerceCore.framework/Versions/A/CommerceCore
0x000000003bf3e000 	/System/Library/PrivateFrameworks/SystemAdministration.framework/Versions/A/SystemAdministration
0x000000003bf3e000 	/System/Library/PrivateFrameworks/AppContainer.framework/Versions/A/AppContainer
0x000000003bf3e000 	/System/Library/PrivateFrameworks/SecCodeWrapper.framework/Versions/A/SecCodeWrapper
0x000000003bf3e000 	/System/Library/Frameworks/DirectoryService.framework/Versions/A/DirectoryService
0x000000003bf3e000 	/System/Library/PrivateFrameworks/DiskImages.framework/Versions/A/DiskImages
0x000000003bf3e000 	/System/Library/PrivateFrameworks/LoginUIKit.framework/Versions/A/Frameworks/LoginUICore.framework/Versions/A/LoginUICore
0x000000003bf3e000 	/usr/lib/libCoreStorage.dylib
0x000000003bf3e000 	/usr/lib/libcsfde.dylib
0x000000003bf3e000 	/usr/lib/libodfde.dylib
0x000000003bf3e000 	/System/Library/Frameworks/DiscRecording.framework/Versions/A/DiscRecording
0x000000003bf3e000 	/usr/lib/libcurl.4.dylib
0x000000003bf3e000 	/System/Library/PrivateFrameworks/MediaKit.framework/Versions/A/MediaKit
0x000000003bf3e000 	/System/Library/PrivateFrameworks/ProtectedCloudStorage.framework/Versions/A/ProtectedCloudStorage
0x000000003bf3e000 	/System/Library/PrivateFrameworks/EFILogin.framework/Versions/A/EFILogin
0x000000003bf3e000 	/usr/lib/libutil.dylib
0x000000003bf3e000 	/System/Library/Frameworks/LDAP.framework/Versions/A/LDAP
0x000000003bf3e000 	/usr/lib/libsasl2.2.dylib
0x000000003bf3e000 	/System/Library/PrivateFrameworks/CoreDaemon.framework/Versions/B/CoreDaemon
0x000000003bf3e000 	/System/Library/PrivateFrameworks/AppleSRP.framework/Versions/A/AppleSRP
0x000000003bf3e000 	/System/Library/PrivateFrameworks/APFS.framework/Versions/A/APFS
0x0000000122753000 	/Library/Java/JavaVirtualMachines/jdk1.8.0_60.jdk/Contents/Home/jre/lib/libjavafx_font.dylib
0x000000003bf3e000 	/System/Library/Frameworks/ApplicationServices.framework/Versions/A/Frameworks/ATS.framework/Versions/A/Resources/libTrueTypeScaler.dylib
0x0000000123e19000 	/System/Library/Extensions/AppleIntelHD5000GraphicsMTLDriver.bundle/Contents/MacOS/AppleIntelHD5000GraphicsMTLDriver
0x000000003bf3e000 	/System/Library/PrivateFrameworks/ViewBridge.framework/Versions/A/ViewBridge
0x000000003bf3e000 	/System/Library/PrivateFrameworks/XPCService.framework/Versions/A/XPCService
0x000000003bf3e000 	/System/Library/PrivateFrameworks/AppSandbox.framework/Versions/A/AppSandbox
0x000000003bf3e000 	/usr/lib/libsandbox.1.dylib
0x000000003bf3e000 	/usr/lib/libMatch.1.dylib
0x000000012322b000 	/Library/Java/JavaVirtualMachines/jdk1.8.0_60.jdk/Contents/Home/jre/lib/libosx.dylib
0x0000000123239000 	/Library/Java/JavaVirtualMachines/jdk1.8.0_60.jdk/Contents/Home/jre/lib/./libosxapp.dylib
0x000000003bf3e000 	/System/Library/Frameworks/ExceptionHandling.framework/Versions/A/ExceptionHandling
0x0000000124cd9000 	/Library/Java/JavaVirtualMachines/jdk1.8.0_60.jdk/Contents/Home/jre/lib/libjfxwebkit.dylib
0x000000011fc09000 	/Library/Java/JavaVirtualMachines/jdk1.8.0_60.jdk/Contents/Home/jre/lib/libprism_common.dylib
0x000000003bf3e000 	/System/Library/PrivateFrameworks/FinderKit.framework/Versions/A/FinderKit
0x000000003bf3e000 	/System/Library/Frameworks/Quartz.framework/Versions/A/Frameworks/QuickLookUI.framework/Versions/A/QuickLookUI
0x000000003bf3e000 	/System/Library/Frameworks/Quartz.framework/Versions/A/Frameworks/ImageKit.framework/Versions/A/ImageKit
0x000000003bf3e000 	/System/Library/PrivateFrameworks/Bom.framework/Versions/A/Bom
0x000000003bf3e000 	/System/Library/Frameworks/QuickLook.framework/Versions/A/QuickLook
0x000000003bf3e000 	/System/Library/PrivateFrameworks/Suggestions.framework/Versions/A/Suggestions
0x000000003bf3e000 	/System/Library/PrivateFrameworks/AppleSystemInfo.framework/Versions/A/AppleSystemInfo
0x000000003bf3e000 	/System/Library/Frameworks/ImageCaptureCore.framework/Versions/A/ImageCaptureCore
0x000000003bf3e000 	/System/Library/Frameworks/SafariServices.framework/Versions/A/SafariServices
0x000000003bf3e000 	/System/Library/Frameworks/QTKit.framework/Versions/A/QTKit
0x000000003bf3e000 	/System/Library/PrivateFrameworks/MobileKeyBag.framework/Versions/A/MobileKeyBag
0x000000003bf3e000 	/System/Library/Frameworks/AVFoundation.framework/Versions/A/AVFoundation
0x000000003bf3e000 	/System/Library/Frameworks/CoreMedia.framework/Versions/A/CoreMedia
0x000000003bf3e000 	/System/Library/Frameworks/MediaToolbox.framework/Versions/A/MediaToolbox
0x000000003bf3e000 	/System/Library/Frameworks/VideoToolbox.framework/Versions/A/VideoToolbox
0x000000003bf3e000 	/System/Library/PrivateFrameworks/CoreMediaAuthoring.framework/Versions/A/CoreMediaAuthoring
0x000000003bf3e000 	/System/Library/Frameworks/CoreMediaIO.framework/Versions/A/CoreMediaIO
0x000000003bf3e000 	/System/Library/Frameworks/AVFoundation.framework/Versions/A/Frameworks/AVFAudio.framework/Versions/A/AVFAudio
0x000000003bf3e000 	/System/Library/PrivateFrameworks/IntlPreferences.framework/Versions/A/IntlPreferences
0x000000003bf3e000 	/usr/lib/libspindump.dylib
0x000000003bf3e000 	/usr/lib/libdscsym.dylib
0x000000003bf3e000 	/System/Library/PrivateFrameworks/CoreAVCHD.framework/Versions/A/CoreAVCHD
0x000000003bf3e000 	/System/Library/Frameworks/MediaAccessibility.framework/Versions/A/MediaAccessibility
0x000000003bf3e000 	/System/Library/PrivateFrameworks/Mangrove.framework/Versions/A/Mangrove
0x000000003bf3e000 	/System/Library/PrivateFrameworks/CoreAUC.framework/Versions/A/CoreAUC
0x000000003bf3e000 	/System/Library/PrivateFrameworks/AppleVA.framework/Versions/A/AppleVA
0x000000003bf3e000 	/System/Library/PrivateFrameworks/QuickLookThumbnailing.framework/Versions/A/QuickLookThumbnailing
0x000000003bf3e000 	/System/Library/PrivateFrameworks/DisplayServices.framework/Versions/A/DisplayServices
0x000000003bf3e000 	/System/Library/Frameworks/Quartz.framework/Versions/A/Frameworks/PDFKit.framework/Versions/A/PDFKit
0x000000003bf3e000 	/System/Library/Frameworks/Quartz.framework/Versions/A/Frameworks/QuartzComposer.framework/Versions/A/QuartzComposer
0x000000003bf3e000 	/System/Library/Frameworks/Quartz.framework/Versions/A/Frameworks/QuartzFilters.framework/Versions/A/QuartzFilters
0x000000003bf3e000 	/System/Library/PrivateFrameworks/CorePDF.framework/Versions/A/CorePDF
0x000000003bf3e000 	/System/Library/Frameworks/JavaScriptCore.framework/Versions/A/JavaScriptCore
0x000000003bf3e000 	/System/Library/Frameworks/AddressBook.framework/Versions/A/AddressBook
0x000000003bf3e000 	/System/Library/PrivateFrameworks/ContactsPersistence.framework/Versions/A/ContactsPersistence
0x000000003bf3e000 	/System/Library/PrivateFrameworks/CalendarAgentLink.framework/Versions/A/CalendarAgentLink
0x000000003bf3e000 	/System/Library/PrivateFrameworks/ContactsFoundation.framework/Versions/A/ContactsFoundation
0x000000003bf3e000 	/System/Library/PrivateFrameworks/vCard.framework/Versions/A/vCard
0x000000003bf3e000 	/System/Library/PrivateFrameworks/ToneLibrary.framework/Versions/A/ToneLibrary
0x000000003bf3e000 	/System/Library/PrivateFrameworks/ToneKit.framework/Versions/A/ToneKit
0x000000003bf3e000 	/System/Library/PrivateFrameworks/ApplePushService.framework/Versions/A/ApplePushService
0x000000003bf3e000 	/System/Library/Frameworks/SecurityInterface.framework/Versions/A/SecurityInterface
0x000000003bf3e000 	/System/Library/PrivateFrameworks/PhoneNumbers.framework/Versions/A/PhoneNumbers
0x000000003bf3e000 	/System/Library/Frameworks/Quartz.framework/Versions/A/Quartz
0x000000003bf3e000 	/System/Library/Frameworks/Accounts.framework/Versions/A/Accounts
0x000000003bf3e000 	/System/Library/PrivateFrameworks/OAuth.framework/Versions/A/OAuth
0x000000003bf3e000 	/System/Library/PrivateFrameworks/CacheDelete.framework/Versions/A/CacheDelete
0x000000003bf3e000 	/System/Library/PrivateFrameworks/CloudDocs.framework/Versions/A/CloudDocs
0x000000003bf3e000 	/System/Library/Frameworks/CloudKit.framework/Versions/A/CloudKit
0x000000003bf3e000 	/System/Library/PrivateFrameworks/MMCS.framework/Versions/A/MMCS
0x000000003bf3e000 	/System/Library/Frameworks/CoreLocation.framework/Versions/A/CoreLocation
0x000000003bf3e000 	/System/Library/PrivateFrameworks/AssetCacheServices.framework/Versions/A/AssetCacheServices
0x000000003bf3e000 	/System/Library/PrivateFrameworks/GeoServices.framework/Versions/A/GeoServices
0x000000003bf3e000 	/System/Library/PrivateFrameworks/PlugInKit.framework/Versions/A/PlugInKit
0x000000003bf3e000 	/System/Library/PrivateFrameworks/iLifeMediaBrowser.framework/Versions/A/iLifeMediaBrowser
0x000000003bf3e000 	/System/Library/Frameworks/AVKit.framework/Versions/A/AVKit
0x000000003bf3e000 	/System/Library/PrivateFrameworks/MediaRemote.framework/Versions/A/MediaRemote
0x000000003bf3e000 	/System/Library/PrivateFrameworks/MediaServices.framework/Versions/A/MediaServices
0x000000012c459000 	/System/Library/Frameworks/Security.framework/PlugIns/csparser.bundle/Contents/MacOS/csparser
0x0000000124a1d000 	/Library/Java/JavaVirtualMachines/jdk1.8.0_60.jdk/Contents/Home/jre/lib/libjavafx_iio.dylib
0x000000012c199000 	/Library/Java/JavaVirtualMachines/jdk1.8.0_60.jdk/Contents/Home/jre/lib/libglib-lite.dylib
0x000000012c2ba000 	/Library/Java/JavaVirtualMachines/jdk1.8.0_60.jdk/Contents/Home/jre/lib/libgstreamer-lite.dylib
0x0000000127620000 	/Library/Java/JavaVirtualMachines/jdk1.8.0_60.jdk/Contents/Home/jre/lib/libjfxmedia.dylib
0x000000012b4a1000 	/Library/Java/JavaVirtualMachines/jdk1.8.0_60.jdk/Contents/Home/jre/lib/libjfxmedia_avf.dylib
0x000000012491d000 	/Library/Java/JavaVirtualMachines/jdk1.8.0_60.jdk/Contents/Home/jre/lib/libjfxmedia_qtkit.dylib
0x000000012765b000 	/Library/Java/JavaVirtualMachines/jdk1.8.0_60.jdk/Contents/Home/jre/lib/libfxplugins.dylib
0x0000000124938000 	/System/Library/Frameworks/VideoDecodeAcceleration.framework/Versions/A/VideoDecodeAcceleration
0x0000000127d80000 	/Library/Java/JavaVirtualMachines/jdk1.8.0_60.jdk/Contents/Home/jre/lib/libnet.dylib
0x0000000124aa9000 	/Library/Java/JavaVirtualMachines/jdk1.8.0_60.jdk/Contents/Home/jre/lib/libnio.dylib
0x0000000127cdf000 	/System/Library/Extensions/AppleHDA.kext/Contents/PlugIns/AppleHDAHALPlugIn.bundle/Contents/MacOS/AppleHDAHALPlugIn
0x000000012c8e8000 	/System/Library/Components/CoreAudio.component/Contents/MacOS/CoreAudio
0x000000003bf3e000 	/System/Library/PrivateFrameworks/AppleGVA.framework/Versions/A/AppleGVA
0x000000012cca9000 	/System/Library/Extensions/AppleIntelHD5000GraphicsVADriver.bundle/Contents/MacOS/AppleIntelHD5000GraphicsVADriver
0x000000012816c000 	/System/Library/Extensions/AppleIntelHSWVA.bundle/Contents/MacOS/AppleIntelHSWVA
0x000000012d717000 	/System/Library/Components/AudioCodecs.component/Contents/MacOS/AudioCodecs

VM Arguments:
jvm_args: -Dfile.encoding=UTF-8 
java_command: view.stevePane.Main
java_class_path (initial): /Users/Douglas/Workspace/steve/target/classes:/Users/Douglas/Workspace/aNa/bin:/Users/Douglas/Applications/Eclipse Luna/plugins/org.junit_4.11.0.v201303080030/junit.jar:/Users/Douglas/Applications/Eclipse Luna/plugins/org.hamcrest.core_1.3.0.v201303031735.jar:/Users/Douglas/Applications/Eclipse Luna/plugins/org.eclipse.fx.ide.css.jfx8_1.1.0.201411050807.jar:/Users/Douglas/.m2/repository/commons-io/commons-io/2.5/commons-io-2.5.jar:/Users/Douglas/.m2/repository/xuggle/xuggle-xuggler/5.4/xuggle-xuggler-5.4.jar:/Users/Douglas/.m2/repository/org/slf4j/slf4j-api/1.7.25/slf4j-api-1.7.25.jar:/Users/Douglas/.m2/repository/org/slf4j/slf4j-simple/1.7.25/slf4j-simple-1.7.25.jar:/Users/Douglas/.m2/repository/com/googlecode/json-simple/json-simple/1.1.1/json-simple-1.1.1.jar:/Users/Douglas/.m2/repository/junit/junit/4.10/junit-4.10.jar:/Users/Douglas/.m2/repository/org/hamcrest/hamcrest-core/1.1/hamcrest-core-1.1.jar:/Users/Douglas/.m2/repository/net/sf/jgrapht/jgrapht/0.8.3/jgrapht-0.8.3.jar:/Users/Douglas/.m2/repository/org/jgraph/jgraph/5.12.4/jgraph-5.12.4.jar
Launcher Type: SUN_STANDARD

Environment Variables:
PATH=/usr/bin:/bin:/usr/sbin:/sbin
SHELL=/bin/bash
DISPLAY=/private/tmp/com.apple.launchd.uhyqpjlnlF/org.macosforge.xquartz:0

Signal Handlers:
SIGSEGV: [libjvm.dylib+0x5a6d31], sa_mask[0]=11111111011111110111111111111111, sa_flags=SA_ONSTACK|SA_RESTART|SA_SIGINFO
SIGBUS: [libjvm.dylib+0x5a6d31], sa_mask[0]=11111111011111110111111111111111, sa_flags=SA_RESTART|SA_SIGINFO
SIGFPE: [libjvm.dylib+0x480a4c], sa_mask[0]=11111111011111110111111111111111, sa_flags=SA_RESTART|SA_SIGINFO
SIGPIPE: [libjvm.dylib+0x480a4c], sa_mask[0]=11111111011111110111111111111111, sa_flags=SA_RESTART|SA_SIGINFO
SIGXFSZ: [libjvm.dylib+0x480a4c], sa_mask[0]=11111111011111110111111111111111, sa_flags=SA_RESTART|SA_SIGINFO
SIGILL: [libjvm.dylib+0x480a4c], sa_mask[0]=11111111011111110111111111111111, sa_flags=SA_RESTART|SA_SIGINFO
SIGUSR1: SIG_DFL, sa_mask[0]=00000000000000000000000000000000, sa_flags=none
SIGUSR2: [libjvm.dylib+0x48056a], sa_mask[0]=00100000000000000000000000000000, sa_flags=SA_RESTART|SA_SIGINFO
SIGHUP: [libjvm.dylib+0x47eb41], sa_mask[0]=11111111011111110111111111111111, sa_flags=SA_RESTART|SA_SIGINFO
SIGINT: [libjvm.dylib+0x47eb41], sa_mask[0]=11111111011111110111111111111111, sa_flags=SA_RESTART|SA_SIGINFO
SIGTERM: [libjvm.dylib+0x47eb41], sa_mask[0]=11111111011111110111111111111111, sa_flags=SA_RESTART|SA_SIGINFO
SIGQUIT: [libjvm.dylib+0x47eb41], sa_mask[0]=11111111011111110111111111111111, sa_flags=SA_RESTART|SA_SIGINFO


---------------  S Y S T E M  ---------------

OS:Bsduname:Darwin 16.6.0 Darwin Kernel Version 16.6.0: Fri Apr 14 16:21:16 PDT 2017; root:xnu-3789.60.24~6/RELEASE_X86_64 x86_64
rlimit: STACK 8192k, CORE 0k, NPROC 709, NOFILE 10240, AS infinity
load average:2.19 2.12 1.99

CPU:total 4 (2 cores per cpu, 2 threads per core) family 6 model 69 stepping 1, cmov, cx8, fxsr, mmx, sse, sse2, sse3, ssse3, sse4.1, sse4.2, popcnt, avx, avx2, aes, clmul, erms, lzcnt, ht, tsc, tscinvbit, bmi1, bmi2

Memory: 4k page, physical 4194304k(134840k free)

/proc/meminfo:


vm_info: Java HotSpot(TM) 64-Bit Server VM (25.60-b23) for bsd-amd64 JRE (1.8.0_60-b27), built on Aug  4 2015 10:47:24 by "java_re" with gcc 4.2.1 (Based on Apple Inc. build 5658) (LLVM build 2336.11.00)

time: Tue Jun  5 15:35:58 2018
elapsed time: 478 seconds (0d 0h 7m 58s)

