#
# A fatal error has been detected by the Java Runtime Environment:
#
#  SIGSEGV (0xb) at pc=0x000000012aed5406, pid=7760, tid=1811
#
# JRE version: Java(TM) SE Runtime Environment (8.0_31-b13) (build 1.8.0_31-b13)
# Java VM: Java HotSpot(TM) 64-Bit Server VM (25.31-b07 mixed mode bsd-amd64 compressed oops)
# Problematic frame:
# C  [xuggle3954485179558900315.tmp+0x77c406]  slice_end+0x116
#
# Failed to write core dump. Core dumps have been disabled. To enable core dumping, try "ulimit -c unlimited" before starting Java again
#
# If you would like to submit a bug report, please visit:
#   http://bugreport.java.com/bugreport/crash.jsp
# The crash happened outside the Java Virtual Machine in native code.
# See problematic frame for where to report the bug.
#

---------------  T H R E A D  ---------------

Current thread (0x00007fd77c90f800):  JavaThread "JavaFX Application Thread" [_thread_in_native, id=1811, stack(0x00007fff505cd000,0x00007fff50dcd000)]

siginfo: si_signo: 11 (SIGSEGV), si_code: 1 (SEGV_MAPERR), si_addr: 0x0000000050dc68d8

Registers:
RAX=0x0000000000001fe0, RBX=0x000000012a1ef210, RCX=0x0000000000001fe0, RDX=0x0000000000000004
RSP=0x00007fff50dc68d0, RBP=0x0000000050dc6900, RSI=0x0000000000000077, RDI=0x0000000000000000
R8 =0x00000000000003d0, R9 =0x0000000000000000, R10=0x0000000000000044, R11=0x00007fd77b1a4a00
R12=0x0000000000000000, R13=0x000000012a1ef210, R14=0x00007fff50dc7220, R15=0x00007fd77c90f800
RIP=0x000000012aed5406, EFLAGS=0x0000000000010206, ERR=0x0000000000000004
  TRAPNO=0x000000000000000e

Top of Stack: (sp=0x00007fff50dc68d0)
0x00007fff50dc68d0:   0000000000000000 00007fd77b1a4a00
0x00007fff50dc68e0:   00007fd77b1a4a00 00007fd77b1a4d68
0x00007fff50dc68f0:   00007fd77ad59110 00007fd77b931000
0x00007fff50dc6900:   00007fff50dc6a70 000000012aed67a2
0x00007fff50dc6910:   0000000000000000 00000000000003d8
0x00007fff50dc6920:   000000010ffe40b0 00007fd77c90f800
0x00007fff50dc6930:   00007fd77c90f800 00007fd77aedfa40
0x00007fff50dc6940:   0000000000000000 000000012a1ef210
0x00007fff50dc6950:   00007fd77ace0198 00007fd77c90f800
0x00007fff50dc6960:   00007fff50dc6b30 000000012a85ef41
0x00007fff50dc6970:   0000000122617618 00007fff50dc6ae8
0x00007fff50dc6980:   0000000000000007 0000000000000000
0x00007fff50dc6990:   0000000000000000 0000000000000000
0x00007fff50dc69a0:   7972617262694c2f 0000000000000000
0x00007fff50dc69b0:   0000000000000003 0000014400000000
0x00007fff50dc69c0:   82f5d58108d3f7f5 0000000500000000
0x00007fff50dc69d0:   000000012aed50c0 0000000000000000
0x00007fff50dc69e0:   a1a01e7901e62617 0000000000000000
0x00007fff50dc69f0:   00007fd77c1b3c00 0000004400000000
0x00007fff50dc6a00:   0000000000000043 000000058aae3ffb
0x00007fff50dc6a10:   000001018ff55ddc 0000000000000144
0x00007fff50dc6a20:   00007fd77b84a360 00007fd77b84a360
0x00007fff50dc6a30:   00007fd77b1a4a00 00007fd77b1a4a00
0x00007fff50dc6a40:   00007fff50dc6a70 00005f602b093be2
0x00007fff50dc6a50:   00007fd77b844400 00007fff50dc6e74
0x00007fff50dc6a60:   00007fd77ad59110 00007fd77b931000
0x00007fff50dc6a70:   00007fff50dc6b00 000000012aed6584
0x00007fff50dc6a80:   5d796ee900000000 00007fff50dc6e74
0x00007fff50dc6a90:   5d796ee98ff55ddc dc5df58fe96e795d
0x00007fff50dc6aa0:   00007fff50dc6b00 000000012abc63fb
0x00007fff50dc6ab0:   00007fd77b1a4a00 00007fd77ad59110
0x00007fff50dc6ac0:   00007fd77b1a4a00 00005f602bc0fa80 

Instructions: (pc=0x000000012aed5406)
0x000000012aed53e6:   8b 45 d8 48 8b 80 00 16 00 00 c7 80 fc 00 00 00
0x000000012aed53f6:   01 00 00 00 48 8b 45 d8 48 89 c7 e8 0a 6a e1 ff
0x000000012aed5406:   48 8b 45 d8 48 89 c7 e8 ae 80 04 00 48 8b 45 d8
0x000000012aed5416:   8b 80 14 17 00 00 83 f8 03 74 0f 48 8b 45 d8 8b 

Register to memory mapping:

RAX=0x0000000000001fe0 is an unknown value
RBX={method} {0x000000012a1ef210} 'IStreamCoder_decodeVideo' '(JLcom/xuggle/xuggler/IStreamCoder;JLcom/xuggle/xuggler/IVideoPicture;JLcom/xuggle/xuggler/IPacket;I)I' in 'com/xuggle/xuggler/XugglerJNI'
RCX=0x0000000000001fe0 is an unknown value
RDX=0x0000000000000004 is an unknown value
RSP=0x00007fff50dc68d0 is pointing into the stack for thread: 0x00007fd77c90f800
RBP=0x0000000050dc6900 is an unknown value
RSI=0x0000000000000077 is an unknown value
RDI=0x0000000000000000 is an unknown value
R8 =0x00000000000003d0 is an unknown value
R9 =0x0000000000000000 is an unknown value
R10=0x0000000000000044 is an unknown value
R11=0x00007fd77b1a4a00 is an unknown value
R12=0x0000000000000000 is an unknown value
R13={method} {0x000000012a1ef210} 'IStreamCoder_decodeVideo' '(JLcom/xuggle/xuggler/IStreamCoder;JLcom/xuggle/xuggler/IVideoPicture;JLcom/xuggle/xuggler/IPacket;I)I' in 'com/xuggle/xuggler/XugglerJNI'
R14=0x00007fff50dc7220 is pointing into the stack for thread: 0x00007fd77c90f800
R15=0x00007fd77c90f800 is a thread


Stack: [0x00007fff505cd000,0x00007fff50dcd000],  sp=0x00007fff50dc68d0,  free space=8166k
Native frames: (J=compiled Java code, j=interpreted, Vv=VM code, C=native code)
C  [xuggle3954485179558900315.tmp+0x77c406]  slice_end+0x116

Java frames: (J=compiled Java code, j=interpreted, Vv=VM code)
j  com.xuggle.xuggler.XugglerJNI.IStreamCoder_decodeVideo(JLcom/xuggle/xuggler/IStreamCoder;JLcom/xuggle/xuggler/IVideoPicture;JLcom/xuggle/xuggler/IPacket;I)I+0
j  com.xuggle.xuggler.IStreamCoder.decodeVideo(Lcom/xuggle/xuggler/IVideoPicture;Lcom/xuggle/xuggler/IPacket;I)I+16
j  com.xuggle.mediatool.MediaReader.decodeVideo(Lcom/xuggle/xuggler/IStreamCoder;Lcom/xuggle/xuggler/IPacket;)V+20
j  com.xuggle.mediatool.MediaReader.readPacket()Lcom/xuggle/xuggler/IError;+140
j  gui.repositoryPanel.VideoFrame.<init>(Ljava/lang/String;Ljavafx/scene/image/ImageView;)V+43
j  model.NCLSupport.extendedAna.Media.generateMediaIcon()Ljavafx/scene/image/ImageView;+138
j  gui.temporalViewPanel.TemporalMediaInterface.setNodeLayout()V+64
j  gui.temporalViewPanel.TemporalMediaInterface.initializeComponents()V+108
j  gui.temporalViewPanel.TemporalMediaInterface.<init>(DLjava/math/BigDecimal;DLjava/lang/String;Ljava/lang/String;Lmodel/NCLSupport/extendedAna/Media;Lgui/temporalViewPanel/TemporalChainPane;)V+60
j  gui.temporalViewPanel.TemporalChainPane.addTemporalMediaInterface(Lmodel/temporalView/TemporalMediaInfo;ILjava/util/HashMap;)V+83
j  gui.temporalViewPanel.TemporalChainPane.addMedia(Lmodel/temporalView/TemporalMediaInfo;)V+281
j  gui.temporalViewPanel.TemporalChainPane.loadTemporalMedia()V+57
j  gui.temporalViewPanel.TemporalChainPane.<init>(Ljava/util/List;)V+146
j  controller.Stve.createTemporalViewPane()V+145
j  controller.Stve.createGUI()V+5
j  controller.Stve.<init>()V+55
j  controller.Main.start(Ljavafx/stage/Stage;)V+24
j  com.sun.javafx.application.LauncherImpl.lambda$launchApplication1$153(Ljava/util/concurrent/atomic/AtomicBoolean;Ljavafx/application/Application;)V+20
j  com.sun.javafx.application.LauncherImpl$$Lambda$52.run()V+8
j  com.sun.javafx.application.PlatformImpl.lambda$runAndWait$166(Ljava/lang/Runnable;Ljava/util/concurrent/CountDownLatch;)V+1
j  com.sun.javafx.application.PlatformImpl$$Lambda$46.run()V+8
j  com.sun.javafx.application.PlatformImpl.lambda$null$164(Ljava/lang/Runnable;)Ljava/lang/Void;+1
j  com.sun.javafx.application.PlatformImpl$$Lambda$48.run()Ljava/lang/Object;+4
v  ~StubRoutines::call_stub
j  java.security.AccessController.doPrivileged(Ljava/security/PrivilegedAction;Ljava/security/AccessControlContext;)Ljava/lang/Object;+0
j  com.sun.javafx.application.PlatformImpl.lambda$runLater$165(Ljava/lang/Runnable;Ljava/security/AccessControlContext;)V+7
j  com.sun.javafx.application.PlatformImpl$$Lambda$47.run()V+8
j  com.sun.glass.ui.InvokeLaterDispatcher$Future.run()V+4
v  ~StubRoutines::call_stub

---------------  P R O C E S S  ---------------

Java Threads: ( => current thread )
  0x00007fd77c9be800 JavaThread "SIGTERM handler" daemon [_thread_blocked, id=52483, stack(0x000000012f441000,0x000000012f541000)]
  0x00007fd77ca56000 JavaThread "Java2D Disposer" daemon [_thread_blocked, id=51727, stack(0x000000012f075000,0x000000012f175000)]
  0x00007fd77c828800 JavaThread "Java2D Queue Flusher" daemon [_thread_blocked, id=51975, stack(0x000000012e532000,0x000000012e632000)]
  0x00007fd77b187000 JavaThread "Thread-5" [_thread_blocked, id=48399, stack(0x0000000129e57000,0x0000000129f57000)]
  0x00007fd77b14f000 JavaThread "JavaFX-Launcher" [_thread_blocked, id=47875, stack(0x0000000129d2e000,0x0000000129e2e000)]
  0x00007fd77c097000 JavaThread "Thread-3" daemon [_thread_in_native, id=35335, stack(0x0000000128ada000,0x0000000128b5a000)]
=>0x00007fd77c90f800 JavaThread "JavaFX Application Thread" [_thread_in_native, id=1811, stack(0x00007fff505cd000,0x00007fff50dcd000)]
  0x00007fd77b127000 JavaThread "Thread-1" daemon [_thread_blocked, id=23055, stack(0x0000000126a1c000,0x0000000126b1c000)]
  0x00007fd77c84b800 JavaThread "Service Thread" daemon [_thread_blocked, id=17923, stack(0x0000000125e9f000,0x0000000125f9f000)]
  0x00007fd77b030000 JavaThread "C1 CompilerThread2" daemon [_thread_blocked, id=17411, stack(0x0000000125d9c000,0x0000000125e9c000)]
  0x00007fd77b01f800 JavaThread "C2 CompilerThread1" daemon [_thread_blocked, id=16899, stack(0x0000000125c99000,0x0000000125d99000)]
  0x00007fd77c81d800 JavaThread "C2 CompilerThread0" daemon [_thread_blocked, id=16387, stack(0x0000000125b96000,0x0000000125c96000)]
  0x00007fd77c81c800 JavaThread "Signal Dispatcher" daemon [_thread_blocked, id=12307, stack(0x0000000125a93000,0x0000000125b93000)]
  0x00007fd77c01e000 JavaThread "Finalizer" daemon [_thread_blocked, id=11523, stack(0x00000001241d0000,0x00000001242d0000)]
  0x00007fd77c01d000 JavaThread "Reference Handler" daemon [_thread_blocked, id=11011, stack(0x00000001240cd000,0x00000001241cd000)]
  0x00007fd77c004000 JavaThread "main" [_thread_blocked, id=4867, stack(0x0000000110720000,0x0000000110820000)]

Other Threads:
  0x00007fd77b802000 VMThread [stack: 0x0000000123fca000,0x00000001240ca000] [id=10499]

VM state:at safepoint (normal execution)

VM Mutex/Monitor currently owned by a thread:  ([mutex/lock_event])
[0x00007fd77ac01ff0] Threads_lock - owner thread: 0x00007fd77b802000

Heap:
 PSYoungGen      total 335872K, used 264876K [0x00000007aab00000, 0x00000007c0000000, 0x00000007c0000000)
  eden space 331264K, 79% used [0x00000007aab00000,0x00000007baa93c60,0x00000007bee80000)
  from space 4608K, 68% used [0x00000007bee80000,0x00000007bf197640,0x00000007bf300000)
  to   space 4608K, 0% used [0x00000007bfb80000,0x00000007bfb80000,0x00000007c0000000)
 ParOldGen       total 51200K, used 36255K [0x0000000780000000, 0x0000000783200000, 0x00000007aab00000)
  object space 51200K, 70% used [0x0000000780000000,0x0000000782367e30,0x0000000783200000)
 Metaspace       used 16948K, capacity 17396K, committed 17536K, reserved 1064960K
  class space    used 2315K, capacity 2430K, committed 2432K, reserved 1048576K

Card table byte_map: [0x000000011fbe2000,0x000000011fde3000] byte_map_base: 0x000000011bfe2000

Marking Bits: (ParMarkBitMap*) 0x000000011009e410
 Begin Bits: [0x0000000120345000, 0x0000000121345000)
 End Bits:   [0x0000000121345000, 0x0000000122345000)

Polling page: 0x000000010ef8a000

CodeCache: size=245760Kb used=4159Kb max_used=4159Kb free=241601Kb
 bounds [0x0000000110822000, 0x0000000110c42000, 0x000000011f822000]
 total_blobs=1803 nmethods=1157 adapters=560
 compilation: enabled

Compilation events (10 events):
Event: 10.196 Thread 0x00007fd77b030000 1152       3       com.xuggle.xuggler.IPacket::getSize (9 bytes)
Event: 10.196 Thread 0x00007fd77b030000 nmethod 1152 0x0000000110c30290 code [0x0000000110c30400, 0x0000000110c30588]
Event: 10.405 Thread 0x00007fd77b030000 1154       3       java.lang.String::valueOf (14 bytes)
Event: 10.405 Thread 0x00007fd77b030000 nmethod 1154 0x0000000110c30610 code [0x0000000110c30780, 0x0000000110c309c8]
Event: 10.407 Thread 0x00007fd77b030000 1155       1       java.util.logging.Logger::getName (5 bytes)
Event: 10.408 Thread 0x00007fd77b030000 nmethod 1155 0x0000000110c30a90 code [0x0000000110c30be0, 0x0000000110c30cf0]
Event: 10.409 Thread 0x00007fd77b030000 1156       3       java.lang.invoke.MethodType::insertParameterTypes (106 bytes)
Event: 10.412 Thread 0x00007fd77b030000 nmethod 1156 0x0000000110c310d0 code [0x0000000110c31380, 0x0000000110c32668]
Event: 10.412 Thread 0x00007fd77b030000 1157       3       java.lang.StringBuilder::append (8 bytes)
Event: 10.412 Thread 0x00007fd77b030000 nmethod 1157 0x0000000110c330d0 code [0x0000000110c33240, 0x0000000110c333c8]

GC Heap History (10 events):
Event: 7.522 GC heap before
{Heap before GC invocations=10 (full 0):
 PSYoungGen      total 135168K, used 130509K [0x00000007aab00000, 0x00000007b8000000, 0x00000007c0000000)
  eden space 131072K, 97% used [0x00000007aab00000,0x00000007b2743e68,0x00000007b2b00000)
  from space 4096K, 79% used [0x00000007b2b00000,0x00000007b2e2f640,0x00000007b2f00000)
  to   space 4096K, 0% used [0x00000007b7c00000,0x00000007b7c00000,0x00000007b8000000)
 ParOldGen       total 44032K, used 21528K [0x0000000780000000, 0x0000000782b00000, 0x00000007aab00000)
  object space 44032K, 48% used [0x0000000780000000,0x0000000781506380,0x0000000782b00000)
 Metaspace       used 16912K, capacity 17322K, committed 17536K, reserved 1064960K
  class space    used 2312K, capacity 2429K, committed 2432K, reserved 1048576K
Event: 7.530 GC heap after
Heap after GC invocations=10 (full 0):
 PSYoungGen      total 214016K, used 3197K [0x00000007aab00000, 0x00000007b8000000, 0x00000007c0000000)
  eden space 209920K, 0% used [0x00000007aab00000,0x00000007aab00000,0x00000007b7800000)
  from space 4096K, 78% used [0x00000007b7c00000,0x00000007b7f1f640,0x00000007b8000000)
  to   space 4096K, 0% used [0x00000007b7800000,0x00000007b7800000,0x00000007b7c00000)
 ParOldGen       total 44032K, used 24702K [0x0000000780000000, 0x0000000782b00000, 0x00000007aab00000)
  object space 44032K, 56% used [0x0000000780000000,0x000000078181f9c0,0x0000000782b00000)
 Metaspace       used 16912K, capacity 17322K, committed 17536K, reserved 1064960K
  class space    used 2312K, capacity 2429K, committed 2432K, reserved 1048576K
}
Event: 8.275 GC heap before
{Heap before GC invocations=11 (full 0):
 PSYoungGen      total 214016K, used 208785K [0x00000007aab00000, 0x00000007b8000000, 0x00000007c0000000)
  eden space 209920K, 97% used [0x00000007aab00000,0x00000007b73c5160,0x00000007b7800000)
  from space 4096K, 78% used [0x00000007b7c00000,0x00000007b7f1f640,0x00000007b8000000)
  to   space 4096K, 0% used [0x00000007b7800000,0x00000007b7800000,0x00000007b7c00000)
 ParOldGen       total 44032K, used 24702K [0x0000000780000000, 0x0000000782b00000, 0x00000007aab00000)
  object space 44032K, 56% used [0x0000000780000000,0x000000078181f9c0,0x0000000782b00000)
 Metaspace       used 16917K, capacity 17322K, committed 17536K, reserved 1064960K
  class space    used 2312K, capacity 2429K, committed 2432K, reserved 1048576K
Event: 8.285 GC heap after
Heap after GC invocations=11 (full 0):
 PSYoungGen      total 214016K, used 3197K [0x00000007aab00000, 0x00000007bfb00000, 0x00000007c0000000)
  eden space 209920K, 0% used [0x00000007aab00000,0x00000007aab00000,0x00000007b7800000)
  from space 4096K, 78% used [0x00000007b7800000,0x00000007b7b1f640,0x00000007b7c00000)
  to   space 4096K, 0% used [0x00000007bf700000,0x00000007bf700000,0x00000007bfb00000)
 ParOldGen       total 44032K, used 36908K [0x0000000780000000, 0x0000000782b00000, 0x00000007aab00000)
  object space 44032K, 83% used [0x0000000780000000,0x000000078240b240,0x0000000782b00000)
 Metaspace       used 16917K, capacity 17322K, committed 17536K, reserved 1064960K
  class space    used 2312K, capacity 2429K, committed 2432K, reserved 1048576K
}
Event: 8.285 GC heap before
{Heap before GC invocations=12 (full 1):
 PSYoungGen      total 214016K, used 3197K [0x00000007aab00000, 0x00000007bfb00000, 0x00000007c0000000)
  eden space 209920K, 0% used [0x00000007aab00000,0x00000007aab00000,0x00000007b7800000)
  from space 4096K, 78% used [0x00000007b7800000,0x00000007b7b1f640,0x00000007b7c00000)
  to   space 4096K, 0% used [0x00000007bf700000,0x00000007bf700000,0x00000007bfb00000)
 ParOldGen       total 44032K, used 36908K [0x0000000780000000, 0x0000000782b00000, 0x00000007aab00000)
  object space 44032K, 83% used [0x0000000780000000,0x000000078240b240,0x0000000782b00000)
 Metaspace       used 16917K, capacity 17322K, committed 17536K, reserved 1064960K
  class space    used 2312K, capacity 2429K, committed 2432K, reserved 1048576K
Event: 8.331 GC heap after
Heap after GC invocations=12 (full 1):
 PSYoungGen      total 214016K, used 0K [0x00000007aab00000, 0x00000007bfb00000, 0x00000007c0000000)
  eden space 209920K, 0% used [0x00000007aab00000,0x00000007aab00000,0x00000007b7800000)
  from space 4096K, 0% used [0x00000007b7800000,0x00000007b7800000,0x00000007b7c00000)
  to   space 4096K, 0% used [0x00000007bf700000,0x00000007bf700000,0x00000007bfb00000)
 ParOldGen       total 51200K, used 21035K [0x0000000780000000, 0x0000000783200000, 0x00000007aab00000)
  object space 51200K, 41% used [0x0000000780000000,0x000000078148af70,0x0000000783200000)
 Metaspace       used 16915K, capacity 17320K, committed 17536K, reserved 1064960K
  class space    used 2311K, capacity 2428K, committed 2432K, reserved 1048576K
}
Event: 8.943 GC heap before
{Heap before GC invocations=13 (full 1):
 PSYoungGen      total 214016K, used 209391K [0x00000007aab00000, 0x00000007bfb00000, 0x00000007c0000000)
  eden space 209920K, 99% used [0x00000007aab00000,0x00000007b777bc50,0x00000007b7800000)
  from space 4096K, 0% used [0x00000007b7800000,0x00000007b7800000,0x00000007b7c00000)
  to   space 4096K, 0% used [0x00000007bf700000,0x00000007bf700000,0x00000007bfb00000)
 ParOldGen       total 51200K, used 21035K [0x0000000780000000, 0x0000000783200000, 0x00000007aab00000)
  object space 51200K, 41% used [0x0000000780000000,0x000000078148af70,0x0000000783200000)
 Metaspace       used 16920K, capacity 17320K, committed 17536K, reserved 1064960K
  class space    used 2311K, capacity 2428K, committed 2432K, reserved 1048576K
Event: 8.946 GC heap after
Heap after GC invocations=13 (full 1):
 PSYoungGen      total 309248K, used 96K [0x00000007aab00000, 0x00000007bf780000, 0x00000007c0000000)
  eden space 308736K, 0% used [0x00000007aab00000,0x00000007aab00000,0x00000007bd880000)
  from space 512K, 18% used [0x00000007bf700000,0x00000007bf718000,0x00000007bf780000)
  to   space 4608K, 0% used [0x00000007bee80000,0x00000007bee80000,0x00000007bf300000)
 ParOldGen       total 51200K, used 21043K [0x0000000780000000, 0x0000000783200000, 0x00000007aab00000)
  object space 51200K, 41% used [0x0000000780000000,0x000000078148cf70,0x0000000783200000)
 Metaspace       used 16920K, capacity 17320K, committed 17536K, reserved 1064960K
  class space    used 2311K, capacity 2428K, committed 2432K, reserved 1048576K
}
Event: 9.772 GC heap before
{Heap before GC invocations=14 (full 1):
 PSYoungGen      total 309248K, used 304450K [0x00000007aab00000, 0x00000007bf780000, 0x00000007c0000000)
  eden space 308736K, 98% used [0x00000007aab00000,0x00000007bd4388b8,0x00000007bd880000)
  from space 512K, 18% used [0x00000007bf700000,0x00000007bf718000,0x00000007bf780000)
  to   space 4608K, 0% used [0x00000007bee80000,0x00000007bee80000,0x00000007bf300000)
 ParOldGen       total 51200K, used 21043K [0x0000000780000000, 0x0000000783200000, 0x00000007aab00000)
  object space 51200K, 41% used [0x0000000780000000,0x000000078148cf70,0x0000000783200000)
 Metaspace       used 16920K, capacity 17320K, committed 17536K, reserved 1064960K
  class space    used 2311K, capacity 2428K, committed 2432K, reserved 1048576K
Event: 9.779 GC heap after
Heap after GC invocations=14 (full 1):
 PSYoungGen      total 335872K, used 3165K [0x00000007aab00000, 0x00000007c0000000, 0x00000007c0000000)
  eden space 331264K, 0% used [0x00000007aab00000,0x00000007aab00000,0x00000007bee80000)
  from space 4608K, 68% used [0x00000007bee80000,0x00000007bf197640,0x00000007bf300000)
  to   space 4608K, 0% used [0x00000007bfb80000,0x00000007bfb80000,0x00000007c0000000)
 ParOldGen       total 51200K, used 36255K [0x0000000780000000, 0x0000000783200000, 0x00000007aab00000)
  object space 51200K, 70% used [0x0000000780000000,0x0000000782367e30,0x0000000783200000)
 Metaspace       used 16920K, capacity 17320K, committed 17536K, reserved 1064960K
  class space    used 2311K, capacity 2428K, committed 2432K, reserved 1048576K
}

Deoptimization events (10 events):
Event: 4.549 Thread 0x00007fd77c90f800 Uncommon trap: reason=class_check action=maybe_recompile pc=0x0000000110b5a420 method=java.io.FilterInputStream.read([BII)I @ 7
Event: 4.551 Thread 0x00007fd77c90f800 Uncommon trap: reason=class_check action=maybe_recompile pc=0x0000000110b5a420 method=java.io.FilterInputStream.read([BII)I @ 7
Event: 4.564 Thread 0x00007fd77c90f800 Uncommon trap: reason=class_check action=maybe_recompile pc=0x0000000110b5a420 method=java.io.FilterInputStream.read([BII)I @ 7
Event: 4.569 Thread 0x00007fd77c90f800 Uncommon trap: reason=class_check action=maybe_recompile pc=0x0000000110b5a420 method=java.io.FilterInputStream.read([BII)I @ 7
Event: 4.596 Thread 0x00007fd77c90f800 Uncommon trap: reason=unreached action=reinterpret pc=0x0000000110b32214 method=java.util.HashMap.getNode(ILjava/lang/Object;)Ljava/util/HashMap$Node; @ 84
Event: 4.717 Thread 0x00007fd77c90f800 Uncommon trap: reason=class_check action=maybe_recompile pc=0x0000000110b5c8a8 method=java.util.zip.InflaterInputStream.read([BII)I @ 100
Event: 4.751 Thread 0x00007fd77c90f800 Uncommon trap: reason=class_check action=maybe_recompile pc=0x0000000110b5c8a8 method=java.util.zip.InflaterInputStream.read([BII)I @ 100
Event: 4.753 Thread 0x00007fd77c90f800 Uncommon trap: reason=class_check action=maybe_recompile pc=0x0000000110b5c8a8 method=java.util.zip.InflaterInputStream.read([BII)I @ 100
Event: 4.754 Thread 0x00007fd77c90f800 Uncommon trap: reason=class_check action=maybe_recompile pc=0x0000000110b5c8a8 method=java.util.zip.InflaterInputStream.read([BII)I @ 100
Event: 4.885 Thread 0x00007fd77c90f800 Uncommon trap: reason=unreached action=reinterpret pc=0x0000000110ba15b8 method=java.util.HashMap.hash(Ljava/lang/Object;)I @ 1

Internal exceptions (10 events):
Event: 5.692 Thread 0x00007fd77c90f800 Exception <a 'java/security/PrivilegedActionException'> (0x00000007aae16f48) thrown at [/Users/java_re/workspace/8-2-build-macosx-x86_64/jdk8u31/2394/hotspot/src/share/vm/prims/jvm.cpp, line 1312]
Event: 5.700 Thread 0x00007fd77c90f800 Exception <a 'java/security/PrivilegedActionException'> (0x00000007aae1d630) thrown at [/Users/java_re/workspace/8-2-build-macosx-x86_64/jdk8u31/2394/hotspot/src/share/vm/prims/jvm.cpp, line 1312]
Event: 5.701 Thread 0x00007fd77c90f800 Exception <a 'java/security/PrivilegedActionException'> (0x00000007aae23208) thrown at [/Users/java_re/workspace/8-2-build-macosx-x86_64/jdk8u31/2394/hotspot/src/share/vm/prims/jvm.cpp, line 1312]
Event: 5.701 Thread 0x00007fd77c90f800 Exception <a 'java/security/PrivilegedActionException'> (0x00000007aae27870) thrown at [/Users/java_re/workspace/8-2-build-macosx-x86_64/jdk8u31/2394/hotspot/src/share/vm/prims/jvm.cpp, line 1312]
Event: 5.786 Thread 0x00007fd77c90f800 Exception <a 'java/security/PrivilegedActionException'> (0x00000007aae39098) thrown at [/Users/java_re/workspace/8-2-build-macosx-x86_64/jdk8u31/2394/hotspot/src/share/vm/prims/jvm.cpp, line 1312]
Event: 5.787 Thread 0x00007fd77c90f800 Exception <a 'java/security/PrivilegedActionException'> (0x00000007aae3afa0) thrown at [/Users/java_re/workspace/8-2-build-macosx-x86_64/jdk8u31/2394/hotspot/src/share/vm/prims/jvm.cpp, line 1312]
Event: 5.790 Thread 0x00007fd77c90f800 Exception <a 'java/io/FileNotFoundException'> (0x00000007aba1d328) thrown at [/Users/java_re/workspace/8-2-build-macosx-x86_64/jdk8u31/2394/hotspot/src/share/vm/prims/jni.cpp, line 716]
Event: 5.790 Thread 0x00007fd77c90f800 Exception <a 'java/io/FileNotFoundException'> (0x00000007aba1dfb0) thrown at [/Users/java_re/workspace/8-2-build-macosx-x86_64/jdk8u31/2394/hotspot/src/share/vm/prims/jni.cpp, line 716]
Event: 5.800 Thread 0x00007fd77c90f800 Exception <a 'java/security/PrivilegedActionException'> (0x00000007aba20af8) thrown at [/Users/java_re/workspace/8-2-build-macosx-x86_64/jdk8u31/2394/hotspot/src/share/vm/prims/jvm.cpp, line 1312]
Event: 10.411 Thread 0x00007fd77c8f5800 Exception <a 'java/lang/IllegalStateException'> (0x00000007ba099540) thrown at [/Users/java_re/workspace/8-2-build-macosx-x86_64/jdk8u31/2394/hotspot/src/share/vm/prims/jvm.cpp, line 1316]

Events (10 events):
Event: 10.407 Thread 0x00007fd77c8f5800 Thread added: 0x00007fd77c8f5800
Event: 10.407 Thread 0x00007fd77c8f6800 Thread added: 0x00007fd77c8f6800
Event: 10.407 Thread 0x00007fd77c8f6800 Thread exited: 0x00007fd77c8f6800
Event: 10.409 loading class com/sun/javafx/tk/quantum/QuantumRenderer
Event: 10.409 loading class com/sun/javafx/tk/quantum/QuantumRenderer done
Event: 10.410 loading class com/sun/javafx/tk/quantum/QuantumToolkit
Event: 10.410 loading class com/sun/javafx/tk/quantum/QuantumToolkit done
Event: 10.411 Thread 0x00007fd77c8f5800 Thread exited: 0x00007fd77c8f5800
Event: 10.412 Thread 0x00007fd77c005000 Thread exited: 0x00007fd77c005000
Event: 10.414 Executing VM operation: Exit


Dynamic libraries:
0x00000000067e6000 	/System/Library/Frameworks/Cocoa.framework/Versions/A/Cocoa
0x00000000067e6000 	/System/Library/Frameworks/Security.framework/Versions/A/Security
0x00000000067e6000 	/System/Library/Frameworks/ApplicationServices.framework/Versions/A/ApplicationServices
0x00000000067e6000 	/usr/lib/libz.1.dylib
0x00000000067e6000 	/usr/lib/libSystem.B.dylib
0x00000000067e6000 	/usr/lib/libobjc.A.dylib
0x00000000067e6000 	/System/Library/Frameworks/CoreFoundation.framework/Versions/A/CoreFoundation
0x00000000067e6000 	/System/Library/Frameworks/Foundation.framework/Versions/C/Foundation
0x00000000067e6000 	/System/Library/Frameworks/AppKit.framework/Versions/C/AppKit
0x00000000067e6000 	/System/Library/Frameworks/CoreData.framework/Versions/A/CoreData
0x00000000067e6000 	/System/Library/PrivateFrameworks/RemoteViewServices.framework/Versions/A/RemoteViewServices
0x00000000067e6000 	/System/Library/PrivateFrameworks/UIFoundation.framework/Versions/A/UIFoundation
0x00000000067e6000 	/System/Library/Frameworks/IOSurface.framework/Versions/A/IOSurface
0x00000000067e6000 	/System/Library/Frameworks/AudioToolbox.framework/Versions/A/AudioToolbox
0x00000000067e6000 	/System/Library/Frameworks/AudioUnit.framework/Versions/A/AudioUnit
0x00000000067e6000 	/System/Library/PrivateFrameworks/DataDetectorsCore.framework/Versions/A/DataDetectorsCore
0x00000000067e6000 	/System/Library/PrivateFrameworks/DesktopServicesPriv.framework/Versions/A/DesktopServicesPriv
0x00000000067e6000 	/System/Library/Frameworks/Carbon.framework/Versions/A/Frameworks/HIToolbox.framework/Versions/A/HIToolbox
0x00000000067e6000 	/System/Library/Frameworks/QuartzCore.framework/Versions/A/QuartzCore
0x00000000067e6000 	/System/Library/Frameworks/Carbon.framework/Versions/A/Frameworks/SpeechRecognition.framework/Versions/A/SpeechRecognition
0x00000000067e6000 	/usr/lib/libauto.dylib
0x00000000067e6000 	/usr/lib/libicucore.A.dylib
0x00000000067e6000 	/usr/lib/libxml2.2.dylib
0x00000000067e6000 	/System/Library/PrivateFrameworks/CoreUI.framework/Versions/A/CoreUI
0x00000000067e6000 	/System/Library/Frameworks/CoreAudio.framework/Versions/A/CoreAudio
0x00000000067e6000 	/System/Library/Frameworks/DiskArbitration.framework/Versions/A/DiskArbitration
0x00000000067e6000 	/usr/lib/liblangid.dylib
0x00000000067e6000 	/System/Library/PrivateFrameworks/MultitouchSupport.framework/Versions/A/MultitouchSupport
0x00000000067e6000 	/System/Library/Frameworks/IOKit.framework/Versions/A/IOKit
0x00000000067e6000 	/usr/lib/libDiagnosticMessagesClient.dylib
0x00000000067e6000 	/System/Library/Frameworks/CoreServices.framework/Versions/A/CoreServices
0x00000000067e6000 	/System/Library/PrivateFrameworks/PerformanceAnalysis.framework/Versions/A/PerformanceAnalysis
0x00000000067e6000 	/System/Library/PrivateFrameworks/GenerationalStorage.framework/Versions/A/GenerationalStorage
0x00000000067e6000 	/System/Library/Frameworks/OpenGL.framework/Versions/A/OpenGL
0x00000000067e6000 	/System/Library/PrivateFrameworks/Sharing.framework/Versions/A/Sharing
0x00000000067e6000 	/System/Library/Frameworks/CoreGraphics.framework/Versions/A/CoreGraphics
0x00000000067e6000 	/System/Library/Frameworks/CoreText.framework/Versions/A/CoreText
0x00000000067e6000 	/System/Library/Frameworks/ImageIO.framework/Versions/A/ImageIO
0x00000000067e6000 	/usr/lib/libextension.dylib
0x00000000067e6000 	/System/Library/PrivateFrameworks/Backup.framework/Versions/A/Backup
0x00000000067e6000 	/usr/lib/libarchive.2.dylib
0x00000000067e6000 	/System/Library/Frameworks/CFNetwork.framework/Versions/A/CFNetwork
0x00000000067e6000 	/System/Library/Frameworks/SystemConfiguration.framework/Versions/A/SystemConfiguration
0x00000000067e6000 	/usr/lib/libCRFSuite.dylib
0x00000000067e6000 	/usr/lib/libc++.1.dylib
0x00000000067e6000 	/usr/lib/libc++abi.dylib
0x00000000067e6000 	/usr/lib/system/libcache.dylib
0x00000000067e6000 	/usr/lib/system/libcommonCrypto.dylib
0x00000000067e6000 	/usr/lib/system/libcompiler_rt.dylib
0x00000000067e6000 	/usr/lib/system/libcopyfile.dylib
0x00000000067e6000 	/usr/lib/system/libcorecrypto.dylib
0x00000000067e6000 	/usr/lib/system/libdispatch.dylib
0x00000000067e6000 	/usr/lib/system/libdyld.dylib
0x00000000067e6000 	/usr/lib/system/libkeymgr.dylib
0x00000000067e6000 	/usr/lib/system/liblaunch.dylib
0x00000000067e6000 	/usr/lib/system/libmacho.dylib
0x00000000067e6000 	/usr/lib/system/libquarantine.dylib
0x00000000067e6000 	/usr/lib/system/libremovefile.dylib
0x00000000067e6000 	/usr/lib/system/libsystem_asl.dylib
0x00000000067e6000 	/usr/lib/system/libsystem_blocks.dylib
0x00000000067e6000 	/usr/lib/system/libsystem_c.dylib
0x00000000067e6000 	/usr/lib/system/libsystem_configuration.dylib
0x00000000067e6000 	/usr/lib/system/libsystem_coreservices.dylib
0x00000000067e6000 	/usr/lib/system/libsystem_coretls.dylib
0x00000000067e6000 	/usr/lib/system/libsystem_dnssd.dylib
0x00000000067e6000 	/usr/lib/system/libsystem_info.dylib
0x00000000067e6000 	/usr/lib/system/libsystem_kernel.dylib
0x00000000067e6000 	/usr/lib/system/libsystem_m.dylib
0x00000000067e6000 	/usr/lib/system/libsystem_malloc.dylib
0x00000000067e6000 	/usr/lib/system/libsystem_network.dylib
0x00000000067e6000 	/usr/lib/system/libsystem_networkextension.dylib
0x00000000067e6000 	/usr/lib/system/libsystem_notify.dylib
0x00000000067e6000 	/usr/lib/system/libsystem_platform.dylib
0x00000000067e6000 	/usr/lib/system/libsystem_pthread.dylib
0x00000000067e6000 	/usr/lib/system/libsystem_sandbox.dylib
0x00000000067e6000 	/usr/lib/system/libsystem_secinit.dylib
0x00000000067e6000 	/usr/lib/system/libsystem_stats.dylib
0x00000000067e6000 	/usr/lib/system/libsystem_trace.dylib
0x00000000067e6000 	/usr/lib/system/libunc.dylib
0x00000000067e6000 	/usr/lib/system/libunwind.dylib
0x00000000067e6000 	/usr/lib/system/libxpc.dylib
0x00000000067e6000 	/usr/lib/libbz2.1.0.dylib
0x00000000067e6000 	/usr/lib/liblzma.5.dylib
0x00000000067e6000 	/usr/lib/libbsm.0.dylib
0x00000000067e6000 	/usr/lib/libsqlite3.dylib
0x00000000067e6000 	/usr/lib/system/libkxld.dylib
0x00000000067e6000 	/usr/lib/libxar.1.dylib
0x00000000067e6000 	/usr/lib/libpam.2.dylib
0x00000000067e6000 	/usr/lib/libOpenScriptingUtil.dylib
0x00000000067e6000 	/System/Library/Frameworks/CoreServices.framework/Versions/A/Frameworks/FSEvents.framework/Versions/A/FSEvents
0x00000000067e6000 	/System/Library/Frameworks/CoreServices.framework/Versions/A/Frameworks/CarbonCore.framework/Versions/A/CarbonCore
0x00000000067e6000 	/System/Library/Frameworks/CoreServices.framework/Versions/A/Frameworks/Metadata.framework/Versions/A/Metadata
0x00000000067e6000 	/System/Library/Frameworks/CoreServices.framework/Versions/A/Frameworks/OSServices.framework/Versions/A/OSServices
0x00000000067e6000 	/System/Library/Frameworks/CoreServices.framework/Versions/A/Frameworks/SearchKit.framework/Versions/A/SearchKit
0x00000000067e6000 	/System/Library/Frameworks/CoreServices.framework/Versions/A/Frameworks/AE.framework/Versions/A/AE
0x00000000067e6000 	/System/Library/Frameworks/CoreServices.framework/Versions/A/Frameworks/LaunchServices.framework/Versions/A/LaunchServices
0x00000000067e6000 	/System/Library/Frameworks/CoreServices.framework/Versions/A/Frameworks/DictionaryServices.framework/Versions/A/DictionaryServices
0x00000000067e6000 	/System/Library/Frameworks/NetFS.framework/Versions/A/NetFS
0x00000000067e6000 	/System/Library/PrivateFrameworks/NetAuth.framework/Versions/A/NetAuth
0x00000000067e6000 	/System/Library/PrivateFrameworks/login.framework/Versions/A/Frameworks/loginsupport.framework/Versions/A/loginsupport
0x00000000067e6000 	/System/Library/PrivateFrameworks/TCC.framework/Versions/A/TCC
0x00000000067e6000 	/usr/lib/libmecabra.dylib
0x00000000067e6000 	/System/Library/Frameworks/ApplicationServices.framework/Versions/A/Frameworks/ATS.framework/Versions/A/ATS
0x00000000067e6000 	/System/Library/Frameworks/ApplicationServices.framework/Versions/A/Frameworks/ColorSync.framework/Versions/A/ColorSync
0x00000000067e6000 	/System/Library/Frameworks/ApplicationServices.framework/Versions/A/Frameworks/HIServices.framework/Versions/A/HIServices
0x00000000067e6000 	/System/Library/Frameworks/ApplicationServices.framework/Versions/A/Frameworks/LangAnalysis.framework/Versions/A/LangAnalysis
0x00000000067e6000 	/System/Library/Frameworks/ApplicationServices.framework/Versions/A/Frameworks/PrintCore.framework/Versions/A/PrintCore
0x00000000067e6000 	/System/Library/Frameworks/ApplicationServices.framework/Versions/A/Frameworks/QD.framework/Versions/A/QD
0x00000000067e6000 	/System/Library/Frameworks/ApplicationServices.framework/Versions/A/Frameworks/SpeechSynthesis.framework/Versions/A/SpeechSynthesis
0x00000000067e6000 	/System/Library/Frameworks/Accelerate.framework/Versions/A/Accelerate
0x00000000067e6000 	/System/Library/Frameworks/Accelerate.framework/Versions/A/Frameworks/vImage.framework/Versions/A/vImage
0x00000000067e6000 	/System/Library/Frameworks/Accelerate.framework/Versions/A/Frameworks/vecLib.framework/Versions/A/vecLib
0x00000000067e6000 	/System/Library/Frameworks/Accelerate.framework/Versions/A/Frameworks/vecLib.framework/Versions/A/libvDSP.dylib
0x00000000067e6000 	/System/Library/Frameworks/Accelerate.framework/Versions/A/Frameworks/vecLib.framework/Versions/A/libvMisc.dylib
0x00000000067e6000 	/System/Library/Frameworks/Accelerate.framework/Versions/A/Frameworks/vecLib.framework/Versions/A/libLAPACK.dylib
0x00000000067e6000 	/System/Library/Frameworks/Accelerate.framework/Versions/A/Frameworks/vecLib.framework/Versions/A/libBLAS.dylib
0x00000000067e6000 	/System/Library/Frameworks/Accelerate.framework/Versions/A/Frameworks/vecLib.framework/Versions/A/libLinearAlgebra.dylib
0x00000000067e6000 	/System/Library/Frameworks/ApplicationServices.framework/Versions/A/Frameworks/ATS.framework/Versions/A/Resources/libFontParser.dylib
0x00000000067e6000 	/System/Library/Frameworks/ApplicationServices.framework/Versions/A/Frameworks/ATS.framework/Versions/A/Resources/libFontRegistry.dylib
0x00000000067e6000 	/System/Library/PrivateFrameworks/AppleVPA.framework/Versions/A/AppleVPA
0x00000000067e6000 	/System/Library/PrivateFrameworks/AppleJPEG.framework/Versions/A/AppleJPEG
0x00000000067e6000 	/System/Library/Frameworks/ImageIO.framework/Versions/A/Resources/libJPEG.dylib
0x00000000067e6000 	/System/Library/Frameworks/ImageIO.framework/Versions/A/Resources/libTIFF.dylib
0x00000000067e6000 	/System/Library/Frameworks/ImageIO.framework/Versions/A/Resources/libPng.dylib
0x00000000067e6000 	/System/Library/Frameworks/ImageIO.framework/Versions/A/Resources/libGIF.dylib
0x00000000067e6000 	/System/Library/Frameworks/ImageIO.framework/Versions/A/Resources/libJP2.dylib
0x00000000067e6000 	/System/Library/Frameworks/ImageIO.framework/Versions/A/Resources/libRadiance.dylib
0x00000000067e6000 	/System/Library/Frameworks/CoreVideo.framework/Versions/A/CoreVideo
0x00000000067e6000 	/System/Library/Frameworks/OpenGL.framework/Versions/A/Libraries/libGLU.dylib
0x00000000067e6000 	/System/Library/Frameworks/OpenGL.framework/Versions/A/Libraries/libGFXShared.dylib
0x00000000067e6000 	/System/Library/Frameworks/OpenGL.framework/Versions/A/Libraries/libGL.dylib
0x00000000067e6000 	/System/Library/Frameworks/OpenGL.framework/Versions/A/Libraries/libGLImage.dylib
0x00000000067e6000 	/System/Library/Frameworks/OpenGL.framework/Versions/A/Libraries/libCVMSPluginSupport.dylib
0x00000000067e6000 	/System/Library/Frameworks/OpenGL.framework/Versions/A/Libraries/libCoreVMClient.dylib
0x00000000067e6000 	/usr/lib/libcups.2.dylib
0x00000000067e6000 	/System/Library/Frameworks/Kerberos.framework/Versions/A/Kerberos
0x00000000067e6000 	/System/Library/Frameworks/GSS.framework/Versions/A/GSS
0x00000000067e6000 	/usr/lib/libresolv.9.dylib
0x00000000067e6000 	/usr/lib/libiconv.2.dylib
0x00000000067e6000 	/System/Library/PrivateFrameworks/Heimdal.framework/Versions/A/Heimdal
0x00000000067e6000 	/usr/lib/libheimdal-asn1.dylib
0x00000000067e6000 	/System/Library/Frameworks/OpenDirectory.framework/Versions/A/OpenDirectory
0x00000000067e6000 	/System/Library/PrivateFrameworks/CommonAuth.framework/Versions/A/CommonAuth
0x00000000067e6000 	/System/Library/Frameworks/OpenDirectory.framework/Versions/A/Frameworks/CFOpenDirectory.framework/Versions/A/CFOpenDirectory
0x00000000067e6000 	/System/Library/Frameworks/SecurityFoundation.framework/Versions/A/SecurityFoundation
0x00000000067e6000 	/System/Library/PrivateFrameworks/LanguageModeling.framework/Versions/A/LanguageModeling
0x00000000067e6000 	/usr/lib/libcmph.dylib
0x00000000067e6000 	/System/Library/Frameworks/ServiceManagement.framework/Versions/A/ServiceManagement
0x00000000067e6000 	/usr/lib/libxslt.1.dylib
0x00000000067e6000 	/System/Library/Frameworks/Carbon.framework/Versions/A/Frameworks/Ink.framework/Versions/A/Ink
0x00000000067e6000 	/System/Library/Frameworks/QuartzCore.framework/Versions/A/Frameworks/CoreImage.framework/Versions/A/CoreImage
0x00000000067e6000 	/System/Library/PrivateFrameworks/CrashReporterSupport.framework/Versions/A/CrashReporterSupport
0x00000000067e6000 	/System/Library/Frameworks/OpenCL.framework/Versions/A/OpenCL
0x00000000067e6000 	/System/Library/PrivateFrameworks/FaceCore.framework/Versions/A/FaceCore
0x00000000067e6000 	/System/Library/PrivateFrameworks/Ubiquity.framework/Versions/A/Ubiquity
0x00000000067e6000 	/System/Library/PrivateFrameworks/IconServices.framework/Versions/A/IconServices
0x00000000067e6000 	/System/Library/PrivateFrameworks/ChunkingLibrary.framework/Versions/A/ChunkingLibrary
0x00000000067e6000 	/System/Library/PrivateFrameworks/Apple80211.framework/Versions/A/Apple80211
0x00000000067e6000 	/System/Library/Frameworks/CoreWLAN.framework/Versions/A/CoreWLAN
0x00000000067e6000 	/System/Library/Frameworks/IOBluetooth.framework/Versions/A/IOBluetooth
0x00000000067e6000 	/System/Library/PrivateFrameworks/CoreWiFi.framework/Versions/A/CoreWiFi
0x00000000067e6000 	/System/Library/Frameworks/CoreBluetooth.framework/Versions/A/CoreBluetooth
0x00000000067e6000 	/System/Library/PrivateFrameworks/DebugSymbols.framework/Versions/A/DebugSymbols
0x00000000067e6000 	/System/Library/PrivateFrameworks/CoreSymbolication.framework/Versions/A/CoreSymbolication
0x00000000067e6000 	/System/Library/PrivateFrameworks/Symbolication.framework/Versions/A/Symbolication
0x00000000067e6000 	/System/Library/PrivateFrameworks/SpeechRecognitionCore.framework/Versions/A/SpeechRecognitionCore
0x000000010f800000 	/Library/Java/JavaVirtualMachines/jdk1.8.0_31.jdk/Contents/Home/jre/lib/server/libjvm.dylib
0x00000000067e6000 	/usr/lib/libstdc++.6.dylib
0x000000010ef48000 	/Library/Java/JavaVirtualMachines/jdk1.8.0_31.jdk/Contents/Home/jre/lib/libverify.dylib
0x000000010ef56000 	/Library/Java/JavaVirtualMachines/jdk1.8.0_31.jdk/Contents/Home/jre/lib/libjava.dylib
0x000000010ef94000 	/Library/Java/JavaVirtualMachines/jdk1.8.0_31.jdk/Contents/Home/jre/lib/libzip.dylib
0x00000001242d2000 	/System/Library/Frameworks/JavaVM.framework/Frameworks/JavaRuntimeSupport.framework/JavaRuntimeSupport
0x00000001242ea000 	/System/Library/Frameworks/JavaVM.framework/Versions/A/Frameworks/JavaNativeFoundation.framework/Versions/A/JavaNativeFoundation
0x00000001242ff000 	/System/Library/Frameworks/JavaVM.framework/Versions/A/JavaVM
0x00000000067e6000 	/System/Library/Frameworks/Carbon.framework/Versions/A/Carbon
0x000000012430c000 	/System/Library/PrivateFrameworks/JavaLaunching.framework/Versions/A/JavaLaunching
0x00000000067e6000 	/System/Library/Frameworks/Carbon.framework/Versions/A/Frameworks/CommonPanels.framework/Versions/A/CommonPanels
0x00000000067e6000 	/System/Library/Frameworks/Carbon.framework/Versions/A/Frameworks/Help.framework/Versions/A/Help
0x00000000067e6000 	/System/Library/Frameworks/Carbon.framework/Versions/A/Frameworks/ImageCapture.framework/Versions/A/ImageCapture
0x00000000067e6000 	/System/Library/Frameworks/Carbon.framework/Versions/A/Frameworks/OpenScripting.framework/Versions/A/OpenScripting
0x00000000067e6000 	/System/Library/Frameworks/Carbon.framework/Versions/A/Frameworks/Print.framework/Versions/A/Print
0x00000000067e6000 	/System/Library/Frameworks/Carbon.framework/Versions/A/Frameworks/SecurityHI.framework/Versions/A/SecurityHI
0x000000012626e000 	/Library/Java/JavaVirtualMachines/jdk1.8.0_31.jdk/Contents/Home/jre/lib/libprism_es2.dylib
0x00000001262ea000 	/System/Library/Frameworks/OpenGL.framework/Resources/GLEngine.bundle/GLEngine
0x00000000067e6000 	/System/Library/Frameworks/OpenGL.framework/Versions/A/Libraries/libGLProgrammability.dylib
0x0000000000000000 	/System/Library/Extensions/AppleIntelHD5000GraphicsGLDriver.bundle/Contents/MacOS/AppleIntelHD5000GraphicsGLDriver
0x00000000067e6000 	/System/Library/PrivateFrameworks/IOAccelerator.framework/Versions/A/IOAccelerator
0x00000000067e6000 	/System/Library/PrivateFrameworks/GPUSupport.framework/Versions/A/Libraries/libGPUSupportMercury.dylib
0x00000001264da000 	/System/Library/Frameworks/OpenGL.framework/Resources//GLRendererFloat.bundle/GLRendererFloat
0x00000000067e6000 	/System/Library/Frameworks/OpenCL.framework/Versions/A/Libraries/libcldcpuengine.dylib
0x00000000067e6000 	/System/Library/PrivateFrameworks/DiskImages.framework/Versions/A/DiskImages
0x00000000067e6000 	/System/Library/Frameworks/DiscRecording.framework/Versions/A/DiscRecording
0x00000000067e6000 	/usr/lib/libcsfde.dylib
0x00000000067e6000 	/usr/lib/libcurl.4.dylib
0x00000000067e6000 	/System/Library/PrivateFrameworks/MediaKit.framework/Versions/A/MediaKit
0x00000000067e6000 	/System/Library/PrivateFrameworks/ProtectedCloudStorage.framework/Versions/A/ProtectedCloudStorage
0x00000000067e6000 	/usr/lib/libCoreStorage.dylib
0x00000000067e6000 	/System/Library/PrivateFrameworks/EFILogin.framework/Versions/A/EFILogin
0x00000000067e6000 	/usr/lib/libutil.dylib
0x00000000067e6000 	/System/Library/PrivateFrameworks/FindMyDevice.framework/Versions/A/FindMyDevice
0x00000000067e6000 	/System/Library/Frameworks/LDAP.framework/Versions/A/LDAP
0x00000000067e6000 	/usr/lib/libsasl2.2.dylib
0x00000000067e6000 	/System/Library/PrivateFrameworks/CoreDaemon.framework/Versions/B/CoreDaemon
0x00000000067e6000 	/usr/lib/libcrypto.0.9.8.dylib
0x00000000067e6000 	/System/Library/PrivateFrameworks/AppleSRP.framework/Versions/A/AppleSRP
0x00000000067e6000 	/System/Library/PrivateFrameworks/TrustEvaluationAgent.framework/Versions/A/TrustEvaluationAgent
0x00000001269bb000 	/Library/Java/JavaVirtualMachines/jdk1.8.0_31.jdk/Contents/Home/jre/lib/libglass.dylib
0x00000000067e6000 	/System/Library/PrivateFrameworks/CoreServicesInternal.framework/Versions/A/CoreServicesInternal
0x00000000067e6000 	/System/Library/PrivateFrameworks/CloudDocs.framework/Versions/A/CloudDocs
0x00000000067e6000 	/System/Library/PrivateFrameworks/CoreDuet.framework/Versions/A/CoreDuet
0x00000000067e6000 	/System/Library/Frameworks/CloudKit.framework/Versions/A/CloudKit
0x00000000067e6000 	/System/Library/PrivateFrameworks/ProtocolBuffer.framework/Versions/A/ProtocolBuffer
0x00000000067e6000 	/System/Library/PrivateFrameworks/CoreDuetDaemonProtocol.framework/Versions/A/CoreDuetDaemonProtocol
0x00000000067e6000 	/System/Library/PrivateFrameworks/CoreDuetDebugLogging.framework/Versions/A/CoreDuetDebugLogging
0x00000000067e6000 	/System/Library/Frameworks/CoreLocation.framework/Versions/A/CoreLocation
0x00000000067e6000 	/System/Library/Frameworks/Accounts.framework/Versions/A/Accounts
0x00000000067e6000 	/System/Library/PrivateFrameworks/ApplePushService.framework/Versions/A/ApplePushService
0x00000000067e6000 	/System/Library/PrivateFrameworks/GeoServices.framework/Versions/A/GeoServices
0x00000000067e6000 	/System/Library/PrivateFrameworks/OAuth.framework/Versions/A/OAuth
0x0000000127d49000 	/System/Library/Frameworks/CoreGraphics.framework/Versions/A/Resources/libCGCMS.A.dylib
0x00000000067e6000 	/System/Library/CoreServices/RawCamera.bundle/Contents/MacOS/RawCamera
0x0000000127e7c000 	/System/Library/Frameworks/CoreGraphics.framework/Versions/A/Resources/libRIP.A.dylib
0x00000000067e6000 	/System/Library/PrivateFrameworks/FamilyControls.framework/Versions/A/FamilyControls
0x00000000067e6000 	/System/Library/PrivateFrameworks/CommerceKit.framework/Versions/A/Frameworks/CommerceCore.framework/Versions/A/CommerceCore
0x00000000067e6000 	/System/Library/PrivateFrameworks/SystemAdministration.framework/Versions/A/SystemAdministration
0x00000000067e6000 	/System/Library/PrivateFrameworks/AppContainer.framework/Versions/A/AppContainer
0x00000000067e6000 	/System/Library/PrivateFrameworks/SecCodeWrapper.framework/Versions/A/SecCodeWrapper
0x00000000067e6000 	/System/Library/Frameworks/DirectoryService.framework/Versions/A/DirectoryService
0x00000000067e6000 	/System/Library/PrivateFrameworks/LoginUIKit.framework/Versions/A/Frameworks/LoginUICore.framework/Versions/A/LoginUICore
0x00000000067e6000 	/usr/lib/libodfde.dylib
0x0000000129e4b000 	/Library/Java/JavaVirtualMachines/jdk1.8.0_31.jdk/Contents/Home/jre/lib/libjavafx_font.dylib
0x000000012a759000 	/private/var/folders/7j/1700tj154vv6srg5wr66t5n80000gn/T/xuggle/xuggle3954485179558900315.tmp
0x00000001280b7000 	/System/Library/Frameworks/VideoDecodeAcceleration.framework/Versions/A/VideoDecodeAcceleration
0x00000000067e6000 	/System/Library/Frameworks/CoreMedia.framework/Versions/A/CoreMedia
0x00000000067e6000 	/System/Library/Frameworks/VideoToolbox.framework/Versions/A/VideoToolbox
0x00000000067e6000 	/System/Library/PrivateFrameworks/AppleVA.framework/Versions/A/AppleVA
0x000000012dc08000 	/Library/Java/JavaVirtualMachines/jdk1.8.0_31.jdk/Contents/Home/jre/lib/libawt.dylib
0x000000012dcb7000 	/Library/Java/JavaVirtualMachines/jdk1.8.0_31.jdk/Contents/Home/jre/lib/./libmlib_image.dylib
0x000000012dd83000 	/Library/Java/JavaVirtualMachines/jdk1.8.0_31.jdk/Contents/Home/jre/lib/libawt_lwawt.dylib
0x0000000128163000 	/Library/Java/JavaVirtualMachines/jdk1.8.0_31.jdk/Contents/Home/jre/lib/./libosxapp.dylib
0x00000000067e6000 	/System/Library/Frameworks/ExceptionHandling.framework/Versions/A/ExceptionHandling

VM Arguments:
jvm_args: -Dfile.encoding=UTF-8 
java_command: controller.Main
java_class_path (initial): /Users/Douglas/Workspace/stve/bin:/Users/Douglas/Workspace/stve/libraries/SLF4J/slf4j-api-1.7.5.jar:/Users/Douglas/Workspace/stve/libraries/SLF4J/slf4j-simple-1.7.5.jar:/Users/Douglas/Workspace/stve/libraries/Xuggle/xuggle-xuggler-5.4.jar:/Users/Douglas/Workspace/aNa/bin:/Users/Douglas/Workspace/aNa/libraries/junit-4.11.jar:/Users/Douglas/Workspace/stve/libraries/JGraph/jgraph.jar:/Users/Douglas/Workspace/stve/libraries/JGraphT/jgrapht-jdk1.6.jar
Launcher Type: SUN_STANDARD

Environment Variables:
PATH=/usr/bin:/bin:/usr/sbin:/sbin
SHELL=/bin/bash

Signal Handlers:
SIGSEGV: [libjvm.dylib+0x57a0e7], sa_mask[0]=11111111011111110111111111111111, sa_flags=SA_ONSTACK|SA_RESTART|SA_SIGINFO
SIGBUS: [libjvm.dylib+0x57a0e7], sa_mask[0]=11111111011111110111111111111111, sa_flags=SA_RESTART|SA_SIGINFO
SIGFPE: [libjvm.dylib+0x45af24], sa_mask[0]=11111111011111110111111111111111, sa_flags=SA_RESTART|SA_SIGINFO
SIGPIPE: [libjvm.dylib+0x45af24], sa_mask[0]=11111111011111110111111111111111, sa_flags=SA_RESTART|SA_SIGINFO
SIGXFSZ: [libjvm.dylib+0x45af24], sa_mask[0]=11111111011111110111111111111111, sa_flags=SA_RESTART|SA_SIGINFO
SIGILL: [libjvm.dylib+0x45af24], sa_mask[0]=11111111011111110111111111111111, sa_flags=SA_RESTART|SA_SIGINFO
SIGUSR1: SIG_DFL, sa_mask[0]=00000000000000000000000000000000, sa_flags=none
SIGUSR2: [libjvm.dylib+0x45aa42], sa_mask[0]=00100000000000000000000000000000, sa_flags=SA_RESTART|SA_SIGINFO
SIGHUP: [libjvm.dylib+0x459015], sa_mask[0]=11111111011111110111111111111111, sa_flags=SA_RESTART|SA_SIGINFO
SIGINT: [libjvm.dylib+0x459015], sa_mask[0]=11111111011111110111111111111111, sa_flags=SA_RESTART|SA_SIGINFO
SIGTERM: [libjvm.dylib+0x459015], sa_mask[0]=11111111011111110111111111111111, sa_flags=SA_RESTART|SA_SIGINFO
SIGQUIT: [libjvm.dylib+0x459015], sa_mask[0]=11111111011111110111111111111111, sa_flags=SA_RESTART|SA_SIGINFO


---------------  S Y S T E M  ---------------

OS:Bsduname:Darwin 14.1.0 Darwin Kernel Version 14.1.0: Mon Dec 22 23:10:38 PST 2014; root:xnu-2782.10.72~2/RELEASE_X86_64 x86_64
rlimit: STACK 8192k, CORE 0k, NPROC 709, NOFILE 10240, AS infinity
load average:3.27 2.92 2.61

CPU:total 4 (2 cores per cpu, 2 threads per core) family 6 model 69 stepping 1, cmov, cx8, fxsr, mmx, sse, sse2, sse3, ssse3, sse4.1, sse4.2, popcnt, avx, avx2, aes, clmul, erms, lzcnt, ht, tsc, tscinvbit, bmi1, bmi2

Memory: 4k page, physical 4194304k(103028k free)

/proc/meminfo:


vm_info: Java HotSpot(TM) 64-Bit Server VM (25.31-b07) for bsd-amd64 JRE (1.8.0_31-b13), built on Dec 17 2014 20:45:36 by "java_re" with gcc 4.2.1 (Based on Apple Inc. build 5658) (LLVM build 2336.11.00)

time: Tue Mar  3 00:42:26 2015
elapsed time: 10 seconds (0d 0h 0m 10s)

