#
# A fatal error has been detected by the Java Runtime Environment:
#
#  SIGSEGV (0xb) at pc=0x0000000118c823fd, pid=31348, tid=1811
#
# JRE version: Java(TM) SE Runtime Environment (8.0_31-b13) (build 1.8.0_31-b13)
# Java VM: Java HotSpot(TM) 64-Bit Server VM (25.31-b07 mixed mode bsd-amd64 compressed oops)
# Problematic frame:
# C  [libglass.dylib+0x163fd]  GlassScreenDidChangeScreenParameters+0x9d
#
# Failed to write core dump. Core dumps have been disabled. To enable core dumping, try "ulimit -c unlimited" before starting Java again
#
# If you would like to submit a bug report, please visit:
#   http://bugreport.java.com/bugreport/crash.jsp
#

---------------  T H R E A D  ---------------

Current thread is native thread

siginfo: si_signo: 11 (SIGSEGV), si_code: 1 (SEGV_MAPERR), si_addr: 0x0000000000000000

Registers:
RAX=0x0000000118cb4e40, RBX=0x0000000000000000, RCX=0x0f00c7109dbb5766, RDX=0x00007fbb04c242e0
RSP=0x00007fff5e9da120, RBP=0x00007fff5e9da130, RSI=0x00007fbb027028c8, RDI=0x0000000000000000
R8 =0x00007fff5e9d9fd0, R9 =0x00007fff7f2b9300, R10=0x0000000000000000, R11=0x0000000000000246
R12=0x00007fbb0260cc60, R13=0x00000000000f426a, R14=0x00007fbb02564330, R15=0x00007fff5e9da270
RIP=0x0000000118c823fd, EFLAGS=0x0000000000010202, ERR=0x0000000000000004
  TRAPNO=0x000000000000000e

Top of Stack: (sp=0x00007fff5e9da120)
0x00007fff5e9da120:   00007fff5e9da300 00007fbb02564330
0x00007fff5e9da130:   00007fff5e9da140 00007fff97c4045c
0x00007fff5e9da140:   00007fff5e9da4a0 00007fff97b30634
0x00007fff5e9da150:   00007fff5e9da1a0 0000000000001400
0x00007fff5e9da160:   00007fff7e730ed0 00007fbb026dce10
0x00007fff5e9da170:   0000000000001002 0000000000000900
0x00007fff5e9da180:   00007fbb026dce10 00007fbb02564330
0x00007fff5e9da190:   0000000000000000 00007fff5e9da270
0x00007fff5e9da1a0:   0000000000000000 00007fbb025642f0
0x00007fff5e9da1b0:   00007fff5e9da2f0 0000000000000060
0x00007fff5e9da1c0:   00000000000f4334 00007fbb04b068f0
0x00007fff5e9da1d0:   00007fbb02534c00 00007fbb0260cc60
0x00007fff5e9da1e0:   0000000000000001 00000000000f426a
0x00007fff5e9da1f0:   00007fbb0260cc50 00007fff9827bacb
0x00007fff5e9da200:   0000000000000001 0000000000000001
0x00007fff5e9da210:   0000000000000030 0000000000000001
0x00007fff5e9da220:   00007fff5e9da240 00007fff98281231
0x00007fff5e9da230:   00007fff7e72efb0 0000000000000000
0x00007fff5e9da240:   00007fff5e9da260 000000000000000f
0x00007fff5e9da250:   00056a0302c40000 00007fbb0260cc84
0x00007fff5e9da260:   0000000000000000 00007fff97b2610f
0x00007fff5e9da270:   00007fbb02564330 00007fff7e72efb0
0x00007fff5e9da280:   00007fff5e9da300 00007fff97b2ec3f
0x00007fff5e9da290:   00007fff5e9da30c 00007fff5e9da310
0x00007fff5e9da2a0:   0000000101240a00 0000000000000002
0x00007fff5e9da2b0:   000000010123d000 00007fbb02463582
0x00007fff5e9da2c0:   0000000000000003 0000000101241e00
0x00007fff5e9da2d0:   00007fff5e9da3c0 00007fff9827a2a2
0x00007fff5e9da2e0:   00007fbb02472150 00007fff5e9da4a8
0x00007fff5e9da2f0:   0000000000000017 0000000000000000
0x00007fff5e9da300:   00000000000f426a 00007fff97b26403
0x00007fff5e9da310:   00007fff00000000 00007fbb02476710 

Instructions: (pc=0x0000000118c823fd)
0x0000000118c823dd:   89 df 4c 89 f1 41 ff 90 68 04 00 00 48 8d 05 58
0x0000000118c823ed:   29 03 00 48 8b 30 48 8d 05 46 2a 03 00 48 8b 10
0x0000000118c823fd:   48 8b 0b 30 c0 48 89 df ff 91 68 04 00 00 48 8b
0x0000000118c8240d:   03 48 89 df ff 50 78 48 85 c0 74 36 49 89 c6 48 

Register to memory mapping:

RAX=0x0000000118cb4e40: jScreenNotifySettingsChanged+0 in /Library/Java/JavaVirtualMachines/jdk1.8.0_31.jdk/Contents/Home/jre/lib/libglass.dylib at 0x0000000118c6c000
RBX=0x0000000000000000 is an unknown value
RCX=0x0f00c7109dbb5766 is an unknown value
RDX=0x00007fbb04c242e0 is an unknown value
RSP=0x00007fff5e9da120 is an unknown value
RBP=0x00007fff5e9da130 is an unknown value
RSI=0x00007fbb027028c8 is a global jni handle
RDI=0x0000000000000000 is an unknown value
R8 =0x00007fff5e9d9fd0 is an unknown value
R9 =0x00007fff7f2b9300: _thread+0 in /usr/lib/system/libsystem_pthread.dylib at 0x00007fff9b870000
R10=0x0000000000000000 is an unknown value
R11=0x0000000000000246 is an unknown value
R12=0x00007fbb0260cc60 is an unknown value
R13=0x00000000000f426a is an unknown value
R14=0x00007fbb02564330 is an unknown value
R15=0x00007fff5e9da270 is an unknown value


Stack: [0x00007fff5e1dd000,0x00007fff5e9dd000],  sp=0x00007fff5e9da120,  free space=8180k
Native frames: (J=compiled Java code, j=interpreted, Vv=VM code, C=native code)
C  [libglass.dylib+0x163fd]  GlassScreenDidChangeScreenParameters+0x9d
C  [CoreFoundation+0x12045c]  __CFNOTIFICATIONCENTER_IS_CALLING_OUT_TO_AN_OBSERVER__+0xc
C  [CoreFoundation+0x10634]  _CFXNotificationPost+0xc44
C  [Foundation+0x79d1]  -[NSNotificationCenter postNotificationName:object:userInfo:]+0x42
C  [AppKit+0x40df7e]  -[NSApplication _reactToScreenInvalidationImmediately:]+0x17b
C  [AppKit+0x40ddc7]  __44-[NSApplication _reactToScreenInvalidation:]_block_invoke+0x4b
C  [CoreFoundation+0x808ec]  __CFRUNLOOP_IS_CALLING_OUT_TO_A_BLOCK__+0xc
C  [CoreFoundation+0x729f5]  __CFRunLoopDoBlocks+0x155
C  [CoreFoundation+0x72536]  __CFRunLoopRun+0x716
C  [CoreFoundation+0x71bd8]  CFRunLoopRunSpecific+0x128
C  [java+0x56cc]  CreateExecutionEnvironment+0x367
C  [java+0x165c]  JLI_Launch+0x7a0
C  [java+0x768a]  main+0x65
C  [java+0xeb4]  start+0x34


---------------  P R O C E S S  ---------------

VM state:at safepoint (normal execution)

VM Mutex/Monitor currently owned by a thread:  ([mutex/lock_event])
[0x00007fbb02502940] Threads_lock - owner thread: 0x00007fbb0380a800
[0x00007fbb02502e40] Heap_lock - owner thread: 0x00007fbb04002800

Heap:
 PSYoungGen      total 18944K, used 12118K [0x00000007aab00000, 0x00000007ad000000, 0x00000007c0000000)
  eden space 16384K, 58% used [0x00000007aab00000,0x00000007ab4599d8,0x00000007abb00000)
  from space 2560K, 99% used [0x00000007abb00000,0x00000007abd7c030,0x00000007abd80000)
  to   space 2560K, 0% used [0x00000007acd80000,0x00000007acd80000,0x00000007ad000000)
 ParOldGen       total 44032K, used 5258K [0x0000000780000000, 0x0000000782b00000, 0x00000007aab00000)
  object space 44032K, 11% used [0x0000000780000000,0x0000000780522bf0,0x0000000782b00000)
 Metaspace       used 19140K, capacity 20264K, committed 20352K, reserved 1067008K
  class space    used 2910K, capacity 3136K, committed 3200K, reserved 1048576K

Card table byte_map: [0x0000000111fe2000,0x00000001121e3000] byte_map_base: 0x000000010e3e2000

Marking Bits: (ParMarkBitMap*) 0x000000010249e410
 Begin Bits: [0x0000000112745000, 0x0000000113745000)
 End Bits:   [0x0000000113745000, 0x0000000114745000)

Polling page: 0x000000010137a000

CodeCache: size=245760Kb used=9750Kb max_used=9757Kb free=236009Kb
 bounds [0x0000000102c22000, 0x00000001035c2000, 0x0000000111c22000]
 total_blobs=3783 nmethods=3119 adapters=577
 compilation: enabled

Compilation events (10 events):
Event: 58.193 Thread 0x00007fbb03048800 nmethod 3140 0x00000001035ac190 code [0x00000001035acbe0, 0x00000001035b4ec8]
Event: 58.194 Thread 0x00007fbb03030000 nmethod 3144 0x0000000102d3ca10 code [0x0000000102d3cb60, 0x0000000102d3cfb8]
Event: 58.194 Thread 0x00007fbb03048800 3142       3       com.sun.javafx.geom.Vec2d::set (11 bytes)
Event: 58.195 Thread 0x00007fbb03048800 nmethod 3142 0x0000000102d229d0 code [0x0000000102d22b20, 0x0000000102d22c70]
Event: 58.196 Thread 0x00007fbb03048800 3143       3       java.nio.Buffer::clear (20 bytes)
Event: 58.197 Thread 0x00007fbb03048800 nmethod 3143 0x0000000102d51a50 code [0x0000000102d51ba0, 0x0000000102d51d10]
Event: 58.492 Thread 0x00007fbb03048800 3145       1       java.lang.ref.Reference::clear (6 bytes)
Event: 58.492 Thread 0x00007fbb03048800 nmethod 3145 0x0000000102dae510 code [0x0000000102dae660, 0x0000000102dae790]
Event: 58.493 Thread 0x00007fbb03048800 3146       3       java.util.ArrayList::remove (69 bytes)
Event: 58.494 Thread 0x00007fbb03048800 nmethod 3146 0x0000000102d5d350 code [0x0000000102d5d520, 0x0000000102d5db28]

GC Heap History (6 events):
Event: 1.006 GC heap before
{Heap before GC invocations=1 (full 0):
 PSYoungGen      total 18944K, used 16384K [0x00000007aab00000, 0x00000007ac000000, 0x00000007c0000000)
  eden space 16384K, 100% used [0x00000007aab00000,0x00000007abb00000,0x00000007abb00000)
  from space 2560K, 0% used [0x00000007abd80000,0x00000007abd80000,0x00000007ac000000)
  to   space 2560K, 0% used [0x00000007abb00000,0x00000007abb00000,0x00000007abd80000)
 ParOldGen       total 44032K, used 0K [0x0000000780000000, 0x0000000782b00000, 0x00000007aab00000)
  object space 44032K, 0% used [0x0000000780000000,0x0000000780000000,0x0000000782b00000)
 Metaspace       used 8863K, capacity 9340K, committed 9472K, reserved 1056768K
  class space    used 1162K, capacity 1270K, committed 1280K, reserved 1048576K
Event: 1.015 GC heap after
Heap after GC invocations=1 (full 0):
 PSYoungGen      total 18944K, used 2528K [0x00000007aab00000, 0x00000007ac000000, 0x00000007c0000000)
  eden space 16384K, 0% used [0x00000007aab00000,0x00000007aab00000,0x00000007abb00000)
  from space 2560K, 98% used [0x00000007abb00000,0x00000007abd78020,0x00000007abd80000)
  to   space 2560K, 0% used [0x00000007abd80000,0x00000007abd80000,0x00000007ac000000)
 ParOldGen       total 44032K, used 127K [0x0000000780000000, 0x0000000782b00000, 0x00000007aab00000)
  object space 44032K, 0% used [0x0000000780000000,0x000000078001ffb0,0x0000000782b00000)
 Metaspace       used 8863K, capacity 9340K, committed 9472K, reserved 1056768K
  class space    used 1162K, capacity 1270K, committed 1280K, reserved 1048576K
}
Event: 1.985 GC heap before
{Heap before GC invocations=2 (full 0):
 PSYoungGen      total 18944K, used 18912K [0x00000007aab00000, 0x00000007ac000000, 0x00000007c0000000)
  eden space 16384K, 100% used [0x00000007aab00000,0x00000007abb00000,0x00000007abb00000)
  from space 2560K, 98% used [0x00000007abb00000,0x00000007abd78020,0x00000007abd80000)
  to   space 2560K, 0% used [0x00000007abd80000,0x00000007abd80000,0x00000007ac000000)
 ParOldGen       total 44032K, used 127K [0x0000000780000000, 0x0000000782b00000, 0x00000007aab00000)
  object space 44032K, 0% used [0x0000000780000000,0x000000078001ffb0,0x0000000782b00000)
 Metaspace       used 14328K, capacity 15092K, committed 15360K, reserved 1062912K
  class space    used 2264K, capacity 2436K, committed 2560K, reserved 1048576K
Event: 2.001 GC heap after
Heap after GC invocations=2 (full 0):
 PSYoungGen      total 18944K, used 2544K [0x00000007aab00000, 0x00000007ad000000, 0x00000007c0000000)
  eden space 16384K, 0% used [0x00000007aab00000,0x00000007aab00000,0x00000007abb00000)
  from space 2560K, 99% used [0x00000007abd80000,0x00000007abffc030,0x00000007ac000000)
  to   space 2560K, 0% used [0x00000007abb00000,0x00000007abb00000,0x00000007abd80000)
 ParOldGen       total 44032K, used 2545K [0x0000000780000000, 0x0000000782b00000, 0x00000007aab00000)
  object space 44032K, 5% used [0x0000000780000000,0x000000078027c4c0,0x0000000782b00000)
 Metaspace       used 14328K, capacity 15092K, committed 15360K, reserved 1062912K
  class space    used 2264K, capacity 2436K, committed 2560K, reserved 1048576K
}
Event: 2.974 GC heap before
{Heap before GC invocations=3 (full 0):
 PSYoungGen      total 18944K, used 18033K [0x00000007aab00000, 0x00000007ad000000, 0x00000007c0000000)
  eden space 16384K, 94% used [0x00000007aab00000,0x00000007aba20510,0x00000007abb00000)
  from space 2560K, 99% used [0x00000007abd80000,0x00000007abffc030,0x00000007ac000000)
  to   space 2560K, 0% used [0x00000007abb00000,0x00000007abb00000,0x00000007abd80000)
 ParOldGen       total 44032K, used 2545K [0x0000000780000000, 0x0000000782b00000, 0x00000007aab00000)
  object space 44032K, 5% used [0x0000000780000000,0x000000078027c4c0,0x0000000782b00000)
 Metaspace       used 17949K, capacity 19026K, committed 19328K, reserved 1064960K
  class space    used 2852K, capacity 3081K, committed 3200K, reserved 1048576K
Event: 2.987 GC heap after
Heap after GC invocations=3 (full 0):
 PSYoungGen      total 18944K, used 2544K [0x00000007aab00000, 0x00000007ad000000, 0x00000007c0000000)
  eden space 16384K, 0% used [0x00000007aab00000,0x00000007aab00000,0x00000007abb00000)
  from space 2560K, 99% used [0x00000007abb00000,0x00000007abd7c030,0x00000007abd80000)
  to   space 2560K, 0% used [0x00000007acd80000,0x00000007acd80000,0x00000007ad000000)
 ParOldGen       total 44032K, used 5258K [0x0000000780000000, 0x0000000782b00000, 0x00000007aab00000)
  object space 44032K, 11% used [0x0000000780000000,0x0000000780522bf0,0x0000000782b00000)
 Metaspace       used 17949K, capacity 19026K, committed 19328K, reserved 1064960K
  class space    used 2852K, capacity 3081K, committed 3200K, reserved 1048576K
}

Deoptimization events (10 events):
Event: 2.113 Thread 0x00007fbb0312d000 Uncommon trap: reason=array_check action=maybe_recompile pc=0x000000010309e864 method=com.sun.javafx.css.SimpleSelector.applies(Ljavafx/css/Styleable;[Ljava/util/Set;I)Z @ 37
Event: 2.113 Thread 0x00007fbb0312d000 Uncommon trap: reason=array_check action=maybe_recompile pc=0x000000010309e864 method=com.sun.javafx.css.SimpleSelector.applies(Ljavafx/css/Styleable;[Ljava/util/Set;I)Z @ 37
Event: 2.359 Thread 0x00007fbb0312d000 Uncommon trap: reason=null_check action=make_not_entrant pc=0x00000001030a2284 method=com.sun.javafx.css.SimpleSelector.applies(Ljavafx/css/Styleable;)Z @ 77
Event: 2.629 Thread 0x00007fbb0312d000 Uncommon trap: reason=bimorphic action=maybe_recompile pc=0x0000000103198e20 method=javafx.scene.Node.impl_geomChanged()V @ 33
Event: 2.629 Thread 0x00007fbb0312d000 Uncommon trap: reason=bimorphic action=maybe_recompile pc=0x0000000103198e20 method=javafx.scene.Node.impl_geomChanged()V @ 33
Event: 2.629 Thread 0x00007fbb0312d000 Uncommon trap: reason=bimorphic action=maybe_recompile pc=0x0000000103198e20 method=javafx.scene.Node.impl_geomChanged()V @ 33
Event: 2.630 Thread 0x00007fbb0312d000 Uncommon trap: reason=bimorphic action=maybe_recompile pc=0x0000000103198e20 method=javafx.scene.Node.impl_geomChanged()V @ 33
Event: 2.815 Thread 0x00007fbb0312d000 Uncommon trap: reason=bimorphic action=maybe_recompile pc=0x00000001031975bc method=javafx.scene.Node.impl_geomChanged()V @ 37
Event: 2.815 Thread 0x00007fbb0312d000 Uncommon trap: reason=bimorphic action=maybe_recompile pc=0x00000001031975bc method=javafx.scene.Node.impl_geomChanged()V @ 37
Event: 3.026 Thread 0x00007fbb04055000 Uncommon trap: reason=range_check action=make_not_entrant pc=0x0000000102e7b4cc method=java.util.ArrayList.elementData(I)Ljava/lang/Object; @ 5

Internal exceptions (10 events):
Event: 2.458 Thread 0x00007fbb0312d000 Exception <a 'java/security/PrivilegedActionException'> (0x00000007ab326ba0) thrown at [/Users/java_re/workspace/8-2-build-macosx-x86_64/jdk8u31/2394/hotspot/src/share/vm/prims/jvm.cpp, line 1312]
Event: 2.459 Thread 0x00007fbb0312d000 Exception <a 'java/security/PrivilegedActionException'> (0x00000007ab32a118) thrown at [/Users/java_re/workspace/8-2-build-macosx-x86_64/jdk8u31/2394/hotspot/src/share/vm/prims/jvm.cpp, line 1312]
Event: 2.463 Thread 0x00007fbb0312d000 Exception <a 'java/security/PrivilegedActionException'> (0x00000007ab32d338) thrown at [/Users/java_re/workspace/8-2-build-macosx-x86_64/jdk8u31/2394/hotspot/src/share/vm/prims/jvm.cpp, line 1312]
Event: 2.527 Thread 0x00007fbb0312d000 Exception <a 'java/security/PrivilegedActionException'> (0x00000007ab42fb18) thrown at [/Users/java_re/workspace/8-2-build-macosx-x86_64/jdk8u31/2394/hotspot/src/share/vm/prims/jvm.cpp, line 1312]
Event: 2.528 Thread 0x00007fbb0312d000 Exception <a 'java/security/PrivilegedActionException'> (0x00000007ab433e08) thrown at [/Users/java_re/workspace/8-2-build-macosx-x86_64/jdk8u31/2394/hotspot/src/share/vm/prims/jvm.cpp, line 1312]
Event: 3.026 Thread 0x00007fbb04055000 Exception <a 'java/lang/ArrayIndexOutOfBoundsException': -1> (0x00000007aad21a60) thrown at [/Users/java_re/workspace/8-2-build-macosx-x86_64/jdk8u31/2394/hotspot/src/share/vm/interpreter/interpreterRuntime.cpp, line 366]
Event: 7.851 Thread 0x00007fbb0312d000 Exception <a 'java/security/PrivilegedActionException'> (0x00000007aae542e0) thrown at [/Users/java_re/workspace/8-2-build-macosx-x86_64/jdk8u31/2394/hotspot/src/share/vm/prims/jvm.cpp, line 1312]
Event: 7.852 Thread 0x00007fbb0312d000 Exception <a 'java/security/PrivilegedActionException'> (0x00000007aae56cf0) thrown at [/Users/java_re/workspace/8-2-build-macosx-x86_64/jdk8u31/2394/hotspot/src/share/vm/prims/jvm.cpp, line 1312]
Event: 7.852 Thread 0x00007fbb0312d000 Exception <a 'java/security/PrivilegedActionException'> (0x00000007aae5d0b0) thrown at [/Users/java_re/workspace/8-2-build-macosx-x86_64/jdk8u31/2394/hotspot/src/share/vm/prims/jvm.cpp, line 1312]
Event: 7.852 Thread 0x00007fbb0312d000 Exception <a 'java/security/PrivilegedActionException'> (0x00000007aae5fc28) thrown at [/Users/java_re/workspace/8-2-build-macosx-x86_64/jdk8u31/2394/hotspot/src/share/vm/prims/jvm.cpp, line 1312]

Events (10 events):
Event: 58.500 Thread 0x00007fbb04002800 Thread exited: 0x00007fbb04002800
Event: 58.500 Thread 0x00007fbb04002800 Thread added: 0x00007fbb04002800
Event: 58.500 Thread 0x00007fbb0312d000 Thread exited: 0x00007fbb0312d000
Event: 58.500 loading class java/util/IdentityHashMap$KeySet
Event: 58.500 loading class java/util/IdentityHashMap$KeySet done
Event: 58.500 loading class java/util/IdentityHashMap$KeyIterator
Event: 58.500 loading class java/util/IdentityHashMap$IdentityHashMapIterator
Event: 58.501 loading class java/util/IdentityHashMap$IdentityHashMapIterator done
Event: 58.501 loading class java/util/IdentityHashMap$KeyIterator done
Event: 58.501 Thread 0x00007fbb04002800 Thread exited: 0x00007fbb04002800


Dynamic libraries:
0x000000000cea3000 	/System/Library/Frameworks/Cocoa.framework/Versions/A/Cocoa
0x000000000cea3000 	/System/Library/Frameworks/Security.framework/Versions/A/Security
0x000000000cea3000 	/System/Library/Frameworks/ApplicationServices.framework/Versions/A/ApplicationServices
0x000000000cea3000 	/usr/lib/libz.1.dylib
0x000000000cea3000 	/usr/lib/libSystem.B.dylib
0x000000000cea3000 	/usr/lib/libobjc.A.dylib
0x000000000cea3000 	/System/Library/Frameworks/CoreFoundation.framework/Versions/A/CoreFoundation
0x000000000cea3000 	/System/Library/Frameworks/Foundation.framework/Versions/C/Foundation
0x000000000cea3000 	/System/Library/Frameworks/AppKit.framework/Versions/C/AppKit
0x000000000cea3000 	/System/Library/Frameworks/CoreData.framework/Versions/A/CoreData
0x000000000cea3000 	/System/Library/PrivateFrameworks/RemoteViewServices.framework/Versions/A/RemoteViewServices
0x000000000cea3000 	/System/Library/PrivateFrameworks/UIFoundation.framework/Versions/A/UIFoundation
0x000000000cea3000 	/System/Library/Frameworks/IOSurface.framework/Versions/A/IOSurface
0x000000000cea3000 	/System/Library/Frameworks/AudioToolbox.framework/Versions/A/AudioToolbox
0x000000000cea3000 	/System/Library/Frameworks/AudioUnit.framework/Versions/A/AudioUnit
0x000000000cea3000 	/System/Library/PrivateFrameworks/DataDetectorsCore.framework/Versions/A/DataDetectorsCore
0x000000000cea3000 	/System/Library/PrivateFrameworks/DesktopServicesPriv.framework/Versions/A/DesktopServicesPriv
0x000000000cea3000 	/System/Library/Frameworks/Carbon.framework/Versions/A/Frameworks/HIToolbox.framework/Versions/A/HIToolbox
0x000000000cea3000 	/System/Library/Frameworks/QuartzCore.framework/Versions/A/QuartzCore
0x000000000cea3000 	/System/Library/Frameworks/Carbon.framework/Versions/A/Frameworks/SpeechRecognition.framework/Versions/A/SpeechRecognition
0x000000000cea3000 	/usr/lib/libauto.dylib
0x000000000cea3000 	/usr/lib/libicucore.A.dylib
0x000000000cea3000 	/usr/lib/libxml2.2.dylib
0x000000000cea3000 	/System/Library/PrivateFrameworks/CoreUI.framework/Versions/A/CoreUI
0x000000000cea3000 	/System/Library/Frameworks/CoreAudio.framework/Versions/A/CoreAudio
0x000000000cea3000 	/System/Library/Frameworks/DiskArbitration.framework/Versions/A/DiskArbitration
0x000000000cea3000 	/usr/lib/liblangid.dylib
0x000000000cea3000 	/System/Library/PrivateFrameworks/MultitouchSupport.framework/Versions/A/MultitouchSupport
0x000000000cea3000 	/System/Library/Frameworks/IOKit.framework/Versions/A/IOKit
0x000000000cea3000 	/usr/lib/libDiagnosticMessagesClient.dylib
0x000000000cea3000 	/System/Library/Frameworks/CoreServices.framework/Versions/A/CoreServices
0x000000000cea3000 	/System/Library/PrivateFrameworks/PerformanceAnalysis.framework/Versions/A/PerformanceAnalysis
0x000000000cea3000 	/System/Library/PrivateFrameworks/GenerationalStorage.framework/Versions/A/GenerationalStorage
0x000000000cea3000 	/System/Library/Frameworks/OpenGL.framework/Versions/A/OpenGL
0x000000000cea3000 	/System/Library/PrivateFrameworks/Sharing.framework/Versions/A/Sharing
0x000000000cea3000 	/System/Library/Frameworks/CoreGraphics.framework/Versions/A/CoreGraphics
0x000000000cea3000 	/System/Library/Frameworks/CoreText.framework/Versions/A/CoreText
0x000000000cea3000 	/System/Library/Frameworks/ImageIO.framework/Versions/A/ImageIO
0x000000000cea3000 	/usr/lib/libextension.dylib
0x000000000cea3000 	/System/Library/PrivateFrameworks/Backup.framework/Versions/A/Backup
0x000000000cea3000 	/usr/lib/libarchive.2.dylib
0x000000000cea3000 	/System/Library/Frameworks/CFNetwork.framework/Versions/A/CFNetwork
0x000000000cea3000 	/System/Library/Frameworks/SystemConfiguration.framework/Versions/A/SystemConfiguration
0x000000000cea3000 	/usr/lib/libCRFSuite.dylib
0x000000000cea3000 	/usr/lib/libc++.1.dylib
0x000000000cea3000 	/usr/lib/libc++abi.dylib
0x000000000cea3000 	/usr/lib/system/libcache.dylib
0x000000000cea3000 	/usr/lib/system/libcommonCrypto.dylib
0x000000000cea3000 	/usr/lib/system/libcompiler_rt.dylib
0x000000000cea3000 	/usr/lib/system/libcopyfile.dylib
0x000000000cea3000 	/usr/lib/system/libcorecrypto.dylib
0x000000000cea3000 	/usr/lib/system/libdispatch.dylib
0x000000000cea3000 	/usr/lib/system/libdyld.dylib
0x000000000cea3000 	/usr/lib/system/libkeymgr.dylib
0x000000000cea3000 	/usr/lib/system/liblaunch.dylib
0x000000000cea3000 	/usr/lib/system/libmacho.dylib
0x000000000cea3000 	/usr/lib/system/libquarantine.dylib
0x000000000cea3000 	/usr/lib/system/libremovefile.dylib
0x000000000cea3000 	/usr/lib/system/libsystem_asl.dylib
0x000000000cea3000 	/usr/lib/system/libsystem_blocks.dylib
0x000000000cea3000 	/usr/lib/system/libsystem_c.dylib
0x000000000cea3000 	/usr/lib/system/libsystem_configuration.dylib
0x000000000cea3000 	/usr/lib/system/libsystem_coreservices.dylib
0x000000000cea3000 	/usr/lib/system/libsystem_coretls.dylib
0x000000000cea3000 	/usr/lib/system/libsystem_dnssd.dylib
0x000000000cea3000 	/usr/lib/system/libsystem_info.dylib
0x000000000cea3000 	/usr/lib/system/libsystem_kernel.dylib
0x000000000cea3000 	/usr/lib/system/libsystem_m.dylib
0x000000000cea3000 	/usr/lib/system/libsystem_malloc.dylib
0x000000000cea3000 	/usr/lib/system/libsystem_network.dylib
0x000000000cea3000 	/usr/lib/system/libsystem_networkextension.dylib
0x000000000cea3000 	/usr/lib/system/libsystem_notify.dylib
0x000000000cea3000 	/usr/lib/system/libsystem_platform.dylib
0x000000000cea3000 	/usr/lib/system/libsystem_pthread.dylib
0x000000000cea3000 	/usr/lib/system/libsystem_sandbox.dylib
0x000000000cea3000 	/usr/lib/system/libsystem_secinit.dylib
0x000000000cea3000 	/usr/lib/system/libsystem_stats.dylib
0x000000000cea3000 	/usr/lib/system/libsystem_trace.dylib
0x000000000cea3000 	/usr/lib/system/libunc.dylib
0x000000000cea3000 	/usr/lib/system/libunwind.dylib
0x000000000cea3000 	/usr/lib/system/libxpc.dylib
0x000000000cea3000 	/usr/lib/libbz2.1.0.dylib
0x000000000cea3000 	/usr/lib/liblzma.5.dylib
0x000000000cea3000 	/usr/lib/libbsm.0.dylib
0x000000000cea3000 	/usr/lib/libsqlite3.dylib
0x000000000cea3000 	/usr/lib/system/libkxld.dylib
0x000000000cea3000 	/usr/lib/libxar.1.dylib
0x000000000cea3000 	/usr/lib/libpam.2.dylib
0x000000000cea3000 	/usr/lib/libOpenScriptingUtil.dylib
0x000000000cea3000 	/System/Library/Frameworks/CoreServices.framework/Versions/A/Frameworks/FSEvents.framework/Versions/A/FSEvents
0x000000000cea3000 	/System/Library/Frameworks/CoreServices.framework/Versions/A/Frameworks/CarbonCore.framework/Versions/A/CarbonCore
0x000000000cea3000 	/System/Library/Frameworks/CoreServices.framework/Versions/A/Frameworks/Metadata.framework/Versions/A/Metadata
0x000000000cea3000 	/System/Library/Frameworks/CoreServices.framework/Versions/A/Frameworks/OSServices.framework/Versions/A/OSServices
0x000000000cea3000 	/System/Library/Frameworks/CoreServices.framework/Versions/A/Frameworks/SearchKit.framework/Versions/A/SearchKit
0x000000000cea3000 	/System/Library/Frameworks/CoreServices.framework/Versions/A/Frameworks/AE.framework/Versions/A/AE
0x000000000cea3000 	/System/Library/Frameworks/CoreServices.framework/Versions/A/Frameworks/LaunchServices.framework/Versions/A/LaunchServices
0x000000000cea3000 	/System/Library/Frameworks/CoreServices.framework/Versions/A/Frameworks/DictionaryServices.framework/Versions/A/DictionaryServices
0x000000000cea3000 	/System/Library/Frameworks/NetFS.framework/Versions/A/NetFS
0x000000000cea3000 	/System/Library/PrivateFrameworks/NetAuth.framework/Versions/A/NetAuth
0x000000000cea3000 	/System/Library/PrivateFrameworks/login.framework/Versions/A/Frameworks/loginsupport.framework/Versions/A/loginsupport
0x000000000cea3000 	/System/Library/PrivateFrameworks/TCC.framework/Versions/A/TCC
0x000000000cea3000 	/usr/lib/libmecabra.dylib
0x000000000cea3000 	/System/Library/Frameworks/ApplicationServices.framework/Versions/A/Frameworks/ATS.framework/Versions/A/ATS
0x000000000cea3000 	/System/Library/Frameworks/ApplicationServices.framework/Versions/A/Frameworks/ColorSync.framework/Versions/A/ColorSync
0x000000000cea3000 	/System/Library/Frameworks/ApplicationServices.framework/Versions/A/Frameworks/HIServices.framework/Versions/A/HIServices
0x000000000cea3000 	/System/Library/Frameworks/ApplicationServices.framework/Versions/A/Frameworks/LangAnalysis.framework/Versions/A/LangAnalysis
0x000000000cea3000 	/System/Library/Frameworks/ApplicationServices.framework/Versions/A/Frameworks/PrintCore.framework/Versions/A/PrintCore
0x000000000cea3000 	/System/Library/Frameworks/ApplicationServices.framework/Versions/A/Frameworks/QD.framework/Versions/A/QD
0x000000000cea3000 	/System/Library/Frameworks/ApplicationServices.framework/Versions/A/Frameworks/SpeechSynthesis.framework/Versions/A/SpeechSynthesis
0x000000000cea3000 	/System/Library/Frameworks/Accelerate.framework/Versions/A/Accelerate
0x000000000cea3000 	/System/Library/Frameworks/Accelerate.framework/Versions/A/Frameworks/vImage.framework/Versions/A/vImage
0x000000000cea3000 	/System/Library/Frameworks/Accelerate.framework/Versions/A/Frameworks/vecLib.framework/Versions/A/vecLib
0x000000000cea3000 	/System/Library/Frameworks/Accelerate.framework/Versions/A/Frameworks/vecLib.framework/Versions/A/libvDSP.dylib
0x000000000cea3000 	/System/Library/Frameworks/Accelerate.framework/Versions/A/Frameworks/vecLib.framework/Versions/A/libvMisc.dylib
0x000000000cea3000 	/System/Library/Frameworks/Accelerate.framework/Versions/A/Frameworks/vecLib.framework/Versions/A/libLAPACK.dylib
0x000000000cea3000 	/System/Library/Frameworks/Accelerate.framework/Versions/A/Frameworks/vecLib.framework/Versions/A/libBLAS.dylib
0x000000000cea3000 	/System/Library/Frameworks/Accelerate.framework/Versions/A/Frameworks/vecLib.framework/Versions/A/libLinearAlgebra.dylib
0x000000000cea3000 	/System/Library/Frameworks/ApplicationServices.framework/Versions/A/Frameworks/ATS.framework/Versions/A/Resources/libFontParser.dylib
0x000000000cea3000 	/System/Library/Frameworks/ApplicationServices.framework/Versions/A/Frameworks/ATS.framework/Versions/A/Resources/libFontRegistry.dylib
0x000000000cea3000 	/System/Library/PrivateFrameworks/AppleVPA.framework/Versions/A/AppleVPA
0x000000000cea3000 	/System/Library/PrivateFrameworks/AppleJPEG.framework/Versions/A/AppleJPEG
0x000000000cea3000 	/System/Library/Frameworks/ImageIO.framework/Versions/A/Resources/libJPEG.dylib
0x000000000cea3000 	/System/Library/Frameworks/ImageIO.framework/Versions/A/Resources/libTIFF.dylib
0x000000000cea3000 	/System/Library/Frameworks/ImageIO.framework/Versions/A/Resources/libPng.dylib
0x000000000cea3000 	/System/Library/Frameworks/ImageIO.framework/Versions/A/Resources/libGIF.dylib
0x000000000cea3000 	/System/Library/Frameworks/ImageIO.framework/Versions/A/Resources/libJP2.dylib
0x000000000cea3000 	/System/Library/Frameworks/ImageIO.framework/Versions/A/Resources/libRadiance.dylib
0x000000000cea3000 	/System/Library/Frameworks/CoreVideo.framework/Versions/A/CoreVideo
0x000000000cea3000 	/System/Library/Frameworks/OpenGL.framework/Versions/A/Libraries/libGLU.dylib
0x000000000cea3000 	/System/Library/Frameworks/OpenGL.framework/Versions/A/Libraries/libGFXShared.dylib
0x000000000cea3000 	/System/Library/Frameworks/OpenGL.framework/Versions/A/Libraries/libGL.dylib
0x000000000cea3000 	/System/Library/Frameworks/OpenGL.framework/Versions/A/Libraries/libGLImage.dylib
0x000000000cea3000 	/System/Library/Frameworks/OpenGL.framework/Versions/A/Libraries/libCVMSPluginSupport.dylib
0x000000000cea3000 	/System/Library/Frameworks/OpenGL.framework/Versions/A/Libraries/libCoreVMClient.dylib
0x000000000cea3000 	/usr/lib/libcups.2.dylib
0x000000000cea3000 	/System/Library/Frameworks/Kerberos.framework/Versions/A/Kerberos
0x000000000cea3000 	/System/Library/Frameworks/GSS.framework/Versions/A/GSS
0x000000000cea3000 	/usr/lib/libresolv.9.dylib
0x000000000cea3000 	/usr/lib/libiconv.2.dylib
0x000000000cea3000 	/System/Library/PrivateFrameworks/Heimdal.framework/Versions/A/Heimdal
0x000000000cea3000 	/usr/lib/libheimdal-asn1.dylib
0x000000000cea3000 	/System/Library/Frameworks/OpenDirectory.framework/Versions/A/OpenDirectory
0x000000000cea3000 	/System/Library/PrivateFrameworks/CommonAuth.framework/Versions/A/CommonAuth
0x000000000cea3000 	/System/Library/Frameworks/OpenDirectory.framework/Versions/A/Frameworks/CFOpenDirectory.framework/Versions/A/CFOpenDirectory
0x000000000cea3000 	/System/Library/Frameworks/SecurityFoundation.framework/Versions/A/SecurityFoundation
0x000000000cea3000 	/System/Library/PrivateFrameworks/LanguageModeling.framework/Versions/A/LanguageModeling
0x000000000cea3000 	/usr/lib/libcmph.dylib
0x000000000cea3000 	/System/Library/Frameworks/ServiceManagement.framework/Versions/A/ServiceManagement
0x000000000cea3000 	/usr/lib/libxslt.1.dylib
0x000000000cea3000 	/System/Library/Frameworks/Carbon.framework/Versions/A/Frameworks/Ink.framework/Versions/A/Ink
0x000000000cea3000 	/System/Library/Frameworks/QuartzCore.framework/Versions/A/Frameworks/CoreImage.framework/Versions/A/CoreImage
0x000000000cea3000 	/System/Library/PrivateFrameworks/CrashReporterSupport.framework/Versions/A/CrashReporterSupport
0x000000000cea3000 	/System/Library/Frameworks/OpenCL.framework/Versions/A/OpenCL
0x000000000cea3000 	/System/Library/PrivateFrameworks/FaceCore.framework/Versions/A/FaceCore
0x000000000cea3000 	/System/Library/PrivateFrameworks/Ubiquity.framework/Versions/A/Ubiquity
0x000000000cea3000 	/System/Library/PrivateFrameworks/IconServices.framework/Versions/A/IconServices
0x000000000cea3000 	/System/Library/PrivateFrameworks/ChunkingLibrary.framework/Versions/A/ChunkingLibrary
0x000000000cea3000 	/System/Library/PrivateFrameworks/Apple80211.framework/Versions/A/Apple80211
0x000000000cea3000 	/System/Library/Frameworks/CoreWLAN.framework/Versions/A/CoreWLAN
0x000000000cea3000 	/System/Library/Frameworks/IOBluetooth.framework/Versions/A/IOBluetooth
0x000000000cea3000 	/System/Library/PrivateFrameworks/CoreWiFi.framework/Versions/A/CoreWiFi
0x000000000cea3000 	/System/Library/Frameworks/CoreBluetooth.framework/Versions/A/CoreBluetooth
0x000000000cea3000 	/System/Library/PrivateFrameworks/DebugSymbols.framework/Versions/A/DebugSymbols
0x000000000cea3000 	/System/Library/PrivateFrameworks/CoreSymbolication.framework/Versions/A/CoreSymbolication
0x000000000cea3000 	/System/Library/PrivateFrameworks/Symbolication.framework/Versions/A/Symbolication
0x000000000cea3000 	/System/Library/PrivateFrameworks/SpeechRecognitionCore.framework/Versions/A/SpeechRecognitionCore
0x0000000101c00000 	/Library/Java/JavaVirtualMachines/jdk1.8.0_31.jdk/Contents/Home/jre/lib/server/libjvm.dylib
0x000000000cea3000 	/usr/lib/libstdc++.6.dylib
0x0000000101338000 	/Library/Java/JavaVirtualMachines/jdk1.8.0_31.jdk/Contents/Home/jre/lib/libverify.dylib
0x0000000101346000 	/Library/Java/JavaVirtualMachines/jdk1.8.0_31.jdk/Contents/Home/jre/lib/libjava.dylib
0x0000000101384000 	/Library/Java/JavaVirtualMachines/jdk1.8.0_31.jdk/Contents/Home/jre/lib/libzip.dylib
0x00000001166d2000 	/System/Library/Frameworks/JavaVM.framework/Frameworks/JavaRuntimeSupport.framework/JavaRuntimeSupport
0x00000001013ea000 	/System/Library/Frameworks/JavaVM.framework/Versions/A/Frameworks/JavaNativeFoundation.framework/Versions/A/JavaNativeFoundation
0x00000001166ea000 	/System/Library/Frameworks/JavaVM.framework/Versions/A/JavaVM
0x000000000cea3000 	/System/Library/Frameworks/Carbon.framework/Versions/A/Carbon
0x00000001166f7000 	/System/Library/PrivateFrameworks/JavaLaunching.framework/Versions/A/JavaLaunching
0x000000000cea3000 	/System/Library/Frameworks/Carbon.framework/Versions/A/Frameworks/CommonPanels.framework/Versions/A/CommonPanels
0x000000000cea3000 	/System/Library/Frameworks/Carbon.framework/Versions/A/Frameworks/Help.framework/Versions/A/Help
0x000000000cea3000 	/System/Library/Frameworks/Carbon.framework/Versions/A/Frameworks/ImageCapture.framework/Versions/A/ImageCapture
0x000000000cea3000 	/System/Library/Frameworks/Carbon.framework/Versions/A/Frameworks/OpenScripting.framework/Versions/A/OpenScripting
0x000000000cea3000 	/System/Library/Frameworks/Carbon.framework/Versions/A/Frameworks/Print.framework/Versions/A/Print
0x000000000cea3000 	/System/Library/Frameworks/Carbon.framework/Versions/A/Frameworks/SecurityHI.framework/Versions/A/SecurityHI
0x00000001187bb000 	/Library/Java/JavaVirtualMachines/jdk1.8.0_31.jdk/Contents/Home/jre/lib/libprism_es2.dylib
0x000000000cea3000 	/System/Library/Frameworks/OpenGL.framework/Versions/A/Resources/GLEngine.bundle/GLEngine
0x000000000cea3000 	/System/Library/Frameworks/OpenGL.framework/Versions/A/Libraries/libGLProgrammability.dylib
0x0000000000000000 	/System/Library/Extensions/AppleIntelHD5000GraphicsGLDriver.bundle/Contents/MacOS/AppleIntelHD5000GraphicsGLDriver
0x000000000cea3000 	/System/Library/PrivateFrameworks/IOAccelerator.framework/Versions/A/IOAccelerator
0x000000000cea3000 	/System/Library/PrivateFrameworks/GPUSupport.framework/Versions/A/Libraries/libGPUSupportMercury.dylib
0x000000000cea3000 	/System/Library/Frameworks/OpenGL.framework/Versions/A/Resources/GLRendererFloat.bundle/GLRendererFloat
0x000000000cea3000 	/System/Library/Frameworks/OpenCL.framework/Versions/A/Libraries/libcldcpuengine.dylib
0x000000000cea3000 	/System/Library/PrivateFrameworks/DiskImages.framework/Versions/A/DiskImages
0x000000000cea3000 	/System/Library/Frameworks/DiscRecording.framework/Versions/A/DiscRecording
0x000000000cea3000 	/usr/lib/libcsfde.dylib
0x000000000cea3000 	/usr/lib/libcurl.4.dylib
0x000000000cea3000 	/System/Library/PrivateFrameworks/MediaKit.framework/Versions/A/MediaKit
0x000000000cea3000 	/System/Library/PrivateFrameworks/ProtectedCloudStorage.framework/Versions/A/ProtectedCloudStorage
0x000000000cea3000 	/usr/lib/libCoreStorage.dylib
0x000000000cea3000 	/System/Library/PrivateFrameworks/EFILogin.framework/Versions/A/EFILogin
0x000000000cea3000 	/usr/lib/libutil.dylib
0x000000000cea3000 	/System/Library/PrivateFrameworks/FindMyDevice.framework/Versions/A/FindMyDevice
0x000000000cea3000 	/System/Library/Frameworks/LDAP.framework/Versions/A/LDAP
0x000000000cea3000 	/usr/lib/libsasl2.2.dylib
0x000000000cea3000 	/System/Library/PrivateFrameworks/CoreDaemon.framework/Versions/B/CoreDaemon
0x000000000cea3000 	/usr/lib/libcrypto.0.9.8.dylib
0x000000000cea3000 	/System/Library/PrivateFrameworks/AppleSRP.framework/Versions/A/AppleSRP
0x000000000cea3000 	/System/Library/PrivateFrameworks/TrustEvaluationAgent.framework/Versions/A/TrustEvaluationAgent
0x0000000118c6c000 	/Library/Java/JavaVirtualMachines/jdk1.8.0_31.jdk/Contents/Home/jre/lib/libglass.dylib
0x000000000cea3000 	/System/Library/PrivateFrameworks/CoreServicesInternal.framework/Versions/A/CoreServicesInternal
0x000000000cea3000 	/System/Library/PrivateFrameworks/CloudDocs.framework/Versions/A/CloudDocs
0x000000000cea3000 	/System/Library/PrivateFrameworks/CoreDuet.framework/Versions/A/CoreDuet
0x000000000cea3000 	/System/Library/Frameworks/CloudKit.framework/Versions/A/CloudKit
0x000000000cea3000 	/System/Library/PrivateFrameworks/ProtocolBuffer.framework/Versions/A/ProtocolBuffer
0x000000000cea3000 	/System/Library/PrivateFrameworks/CoreDuetDaemonProtocol.framework/Versions/A/CoreDuetDaemonProtocol
0x000000000cea3000 	/System/Library/PrivateFrameworks/CoreDuetDebugLogging.framework/Versions/A/CoreDuetDebugLogging
0x000000000cea3000 	/System/Library/PrivateFrameworks/MMCS.framework/Versions/A/MMCS
0x000000000cea3000 	/System/Library/Frameworks/CoreLocation.framework/Versions/A/CoreLocation
0x000000000cea3000 	/System/Library/PrivateFrameworks/GeoServices.framework/Versions/A/GeoServices
0x000000000cea3000 	/System/Library/Frameworks/CoreGraphics.framework/Versions/A/Resources/libCGCMS.A.dylib
0x000000011a3a8000 	/System/Library/CoreServices/RawCamera.bundle/Contents/MacOS/RawCamera
0x000000000cea3000 	/System/Library/Frameworks/CoreGraphics.framework/Versions/A/Resources/libRIP.A.dylib
0x000000000cea3000 	/System/Library/PrivateFrameworks/FamilyControls.framework/Versions/A/FamilyControls
0x000000000cea3000 	/System/Library/PrivateFrameworks/CommerceKit.framework/Versions/A/Frameworks/CommerceCore.framework/Versions/A/CommerceCore
0x000000000cea3000 	/System/Library/PrivateFrameworks/SystemAdministration.framework/Versions/A/SystemAdministration
0x000000000cea3000 	/System/Library/PrivateFrameworks/AppContainer.framework/Versions/A/AppContainer
0x000000000cea3000 	/System/Library/PrivateFrameworks/SecCodeWrapper.framework/Versions/A/SecCodeWrapper
0x000000000cea3000 	/System/Library/Frameworks/DirectoryService.framework/Versions/A/DirectoryService
0x000000000cea3000 	/System/Library/PrivateFrameworks/LoginUIKit.framework/Versions/A/Frameworks/LoginUICore.framework/Versions/A/LoginUICore
0x000000000cea3000 	/usr/lib/libodfde.dylib
0x000000011c6a4000 	/Library/Java/JavaVirtualMachines/jdk1.8.0_31.jdk/Contents/Home/jre/lib/libjavafx_font.dylib
0x000000000cea3000 	/System/Library/Frameworks/CoreGraphics.framework/Versions/A/Resources/libCGXType.A.dylib
0x000000011c90f000 	cl_kernels
0x000000011fb1f000 	/System/Library/Frameworks/OpenCL.framework/Versions/A/Libraries/ImageFormats/unorm8_bgra.dylib
0x000000011c914000 	cl_kernels
0x000000011fc6a000 	/Library/Java/JavaVirtualMachines/jdk1.8.0_31.jdk/Contents/Home/jre/lib/libprism_common.dylib

VM Arguments:
jvm_args: -Dfile.encoding=UTF-8 
java_command: gui.stevePane.Main
java_class_path (initial): /Users/Douglas/Workspace/steve/bin:/Users/Douglas/Applications/Eclipse Luna/plugins/org.eclipse.fx.ide.css.jfx8_1.1.0.201411050807.jar:/Users/Douglas/Workspace/steve/libraries/SLF4J/slf4j-api-1.7.5.jar:/Users/Douglas/Workspace/steve/libraries/SLF4J/slf4j-simple-1.7.5.jar:/Users/Douglas/Workspace/steve/libraries/Xuggle/xuggle-xuggler-5.4.jar:/Users/Douglas/Workspace/aNa/bin:/Users/Douglas/Workspace/aNa/libraries/junit-4.11.jar:/Users/Douglas/Workspace/steve/libraries/JGraph/jgraph.jar:/Users/Douglas/Workspace/steve/libraries/JGraphT/jgrapht-jdk1.6.jar
Launcher Type: SUN_STANDARD

Environment Variables:
PATH=/usr/bin:/bin:/usr/sbin:/sbin
SHELL=/bin/bash

Signal Handlers:
SIGSEGV: [libjvm.dylib+0x57a0e7], sa_mask[0]=11111111011111110111111111111111, sa_flags=SA_ONSTACK|SA_RESTART|SA_SIGINFO
SIGBUS: [libjvm.dylib+0x57a0e7], sa_mask[0]=11111111011111110111111111111111, sa_flags=SA_RESTART|SA_SIGINFO
SIGFPE: [libjvm.dylib+0x45af24], sa_mask[0]=11111111011111110111111111111111, sa_flags=SA_RESTART|SA_SIGINFO
SIGPIPE: [libjvm.dylib+0x45af24], sa_mask[0]=11111111011111110111111111111111, sa_flags=SA_RESTART|SA_SIGINFO
SIGXFSZ: [libjvm.dylib+0x45af24], sa_mask[0]=11111111011111110111111111111111, sa_flags=SA_RESTART|SA_SIGINFO
SIGILL: [libjvm.dylib+0x45af24], sa_mask[0]=11111111011111110111111111111111, sa_flags=SA_RESTART|SA_SIGINFO
SIGUSR1: SIG_DFL, sa_mask[0]=00000000000000000000000000000000, sa_flags=none
SIGUSR2: [libjvm.dylib+0x45aa42], sa_mask[0]=00100000000000000000000000000000, sa_flags=SA_RESTART|SA_SIGINFO
SIGHUP: [libjvm.dylib+0x459015], sa_mask[0]=11111111011111110111111111111111, sa_flags=SA_RESTART|SA_SIGINFO
SIGINT: [libjvm.dylib+0x459015], sa_mask[0]=11111111011111110111111111111111, sa_flags=SA_RESTART|SA_SIGINFO
SIGTERM: [libjvm.dylib+0x459015], sa_mask[0]=11111111011111110111111111111111, sa_flags=SA_RESTART|SA_SIGINFO
SIGQUIT: [libjvm.dylib+0x459015], sa_mask[0]=11111111011111110111111111111111, sa_flags=SA_RESTART|SA_SIGINFO


---------------  S Y S T E M  ---------------

OS:Bsduname:Darwin 14.3.0 Darwin Kernel Version 14.3.0: Mon Mar 23 11:59:05 PDT 2015; root:xnu-2782.20.48~5/RELEASE_X86_64 x86_64
rlimit: STACK 8192k, CORE 0k, NPROC 709, NOFILE 10240, AS infinity
load average:1.50 1.73 1.86

CPU:total 4 (2 cores per cpu, 2 threads per core) family 6 model 69 stepping 1, cmov, cx8, fxsr, mmx, sse, sse2, sse3, ssse3, sse4.1, sse4.2, popcnt, avx, avx2, aes, clmul, erms, lzcnt, ht, tsc, tscinvbit, bmi1, bmi2

Memory: 4k page, physical 4194304k(143476k free)

/proc/meminfo:


vm_info: Java HotSpot(TM) 64-Bit Server VM (25.31-b07) for bsd-amd64 JRE (1.8.0_31-b13), built on Dec 17 2014 20:45:36 by "java_re" with gcc 4.2.1 (Based on Apple Inc. build 5658) (LLVM build 2336.11.00)

time: Sun May 24 22:25:33 2015
elapsed time: 58 seconds (0d 0h 0m 58s)

