#
# A fatal error has been detected by the Java Runtime Environment:
#
#  SIGSEGV (0xb) at pc=0x00000001a6a573fd, pid=4139, tid=1811
#
# JRE version: Java(TM) SE Runtime Environment (8.0_31-b13) (build 1.8.0_31-b13)
# Java VM: Java HotSpot(TM) 64-Bit Server VM (25.31-b07 mixed mode bsd-amd64 compressed oops)
# Problematic frame:
# C  [libglass.dylib+0x163fd]  GlassScreenDidChangeScreenParameters+0x9d
#
# Failed to write core dump. Core dumps have been disabled. To enable core dumping, try "ulimit -c unlimited" before starting Java again
#
# If you would like to submit a bug report, please visit:
#   http://bugreport.java.com/bugreport/crash.jsp
#

---------------  T H R E A D  ---------------

Current thread is native thread

siginfo: si_signo: 11 (SIGSEGV), si_code: 1 (SEGV_MAPERR), si_addr: 0x0000000000000000

Registers:
RAX=0x00000001a6a89e40, RBX=0x0000000000000000, RCX=0x8d0040131bdfde84, RDX=0x00007fa341e3bd90
RSP=0x00007fff512a2fd0, RBP=0x00007fff512a2fe0, RSI=0x00007fa341d07bf0, RDI=0x0000000000000000
R8 =0x00007fff512a2e80, R9 =0x00007fff78be0300, R10=0x0000000000000000, R11=0x0000000000000246
R12=0x00007fa341c19f90, R13=0x00000000000f4268, R14=0x00007fa341e3bca0, R15=0x00007fff512a3128
RIP=0x00000001a6a573fd, EFLAGS=0x0000000000010206, ERR=0x0000000000000004
  TRAPNO=0x000000000000000e

Top of Stack: (sp=0x00007fff512a2fd0)
0x00007fff512a2fd0:   00007fff512a31c8 00007fa341e3bca0
0x00007fff512a2fe0:   00007fff512a2ff0 00007fff8e2eacdc
0x00007fff512a2ff0:   00007fff512a3350 00007fff8e1dc244
0x00007fff512a3000:   00007fff78c058e4 00007fff78c058e8
0x00007fff512a3010:   0000000000000013 0000000000000000
0x00007fff512a3020:   00000000000f429c 0000000000000378
0x00007fff512a3030:   0000000000000000 00007fa341e3bca0
0x00007fff512a3040:   0000000000000000 00007fff512a3120
0x00007fff512a3050:   0000000000000000 00007fa341e3bc60
0x00007fff512a3060:   00007fff512a31a0 0000000000000025
0x00007fff512a3070:   00000000000f42b7 00007fa341e86a60
0x00007fff512a3080:   00007fa341f59940 00007fa341c19f90
0x00007fff512a3090:   0000000000000001 00000000000f4268
0x00007fff512a30a0:   00007fa341c19f80 000000010e974000
0x00007fff512a30b0:   00007fff512a3150 00007fff8bd454ff
0x00007fff512a30c0:   00007fa341e7fc80 00007fa341e7fd50
0x00007fff512a30d0:   000000010e974000 000000010e974000
0x00007fff512a30e0:   00007fff512a3180 00007fff8bd454ff
0x00007fff512a30f0:   00007fa341efc080 0000000000000001
0x00007fff512a3100:   0000790341c19fb4 00007fa341c19fb4
0x00007fff512a3110:   0000000000000000 00007fff9413d64f
0x00007fff512a3120:   00007fa34422a0c0 00007fa341e3bca0
0x00007fff512a3130:   0000000300000003 0000000000000000
0x00007fff512a3140:   00007fff512a31bc 00007fff512a31c0
0x00007fff512a3150:   000000010e977a00 0000000000000004
0x00007fff512a3160:   000000010e974000 00007fa341e35134
0x00007fff512a3170:   0000000000000003 000000010e979800
0x00007fff512a3180:   00007fff512a3270 00007fff8bd422a2
0x00007fff512a3190:   009ffffffffff899 000000000001197b
0x00007fff512a31a0:   0000000000000014 0000000000000000
0x00007fff512a31b0:   00000000000f429d 0000000000000017
0x00007fff512a31c0:   0000000000000000 00000000000f4268 

Instructions: (pc=0x00000001a6a573fd)
0x00000001a6a573dd:   89 df 4c 89 f1 41 ff 90 68 04 00 00 48 8d 05 58
0x00000001a6a573ed:   29 03 00 48 8b 30 48 8d 05 46 2a 03 00 48 8b 10
0x00000001a6a573fd:   48 8b 0b 30 c0 48 89 df ff 91 68 04 00 00 48 8b
0x00000001a6a5740d:   03 48 89 df ff 50 78 48 85 c0 74 36 49 89 c6 48 

Register to memory mapping:

RAX=0x00000001a6a89e40: jScreenNotifySettingsChanged+0 in /Library/Java/JavaVirtualMachines/jdk1.8.0_31.jdk/Contents/Home/jre/lib/libglass.dylib at 0x00000001a6a41000
RBX=0x0000000000000000 is an unknown value
RCX=0x8d0040131bdfde84 is an unknown value
RDX=0x00007fa341e3bd90 is an unknown value
RSP=0x00007fff512a2fd0 is an unknown value
RBP=0x00007fff512a2fe0 is an unknown value
RSI=0x00007fa341d07bf0 is a global jni handle
RDI=0x0000000000000000 is an unknown value
R8 =0x00007fff512a2e80 is an unknown value
R9 =0x00007fff78be0300: _thread+0 in /usr/lib/system/libsystem_pthread.dylib at 0x00007fff95183000
R10=0x0000000000000000 is an unknown value
R11=0x0000000000000246 is an unknown value
R12=0x00007fa341c19f90 is an unknown value
R13=0x00000000000f4268 is an unknown value
R14=0x00007fa341e3bca0 is an unknown value
R15=0x00007fff512a3128 is an unknown value


Stack: [0x00007fff50aa6000,0x00007fff512a6000],  sp=0x00007fff512a2fd0,  free space=8179k
Native frames: (J=compiled Java code, j=interpreted, Vv=VM code, C=native code)
C  [libglass.dylib+0x163fd]  GlassScreenDidChangeScreenParameters+0x9d
C  [CoreFoundation+0x11ecdc]  __CFNOTIFICATIONCENTER_IS_CALLING_OUT_TO_AN_OBSERVER__+0xc
C  [CoreFoundation+0x10244]  _CFXNotificationPost+0xc44
C  [Foundation+0x2c31]  -[NSNotificationCenter postNotificationName:object:userInfo:]+0x42
C  [AppKit+0x36305e]  -[NSApplication _reactToScreenInvalidationImmediately:]+0x17b
C  [AppKit+0x362e9d]  __44-[NSApplication _reactToScreenInvalidation:]_block_invoke+0x4b
C  [CoreFoundation+0x8056c]  __CFRUNLOOP_IS_CALLING_OUT_TO_A_BLOCK__+0xc
C  [CoreFoundation+0x72675]  __CFRunLoopDoBlocks+0x155
C  [CoreFoundation+0x721b6]  __CFRunLoopRun+0x716
C  [CoreFoundation+0x71858]  CFRunLoopRunSpecific+0x128
C  [java+0x56cc]  CreateExecutionEnvironment+0x367
C  [java+0x165c]  JLI_Launch+0x7a0
C  [java+0x768a]  main+0x65
C  [java+0xeb4]  start+0x34


---------------  P R O C E S S  ---------------

VM state:not at safepoint (normal execution)

VM Mutex/Monitor currently owned by a thread: None

Heap:
 PSYoungGen      total 344064K, used 55914K [0x000000014a500000, 0x000000015fa00000, 0x000000015fa00000)
  eden space 338944K, 15% used [0x000000014a500000,0x000000014d85f460,0x000000015f000000)
  from space 5120K, 64% used [0x000000015f000000,0x000000015f33b650,0x000000015f500000)
  to   space 5120K, 0% used [0x000000015f500000,0x000000015f500000,0x000000015fa00000)
 ParOldGen       total 75264K, used 54676K [0x000000011fa00000, 0x0000000124380000, 0x000000014a500000)
  object space 75264K, 72% used [0x000000011fa00000,0x0000000122f652f0,0x0000000124380000)
 Metaspace       used 17756K, capacity 18302K, committed 18432K, reserved 1064960K
  class space    used 2409K, capacity 2539K, committed 2560K, reserved 1048576K

Card table byte_map: [0x000000015fa00000,0x000000015fc01000] byte_map_base: 0x000000015f103000

Marking Bits: (ParMarkBitMap*) 0x000000010fc9e410
 Begin Bits: [0x0000000160060000, 0x0000000161060000)
 End Bits:   [0x0000000161060000, 0x0000000162060000)

Polling page: 0x000000010ebb4000

CodeCache: size=245760Kb used=5369Kb max_used=5393Kb free=240390Kb
 bounds [0x0000000110335000, 0x0000000110885000, 0x000000011f335000]
 total_blobs=2188 nmethods=1548 adapters=562
 compilation: enabled

Compilation events (10 events):
Event: 37.461 Thread 0x00007fa343849800 1573       3       java.lang.invoke.MemberName::isField (7 bytes)
Event: 37.461 Thread 0x00007fa343849800 nmethod 1573 0x00000001104ec0d0 code [0x00000001104ec240, 0x00000001104ec4b0]
Event: 37.480 Thread 0x00007fa343849800 1574       3       java.lang.invoke.MethodHandleNatives::isCallerSensitive (29 bytes)
Event: 37.480 Thread 0x00007fa343849800 nmethod 1574 0x00000001104bf150 code [0x00000001104bf300, 0x00000001104bf9a8]
Event: 37.480 Thread 0x00007fa343849800 1575       3       java.lang.invoke.MethodHandleNatives::canBeCalledVirtual (132 bytes)
Event: 37.481 Thread 0x00007fa343849800 nmethod 1575 0x0000000110879810 code [0x0000000110879a00, 0x000000011087a358]
Event: 37.740 Thread 0x00007fa342816800 1576       4       jdk.internal.org.objectweb.asm.Type::getArgumentsAndReturnSizes (151 bytes)
Event: 37.742 Thread 0x00007fa343849800 1577       3       java.lang.StringBuilder::<init> (6 bytes)
Event: 37.742 Thread 0x00007fa343849800 nmethod 1577 0x00000001104bec10 code [0x00000001104bed80, 0x00000001104bf030]
Event: 37.753 Thread 0x00007fa342816800 nmethod 1576 0x0000000110878d90 code [0x0000000110878f20, 0x00000001108793d8]

GC Heap History (10 events):
Event: 12.760 GC heap before
{Heap before GC invocations=22 (full 3):
 PSYoungGen      total 344064K, used 3229K [0x000000014a500000, 0x000000015fa00000, 0x000000015fa00000)
  eden space 338944K, 0% used [0x000000014a500000,0x000000014a500000,0x000000015f000000)
  from space 5120K, 63% used [0x000000015f000000,0x000000015f327640,0x000000015f500000)
  to   space 5120K, 0% used [0x000000015f500000,0x000000015f500000,0x000000015fa00000)
 ParOldGen       total 64512K, used 54688K [0x000000011fa00000, 0x0000000123900000, 0x000000014a500000)
  object space 64512K, 84% used [0x000000011fa00000,0x0000000122f68218,0x0000000123900000)
 Metaspace       used 17155K, capacity 17564K, committed 17792K, reserved 1064960K
  class space    used 2312K, capacity 2428K, committed 2432K, reserved 1048576K
Event: 12.810 GC heap after
Heap after GC invocations=22 (full 3):
 PSYoungGen      total 344064K, used 0K [0x000000014a500000, 0x000000015fa00000, 0x000000015fa00000)
  eden space 338944K, 0% used [0x000000014a500000,0x000000014a500000,0x000000015f000000)
  from space 5120K, 0% used [0x000000015f000000,0x000000015f000000,0x000000015f500000)
  to   space 5120K, 0% used [0x000000015f500000,0x000000015f500000,0x000000015fa00000)
 ParOldGen       total 75264K, used 21247K [0x000000011fa00000, 0x0000000124380000, 0x000000014a500000)
  object space 75264K, 28% used [0x000000011fa00000,0x0000000120ebff30,0x0000000124380000)
 Metaspace       used 17155K, capacity 17564K, committed 17792K, reserved 1064960K
  class space    used 2312K, capacity 2428K, committed 2432K, reserved 1048576K
}
Event: 13.693 GC heap before
{Heap before GC invocations=23 (full 3):
 PSYoungGen      total 344064K, used 335139K [0x000000014a500000, 0x000000015fa00000, 0x000000015fa00000)
  eden space 338944K, 98% used [0x000000014a500000,0x000000015ec48ea8,0x000000015f000000)
  from space 5120K, 0% used [0x000000015f000000,0x000000015f000000,0x000000015f500000)
  to   space 5120K, 0% used [0x000000015f500000,0x000000015f500000,0x000000015fa00000)
 ParOldGen       total 75264K, used 21247K [0x000000011fa00000, 0x0000000124380000, 0x000000014a500000)
  object space 75264K, 28% used [0x000000011fa00000,0x0000000120ebff30,0x0000000124380000)
 Metaspace       used 17157K, capacity 17564K, committed 17792K, reserved 1064960K
  class space    used 2312K, capacity 2428K, committed 2432K, reserved 1048576K
Event: 13.695 GC heap after
Heap after GC invocations=23 (full 3):
 PSYoungGen      total 344064K, used 3165K [0x000000014a500000, 0x000000015fa00000, 0x000000015fa00000)
  eden space 338944K, 0% used [0x000000014a500000,0x000000014a500000,0x000000015f000000)
  from space 5120K, 61% used [0x000000015f500000,0x000000015f817640,0x000000015fa00000)
  to   space 5120K, 0% used [0x000000015f000000,0x000000015f000000,0x000000015f500000)
 ParOldGen       total 75264K, used 24293K [0x000000011fa00000, 0x0000000124380000, 0x000000014a500000)
  object space 75264K, 32% used [0x000000011fa00000,0x00000001211b9570,0x0000000124380000)
 Metaspace       used 17157K, capacity 17564K, committed 17792K, reserved 1064960K
  class space    used 2312K, capacity 2428K, committed 2432K, reserved 1048576K
}
Event: 14.541 GC heap before
{Heap before GC invocations=24 (full 3):
 PSYoungGen      total 344064K, used 337400K [0x000000014a500000, 0x000000015fa00000, 0x000000015fa00000)
  eden space 338944K, 98% used [0x000000014a500000,0x000000015eb66b18,0x000000015f000000)
  from space 5120K, 61% used [0x000000015f500000,0x000000015f817640,0x000000015fa00000)
  to   space 5120K, 0% used [0x000000015f000000,0x000000015f000000,0x000000015f500000)
 ParOldGen       total 75264K, used 24293K [0x000000011fa00000, 0x0000000124380000, 0x000000014a500000)
  object space 75264K, 32% used [0x000000011fa00000,0x00000001211b9570,0x0000000124380000)
 Metaspace       used 17158K, capacity 17564K, committed 17792K, reserved 1064960K
  class space    used 2312K, capacity 2428K, committed 2432K, reserved 1048576K
Event: 14.545 GC heap after
Heap after GC invocations=24 (full 3):
 PSYoungGen      total 344064K, used 3229K [0x000000014a500000, 0x000000015fa00000, 0x000000015fa00000)
  eden space 338944K, 0% used [0x000000014a500000,0x000000014a500000,0x000000015f000000)
  from space 5120K, 63% used [0x000000015f000000,0x000000015f327640,0x000000015f500000)
  to   space 5120K, 0% used [0x000000015f500000,0x000000015f500000,0x000000015fa00000)
 ParOldGen       total 75264K, used 39481K [0x000000011fa00000, 0x0000000124380000, 0x000000014a500000)
  object space 75264K, 52% used [0x000000011fa00000,0x000000012208e430,0x0000000124380000)
 Metaspace       used 17158K, capacity 17564K, committed 17792K, reserved 1064960K
  class space    used 2312K, capacity 2428K, committed 2432K, reserved 1048576K
}
Event: 15.341 GC heap before
{Heap before GC invocations=25 (full 3):
 PSYoungGen      total 344064K, used 339336K [0x000000014a500000, 0x000000015fa00000, 0x000000015fa00000)
  eden space 338944K, 99% used [0x000000014a500000,0x000000015ed3aa88,0x000000015f000000)
  from space 5120K, 63% used [0x000000015f000000,0x000000015f327640,0x000000015f500000)
  to   space 5120K, 0% used [0x000000015f500000,0x000000015f500000,0x000000015fa00000)
 ParOldGen       total 75264K, used 39481K [0x000000011fa00000, 0x0000000124380000, 0x000000014a500000)
  object space 75264K, 52% used [0x000000011fa00000,0x000000012208e430,0x0000000124380000)
 Metaspace       used 17195K, capacity 17628K, committed 17792K, reserved 1064960K
  class space    used 2312K, capacity 2428K, committed 2432K, reserved 1048576K
Event: 15.343 GC heap after
Heap after GC invocations=25 (full 3):
 PSYoungGen      total 344064K, used 3261K [0x000000014a500000, 0x000000015fa00000, 0x000000015fa00000)
  eden space 338944K, 0% used [0x000000014a500000,0x000000014a500000,0x000000015f000000)
  from space 5120K, 63% used [0x000000015f500000,0x000000015f82f640,0x000000015fa00000)
  to   space 5120K, 0% used [0x000000015f000000,0x000000015f000000,0x000000015f500000)
 ParOldGen       total 75264K, used 42526K [0x000000011fa00000, 0x0000000124380000, 0x000000014a500000)
  object space 75264K, 56% used [0x000000011fa00000,0x0000000122387a70,0x0000000124380000)
 Metaspace       used 17195K, capacity 17628K, committed 17792K, reserved 1064960K
  class space    used 2312K, capacity 2428K, committed 2432K, reserved 1048576K
}
Event: 16.260 GC heap before
{Heap before GC invocations=26 (full 3):
 PSYoungGen      total 344064K, used 338929K [0x000000014a500000, 0x000000015fa00000, 0x000000015fa00000)
  eden space 338944K, 99% used [0x000000014a500000,0x000000015eccd178,0x000000015f000000)
  from space 5120K, 63% used [0x000000015f500000,0x000000015f82f640,0x000000015fa00000)
  to   space 5120K, 0% used [0x000000015f000000,0x000000015f000000,0x000000015f500000)
 ParOldGen       total 75264K, used 42526K [0x000000011fa00000, 0x0000000124380000, 0x000000014a500000)
  object space 75264K, 56% used [0x000000011fa00000,0x0000000122387a70,0x0000000124380000)
 Metaspace       used 17195K, capacity 17628K, committed 17792K, reserved 1064960K
  class space    used 2312K, capacity 2428K, committed 2432K, reserved 1048576K
Event: 16.263 GC heap after
Heap after GC invocations=26 (full 3):
 PSYoungGen      total 344064K, used 3309K [0x000000014a500000, 0x000000015fa00000, 0x000000015fa00000)
  eden space 338944K, 0% used [0x000000014a500000,0x000000014a500000,0x000000015f000000)
  from space 5120K, 64% used [0x000000015f000000,0x000000015f33b650,0x000000015f500000)
  to   space 5120K, 0% used [0x000000015f500000,0x000000015f500000,0x000000015fa00000)
 ParOldGen       total 75264K, used 54676K [0x000000011fa00000, 0x0000000124380000, 0x000000014a500000)
  object space 75264K, 72% used [0x000000011fa00000,0x0000000122f652f0,0x0000000124380000)
 Metaspace       used 17195K, capacity 17628K, committed 17792K, reserved 1064960K
  class space    used 2312K, capacity 2428K, committed 2432K, reserved 1048576K
}

Deoptimization events (10 events):
Event: 3.447 Thread 0x00007fa3438db000 Uncommon trap: reason=class_check action=maybe_recompile pc=0x000000011068dd88 method=java.io.FilterInputStream.read([BII)I @ 7
Event: 3.467 Thread 0x00007fa3438db000 Uncommon trap: reason=class_check action=maybe_recompile pc=0x000000011068dd88 method=java.io.FilterInputStream.read([BII)I @ 7
Event: 3.482 Thread 0x00007fa3438db000 Uncommon trap: reason=class_check action=maybe_recompile pc=0x000000011068dd88 method=java.io.FilterInputStream.read([BII)I @ 7
Event: 3.486 Thread 0x00007fa3438db000 Uncommon trap: reason=class_check action=maybe_recompile pc=0x000000011068dd88 method=java.io.FilterInputStream.read([BII)I @ 7
Event: 3.509 Thread 0x00007fa3438db000 Uncommon trap: reason=unreached action=reinterpret pc=0x0000000110656da0 method=java.util.HashMap.getNode(ILjava/lang/Object;)Ljava/util/HashMap$Node; @ 84
Event: 3.509 Thread 0x00007fa3438db000 Uncommon trap: reason=unreached action=reinterpret pc=0x0000000110657638 method=java.util.HashMap.getNode(ILjava/lang/Object;)Ljava/util/HashMap$Node; @ 84
Event: 3.584 Thread 0x00007fa3438db000 Uncommon trap: reason=class_check action=maybe_recompile pc=0x0000000110690d7c method=java.util.zip.InflaterInputStream.read([BII)I @ 100
Event: 3.615 Thread 0x00007fa3438db000 Uncommon trap: reason=class_check action=maybe_recompile pc=0x0000000110690d7c method=java.util.zip.InflaterInputStream.read([BII)I @ 100
Event: 3.616 Thread 0x00007fa3438db000 Uncommon trap: reason=class_check action=maybe_recompile pc=0x0000000110690d7c method=java.util.zip.InflaterInputStream.read([BII)I @ 100
Event: 3.618 Thread 0x00007fa3438db000 Uncommon trap: reason=class_check action=maybe_recompile pc=0x0000000110690d7c method=java.util.zip.InflaterInputStream.read([BII)I @ 100

Internal exceptions (10 events):
Event: 16.345 Thread 0x00007fa3438db000 Exception <a 'java/security/PrivilegedActionException'> (0x000000014af77f68) thrown at [/Users/java_re/workspace/8-2-build-macosx-x86_64/jdk8u31/2394/hotspot/src/share/vm/prims/jvm.cpp, line 1312]
Event: 16.584 Thread 0x00007fa3438db000 Exception <a 'java/security/PrivilegedActionException'> (0x000000014b145068) thrown at [/Users/java_re/workspace/8-2-build-macosx-x86_64/jdk8u31/2394/hotspot/src/share/vm/prims/jvm.cpp, line 1312]
Event: 16.586 Thread 0x00007fa3438db000 Exception <a 'java/security/PrivilegedActionException'> (0x000000014b1474d0) thrown at [/Users/java_re/workspace/8-2-build-macosx-x86_64/jdk8u31/2394/hotspot/src/share/vm/prims/jvm.cpp, line 1312]
Event: 16.588 Thread 0x00007fa3438db000 Exception <a 'java/security/PrivilegedActionException'> (0x000000014b14b1f8) thrown at [/Users/java_re/workspace/8-2-build-macosx-x86_64/jdk8u31/2394/hotspot/src/share/vm/prims/jvm.cpp, line 1312]
Event: 16.590 Thread 0x00007fa3438db000 Exception <a 'java/security/PrivilegedActionException'> (0x000000014b14daa0) thrown at [/Users/java_re/workspace/8-2-build-macosx-x86_64/jdk8u31/2394/hotspot/src/share/vm/prims/jvm.cpp, line 1312]
Event: 16.592 Thread 0x00007fa3438db000 Exception <a 'java/security/PrivilegedActionException'> (0x000000014b151a68) thrown at [/Users/java_re/workspace/8-2-build-macosx-x86_64/jdk8u31/2394/hotspot/src/share/vm/prims/jvm.cpp, line 1312]
Event: 16.594 Thread 0x00007fa3438db000 Exception <a 'java/security/PrivilegedActionException'> (0x000000014b153ea8) thrown at [/Users/java_re/workspace/8-2-build-macosx-x86_64/jdk8u31/2394/hotspot/src/share/vm/prims/jvm.cpp, line 1312]
Event: 16.617 Thread 0x00007fa3438db000 Exception <a 'java/security/PrivilegedActionException'> (0x000000014cb0cbe8) thrown at [/Users/java_re/workspace/8-2-build-macosx-x86_64/jdk8u31/2394/hotspot/src/share/vm/prims/jvm.cpp, line 1312]
Event: 16.624 Thread 0x00007fa3438db000 Exception <a 'java/security/PrivilegedActionException'> (0x000000014cb28348) thrown at [/Users/java_re/workspace/8-2-build-macosx-x86_64/jdk8u31/2394/hotspot/src/share/vm/prims/jvm.cpp, line 1312]
Event: 16.626 Thread 0x00007fa3438db000 Exception <a 'java/security/PrivilegedActionException'> (0x000000014cb2b7c8) thrown at [/Users/java_re/workspace/8-2-build-macosx-x86_64/jdk8u31/2394/hotspot/src/share/vm/prims/jvm.cpp, line 1312]

Events (10 events):
Event: 39.392 Executing VM operation: GetOrSetLocal
Event: 39.392 Executing VM operation: GetOrSetLocal done
Event: 39.394 Executing VM operation: GetOrSetLocal
Event: 39.394 Executing VM operation: GetOrSetLocal done
Event: 39.395 Executing VM operation: GetOrSetLocal
Event: 39.395 Executing VM operation: GetOrSetLocal done
Event: 39.395 Executing VM operation: GetOrSetLocal
Event: 39.395 Executing VM operation: GetOrSetLocal done
Event: 42.452 Executing VM operation: GetOrSetLocal
Event: 42.452 Executing VM operation: GetOrSetLocal done


Dynamic libraries:
0x00000000067e6000 	/System/Library/Frameworks/Cocoa.framework/Versions/A/Cocoa
0x00000000067e6000 	/System/Library/Frameworks/Security.framework/Versions/A/Security
0x00000000067e6000 	/System/Library/Frameworks/ApplicationServices.framework/Versions/A/ApplicationServices
0x00000000067e6000 	/usr/lib/libz.1.dylib
0x00000000067e6000 	/usr/lib/libSystem.B.dylib
0x00000000067e6000 	/usr/lib/libobjc.A.dylib
0x00000000067e6000 	/System/Library/Frameworks/CoreFoundation.framework/Versions/A/CoreFoundation
0x00000000067e6000 	/System/Library/Frameworks/Foundation.framework/Versions/C/Foundation
0x00000000067e6000 	/System/Library/Frameworks/AppKit.framework/Versions/C/AppKit
0x00000000067e6000 	/System/Library/Frameworks/CoreData.framework/Versions/A/CoreData
0x00000000067e6000 	/System/Library/PrivateFrameworks/RemoteViewServices.framework/Versions/A/RemoteViewServices
0x00000000067e6000 	/System/Library/PrivateFrameworks/UIFoundation.framework/Versions/A/UIFoundation
0x00000000067e6000 	/System/Library/Frameworks/IOSurface.framework/Versions/A/IOSurface
0x00000000067e6000 	/System/Library/Frameworks/AudioToolbox.framework/Versions/A/AudioToolbox
0x00000000067e6000 	/System/Library/Frameworks/AudioUnit.framework/Versions/A/AudioUnit
0x00000000067e6000 	/System/Library/PrivateFrameworks/DataDetectorsCore.framework/Versions/A/DataDetectorsCore
0x00000000067e6000 	/System/Library/PrivateFrameworks/DesktopServicesPriv.framework/Versions/A/DesktopServicesPriv
0x00000000067e6000 	/System/Library/Frameworks/Carbon.framework/Versions/A/Frameworks/HIToolbox.framework/Versions/A/HIToolbox
0x00000000067e6000 	/System/Library/Frameworks/QuartzCore.framework/Versions/A/QuartzCore
0x00000000067e6000 	/System/Library/Frameworks/Carbon.framework/Versions/A/Frameworks/SpeechRecognition.framework/Versions/A/SpeechRecognition
0x00000000067e6000 	/usr/lib/libauto.dylib
0x00000000067e6000 	/usr/lib/libicucore.A.dylib
0x00000000067e6000 	/usr/lib/libxml2.2.dylib
0x00000000067e6000 	/System/Library/PrivateFrameworks/CoreUI.framework/Versions/A/CoreUI
0x00000000067e6000 	/System/Library/Frameworks/CoreAudio.framework/Versions/A/CoreAudio
0x00000000067e6000 	/System/Library/Frameworks/DiskArbitration.framework/Versions/A/DiskArbitration
0x00000000067e6000 	/usr/lib/liblangid.dylib
0x00000000067e6000 	/System/Library/PrivateFrameworks/MultitouchSupport.framework/Versions/A/MultitouchSupport
0x00000000067e6000 	/System/Library/Frameworks/IOKit.framework/Versions/A/IOKit
0x00000000067e6000 	/usr/lib/libDiagnosticMessagesClient.dylib
0x00000000067e6000 	/System/Library/Frameworks/CoreServices.framework/Versions/A/CoreServices
0x00000000067e6000 	/System/Library/PrivateFrameworks/PerformanceAnalysis.framework/Versions/A/PerformanceAnalysis
0x00000000067e6000 	/System/Library/PrivateFrameworks/GenerationalStorage.framework/Versions/A/GenerationalStorage
0x00000000067e6000 	/System/Library/Frameworks/OpenGL.framework/Versions/A/OpenGL
0x00000000067e6000 	/System/Library/PrivateFrameworks/Sharing.framework/Versions/A/Sharing
0x00000000067e6000 	/System/Library/Frameworks/CoreGraphics.framework/Versions/A/CoreGraphics
0x00000000067e6000 	/System/Library/Frameworks/CoreText.framework/Versions/A/CoreText
0x00000000067e6000 	/System/Library/Frameworks/ImageIO.framework/Versions/A/ImageIO
0x00000000067e6000 	/usr/lib/libextension.dylib
0x00000000067e6000 	/System/Library/PrivateFrameworks/Backup.framework/Versions/A/Backup
0x00000000067e6000 	/usr/lib/libarchive.2.dylib
0x00000000067e6000 	/System/Library/Frameworks/CFNetwork.framework/Versions/A/CFNetwork
0x00000000067e6000 	/System/Library/Frameworks/SystemConfiguration.framework/Versions/A/SystemConfiguration
0x00000000067e6000 	/usr/lib/libCRFSuite.dylib
0x00000000067e6000 	/usr/lib/libc++.1.dylib
0x00000000067e6000 	/usr/lib/libc++abi.dylib
0x00000000067e6000 	/usr/lib/system/libcache.dylib
0x00000000067e6000 	/usr/lib/system/libcommonCrypto.dylib
0x00000000067e6000 	/usr/lib/system/libcompiler_rt.dylib
0x00000000067e6000 	/usr/lib/system/libcopyfile.dylib
0x00000000067e6000 	/usr/lib/system/libcorecrypto.dylib
0x00000000067e6000 	/usr/lib/system/libdispatch.dylib
0x00000000067e6000 	/usr/lib/system/libdyld.dylib
0x00000000067e6000 	/usr/lib/system/libkeymgr.dylib
0x00000000067e6000 	/usr/lib/system/liblaunch.dylib
0x00000000067e6000 	/usr/lib/system/libmacho.dylib
0x00000000067e6000 	/usr/lib/system/libquarantine.dylib
0x00000000067e6000 	/usr/lib/system/libremovefile.dylib
0x00000000067e6000 	/usr/lib/system/libsystem_asl.dylib
0x00000000067e6000 	/usr/lib/system/libsystem_blocks.dylib
0x00000000067e6000 	/usr/lib/system/libsystem_c.dylib
0x00000000067e6000 	/usr/lib/system/libsystem_configuration.dylib
0x00000000067e6000 	/usr/lib/system/libsystem_coreservices.dylib
0x00000000067e6000 	/usr/lib/system/libsystem_coretls.dylib
0x00000000067e6000 	/usr/lib/system/libsystem_dnssd.dylib
0x00000000067e6000 	/usr/lib/system/libsystem_info.dylib
0x00000000067e6000 	/usr/lib/system/libsystem_kernel.dylib
0x00000000067e6000 	/usr/lib/system/libsystem_m.dylib
0x00000000067e6000 	/usr/lib/system/libsystem_malloc.dylib
0x00000000067e6000 	/usr/lib/system/libsystem_network.dylib
0x00000000067e6000 	/usr/lib/system/libsystem_networkextension.dylib
0x00000000067e6000 	/usr/lib/system/libsystem_notify.dylib
0x00000000067e6000 	/usr/lib/system/libsystem_platform.dylib
0x00000000067e6000 	/usr/lib/system/libsystem_pthread.dylib
0x00000000067e6000 	/usr/lib/system/libsystem_sandbox.dylib
0x00000000067e6000 	/usr/lib/system/libsystem_secinit.dylib
0x00000000067e6000 	/usr/lib/system/libsystem_stats.dylib
0x00000000067e6000 	/usr/lib/system/libsystem_trace.dylib
0x00000000067e6000 	/usr/lib/system/libunc.dylib
0x00000000067e6000 	/usr/lib/system/libunwind.dylib
0x00000000067e6000 	/usr/lib/system/libxpc.dylib
0x00000000067e6000 	/usr/lib/libbz2.1.0.dylib
0x00000000067e6000 	/usr/lib/liblzma.5.dylib
0x00000000067e6000 	/usr/lib/libbsm.0.dylib
0x00000000067e6000 	/usr/lib/libsqlite3.dylib
0x00000000067e6000 	/usr/lib/system/libkxld.dylib
0x00000000067e6000 	/usr/lib/libxar.1.dylib
0x00000000067e6000 	/usr/lib/libpam.2.dylib
0x00000000067e6000 	/usr/lib/libOpenScriptingUtil.dylib
0x00000000067e6000 	/System/Library/Frameworks/CoreServices.framework/Versions/A/Frameworks/FSEvents.framework/Versions/A/FSEvents
0x00000000067e6000 	/System/Library/Frameworks/CoreServices.framework/Versions/A/Frameworks/CarbonCore.framework/Versions/A/CarbonCore
0x00000000067e6000 	/System/Library/Frameworks/CoreServices.framework/Versions/A/Frameworks/Metadata.framework/Versions/A/Metadata
0x00000000067e6000 	/System/Library/Frameworks/CoreServices.framework/Versions/A/Frameworks/OSServices.framework/Versions/A/OSServices
0x00000000067e6000 	/System/Library/Frameworks/CoreServices.framework/Versions/A/Frameworks/SearchKit.framework/Versions/A/SearchKit
0x00000000067e6000 	/System/Library/Frameworks/CoreServices.framework/Versions/A/Frameworks/AE.framework/Versions/A/AE
0x00000000067e6000 	/System/Library/Frameworks/CoreServices.framework/Versions/A/Frameworks/LaunchServices.framework/Versions/A/LaunchServices
0x00000000067e6000 	/System/Library/Frameworks/CoreServices.framework/Versions/A/Frameworks/DictionaryServices.framework/Versions/A/DictionaryServices
0x00000000067e6000 	/System/Library/Frameworks/NetFS.framework/Versions/A/NetFS
0x00000000067e6000 	/System/Library/PrivateFrameworks/NetAuth.framework/Versions/A/NetAuth
0x00000000067e6000 	/System/Library/PrivateFrameworks/login.framework/Versions/A/Frameworks/loginsupport.framework/Versions/A/loginsupport
0x00000000067e6000 	/System/Library/PrivateFrameworks/TCC.framework/Versions/A/TCC
0x00000000067e6000 	/usr/lib/libmecabra.dylib
0x00000000067e6000 	/System/Library/Frameworks/ApplicationServices.framework/Versions/A/Frameworks/ATS.framework/Versions/A/ATS
0x00000000067e6000 	/System/Library/Frameworks/ApplicationServices.framework/Versions/A/Frameworks/ColorSync.framework/Versions/A/ColorSync
0x00000000067e6000 	/System/Library/Frameworks/ApplicationServices.framework/Versions/A/Frameworks/HIServices.framework/Versions/A/HIServices
0x00000000067e6000 	/System/Library/Frameworks/ApplicationServices.framework/Versions/A/Frameworks/LangAnalysis.framework/Versions/A/LangAnalysis
0x00000000067e6000 	/System/Library/Frameworks/ApplicationServices.framework/Versions/A/Frameworks/PrintCore.framework/Versions/A/PrintCore
0x00000000067e6000 	/System/Library/Frameworks/ApplicationServices.framework/Versions/A/Frameworks/QD.framework/Versions/A/QD
0x00000000067e6000 	/System/Library/Frameworks/ApplicationServices.framework/Versions/A/Frameworks/SpeechSynthesis.framework/Versions/A/SpeechSynthesis
0x00000000067e6000 	/System/Library/Frameworks/Accelerate.framework/Versions/A/Accelerate
0x00000000067e6000 	/System/Library/Frameworks/Accelerate.framework/Versions/A/Frameworks/vImage.framework/Versions/A/vImage
0x00000000067e6000 	/System/Library/Frameworks/Accelerate.framework/Versions/A/Frameworks/vecLib.framework/Versions/A/vecLib
0x00000000067e6000 	/System/Library/Frameworks/Accelerate.framework/Versions/A/Frameworks/vecLib.framework/Versions/A/libvDSP.dylib
0x00000000067e6000 	/System/Library/Frameworks/Accelerate.framework/Versions/A/Frameworks/vecLib.framework/Versions/A/libvMisc.dylib
0x00000000067e6000 	/System/Library/Frameworks/Accelerate.framework/Versions/A/Frameworks/vecLib.framework/Versions/A/libLAPACK.dylib
0x00000000067e6000 	/System/Library/Frameworks/Accelerate.framework/Versions/A/Frameworks/vecLib.framework/Versions/A/libBLAS.dylib
0x00000000067e6000 	/System/Library/Frameworks/Accelerate.framework/Versions/A/Frameworks/vecLib.framework/Versions/A/libLinearAlgebra.dylib
0x00000000067e6000 	/System/Library/Frameworks/ApplicationServices.framework/Versions/A/Frameworks/ATS.framework/Versions/A/Resources/libFontParser.dylib
0x00000000067e6000 	/System/Library/Frameworks/ApplicationServices.framework/Versions/A/Frameworks/ATS.framework/Versions/A/Resources/libFontRegistry.dylib
0x00000000067e6000 	/System/Library/PrivateFrameworks/AppleVPA.framework/Versions/A/AppleVPA
0x00000000067e6000 	/System/Library/PrivateFrameworks/AppleJPEG.framework/Versions/A/AppleJPEG
0x00000000067e6000 	/System/Library/Frameworks/ImageIO.framework/Versions/A/Resources/libJPEG.dylib
0x00000000067e6000 	/System/Library/Frameworks/ImageIO.framework/Versions/A/Resources/libTIFF.dylib
0x00000000067e6000 	/System/Library/Frameworks/ImageIO.framework/Versions/A/Resources/libPng.dylib
0x00000000067e6000 	/System/Library/Frameworks/ImageIO.framework/Versions/A/Resources/libGIF.dylib
0x00000000067e6000 	/System/Library/Frameworks/ImageIO.framework/Versions/A/Resources/libJP2.dylib
0x00000000067e6000 	/System/Library/Frameworks/ImageIO.framework/Versions/A/Resources/libRadiance.dylib
0x00000000067e6000 	/System/Library/Frameworks/CoreVideo.framework/Versions/A/CoreVideo
0x00000000067e6000 	/System/Library/Frameworks/OpenGL.framework/Versions/A/Libraries/libGLU.dylib
0x00000000067e6000 	/System/Library/Frameworks/OpenGL.framework/Versions/A/Libraries/libGFXShared.dylib
0x00000000067e6000 	/System/Library/Frameworks/OpenGL.framework/Versions/A/Libraries/libGL.dylib
0x00000000067e6000 	/System/Library/Frameworks/OpenGL.framework/Versions/A/Libraries/libGLImage.dylib
0x00000000067e6000 	/System/Library/Frameworks/OpenGL.framework/Versions/A/Libraries/libCVMSPluginSupport.dylib
0x00000000067e6000 	/System/Library/Frameworks/OpenGL.framework/Versions/A/Libraries/libCoreVMClient.dylib
0x00000000067e6000 	/usr/lib/libcups.2.dylib
0x00000000067e6000 	/System/Library/Frameworks/Kerberos.framework/Versions/A/Kerberos
0x00000000067e6000 	/System/Library/Frameworks/GSS.framework/Versions/A/GSS
0x00000000067e6000 	/usr/lib/libresolv.9.dylib
0x00000000067e6000 	/usr/lib/libiconv.2.dylib
0x00000000067e6000 	/System/Library/PrivateFrameworks/Heimdal.framework/Versions/A/Heimdal
0x00000000067e6000 	/usr/lib/libheimdal-asn1.dylib
0x00000000067e6000 	/System/Library/Frameworks/OpenDirectory.framework/Versions/A/OpenDirectory
0x00000000067e6000 	/System/Library/PrivateFrameworks/CommonAuth.framework/Versions/A/CommonAuth
0x00000000067e6000 	/System/Library/Frameworks/OpenDirectory.framework/Versions/A/Frameworks/CFOpenDirectory.framework/Versions/A/CFOpenDirectory
0x00000000067e6000 	/System/Library/Frameworks/SecurityFoundation.framework/Versions/A/SecurityFoundation
0x00000000067e6000 	/System/Library/PrivateFrameworks/LanguageModeling.framework/Versions/A/LanguageModeling
0x00000000067e6000 	/usr/lib/libcmph.dylib
0x00000000067e6000 	/System/Library/Frameworks/ServiceManagement.framework/Versions/A/ServiceManagement
0x00000000067e6000 	/usr/lib/libxslt.1.dylib
0x00000000067e6000 	/System/Library/Frameworks/Carbon.framework/Versions/A/Frameworks/Ink.framework/Versions/A/Ink
0x00000000067e6000 	/System/Library/Frameworks/QuartzCore.framework/Versions/A/Frameworks/CoreImage.framework/Versions/A/CoreImage
0x00000000067e6000 	/System/Library/PrivateFrameworks/CrashReporterSupport.framework/Versions/A/CrashReporterSupport
0x00000000067e6000 	/System/Library/Frameworks/OpenCL.framework/Versions/A/OpenCL
0x00000000067e6000 	/System/Library/PrivateFrameworks/FaceCore.framework/Versions/A/FaceCore
0x00000000067e6000 	/System/Library/PrivateFrameworks/Ubiquity.framework/Versions/A/Ubiquity
0x00000000067e6000 	/System/Library/PrivateFrameworks/IconServices.framework/Versions/A/IconServices
0x00000000067e6000 	/System/Library/PrivateFrameworks/ChunkingLibrary.framework/Versions/A/ChunkingLibrary
0x00000000067e6000 	/System/Library/PrivateFrameworks/Apple80211.framework/Versions/A/Apple80211
0x00000000067e6000 	/System/Library/Frameworks/CoreWLAN.framework/Versions/A/CoreWLAN
0x00000000067e6000 	/System/Library/Frameworks/IOBluetooth.framework/Versions/A/IOBluetooth
0x00000000067e6000 	/System/Library/PrivateFrameworks/CoreWiFi.framework/Versions/A/CoreWiFi
0x00000000067e6000 	/System/Library/Frameworks/CoreBluetooth.framework/Versions/A/CoreBluetooth
0x00000000067e6000 	/System/Library/PrivateFrameworks/DebugSymbols.framework/Versions/A/DebugSymbols
0x00000000067e6000 	/System/Library/PrivateFrameworks/CoreSymbolication.framework/Versions/A/CoreSymbolication
0x00000000067e6000 	/System/Library/PrivateFrameworks/Symbolication.framework/Versions/A/Symbolication
0x00000000067e6000 	/System/Library/PrivateFrameworks/SpeechRecognitionCore.framework/Versions/A/SpeechRecognitionCore
0x000000010f400000 	/Library/Java/JavaVirtualMachines/jdk1.8.0_31.jdk/Contents/Home/jre/lib/server/libjvm.dylib
0x00000000067e6000 	/usr/lib/libstdc++.6.dylib
0x000000010eb72000 	/Library/Java/JavaVirtualMachines/jdk1.8.0_31.jdk/Contents/Home/jre/lib/libverify.dylib
0x000000010eb80000 	/Library/Java/JavaVirtualMachines/jdk1.8.0_31.jdk/Contents/Home/jre/lib/libjava.dylib
0x000000010ebb5000 	/Library/Java/JavaVirtualMachines/jdk1.8.0_31.jdk/Contents/Home/jre/lib/libjdwp.dylib
0x000000011031f000 	/Library/Java/JavaVirtualMachines/jdk1.8.0_31.jdk/Contents/Home/jre/lib/libnpt.dylib
0x000000011032c000 	/Library/Java/JavaVirtualMachines/jdk1.8.0_31.jdk/Contents/Home/jre/lib/libzip.dylib
0x00000001a4049000 	/System/Library/Frameworks/JavaVM.framework/Frameworks/JavaRuntimeSupport.framework/JavaRuntimeSupport
0x00000001a4061000 	/System/Library/Frameworks/JavaVM.framework/Versions/A/Frameworks/JavaNativeFoundation.framework/Versions/A/JavaNativeFoundation
0x00000001a4076000 	/System/Library/Frameworks/JavaVM.framework/Versions/A/JavaVM
0x00000000067e6000 	/System/Library/Frameworks/Carbon.framework/Versions/A/Carbon
0x00000001a4083000 	/System/Library/PrivateFrameworks/JavaLaunching.framework/Versions/A/JavaLaunching
0x00000000067e6000 	/System/Library/Frameworks/Carbon.framework/Versions/A/Frameworks/CommonPanels.framework/Versions/A/CommonPanels
0x00000000067e6000 	/System/Library/Frameworks/Carbon.framework/Versions/A/Frameworks/Help.framework/Versions/A/Help
0x00000000067e6000 	/System/Library/Frameworks/Carbon.framework/Versions/A/Frameworks/ImageCapture.framework/Versions/A/ImageCapture
0x00000000067e6000 	/System/Library/Frameworks/Carbon.framework/Versions/A/Frameworks/OpenScripting.framework/Versions/A/OpenScripting
0x00000000067e6000 	/System/Library/Frameworks/Carbon.framework/Versions/A/Frameworks/Print.framework/Versions/A/Print
0x00000000067e6000 	/System/Library/Frameworks/Carbon.framework/Versions/A/Frameworks/SecurityHI.framework/Versions/A/SecurityHI
0x00000001a590c000 	/Library/Java/JavaVirtualMachines/jdk1.8.0_31.jdk/Contents/Home/jre/lib/libdt_socket.dylib
0x00000001a62f3000 	/Library/Java/JavaVirtualMachines/jdk1.8.0_31.jdk/Contents/Home/jre/lib/libprism_es2.dylib
0x00000001a6370000 	/System/Library/Frameworks/OpenGL.framework/Resources/GLEngine.bundle/GLEngine
0x00000000067e6000 	/System/Library/Frameworks/OpenGL.framework/Versions/A/Libraries/libGLProgrammability.dylib
0x0000000000000000 	/System/Library/Extensions/AppleIntelHD5000GraphicsGLDriver.bundle/Contents/MacOS/AppleIntelHD5000GraphicsGLDriver
0x00000000067e6000 	/System/Library/PrivateFrameworks/IOAccelerator.framework/Versions/A/IOAccelerator
0x00000000067e6000 	/System/Library/PrivateFrameworks/GPUSupport.framework/Versions/A/Libraries/libGPUSupportMercury.dylib
0x00000001a6560000 	/System/Library/Frameworks/OpenGL.framework/Resources//GLRendererFloat.bundle/GLRendererFloat
0x00000000067e6000 	/System/Library/Frameworks/OpenCL.framework/Versions/A/Libraries/libcldcpuengine.dylib
0x00000000067e6000 	/System/Library/PrivateFrameworks/DiskImages.framework/Versions/A/DiskImages
0x00000000067e6000 	/System/Library/Frameworks/DiscRecording.framework/Versions/A/DiscRecording
0x00000000067e6000 	/usr/lib/libcsfde.dylib
0x00000000067e6000 	/usr/lib/libcurl.4.dylib
0x00000000067e6000 	/System/Library/PrivateFrameworks/MediaKit.framework/Versions/A/MediaKit
0x00000000067e6000 	/System/Library/PrivateFrameworks/ProtectedCloudStorage.framework/Versions/A/ProtectedCloudStorage
0x00000000067e6000 	/usr/lib/libCoreStorage.dylib
0x00000000067e6000 	/System/Library/PrivateFrameworks/EFILogin.framework/Versions/A/EFILogin
0x00000000067e6000 	/usr/lib/libutil.dylib
0x00000000067e6000 	/System/Library/PrivateFrameworks/FindMyDevice.framework/Versions/A/FindMyDevice
0x00000000067e6000 	/System/Library/Frameworks/LDAP.framework/Versions/A/LDAP
0x00000000067e6000 	/usr/lib/libsasl2.2.dylib
0x00000000067e6000 	/System/Library/PrivateFrameworks/CoreDaemon.framework/Versions/B/CoreDaemon
0x00000000067e6000 	/usr/lib/libcrypto.0.9.8.dylib
0x00000000067e6000 	/System/Library/PrivateFrameworks/AppleSRP.framework/Versions/A/AppleSRP
0x00000000067e6000 	/System/Library/PrivateFrameworks/TrustEvaluationAgent.framework/Versions/A/TrustEvaluationAgent
0x00000001a6a41000 	/Library/Java/JavaVirtualMachines/jdk1.8.0_31.jdk/Contents/Home/jre/lib/libglass.dylib
0x00000000067e6000 	/System/Library/PrivateFrameworks/CoreServicesInternal.framework/Versions/A/CoreServicesInternal
0x00000000067e6000 	/System/Library/PrivateFrameworks/CloudDocs.framework/Versions/A/CloudDocs
0x00000000067e6000 	/System/Library/PrivateFrameworks/CoreDuet.framework/Versions/A/CoreDuet
0x00000000067e6000 	/System/Library/Frameworks/CloudKit.framework/Versions/A/CloudKit
0x00000000067e6000 	/System/Library/PrivateFrameworks/ProtocolBuffer.framework/Versions/A/ProtocolBuffer
0x00000000067e6000 	/System/Library/PrivateFrameworks/CoreDuetDaemonProtocol.framework/Versions/A/CoreDuetDaemonProtocol
0x00000000067e6000 	/System/Library/PrivateFrameworks/CoreDuetDebugLogging.framework/Versions/A/CoreDuetDebugLogging
0x00000000067e6000 	/System/Library/Frameworks/CoreLocation.framework/Versions/A/CoreLocation
0x00000000067e6000 	/System/Library/Frameworks/Accounts.framework/Versions/A/Accounts
0x00000000067e6000 	/System/Library/PrivateFrameworks/ApplePushService.framework/Versions/A/ApplePushService
0x00000000067e6000 	/System/Library/PrivateFrameworks/GeoServices.framework/Versions/A/GeoServices
0x00000000067e6000 	/System/Library/PrivateFrameworks/OAuth.framework/Versions/A/OAuth
0x00000001a7db1000 	/System/Library/Frameworks/CoreGraphics.framework/Versions/A/Resources/libCGCMS.A.dylib
0x00000000067e6000 	/System/Library/CoreServices/RawCamera.bundle/Contents/MacOS/RawCamera
0x00000001a7ee4000 	/System/Library/Frameworks/CoreGraphics.framework/Versions/A/Resources/libRIP.A.dylib
0x00000000067e6000 	/System/Library/PrivateFrameworks/FamilyControls.framework/Versions/A/FamilyControls
0x00000000067e6000 	/System/Library/PrivateFrameworks/CommerceKit.framework/Versions/A/Frameworks/CommerceCore.framework/Versions/A/CommerceCore
0x00000000067e6000 	/System/Library/PrivateFrameworks/SystemAdministration.framework/Versions/A/SystemAdministration
0x00000000067e6000 	/System/Library/PrivateFrameworks/AppContainer.framework/Versions/A/AppContainer
0x00000000067e6000 	/System/Library/PrivateFrameworks/SecCodeWrapper.framework/Versions/A/SecCodeWrapper
0x00000000067e6000 	/System/Library/Frameworks/DirectoryService.framework/Versions/A/DirectoryService
0x00000000067e6000 	/System/Library/PrivateFrameworks/LoginUIKit.framework/Versions/A/Frameworks/LoginUICore.framework/Versions/A/LoginUICore
0x00000000067e6000 	/usr/lib/libodfde.dylib
0x00000001a9e13000 	/Library/Java/JavaVirtualMachines/jdk1.8.0_31.jdk/Contents/Home/jre/lib/libjavafx_font.dylib
0x00000001aa5ab000 	/private/var/folders/7j/1700tj154vv6srg5wr66t5n80000gn/T/xuggle/xuggle3602923517800359442.tmp
0x00000001ac70d000 	/System/Library/Frameworks/VideoDecodeAcceleration.framework/Versions/A/VideoDecodeAcceleration
0x00000000067e6000 	/System/Library/Frameworks/CoreMedia.framework/Versions/A/CoreMedia
0x00000000067e6000 	/System/Library/Frameworks/VideoToolbox.framework/Versions/A/VideoToolbox
0x00000000067e6000 	/System/Library/PrivateFrameworks/AppleVA.framework/Versions/A/AppleVA
0x00000001adc6a000 	/Library/Java/JavaVirtualMachines/jdk1.8.0_31.jdk/Contents/Home/jre/lib/libawt.dylib
0x00000001add19000 	/Library/Java/JavaVirtualMachines/jdk1.8.0_31.jdk/Contents/Home/jre/lib/./libmlib_image.dylib
0x00000001adde5000 	/Library/Java/JavaVirtualMachines/jdk1.8.0_31.jdk/Contents/Home/jre/lib/libawt_lwawt.dylib
0x00000001aa4e6000 	/Library/Java/JavaVirtualMachines/jdk1.8.0_31.jdk/Contents/Home/jre/lib/./libosxapp.dylib
0x00000000067e6000 	/System/Library/Frameworks/ExceptionHandling.framework/Versions/A/ExceptionHandling
0x00000001a40b1000 	/Library/Java/JavaVirtualMachines/jdk1.8.0_31.jdk/Contents/Home/jre/lib/libjavafx_iio.dylib
0x00000001a4185000 	/System/Library/Frameworks/CoreGraphics.framework/Versions/A/Resources/libCGXType.A.dylib
0x00000001a4193000 	cl_kernels
0x00000001accc8000 	/System/Library/Frameworks/OpenCL.framework/Versions/A/Libraries/ImageFormats/unorm8_bgra.dylib
0x00000001a6bd6000 	cl_kernels

VM Arguments:
jvm_args: -agentlib:jdwp=transport=dt_socket,suspend=y,address=localhost:64995 -Dfile.encoding=UTF-8 
java_command: controller.Main
java_class_path (initial): /Users/Douglas/Workspace/stve/bin:/Users/Douglas/Workspace/stve/libraries/SLF4J/slf4j-api-1.7.5.jar:/Users/Douglas/Workspace/stve/libraries/SLF4J/slf4j-simple-1.7.5.jar:/Users/Douglas/Workspace/stve/libraries/Xuggle/xuggle-xuggler-5.4.jar:/Users/Douglas/Workspace/aNa/bin:/Users/Douglas/Workspace/aNa/libraries/junit-4.11.jar:/Users/Douglas/Workspace/stve/libraries/JGraph/jgraph.jar:/Users/Douglas/Workspace/stve/libraries/JGraphT/jgrapht-jdk1.6.jar
Launcher Type: SUN_STANDARD

Environment Variables:
PATH=/usr/bin:/bin:/usr/sbin:/sbin
SHELL=/bin/bash

Signal Handlers:
SIGSEGV: [libjvm.dylib+0x57a0e7], sa_mask[0]=11111111011111110111111111111111, sa_flags=SA_ONSTACK|SA_RESTART|SA_SIGINFO
SIGBUS: [libjvm.dylib+0x57a0e7], sa_mask[0]=11111111011111110111111111111111, sa_flags=SA_RESTART|SA_SIGINFO
SIGFPE: [libjvm.dylib+0x45af24], sa_mask[0]=11111111011111110111111111111111, sa_flags=SA_RESTART|SA_SIGINFO
SIGPIPE: [libjvm.dylib+0x45af24], sa_mask[0]=11111111011111110111111111111111, sa_flags=SA_RESTART|SA_SIGINFO
SIGXFSZ: [libjvm.dylib+0x45af24], sa_mask[0]=11111111011111110111111111111111, sa_flags=SA_RESTART|SA_SIGINFO
SIGILL: [libjvm.dylib+0x45af24], sa_mask[0]=11111111011111110111111111111111, sa_flags=SA_RESTART|SA_SIGINFO
SIGUSR1: SIG_DFL, sa_mask[0]=00000000000000000000000000000000, sa_flags=none
SIGUSR2: [libjvm.dylib+0x45aa42], sa_mask[0]=00100000000000000000000000000000, sa_flags=SA_RESTART|SA_SIGINFO
SIGHUP: [libjvm.dylib+0x459015], sa_mask[0]=11111111011111110111111111111111, sa_flags=SA_RESTART|SA_SIGINFO
SIGINT: [libjvm.dylib+0x459015], sa_mask[0]=11111111011111110111111111111111, sa_flags=SA_RESTART|SA_SIGINFO
SIGTERM: [libjvm.dylib+0x459015], sa_mask[0]=11111111011111110111111111111111, sa_flags=SA_RESTART|SA_SIGINFO
SIGQUIT: [libjvm.dylib+0x459015], sa_mask[0]=11111111011111110111111111111111, sa_flags=SA_RESTART|SA_SIGINFO


---------------  S Y S T E M  ---------------

OS:Bsduname:Darwin 14.1.0 Darwin Kernel Version 14.1.0: Mon Dec 22 23:10:38 PST 2014; root:xnu-2782.10.72~2/RELEASE_X86_64 x86_64
rlimit: STACK 8192k, CORE 0k, NPROC 709, NOFILE 10240, AS infinity
load average:1.46 1.58 1.63

CPU:total 4 (2 cores per cpu, 2 threads per core) family 6 model 69 stepping 1, cmov, cx8, fxsr, mmx, sse, sse2, sse3, ssse3, sse4.1, sse4.2, popcnt, avx, avx2, aes, clmul, erms, lzcnt, ht, tsc, tscinvbit, bmi1, bmi2

Memory: 4k page, physical 4194304k(22972k free)

/proc/meminfo:


vm_info: Java HotSpot(TM) 64-Bit Server VM (25.31-b07) for bsd-amd64 JRE (1.8.0_31-b13), built on Dec 17 2014 20:45:36 by "java_re" with gcc 4.2.1 (Based on Apple Inc. build 5658) (LLVM build 2336.11.00)

time: Sat Feb 28 18:25:50 2015
elapsed time: 77 seconds (0d 0h 1m 17s)

