#
# A fatal error has been detected by the Java Runtime Environment:
#
#  SIGSEGV (0xb) at pc=0x00000001208b33fd, pid=26418, tid=1811
#
# JRE version: Java(TM) SE Runtime Environment (8.0_31-b13) (build 1.8.0_31-b13)
# Java VM: Java HotSpot(TM) 64-Bit Server VM (25.31-b07 mixed mode bsd-amd64 compressed oops)
# Problematic frame:
# C  [libglass.dylib+0x163fd]  GlassScreenDidChangeScreenParameters+0x9d
#
# Failed to write core dump. Core dumps have been disabled. To enable core dumping, try "ulimit -c unlimited" before starting Java again
#
# If you would like to submit a bug report, please visit:
#   http://bugreport.java.com/bugreport/crash.jsp
#

---------------  T H R E A D  ---------------

Current thread is native thread

siginfo: si_signo: 11 (SIGSEGV), si_code: 1 (SEGV_MAPERR), si_addr: 0x0000000000000000

Registers:
RAX=0x00000001208e5e40, RBX=0x0000000000000000, RCX=0x6e00c55216f716a1, RDX=0x00007f9fab52e7a0
RSP=0x00007fff56da9120, RBP=0x00007fff56da9130, RSI=0x00007f9fa8e123c8, RDI=0x0000000000000000
R8 =0x00007fff56da8fd0, R9 =0x00007fff7f2b9300, R10=0x0000000000000000, R11=0x0000000000000246
R12=0x00007f9fa8e1f240, R13=0x00000000000f426a, R14=0x00007f9fa8e6f270, R15=0x00007fff56da9270
RIP=0x00000001208b33fd, EFLAGS=0x0000000000010206, ERR=0x0000000000000004
  TRAPNO=0x000000000000000e

Top of Stack: (sp=0x00007fff56da9120)
0x00007fff56da9120:   00007fff56da9300 00007f9fa8e6f270
0x00007fff56da9130:   00007fff56da9140 00007fff97c4045c
0x00007fff56da9140:   00007fff56da94a0 00007fff97b30634
0x00007fff56da9150:   00007fff56da91a0 0000000000000a00
0x00007fff56da9160:   00007fff7e730ed0 00007f9fa8e6bf50
0x00007fff56da9170:   0000000000001001 0000000000002340
0x00007fff56da9180:   00007f9fa8e6bf50 00007f9fa8e6f270
0x00007fff56da9190:   0000000000000000 00007fff56da9270
0x00007fff56da91a0:   0000000000000000 00007f9fa8e6f230
0x00007fff56da91b0:   00007fff56da92f0 0000000000000178
0x00007fff56da91c0:   00000000000f4bb1 00007f9fab477e20
0x00007fff56da91d0:   00007f9fa8e4d440 00007f9fa8e1f240
0x00007fff56da91e0:   0000000000000001 00000000000f426a
0x00007fff56da91f0:   00007f9fa8e1f230 00007fff9827bacb
0x00007fff56da9200:   0000000000000001 0000000000000001
0x00007fff56da9210:   0000000000000030 0000000000000001
0x00007fff56da9220:   00007fff56da9240 00007fff98281231
0x00007fff56da9230:   00007fff7e72efb0 0000000000000000
0x00007fff56da9240:   00007fff56da9260 000000000000002c
0x00007fff56da9250:   001b8303a9295e00 00007f9fa8e1f264
0x00007fff56da9260:   0000000000000000 00007fff97b2610f
0x00007fff56da9270:   00007f9fa8e6f270 00007fff7e72efb0
0x00007fff56da9280:   00007fff56da9300 00007fff97b2ec3f
0x00007fff56da9290:   00007fff56da92f0 00007fff947d4605
0x00007fff56da92a0:   0000000108e71a00 0000000000000002
0x00007fff56da92b0:   0000000108e6e000 00007f9fa8d7b6b2
0x00007fff56da92c0:   0000000000000003 0000000108e72400
0x00007fff56da92d0:   00007fff56da93c0 00007fff9827a2a2
0x00007fff56da92e0:   00007f9fa8f3d160 00007fff56da94a8
0x00007fff56da92f0:   0000000000000017 0000000000000000
0x00007fff56da9300:   00000000000f426a 00007fff97b26403
0x00007fff56da9310:   00007fff00000000 00007f9fa8f431b0 

Instructions: (pc=0x00000001208b33fd)
0x00000001208b33dd:   89 df 4c 89 f1 41 ff 90 68 04 00 00 48 8d 05 58
0x00000001208b33ed:   29 03 00 48 8b 30 48 8d 05 46 2a 03 00 48 8b 10
0x00000001208b33fd:   48 8b 0b 30 c0 48 89 df ff 91 68 04 00 00 48 8b
0x00000001208b340d:   03 48 89 df ff 50 78 48 85 c0 74 36 49 89 c6 48 

Register to memory mapping:

RAX=0x00000001208e5e40: jScreenNotifySettingsChanged+0 in /Library/Java/JavaVirtualMachines/jdk1.8.0_31.jdk/Contents/Home/jre/lib/libglass.dylib at 0x000000012089d000
RBX=0x0000000000000000 is an unknown value
RCX=0x6e00c55216f716a1 is an unknown value
RDX=0x00007f9fab52e7a0 is an unknown value
RSP=0x00007fff56da9120 is an unknown value
RBP=0x00007fff56da9130 is an unknown value
RSI=0x00007f9fa8e123c8 is a global jni handle
RDI=0x0000000000000000 is an unknown value
R8 =0x00007fff56da8fd0 is an unknown value
R9 =0x00007fff7f2b9300: _thread+0 in /usr/lib/system/libsystem_pthread.dylib at 0x00007fff9b870000
R10=0x0000000000000000 is an unknown value
R11=0x0000000000000246 is an unknown value
R12=0x00007f9fa8e1f240 is an unknown value
R13=0x00000000000f426a is an unknown value
R14=0x00007f9fa8e6f270 is an unknown value
R15=0x00007fff56da9270 is an unknown value


Stack: [0x00007fff565ac000,0x00007fff56dac000],  sp=0x00007fff56da9120,  free space=8180k
Native frames: (J=compiled Java code, j=interpreted, Vv=VM code, C=native code)
C  [libglass.dylib+0x163fd]  GlassScreenDidChangeScreenParameters+0x9d
C  [CoreFoundation+0x12045c]  __CFNOTIFICATIONCENTER_IS_CALLING_OUT_TO_AN_OBSERVER__+0xc
C  [CoreFoundation+0x10634]  _CFXNotificationPost+0xc44
C  [Foundation+0x79d1]  -[NSNotificationCenter postNotificationName:object:userInfo:]+0x42
C  [AppKit+0x40df7e]  -[NSApplication _reactToScreenInvalidationImmediately:]+0x17b
C  [AppKit+0x40ddc7]  __44-[NSApplication _reactToScreenInvalidation:]_block_invoke+0x4b
C  [CoreFoundation+0x808ec]  __CFRUNLOOP_IS_CALLING_OUT_TO_A_BLOCK__+0xc
C  [CoreFoundation+0x729f5]  __CFRunLoopDoBlocks+0x155
C  [CoreFoundation+0x72536]  __CFRunLoopRun+0x716
C  [CoreFoundation+0x71bd8]  CFRunLoopRunSpecific+0x128
C  [java+0x56cc]  CreateExecutionEnvironment+0x367
C  [java+0x165c]  JLI_Launch+0x7a0
C  [java+0x768a]  main+0x65
C  [java+0xeb4]  start+0x34


---------------  P R O C E S S  ---------------

VM state:not at safepoint (normal execution)

VM Mutex/Monitor currently owned by a thread: None

Heap:
 PSYoungGen      total 35328K, used 27770K [0x00000007aab00000, 0x00000007ad000000, 0x00000007c0000000)
  eden space 32768K, 76% used [0x00000007aab00000,0x00000007ac3a0678,0x00000007acb00000)
  from space 2560K, 99% used [0x00000007acd80000,0x00000007acffe430,0x00000007ad000000)
  to   space 2560K, 0% used [0x00000007acb00000,0x00000007acb00000,0x00000007acd80000)
 ParOldGen       total 44032K, used 2444K [0x0000000780000000, 0x0000000782b00000, 0x00000007aab00000)
  object space 44032K, 5% used [0x0000000780000000,0x00000007802630d8,0x0000000782b00000)
 Metaspace       used 18907K, capacity 19934K, committed 20096K, reserved 1067008K
  class space    used 2891K, capacity 3097K, committed 3200K, reserved 1048576K

Card table byte_map: [0x0000000119be2000,0x0000000119de3000] byte_map_base: 0x0000000115fe2000

Marking Bits: (ParMarkBitMap*) 0x000000010a09e410
 Begin Bits: [0x000000011a345000, 0x000000011b345000)
 End Bits:   [0x000000011b345000, 0x000000011c345000)

Polling page: 0x0000000108fab000

CodeCache: size=245760Kb used=8670Kb max_used=8670Kb free=237089Kb
 bounds [0x000000010a822000, 0x000000010b0a2000, 0x0000000119822000]
 total_blobs=3477 nmethods=2810 adapters=580
 compilation: enabled

Compilation events (10 events):
Event: 78.512 Thread 0x00007f9faa00d800 2807       3       jdk.internal.org.objectweb.asm.ClassWriter::<init> (122 bytes)
Event: 78.513 Thread 0x00007f9faa00d800 nmethod 2807 0x000000010b09c490 code [0x000000010b09c6a0, 0x000000010b09d0e8]
Event: 78.513 Thread 0x00007f9faa00d800 2808       3       jdk.internal.org.objectweb.asm.ClassVisitor::<init> (7 bytes)
Event: 78.514 Thread 0x00007f9faa00d800 nmethod 2808 0x000000010b09d510 code [0x000000010b09d6a0, 0x000000010b09d9e8]
Event: 78.514 Thread 0x00007f9faa00d800 2809       3       jdk.internal.org.objectweb.asm.ClassVisitor::<init> (35 bytes)
Event: 78.514 Thread 0x00007f9faa00d800 nmethod 2809 0x000000010b09db10 code [0x000000010b09dc80, 0x000000010b09df68]
Event: 78.544 Thread 0x00007f9faa00d800 2811       3       java.lang.ref.Reference::clear (6 bytes)
Event: 78.545 Thread 0x00007f9faa00d800 nmethod 2811 0x000000010b095bd0 code [0x000000010b095d20, 0x000000010b095e90]
Event: 78.551 Thread 0x00007f9faa00d800 2812       3       java.lang.invoke.LambdaForm::getPreparedForm (70 bytes)
Event: 78.552 Thread 0x00007f9faa00d800 nmethod 2812 0x000000010b09e050 code [0x000000010b09e220, 0x000000010b09eba8]

GC Heap History (4 events):
Event: 1.053 GC heap before
{Heap before GC invocations=1 (full 0):
 PSYoungGen      total 18944K, used 16384K [0x00000007aab00000, 0x00000007ac000000, 0x00000007c0000000)
  eden space 16384K, 100% used [0x00000007aab00000,0x00000007abb00000,0x00000007abb00000)
  from space 2560K, 0% used [0x00000007abd80000,0x00000007abd80000,0x00000007ac000000)
  to   space 2560K, 0% used [0x00000007abb00000,0x00000007abb00000,0x00000007abd80000)
 ParOldGen       total 44032K, used 0K [0x0000000780000000, 0x0000000782b00000, 0x00000007aab00000)
  object space 44032K, 0% used [0x0000000780000000,0x0000000780000000,0x0000000782b00000)
 Metaspace       used 8871K, capacity 9340K, committed 9472K, reserved 1056768K
  class space    used 1162K, capacity 1270K, committed 1280K, reserved 1048576K
Event: 1.078 GC heap after
Heap after GC invocations=1 (full 0):
 PSYoungGen      total 18944K, used 2544K [0x00000007aab00000, 0x00000007ad000000, 0x00000007c0000000)
  eden space 16384K, 0% used [0x00000007aab00000,0x00000007aab00000,0x00000007abb00000)
  from space 2560K, 99% used [0x00000007abb00000,0x00000007abd7c030,0x00000007abd80000)
  to   space 2560K, 0% used [0x00000007acd80000,0x00000007acd80000,0x00000007ad000000)
 ParOldGen       total 44032K, used 55K [0x0000000780000000, 0x0000000782b00000, 0x00000007aab00000)
  object space 44032K, 0% used [0x0000000780000000,0x000000078000dfa8,0x0000000782b00000)
 Metaspace       used 8871K, capacity 9340K, committed 9472K, reserved 1056768K
  class space    used 1162K, capacity 1270K, committed 1280K, reserved 1048576K
}
Event: 1.953 GC heap before
{Heap before GC invocations=2 (full 0):
 PSYoungGen      total 18944K, used 18928K [0x00000007aab00000, 0x00000007ad000000, 0x00000007c0000000)
  eden space 16384K, 100% used [0x00000007aab00000,0x00000007abb00000,0x00000007abb00000)
  from space 2560K, 99% used [0x00000007abb00000,0x00000007abd7c030,0x00000007abd80000)
  to   space 2560K, 0% used [0x00000007acd80000,0x00000007acd80000,0x00000007ad000000)
 ParOldGen       total 44032K, used 55K [0x0000000780000000, 0x0000000782b00000, 0x00000007aab00000)
  object space 44032K, 0% used [0x0000000780000000,0x000000078000dfa8,0x0000000782b00000)
 Metaspace       used 14274K, capacity 15014K, committed 15232K, reserved 1062912K
  class space    used 2253K, capacity 2379K, committed 2432K, reserved 1048576K
Event: 1.966 GC heap after
Heap after GC invocations=2 (full 0):
 PSYoungGen      total 35328K, used 2553K [0x00000007aab00000, 0x00000007ad000000, 0x00000007c0000000)
  eden space 32768K, 0% used [0x00000007aab00000,0x00000007aab00000,0x00000007acb00000)
  from space 2560K, 99% used [0x00000007acd80000,0x00000007acffe430,0x00000007ad000000)
  to   space 2560K, 0% used [0x00000007acb00000,0x00000007acb00000,0x00000007acd80000)
 ParOldGen       total 44032K, used 2444K [0x0000000780000000, 0x0000000782b00000, 0x00000007aab00000)
  object space 44032K, 5% used [0x0000000780000000,0x00000007802630d8,0x0000000782b00000)
 Metaspace       used 14274K, capacity 15014K, committed 15232K, reserved 1062912K
  class space    used 2253K, capacity 2379K, committed 2432K, reserved 1048576K
}

Deoptimization events (10 events):
Event: 2.029 Thread 0x00007f9fa996e000 Uncommon trap: reason=array_check action=maybe_recompile pc=0x000000010ac74324 method=com.sun.javafx.css.SimpleSelector.applies(Ljavafx/css/Styleable;[Ljava/util/Set;I)Z @ 37
Event: 2.029 Thread 0x00007f9fa996e000 Uncommon trap: reason=array_check action=maybe_recompile pc=0x000000010ac74324 method=com.sun.javafx.css.SimpleSelector.applies(Ljavafx/css/Styleable;[Ljava/util/Set;I)Z @ 37
Event: 2.029 Thread 0x00007f9fa996e000 Uncommon trap: reason=array_check action=maybe_recompile pc=0x000000010ac74324 method=com.sun.javafx.css.SimpleSelector.applies(Ljavafx/css/Styleable;[Ljava/util/Set;I)Z @ 37
Event: 2.150 Thread 0x00007f9fa996e000 Uncommon trap: reason=null_check action=make_not_entrant pc=0x000000010ac7c9c8 method=com.sun.javafx.css.SimpleSelector.applies(Ljavafx/css/Styleable;)Z @ 77
Event: 3.007 Thread 0x00007f9fa90db000 Uncommon trap: reason=range_check action=make_not_entrant pc=0x000000010aa96a4c method=java.util.ArrayList.elementData(I)Ljava/lang/Object; @ 5
Event: 4.510 Thread 0x00007f9fa996e000 Uncommon trap: reason=array_check action=maybe_recompile pc=0x000000010aee1b2c method=com.sun.javafx.css.CompoundSelector.applies(Ljavafx/css/Styleable;[Ljava/util/Set;I)Z @ 128
Event: 4.510 Thread 0x00007f9fa996e000 Uncommon trap: reason=array_check action=maybe_recompile pc=0x000000010aee1b2c method=com.sun.javafx.css.CompoundSelector.applies(Ljavafx/css/Styleable;[Ljava/util/Set;I)Z @ 128
Event: 4.510 Thread 0x00007f9fa996e000 Uncommon trap: reason=array_check action=maybe_recompile pc=0x000000010aee1b2c method=com.sun.javafx.css.CompoundSelector.applies(Ljavafx/css/Styleable;[Ljava/util/Set;I)Z @ 128
Event: 4.511 Thread 0x00007f9fa996e000 Uncommon trap: reason=array_check action=maybe_recompile pc=0x000000010aee1b2c method=com.sun.javafx.css.CompoundSelector.applies(Ljavafx/css/Styleable;[Ljava/util/Set;I)Z @ 128
Event: 4.514 Thread 0x00007f9fa996e000 Uncommon trap: reason=unreached action=reinterpret pc=0x000000010acc71e0 method=javafx.scene.CssStyleHelper.getStyle(Ljavafx/css/Styleable;Ljava/lang/String;Lcom/sun/javafx/css/StyleMap;Ljava/util/Set;)Lcom/sun/javafx/css/CascadingStyle; @ 1

Internal exceptions (10 events):
Event: 6.320 Thread 0x00007f9fa996e000 Exception <a 'java/security/PrivilegedActionException'> (0x00000007abea7d00) thrown at [/Users/java_re/workspace/8-2-build-macosx-x86_64/jdk8u31/2394/hotspot/src/share/vm/prims/jvm.cpp, line 1312]
Event: 6.321 Thread 0x00007f9fa996e000 Exception <a 'java/security/PrivilegedActionException'> (0x00000007abeac140) thrown at [/Users/java_re/workspace/8-2-build-macosx-x86_64/jdk8u31/2394/hotspot/src/share/vm/prims/jvm.cpp, line 1312]
Event: 6.323 Thread 0x00007f9fa996e000 Exception <a 'java/security/PrivilegedActionException'> (0x00000007abeb5578) thrown at [/Users/java_re/workspace/8-2-build-macosx-x86_64/jdk8u31/2394/hotspot/src/share/vm/prims/jvm.cpp, line 1312]
Event: 6.324 Thread 0x00007f9fa996e000 Exception <a 'java/security/PrivilegedActionException'> (0x00000007abebb808) thrown at [/Users/java_re/workspace/8-2-build-macosx-x86_64/jdk8u31/2394/hotspot/src/share/vm/prims/jvm.cpp, line 1312]
Event: 6.326 Thread 0x00007f9fa996e000 Exception <a 'java/security/PrivilegedActionException'> (0x00000007abec5bc0) thrown at [/Users/java_re/workspace/8-2-build-macosx-x86_64/jdk8u31/2394/hotspot/src/share/vm/prims/jvm.cpp, line 1312]
Event: 6.326 Thread 0x00007f9fa996e000 Exception <a 'java/security/PrivilegedActionException'> (0x00000007abeca180) thrown at [/Users/java_re/workspace/8-2-build-macosx-x86_64/jdk8u31/2394/hotspot/src/share/vm/prims/jvm.cpp, line 1312]
Event: 6.327 Thread 0x00007f9fa996e000 Exception <a 'java/security/PrivilegedActionException'> (0x00000007abece630) thrown at [/Users/java_re/workspace/8-2-build-macosx-x86_64/jdk8u31/2394/hotspot/src/share/vm/prims/jvm.cpp, line 1312]
Event: 6.330 Thread 0x00007f9fa996e000 Exception <a 'java/security/PrivilegedActionException'> (0x00000007abedadf8) thrown at [/Users/java_re/workspace/8-2-build-macosx-x86_64/jdk8u31/2394/hotspot/src/share/vm/prims/jvm.cpp, line 1312]
Event: 6.332 Thread 0x00007f9fa996e000 Exception <a 'java/security/PrivilegedActionException'> (0x00000007abee47d8) thrown at [/Users/java_re/workspace/8-2-build-macosx-x86_64/jdk8u31/2394/hotspot/src/share/vm/prims/jvm.cpp, line 1312]
Event: 6.334 Thread 0x00007f9fa996e000 Exception <a 'java/security/PrivilegedActionException'> (0x00000007abee90b8) thrown at [/Users/java_re/workspace/8-2-build-macosx-x86_64/jdk8u31/2394/hotspot/src/share/vm/prims/jvm.cpp, line 1312]

Events (10 events):
Event: 78.550 loading class javafx/application/Application done
Event: 78.552 loading class com/sun/javafx/tk/quantum/QuantumRenderer
Event: 78.552 loading class com/sun/javafx/tk/quantum/QuantumRenderer done
Event: 78.553 loading class com/sun/javafx/tk/quantum/QuantumToolkit
Event: 78.553 loading class com/sun/javafx/tk/quantum/QuantumToolkit done
Event: 78.553 Thread 0x00007f9fa90db000 Thread exited: 0x00007f9fa90db000
Event: 78.553 Thread 0x00007f9fa99ed800 Thread exited: 0x00007f9fa99ed800
Event: 78.553 Thread 0x00007f9faa800000 Thread exited: 0x00007f9faa800000
Event: 78.553 Thread 0x00007f9faa23d800 Thread added: 0x00007f9faa23d800
Event: 78.553 Thread 0x00007f9fa996e000 Thread exited: 0x00007f9fa996e000


Dynamic libraries:
0x000000000cea3000 	/System/Library/Frameworks/Cocoa.framework/Versions/A/Cocoa
0x000000000cea3000 	/System/Library/Frameworks/Security.framework/Versions/A/Security
0x000000000cea3000 	/System/Library/Frameworks/ApplicationServices.framework/Versions/A/ApplicationServices
0x000000000cea3000 	/usr/lib/libz.1.dylib
0x000000000cea3000 	/usr/lib/libSystem.B.dylib
0x000000000cea3000 	/usr/lib/libobjc.A.dylib
0x000000000cea3000 	/System/Library/Frameworks/CoreFoundation.framework/Versions/A/CoreFoundation
0x000000000cea3000 	/System/Library/Frameworks/Foundation.framework/Versions/C/Foundation
0x000000000cea3000 	/System/Library/Frameworks/AppKit.framework/Versions/C/AppKit
0x000000000cea3000 	/System/Library/Frameworks/CoreData.framework/Versions/A/CoreData
0x000000000cea3000 	/System/Library/PrivateFrameworks/RemoteViewServices.framework/Versions/A/RemoteViewServices
0x000000000cea3000 	/System/Library/PrivateFrameworks/UIFoundation.framework/Versions/A/UIFoundation
0x000000000cea3000 	/System/Library/Frameworks/IOSurface.framework/Versions/A/IOSurface
0x000000000cea3000 	/System/Library/Frameworks/AudioToolbox.framework/Versions/A/AudioToolbox
0x000000000cea3000 	/System/Library/Frameworks/AudioUnit.framework/Versions/A/AudioUnit
0x000000000cea3000 	/System/Library/PrivateFrameworks/DataDetectorsCore.framework/Versions/A/DataDetectorsCore
0x000000000cea3000 	/System/Library/PrivateFrameworks/DesktopServicesPriv.framework/Versions/A/DesktopServicesPriv
0x000000000cea3000 	/System/Library/Frameworks/Carbon.framework/Versions/A/Frameworks/HIToolbox.framework/Versions/A/HIToolbox
0x000000000cea3000 	/System/Library/Frameworks/QuartzCore.framework/Versions/A/QuartzCore
0x000000000cea3000 	/System/Library/Frameworks/Carbon.framework/Versions/A/Frameworks/SpeechRecognition.framework/Versions/A/SpeechRecognition
0x000000000cea3000 	/usr/lib/libauto.dylib
0x000000000cea3000 	/usr/lib/libicucore.A.dylib
0x000000000cea3000 	/usr/lib/libxml2.2.dylib
0x000000000cea3000 	/System/Library/PrivateFrameworks/CoreUI.framework/Versions/A/CoreUI
0x000000000cea3000 	/System/Library/Frameworks/CoreAudio.framework/Versions/A/CoreAudio
0x000000000cea3000 	/System/Library/Frameworks/DiskArbitration.framework/Versions/A/DiskArbitration
0x000000000cea3000 	/usr/lib/liblangid.dylib
0x000000000cea3000 	/System/Library/PrivateFrameworks/MultitouchSupport.framework/Versions/A/MultitouchSupport
0x000000000cea3000 	/System/Library/Frameworks/IOKit.framework/Versions/A/IOKit
0x000000000cea3000 	/usr/lib/libDiagnosticMessagesClient.dylib
0x000000000cea3000 	/System/Library/Frameworks/CoreServices.framework/Versions/A/CoreServices
0x000000000cea3000 	/System/Library/PrivateFrameworks/PerformanceAnalysis.framework/Versions/A/PerformanceAnalysis
0x000000000cea3000 	/System/Library/PrivateFrameworks/GenerationalStorage.framework/Versions/A/GenerationalStorage
0x000000000cea3000 	/System/Library/Frameworks/OpenGL.framework/Versions/A/OpenGL
0x000000000cea3000 	/System/Library/PrivateFrameworks/Sharing.framework/Versions/A/Sharing
0x000000000cea3000 	/System/Library/Frameworks/CoreGraphics.framework/Versions/A/CoreGraphics
0x000000000cea3000 	/System/Library/Frameworks/CoreText.framework/Versions/A/CoreText
0x000000000cea3000 	/System/Library/Frameworks/ImageIO.framework/Versions/A/ImageIO
0x000000000cea3000 	/usr/lib/libextension.dylib
0x000000000cea3000 	/System/Library/PrivateFrameworks/Backup.framework/Versions/A/Backup
0x000000000cea3000 	/usr/lib/libarchive.2.dylib
0x000000000cea3000 	/System/Library/Frameworks/CFNetwork.framework/Versions/A/CFNetwork
0x000000000cea3000 	/System/Library/Frameworks/SystemConfiguration.framework/Versions/A/SystemConfiguration
0x000000000cea3000 	/usr/lib/libCRFSuite.dylib
0x000000000cea3000 	/usr/lib/libc++.1.dylib
0x000000000cea3000 	/usr/lib/libc++abi.dylib
0x000000000cea3000 	/usr/lib/system/libcache.dylib
0x000000000cea3000 	/usr/lib/system/libcommonCrypto.dylib
0x000000000cea3000 	/usr/lib/system/libcompiler_rt.dylib
0x000000000cea3000 	/usr/lib/system/libcopyfile.dylib
0x000000000cea3000 	/usr/lib/system/libcorecrypto.dylib
0x000000000cea3000 	/usr/lib/system/libdispatch.dylib
0x000000000cea3000 	/usr/lib/system/libdyld.dylib
0x000000000cea3000 	/usr/lib/system/libkeymgr.dylib
0x000000000cea3000 	/usr/lib/system/liblaunch.dylib
0x000000000cea3000 	/usr/lib/system/libmacho.dylib
0x000000000cea3000 	/usr/lib/system/libquarantine.dylib
0x000000000cea3000 	/usr/lib/system/libremovefile.dylib
0x000000000cea3000 	/usr/lib/system/libsystem_asl.dylib
0x000000000cea3000 	/usr/lib/system/libsystem_blocks.dylib
0x000000000cea3000 	/usr/lib/system/libsystem_c.dylib
0x000000000cea3000 	/usr/lib/system/libsystem_configuration.dylib
0x000000000cea3000 	/usr/lib/system/libsystem_coreservices.dylib
0x000000000cea3000 	/usr/lib/system/libsystem_coretls.dylib
0x000000000cea3000 	/usr/lib/system/libsystem_dnssd.dylib
0x000000000cea3000 	/usr/lib/system/libsystem_info.dylib
0x000000000cea3000 	/usr/lib/system/libsystem_kernel.dylib
0x000000000cea3000 	/usr/lib/system/libsystem_m.dylib
0x000000000cea3000 	/usr/lib/system/libsystem_malloc.dylib
0x000000000cea3000 	/usr/lib/system/libsystem_network.dylib
0x000000000cea3000 	/usr/lib/system/libsystem_networkextension.dylib
0x000000000cea3000 	/usr/lib/system/libsystem_notify.dylib
0x000000000cea3000 	/usr/lib/system/libsystem_platform.dylib
0x000000000cea3000 	/usr/lib/system/libsystem_pthread.dylib
0x000000000cea3000 	/usr/lib/system/libsystem_sandbox.dylib
0x000000000cea3000 	/usr/lib/system/libsystem_secinit.dylib
0x000000000cea3000 	/usr/lib/system/libsystem_stats.dylib
0x000000000cea3000 	/usr/lib/system/libsystem_trace.dylib
0x000000000cea3000 	/usr/lib/system/libunc.dylib
0x000000000cea3000 	/usr/lib/system/libunwind.dylib
0x000000000cea3000 	/usr/lib/system/libxpc.dylib
0x000000000cea3000 	/usr/lib/libbz2.1.0.dylib
0x000000000cea3000 	/usr/lib/liblzma.5.dylib
0x000000000cea3000 	/usr/lib/libbsm.0.dylib
0x000000000cea3000 	/usr/lib/libsqlite3.dylib
0x000000000cea3000 	/usr/lib/system/libkxld.dylib
0x000000000cea3000 	/usr/lib/libxar.1.dylib
0x000000000cea3000 	/usr/lib/libpam.2.dylib
0x000000000cea3000 	/usr/lib/libOpenScriptingUtil.dylib
0x000000000cea3000 	/System/Library/Frameworks/CoreServices.framework/Versions/A/Frameworks/FSEvents.framework/Versions/A/FSEvents
0x000000000cea3000 	/System/Library/Frameworks/CoreServices.framework/Versions/A/Frameworks/CarbonCore.framework/Versions/A/CarbonCore
0x000000000cea3000 	/System/Library/Frameworks/CoreServices.framework/Versions/A/Frameworks/Metadata.framework/Versions/A/Metadata
0x000000000cea3000 	/System/Library/Frameworks/CoreServices.framework/Versions/A/Frameworks/OSServices.framework/Versions/A/OSServices
0x000000000cea3000 	/System/Library/Frameworks/CoreServices.framework/Versions/A/Frameworks/SearchKit.framework/Versions/A/SearchKit
0x000000000cea3000 	/System/Library/Frameworks/CoreServices.framework/Versions/A/Frameworks/AE.framework/Versions/A/AE
0x000000000cea3000 	/System/Library/Frameworks/CoreServices.framework/Versions/A/Frameworks/LaunchServices.framework/Versions/A/LaunchServices
0x000000000cea3000 	/System/Library/Frameworks/CoreServices.framework/Versions/A/Frameworks/DictionaryServices.framework/Versions/A/DictionaryServices
0x000000000cea3000 	/System/Library/Frameworks/NetFS.framework/Versions/A/NetFS
0x000000000cea3000 	/System/Library/PrivateFrameworks/NetAuth.framework/Versions/A/NetAuth
0x000000000cea3000 	/System/Library/PrivateFrameworks/login.framework/Versions/A/Frameworks/loginsupport.framework/Versions/A/loginsupport
0x000000000cea3000 	/System/Library/PrivateFrameworks/TCC.framework/Versions/A/TCC
0x000000000cea3000 	/usr/lib/libmecabra.dylib
0x000000000cea3000 	/System/Library/Frameworks/ApplicationServices.framework/Versions/A/Frameworks/ATS.framework/Versions/A/ATS
0x000000000cea3000 	/System/Library/Frameworks/ApplicationServices.framework/Versions/A/Frameworks/ColorSync.framework/Versions/A/ColorSync
0x000000000cea3000 	/System/Library/Frameworks/ApplicationServices.framework/Versions/A/Frameworks/HIServices.framework/Versions/A/HIServices
0x000000000cea3000 	/System/Library/Frameworks/ApplicationServices.framework/Versions/A/Frameworks/LangAnalysis.framework/Versions/A/LangAnalysis
0x000000000cea3000 	/System/Library/Frameworks/ApplicationServices.framework/Versions/A/Frameworks/PrintCore.framework/Versions/A/PrintCore
0x000000000cea3000 	/System/Library/Frameworks/ApplicationServices.framework/Versions/A/Frameworks/QD.framework/Versions/A/QD
0x000000000cea3000 	/System/Library/Frameworks/ApplicationServices.framework/Versions/A/Frameworks/SpeechSynthesis.framework/Versions/A/SpeechSynthesis
0x000000000cea3000 	/System/Library/Frameworks/Accelerate.framework/Versions/A/Accelerate
0x000000000cea3000 	/System/Library/Frameworks/Accelerate.framework/Versions/A/Frameworks/vImage.framework/Versions/A/vImage
0x000000000cea3000 	/System/Library/Frameworks/Accelerate.framework/Versions/A/Frameworks/vecLib.framework/Versions/A/vecLib
0x000000000cea3000 	/System/Library/Frameworks/Accelerate.framework/Versions/A/Frameworks/vecLib.framework/Versions/A/libvDSP.dylib
0x000000000cea3000 	/System/Library/Frameworks/Accelerate.framework/Versions/A/Frameworks/vecLib.framework/Versions/A/libvMisc.dylib
0x000000000cea3000 	/System/Library/Frameworks/Accelerate.framework/Versions/A/Frameworks/vecLib.framework/Versions/A/libLAPACK.dylib
0x000000000cea3000 	/System/Library/Frameworks/Accelerate.framework/Versions/A/Frameworks/vecLib.framework/Versions/A/libBLAS.dylib
0x000000000cea3000 	/System/Library/Frameworks/Accelerate.framework/Versions/A/Frameworks/vecLib.framework/Versions/A/libLinearAlgebra.dylib
0x000000000cea3000 	/System/Library/Frameworks/ApplicationServices.framework/Versions/A/Frameworks/ATS.framework/Versions/A/Resources/libFontParser.dylib
0x000000000cea3000 	/System/Library/Frameworks/ApplicationServices.framework/Versions/A/Frameworks/ATS.framework/Versions/A/Resources/libFontRegistry.dylib
0x000000000cea3000 	/System/Library/PrivateFrameworks/AppleVPA.framework/Versions/A/AppleVPA
0x000000000cea3000 	/System/Library/PrivateFrameworks/AppleJPEG.framework/Versions/A/AppleJPEG
0x000000000cea3000 	/System/Library/Frameworks/ImageIO.framework/Versions/A/Resources/libJPEG.dylib
0x000000000cea3000 	/System/Library/Frameworks/ImageIO.framework/Versions/A/Resources/libTIFF.dylib
0x000000000cea3000 	/System/Library/Frameworks/ImageIO.framework/Versions/A/Resources/libPng.dylib
0x000000000cea3000 	/System/Library/Frameworks/ImageIO.framework/Versions/A/Resources/libGIF.dylib
0x000000000cea3000 	/System/Library/Frameworks/ImageIO.framework/Versions/A/Resources/libJP2.dylib
0x000000000cea3000 	/System/Library/Frameworks/ImageIO.framework/Versions/A/Resources/libRadiance.dylib
0x000000000cea3000 	/System/Library/Frameworks/CoreVideo.framework/Versions/A/CoreVideo
0x000000000cea3000 	/System/Library/Frameworks/OpenGL.framework/Versions/A/Libraries/libGLU.dylib
0x000000000cea3000 	/System/Library/Frameworks/OpenGL.framework/Versions/A/Libraries/libGFXShared.dylib
0x000000000cea3000 	/System/Library/Frameworks/OpenGL.framework/Versions/A/Libraries/libGL.dylib
0x000000000cea3000 	/System/Library/Frameworks/OpenGL.framework/Versions/A/Libraries/libGLImage.dylib
0x000000000cea3000 	/System/Library/Frameworks/OpenGL.framework/Versions/A/Libraries/libCVMSPluginSupport.dylib
0x000000000cea3000 	/System/Library/Frameworks/OpenGL.framework/Versions/A/Libraries/libCoreVMClient.dylib
0x000000000cea3000 	/usr/lib/libcups.2.dylib
0x000000000cea3000 	/System/Library/Frameworks/Kerberos.framework/Versions/A/Kerberos
0x000000000cea3000 	/System/Library/Frameworks/GSS.framework/Versions/A/GSS
0x000000000cea3000 	/usr/lib/libresolv.9.dylib
0x000000000cea3000 	/usr/lib/libiconv.2.dylib
0x000000000cea3000 	/System/Library/PrivateFrameworks/Heimdal.framework/Versions/A/Heimdal
0x000000000cea3000 	/usr/lib/libheimdal-asn1.dylib
0x000000000cea3000 	/System/Library/Frameworks/OpenDirectory.framework/Versions/A/OpenDirectory
0x000000000cea3000 	/System/Library/PrivateFrameworks/CommonAuth.framework/Versions/A/CommonAuth
0x000000000cea3000 	/System/Library/Frameworks/OpenDirectory.framework/Versions/A/Frameworks/CFOpenDirectory.framework/Versions/A/CFOpenDirectory
0x000000000cea3000 	/System/Library/Frameworks/SecurityFoundation.framework/Versions/A/SecurityFoundation
0x000000000cea3000 	/System/Library/PrivateFrameworks/LanguageModeling.framework/Versions/A/LanguageModeling
0x000000000cea3000 	/usr/lib/libcmph.dylib
0x000000000cea3000 	/System/Library/Frameworks/ServiceManagement.framework/Versions/A/ServiceManagement
0x000000000cea3000 	/usr/lib/libxslt.1.dylib
0x000000000cea3000 	/System/Library/Frameworks/Carbon.framework/Versions/A/Frameworks/Ink.framework/Versions/A/Ink
0x000000000cea3000 	/System/Library/Frameworks/QuartzCore.framework/Versions/A/Frameworks/CoreImage.framework/Versions/A/CoreImage
0x000000000cea3000 	/System/Library/PrivateFrameworks/CrashReporterSupport.framework/Versions/A/CrashReporterSupport
0x000000000cea3000 	/System/Library/Frameworks/OpenCL.framework/Versions/A/OpenCL
0x000000000cea3000 	/System/Library/PrivateFrameworks/FaceCore.framework/Versions/A/FaceCore
0x000000000cea3000 	/System/Library/PrivateFrameworks/Ubiquity.framework/Versions/A/Ubiquity
0x000000000cea3000 	/System/Library/PrivateFrameworks/IconServices.framework/Versions/A/IconServices
0x000000000cea3000 	/System/Library/PrivateFrameworks/ChunkingLibrary.framework/Versions/A/ChunkingLibrary
0x000000000cea3000 	/System/Library/PrivateFrameworks/Apple80211.framework/Versions/A/Apple80211
0x000000000cea3000 	/System/Library/Frameworks/CoreWLAN.framework/Versions/A/CoreWLAN
0x000000000cea3000 	/System/Library/Frameworks/IOBluetooth.framework/Versions/A/IOBluetooth
0x000000000cea3000 	/System/Library/PrivateFrameworks/CoreWiFi.framework/Versions/A/CoreWiFi
0x000000000cea3000 	/System/Library/Frameworks/CoreBluetooth.framework/Versions/A/CoreBluetooth
0x000000000cea3000 	/System/Library/PrivateFrameworks/DebugSymbols.framework/Versions/A/DebugSymbols
0x000000000cea3000 	/System/Library/PrivateFrameworks/CoreSymbolication.framework/Versions/A/CoreSymbolication
0x000000000cea3000 	/System/Library/PrivateFrameworks/Symbolication.framework/Versions/A/Symbolication
0x000000000cea3000 	/System/Library/PrivateFrameworks/SpeechRecognitionCore.framework/Versions/A/SpeechRecognitionCore
0x0000000109800000 	/Library/Java/JavaVirtualMachines/jdk1.8.0_31.jdk/Contents/Home/jre/lib/server/libjvm.dylib
0x000000000cea3000 	/usr/lib/libstdc++.6.dylib
0x0000000108f69000 	/Library/Java/JavaVirtualMachines/jdk1.8.0_31.jdk/Contents/Home/jre/lib/libverify.dylib
0x0000000108f77000 	/Library/Java/JavaVirtualMachines/jdk1.8.0_31.jdk/Contents/Home/jre/lib/libjava.dylib
0x0000000108fb5000 	/Library/Java/JavaVirtualMachines/jdk1.8.0_31.jdk/Contents/Home/jre/lib/libzip.dylib
0x000000011e2f2000 	/System/Library/Frameworks/JavaVM.framework/Frameworks/JavaRuntimeSupport.framework/JavaRuntimeSupport
0x000000011e30a000 	/System/Library/Frameworks/JavaVM.framework/Versions/A/Frameworks/JavaNativeFoundation.framework/Versions/A/JavaNativeFoundation
0x000000011e31f000 	/System/Library/Frameworks/JavaVM.framework/Versions/A/JavaVM
0x000000000cea3000 	/System/Library/Frameworks/Carbon.framework/Versions/A/Carbon
0x000000011e32c000 	/System/Library/PrivateFrameworks/JavaLaunching.framework/Versions/A/JavaLaunching
0x000000000cea3000 	/System/Library/Frameworks/Carbon.framework/Versions/A/Frameworks/CommonPanels.framework/Versions/A/CommonPanels
0x000000000cea3000 	/System/Library/Frameworks/Carbon.framework/Versions/A/Frameworks/Help.framework/Versions/A/Help
0x000000000cea3000 	/System/Library/Frameworks/Carbon.framework/Versions/A/Frameworks/ImageCapture.framework/Versions/A/ImageCapture
0x000000000cea3000 	/System/Library/Frameworks/Carbon.framework/Versions/A/Frameworks/OpenScripting.framework/Versions/A/OpenScripting
0x000000000cea3000 	/System/Library/Frameworks/Carbon.framework/Versions/A/Frameworks/Print.framework/Versions/A/Print
0x000000000cea3000 	/System/Library/Frameworks/Carbon.framework/Versions/A/Frameworks/SecurityHI.framework/Versions/A/SecurityHI
0x0000000120369000 	/Library/Java/JavaVirtualMachines/jdk1.8.0_31.jdk/Contents/Home/jre/lib/libprism_es2.dylib
0x000000000cea3000 	/System/Library/Frameworks/OpenGL.framework/Versions/A/Resources/GLEngine.bundle/GLEngine
0x000000000cea3000 	/System/Library/Frameworks/OpenGL.framework/Versions/A/Libraries/libGLProgrammability.dylib
0x0000000000000000 	/System/Library/Extensions/AppleIntelHD5000GraphicsGLDriver.bundle/Contents/MacOS/AppleIntelHD5000GraphicsGLDriver
0x000000000cea3000 	/System/Library/PrivateFrameworks/IOAccelerator.framework/Versions/A/IOAccelerator
0x000000000cea3000 	/System/Library/PrivateFrameworks/GPUSupport.framework/Versions/A/Libraries/libGPUSupportMercury.dylib
0x000000000cea3000 	/System/Library/Frameworks/OpenGL.framework/Versions/A/Resources/GLRendererFloat.bundle/GLRendererFloat
0x000000000cea3000 	/System/Library/Frameworks/OpenCL.framework/Versions/A/Libraries/libcldcpuengine.dylib
0x000000000cea3000 	/System/Library/PrivateFrameworks/DiskImages.framework/Versions/A/DiskImages
0x000000000cea3000 	/System/Library/Frameworks/DiscRecording.framework/Versions/A/DiscRecording
0x000000000cea3000 	/usr/lib/libcsfde.dylib
0x000000000cea3000 	/usr/lib/libcurl.4.dylib
0x000000000cea3000 	/System/Library/PrivateFrameworks/MediaKit.framework/Versions/A/MediaKit
0x000000000cea3000 	/System/Library/PrivateFrameworks/ProtectedCloudStorage.framework/Versions/A/ProtectedCloudStorage
0x000000000cea3000 	/usr/lib/libCoreStorage.dylib
0x000000000cea3000 	/System/Library/PrivateFrameworks/EFILogin.framework/Versions/A/EFILogin
0x000000000cea3000 	/usr/lib/libutil.dylib
0x000000000cea3000 	/System/Library/PrivateFrameworks/FindMyDevice.framework/Versions/A/FindMyDevice
0x000000000cea3000 	/System/Library/Frameworks/LDAP.framework/Versions/A/LDAP
0x000000000cea3000 	/usr/lib/libsasl2.2.dylib
0x000000000cea3000 	/System/Library/PrivateFrameworks/CoreDaemon.framework/Versions/B/CoreDaemon
0x000000000cea3000 	/usr/lib/libcrypto.0.9.8.dylib
0x000000000cea3000 	/System/Library/PrivateFrameworks/AppleSRP.framework/Versions/A/AppleSRP
0x000000000cea3000 	/System/Library/PrivateFrameworks/TrustEvaluationAgent.framework/Versions/A/TrustEvaluationAgent
0x000000012089d000 	/Library/Java/JavaVirtualMachines/jdk1.8.0_31.jdk/Contents/Home/jre/lib/libglass.dylib
0x000000000cea3000 	/System/Library/PrivateFrameworks/CoreServicesInternal.framework/Versions/A/CoreServicesInternal
0x000000000cea3000 	/System/Library/PrivateFrameworks/CloudDocs.framework/Versions/A/CloudDocs
0x000000000cea3000 	/System/Library/PrivateFrameworks/CoreDuet.framework/Versions/A/CoreDuet
0x000000000cea3000 	/System/Library/Frameworks/CloudKit.framework/Versions/A/CloudKit
0x000000000cea3000 	/System/Library/PrivateFrameworks/ProtocolBuffer.framework/Versions/A/ProtocolBuffer
0x000000000cea3000 	/System/Library/PrivateFrameworks/CoreDuetDaemonProtocol.framework/Versions/A/CoreDuetDaemonProtocol
0x000000000cea3000 	/System/Library/PrivateFrameworks/CoreDuetDebugLogging.framework/Versions/A/CoreDuetDebugLogging
0x000000000cea3000 	/System/Library/PrivateFrameworks/MMCS.framework/Versions/A/MMCS
0x000000000cea3000 	/System/Library/Frameworks/CoreLocation.framework/Versions/A/CoreLocation
0x000000000cea3000 	/System/Library/PrivateFrameworks/GeoServices.framework/Versions/A/GeoServices
0x000000000cea3000 	/System/Library/Frameworks/CoreGraphics.framework/Versions/A/Resources/libCGCMS.A.dylib
0x0000000121f33000 	/System/Library/CoreServices/RawCamera.bundle/Contents/MacOS/RawCamera
0x000000000cea3000 	/System/Library/Frameworks/CoreGraphics.framework/Versions/A/Resources/libRIP.A.dylib
0x000000000cea3000 	/System/Library/PrivateFrameworks/FamilyControls.framework/Versions/A/FamilyControls
0x000000000cea3000 	/System/Library/PrivateFrameworks/CommerceKit.framework/Versions/A/Frameworks/CommerceCore.framework/Versions/A/CommerceCore
0x000000000cea3000 	/System/Library/PrivateFrameworks/SystemAdministration.framework/Versions/A/SystemAdministration
0x000000000cea3000 	/System/Library/PrivateFrameworks/AppContainer.framework/Versions/A/AppContainer
0x000000000cea3000 	/System/Library/PrivateFrameworks/SecCodeWrapper.framework/Versions/A/SecCodeWrapper
0x000000000cea3000 	/System/Library/Frameworks/DirectoryService.framework/Versions/A/DirectoryService
0x000000000cea3000 	/System/Library/PrivateFrameworks/LoginUIKit.framework/Versions/A/Frameworks/LoginUICore.framework/Versions/A/LoginUICore
0x000000000cea3000 	/usr/lib/libodfde.dylib
0x000000012422f000 	/Library/Java/JavaVirtualMachines/jdk1.8.0_31.jdk/Contents/Home/jre/lib/libjavafx_font.dylib
0x000000000cea3000 	/System/Library/Frameworks/CoreGraphics.framework/Versions/A/Resources/libCGXType.A.dylib
0x0000000124d89000 	/Library/Java/JavaVirtualMachines/jdk1.8.0_31.jdk/Contents/Home/jre/lib/libprism_common.dylib
0x00000001278c9000 	cl_kernels
0x00000001279b9000 	/System/Library/Frameworks/OpenCL.framework/Versions/A/Libraries/ImageFormats/unorm8_bgra.dylib
0x00000001278ba000 	cl_kernels
0x000000000cea3000 	/System/Library/PrivateFrameworks/FinderKit.framework/Versions/A/FinderKit
0x000000000cea3000 	/System/Library/PrivateFrameworks/Suggestions.framework/Versions/A/Suggestions
0x000000000cea3000 	/System/Library/Frameworks/Quartz.framework/Versions/A/Frameworks/QuickLookUI.framework/Versions/A/QuickLookUI
0x000000000cea3000 	/System/Library/Frameworks/Quartz.framework/Versions/A/Frameworks/ImageKit.framework/Versions/A/ImageKit
0x000000000cea3000 	/System/Library/PrivateFrameworks/Bom.framework/Versions/A/Bom
0x000000000cea3000 	/System/Library/Frameworks/QuickLook.framework/Versions/A/QuickLook
0x000000000cea3000 	/System/Library/PrivateFrameworks/AppleSystemInfo.framework/Versions/A/AppleSystemInfo
0x000000000cea3000 	/System/Library/Frameworks/ImageCaptureCore.framework/Versions/A/ImageCaptureCore
0x000000000cea3000 	/System/Library/Frameworks/AddressBook.framework/Versions/A/AddressBook
0x000000000cea3000 	/System/Library/PrivateFrameworks/IntlPreferences.framework/Versions/A/IntlPreferences
0x000000000cea3000 	/System/Library/PrivateFrameworks/ToneLibrary.framework/Versions/A/ToneLibrary
0x000000000cea3000 	/System/Library/PrivateFrameworks/ToneKit.framework/Versions/A/ToneKit
0x000000000cea3000 	/System/Library/PrivateFrameworks/vCard.framework/Versions/A/vCard
0x000000000cea3000 	/System/Library/PrivateFrameworks/ApplePushService.framework/Versions/A/ApplePushService
0x000000000cea3000 	/System/Library/PrivateFrameworks/ContactsData.framework/Versions/A/ContactsData
0x000000000cea3000 	/System/Library/PrivateFrameworks/ContactsFoundation.framework/Versions/A/ContactsFoundation
0x000000000cea3000 	/System/Library/Frameworks/SecurityInterface.framework/Versions/A/SecurityInterface
0x000000000cea3000 	/System/Library/PrivateFrameworks/PhoneNumbers.framework/Versions/A/PhoneNumbers
0x000000000cea3000 	/System/Library/Frameworks/Quartz.framework/Versions/A/Quartz
0x000000000cea3000 	/System/Library/Frameworks/AVFoundation.framework/Versions/A/AVFoundation
0x000000000cea3000 	/System/Library/Frameworks/AVFoundation.framework/Versions/A/Resources/libAVFAudio.dylib
0x000000000cea3000 	/System/Library/Frameworks/CoreMedia.framework/Versions/A/CoreMedia
0x000000000cea3000 	/System/Library/Frameworks/MediaToolbox.framework/Versions/A/MediaToolbox
0x000000000cea3000 	/System/Library/Frameworks/VideoToolbox.framework/Versions/A/VideoToolbox
0x000000000cea3000 	/System/Library/Frameworks/CoreMediaIO.framework/Versions/A/CoreMediaIO
0x000000000cea3000 	/System/Library/PrivateFrameworks/MediaControlSender.framework/Versions/A/MediaControlSender
0x000000000cea3000 	/System/Library/PrivateFrameworks/CoreAVCHD.framework/Versions/A/CoreAVCHD
0x000000000cea3000 	/System/Library/Frameworks/MediaAccessibility.framework/Versions/A/MediaAccessibility
0x000000000cea3000 	/System/Library/PrivateFrameworks/Mangrove.framework/Versions/A/Mangrove
0x000000000cea3000 	/System/Library/PrivateFrameworks/CoreAUC.framework/Versions/A/CoreAUC
0x000000000cea3000 	/System/Library/PrivateFrameworks/NetworkStatistics.framework/Versions/A/NetworkStatistics
0x000000000cea3000 	/System/Library/PrivateFrameworks/AirPlaySupport.framework/Versions/A/AirPlaySupport
0x000000000cea3000 	/System/Library/PrivateFrameworks/CoreUtils.framework/Versions/A/CoreUtils
0x000000000cea3000 	/System/Library/PrivateFrameworks/AppleVA.framework/Versions/A/AppleVA
0x000000000cea3000 	/System/Library/PrivateFrameworks/XPCService.framework/Versions/A/XPCService
0x000000000cea3000 	/System/Library/PrivateFrameworks/AppSandbox.framework/Versions/A/AppSandbox
0x000000000cea3000 	/usr/lib/libsandbox.1.dylib
0x000000000cea3000 	/usr/lib/libMatch.1.dylib
0x00000001244f0000 	/System/Library/PrivateFrameworks/SafariServices.framework/Versions/A/SafariServices
0x000000000cea3000 	/usr/lib/libspindump.dylib
0x000000000cea3000 	/System/Library/Frameworks/QTKit.framework/Versions/A/QTKit
0x000000000cea3000 	/System/Library/PrivateFrameworks/CoreMediaAuthoring.framework/Versions/A/CoreMediaAuthoring
0x000000000cea3000 	/System/Library/Frameworks/Quartz.framework/Versions/A/Frameworks/QuartzComposer.framework/Versions/A/QuartzComposer
0x000000000cea3000 	/System/Library/Frameworks/Quartz.framework/Versions/A/Frameworks/PDFKit.framework/Versions/A/PDFKit
0x000000000cea3000 	/System/Library/Frameworks/Quartz.framework/Versions/A/Frameworks/QuartzFilters.framework/Versions/A/QuartzFilters
0x000000000cea3000 	/System/Library/Frameworks/JavaScriptCore.framework/Versions/A/JavaScriptCore
0x000000000cea3000 	/System/Library/PrivateFrameworks/CorePDF.framework/Versions/A/CorePDF
0x000000000cea3000 	/System/Library/PrivateFrameworks/DisplayServices.framework/Versions/A/DisplayServices
0x000000000cea3000 	/System/Library/PrivateFrameworks/AppleFSCompression.framework/Versions/A/AppleFSCompression
0x000000012477b000 	/System/Library/PrivateFrameworks/CacheDelete.framework/CacheDelete
0x000000000cea3000 	/System/Library/PrivateFrameworks/PlugInKit.framework/Versions/A/PlugInKit
0x0000000124dcd000 	cl_kernels
0x0000000124dc3000 	cl_kernels
0x0000000124dc7000 	cl_kernels
0x000000012c809000 	/System/Library/Frameworks/OpenCL.framework/Versions/A/Libraries/ImageFormats/unorm8_rgba.dylib
0x000000000cea3000 	/System/Library/Frameworks/CoreGraphics.framework/Versions/A/Resources/libCGXCoreImage.A.dylib
0x0000000128cab000 	cl_kernels
0x000000000cea3000 	/System/Library/Frameworks/Accelerate.framework/Versions/A/Frameworks/vImage.framework/Versions/A/Libraries/libCGInterfaces.dylib
0x000000012c92b000 	/System/Library/Frameworks/Security.framework/PlugIns/csparser.bundle/Contents/MacOS/csparser

VM Arguments:
jvm_args: -Dfile.encoding=UTF-8 
java_command: gui.stevePane.Main
java_class_path (initial): /Users/Douglas/Workspace/steve/bin:/Users/Douglas/Applications/Eclipse Luna/plugins/org.eclipse.fx.ide.css.jfx8_1.1.0.201411050807.jar:/Users/Douglas/Workspace/steve/libraries/SLF4J/slf4j-api-1.7.5.jar:/Users/Douglas/Workspace/steve/libraries/SLF4J/slf4j-simple-1.7.5.jar:/Users/Douglas/Workspace/steve/libraries/Xuggle/xuggle-xuggler-5.4.jar:/Users/Douglas/Workspace/aNa/bin:/Users/Douglas/Workspace/aNa/libraries/junit-4.11.jar:/Users/Douglas/Workspace/steve/libraries/JGraph/jgraph.jar:/Users/Douglas/Workspace/steve/libraries/JGraphT/jgrapht-jdk1.6.jar
Launcher Type: SUN_STANDARD

Environment Variables:
PATH=/usr/bin:/bin:/usr/sbin:/sbin
SHELL=/bin/bash

Signal Handlers:
SIGSEGV: [libjvm.dylib+0x57a0e7], sa_mask[0]=11111111011111110111111111111111, sa_flags=SA_ONSTACK|SA_RESTART|SA_SIGINFO
SIGBUS: [libjvm.dylib+0x57a0e7], sa_mask[0]=11111111011111110111111111111111, sa_flags=SA_RESTART|SA_SIGINFO
SIGFPE: [libjvm.dylib+0x45af24], sa_mask[0]=11111111011111110111111111111111, sa_flags=SA_RESTART|SA_SIGINFO
SIGPIPE: [libjvm.dylib+0x45af24], sa_mask[0]=11111111011111110111111111111111, sa_flags=SA_RESTART|SA_SIGINFO
SIGXFSZ: [libjvm.dylib+0x45af24], sa_mask[0]=11111111011111110111111111111111, sa_flags=SA_RESTART|SA_SIGINFO
SIGILL: [libjvm.dylib+0x45af24], sa_mask[0]=11111111011111110111111111111111, sa_flags=SA_RESTART|SA_SIGINFO
SIGUSR1: SIG_DFL, sa_mask[0]=00000000000000000000000000000000, sa_flags=none
SIGUSR2: [libjvm.dylib+0x45aa42], sa_mask[0]=00100000000000000000000000000000, sa_flags=SA_RESTART|SA_SIGINFO
SIGHUP: [libjvm.dylib+0x459015], sa_mask[0]=11111111011111110111111111111111, sa_flags=SA_RESTART|SA_SIGINFO
SIGINT: [libjvm.dylib+0x459015], sa_mask[0]=11111111011111110111111111111111, sa_flags=SA_RESTART|SA_SIGINFO
SIGTERM: [libjvm.dylib+0x459015], sa_mask[0]=11111111011111110111111111111111, sa_flags=SA_RESTART|SA_SIGINFO
SIGQUIT: [libjvm.dylib+0x459015], sa_mask[0]=11111111011111110111111111111111, sa_flags=SA_RESTART|SA_SIGINFO


---------------  S Y S T E M  ---------------

OS:Bsduname:Darwin 14.3.0 Darwin Kernel Version 14.3.0: Mon Mar 23 11:59:05 PDT 2015; root:xnu-2782.20.48~5/RELEASE_X86_64 x86_64
rlimit: STACK 8192k, CORE 0k, NPROC 709, NOFILE 10240, AS infinity
load average:2.00 2.14 2.06

CPU:total 4 (2 cores per cpu, 2 threads per core) family 6 model 69 stepping 1, cmov, cx8, fxsr, mmx, sse, sse2, sse3, ssse3, sse4.1, sse4.2, popcnt, avx, avx2, aes, clmul, erms, lzcnt, ht, tsc, tscinvbit, bmi1, bmi2

Memory: 4k page, physical 4194304k(20852k free)

/proc/meminfo:


vm_info: Java HotSpot(TM) 64-Bit Server VM (25.31-b07) for bsd-amd64 JRE (1.8.0_31-b13), built on Dec 17 2014 20:45:36 by "java_re" with gcc 4.2.1 (Based on Apple Inc. build 5658) (LLVM build 2336.11.00)

time: Wed May 20 18:15:44 2015
elapsed time: 89 seconds (0d 0h 1m 29s)

