#
# A fatal error has been detected by the Java Runtime Environment:
#
#  SIGSEGV (0xb) at pc=0x000000011e0943fd, pid=30564, tid=1299
#
# JRE version: Java(TM) SE Runtime Environment (8.0_31-b15) (build 1.8.0_31-b15)
# Java VM: Java HotSpot(TM) 64-Bit Server VM (25.31-b07 mixed mode bsd-amd64 compressed oops)
# Problematic frame:
# C  [libglass.dylib+0x163fd]  GlassScreenDidChangeScreenParameters+0x9d
#
# Failed to write core dump. Core dumps have been disabled. To enable core dumping, try "ulimit -c unlimited" before starting Java again
#
# If you would like to submit a bug report, please visit:
#   http://bugreport.java.com/bugreport/crash.jsp
#

---------------  T H R E A D  ---------------

Current thread is native thread

siginfo: si_signo: 11 (SIGSEGV), si_code: 1 (SEGV_MAPERR), si_addr: 0x0000000000000000

Registers:
RAX=0x000000011e0c6e40, RBX=0x0000000000000000, RCX=0x3b008c6164561f03, RDX=0x00007f8a7b3b35c8
RSP=0x00007fff595d93d0, RBP=0x00007fff595d93e0, RSI=0x00007f8a78e25fb8, RDI=0x0000000000000000
R8 =0x00007fff595d9280, R9 =0x00007fff7f2b9300, R10=0x0000000000000000, R11=0x0000000000000246
R12=0x00007f8a78c15b00, R13=0x00000000000f426a, R14=0x00007f8a78e9f720, R15=0x00007fff595d9520
RIP=0x000000011e0943fd, EFLAGS=0x0000000000010202, ERR=0x0000000000000004
  TRAPNO=0x000000000000000e

Top of Stack: (sp=0x00007fff595d93d0)
0x00007fff595d93d0:   00007fff595d95b0 00007f8a78e9f720
0x00007fff595d93e0:   00007fff595d93f0 00007fff97c4045c
0x00007fff595d93f0:   00007fff595d9750 00007fff97b30634
0x00007fff595d9400:   00007fff595d9450 0000000000000a00
0x00007fff595d9410:   00007fff7e730ed0 00007f8a78ddd110
0x00007fff595d9420:   0000000000001001 0000000000001f50
0x00007fff595d9430:   00007f8a78ddd110 00007f8a78e9f720
0x00007fff595d9440:   0000000000000000 00007fff595d9520
0x00007fff595d9450:   0000000000000000 00007f8a78e9f6e0
0x00007fff595d9460:   00007fff595d95a0 000000000000014e
0x00007fff595d9470:   00000000000f5657 00007f8a78f47b80
0x00007fff595d9480:   00007f8a78c543e0 00007f8a78c15b00
0x00007fff595d9490:   0000000000000001 00000000000f426a
0x00007fff595d94a0:   00007f8a78c15af0 00007fff9827bacb
0x00007fff595d94b0:   0000000000000001 0000000000000001
0x00007fff595d94c0:   0000000000000030 0000000000000001
0x00007fff595d94d0:   00007fff595d94f0 00007fff98281231
0x00007fff595d94e0:   00007fff7e72efb0 0000000000000000
0x00007fff595d94f0:   00007fff595d9510 000000000000003a
0x00007fff595d9500:   004b54037e80fa00 00007f8a78c15b24
0x00007fff595d9510:   0000000000000000 00007fff97b2610f
0x00007fff595d9520:   00007f8a78e9f720 00007fff7e72efb0
0x00007fff595d9530:   00007fff595d95b0 00007fff97b2ec3f
0x00007fff595d9540:   00007fff595d95a0 00007fff947d4605
0x00007fff595d9550:   0000000106641a00 0000000000000002
0x00007fff595d9560:   000000010663e000 00007f8a78f3b032
0x00007fff595d9570:   0000000000000003 0000000106642400
0x00007fff595d9580:   00007fff595d9670 00007fff9827a2a2
0x00007fff595d9590:   00007f8a78d13e70 00007fff595d9758
0x00007fff595d95a0:   0000000000000017 0000000000000000
0x00007fff595d95b0:   00000000000f426a 00007fff97b26403
0x00007fff595d95c0:   00007fff00000000 00007f8a78c57f70 

Instructions: (pc=0x000000011e0943fd)
0x000000011e0943dd:   89 df 4c 89 f1 41 ff 90 68 04 00 00 48 8d 05 58
0x000000011e0943ed:   29 03 00 48 8b 30 48 8d 05 46 2a 03 00 48 8b 10
0x000000011e0943fd:   48 8b 0b 30 c0 48 89 df ff 91 68 04 00 00 48 8b
0x000000011e09440d:   03 48 89 df ff 50 78 48 85 c0 74 36 49 89 c6 48 

Register to memory mapping:

RAX=0x000000011e0c6e40: jScreenNotifySettingsChanged+0 in /Library/Internet Plug-Ins/JavaAppletPlugin.plugin/Contents/Home/lib/libglass.dylib at 0x000000011e07e000
RBX=0x0000000000000000 is an unknown value
RCX=0x3b008c6164561f03 is an unknown value
RDX=0x00007f8a7b3b35c8 is an unknown value
RSP=0x00007fff595d93d0 is an unknown value
RBP=0x00007fff595d93e0 is an unknown value
RSI=0x00007f8a78e25fb8 is a global jni handle
RDI=0x0000000000000000 is an unknown value
R8 =0x00007fff595d9280 is an unknown value
R9 =0x00007fff7f2b9300: _thread+0 in /usr/lib/system/libsystem_pthread.dylib at 0x00007fff9b870000
R10=0x0000000000000000 is an unknown value
R11=0x0000000000000246 is an unknown value
R12=0x00007f8a78c15b00 is an unknown value
R13=0x00000000000f426a is an unknown value
R14=0x00007f8a78e9f720 is an unknown value
R15=0x00007fff595d9520 is an unknown value


Stack: [0x00007fff58ddc000,0x00007fff595dc000],  sp=0x00007fff595d93d0,  free space=8180k
Native frames: (J=compiled Java code, j=interpreted, Vv=VM code, C=native code)
C  [libglass.dylib+0x163fd]  GlassScreenDidChangeScreenParameters+0x9d
C  [CoreFoundation+0x12045c]  __CFNOTIFICATIONCENTER_IS_CALLING_OUT_TO_AN_OBSERVER__+0xc
C  [CoreFoundation+0x10634]  _CFXNotificationPost+0xc44
C  [Foundation+0x79d1]  -[NSNotificationCenter postNotificationName:object:userInfo:]+0x42
C  [AppKit+0x40df7e]  -[NSApplication _reactToScreenInvalidationImmediately:]+0x17b
C  [AppKit+0x40ddc7]  __44-[NSApplication _reactToScreenInvalidation:]_block_invoke+0x4b
C  [CoreFoundation+0x808ec]  __CFRUNLOOP_IS_CALLING_OUT_TO_A_BLOCK__+0xc
C  [CoreFoundation+0x729f5]  __CFRunLoopDoBlocks+0x155
C  [CoreFoundation+0x72536]  __CFRunLoopRun+0x716
C  [CoreFoundation+0x71bd8]  CFRunLoopRunSpecific+0x128
C  [java+0x56cc]  CreateExecutionEnvironment+0x367
C  [java+0x165c]  JLI_Launch+0x7a0
C  [java+0x768a]  main+0x65
C  [java+0xeb4]  start+0x34


---------------  P R O C E S S  ---------------

VM state:not at safepoint (normal execution)

VM Mutex/Monitor currently owned by a thread: None

Heap:
 PSYoungGen      total 18944K, used 7352K [0x00000007aab00000, 0x00000007acb00000, 0x00000007c0000000)
  eden space 16384K, 29% used [0x00000007aab00000,0x00000007aafb58e0,0x00000007abb00000)
  from space 2560K, 98% used [0x00000007abb00000,0x00000007abd789c8,0x00000007abd80000)
  to   space 8192K, 0% used [0x00000007ac300000,0x00000007ac300000,0x00000007acb00000)
 ParOldGen       total 62976K, used 46735K [0x0000000780000000, 0x0000000783d80000, 0x00000007aab00000)
  object space 62976K, 74% used [0x0000000780000000,0x0000000782da3e08,0x0000000783d80000)
 Metaspace       used 19763K, capacity 21004K, committed 21120K, reserved 1067008K
  class space    used 2896K, capacity 3150K, committed 3200K, reserved 1048576K

Card table byte_map: [0x00000001173e2000,0x00000001175e3000] byte_map_base: 0x00000001137e2000

Marking Bits: (ParMarkBitMap*) 0x000000010789e410
 Begin Bits: [0x0000000117b45000, 0x0000000118b45000)
 End Bits:   [0x0000000118b45000, 0x0000000119b45000)

Polling page: 0x00000001067ad000

CodeCache: size=245760Kb used=12750Kb max_used=13064Kb free=233009Kb
 bounds [0x0000000108022000, 0x0000000108d02000, 0x0000000117022000]
 total_blobs=4627 nmethods=3949 adapters=591
 compilation: enabled

Compilation events (10 events):
Event: 387.706 Thread 0x00007f8a79028000 4405  s    3       java.lang.Throwable::fillInStackTrace (29 bytes)
Event: 387.707 Thread 0x00007f8a79028000 nmethod 4405 0x0000000108338490 code [0x0000000108338600, 0x00000001083389a8]
Event: 387.708 Thread 0x00007f8a79028000 4407       3       sun.nio.cs.UTF_8$Encoder::encodeArrayLoop (489 bytes)
Event: 387.711 Thread 0x00007f8a79028000 nmethod 4407 0x0000000108cee650 code [0x0000000108ceeba0, 0x0000000108cf2168]
Event: 387.712 Thread 0x00007f8a79028000 4408       3       java.io.BufferedWriter::ensureOpen (18 bytes)
Event: 387.712 Thread 0x00007f8a79028000 nmethod 4408 0x000000010832cb50 code [0x000000010832ccc0, 0x000000010832cee8]
Event: 387.713 Thread 0x00007f8a79028000 4410       3       java.util.ArrayList::remove (69 bytes)
Event: 387.714 Thread 0x00007f8a79028000 nmethod 4410 0x0000000108ce7a90 code [0x0000000108ce7c40, 0x0000000108ce82a8]
Event: 387.714 Thread 0x00007f8a79028000 4409       1       sun.nio.cs.StreamEncoder::isOpen (5 bytes)
Event: 387.715 Thread 0x00007f8a79028000 nmethod 4409 0x00000001083e5f10 code [0x00000001083e6060, 0x00000001083e6170]

GC Heap History (10 events):
Event: 1.454 GC heap before
{Heap before GC invocations=1 (full 0):
 PSYoungGen      total 18944K, used 16384K [0x00000007aab00000, 0x00000007ac000000, 0x00000007c0000000)
  eden space 16384K, 100% used [0x00000007aab00000,0x00000007abb00000,0x00000007abb00000)
  from space 2560K, 0% used [0x00000007abd80000,0x00000007abd80000,0x00000007ac000000)
  to   space 2560K, 0% used [0x00000007abb00000,0x00000007abb00000,0x00000007abd80000)
 ParOldGen       total 44032K, used 0K [0x0000000780000000, 0x0000000782b00000, 0x00000007aab00000)
  object space 44032K, 0% used [0x0000000780000000,0x0000000780000000,0x0000000782b00000)
 Metaspace       used 8739K, capacity 9232K, committed 9472K, reserved 1056768K
  class space    used 1148K, capacity 1238K, committed 1280K, reserved 1048576K
Event: 1.461 GC heap after
Heap after GC invocations=1 (full 0):
 PSYoungGen      total 18944K, used 2536K [0x00000007aab00000, 0x00000007ac000000, 0x00000007c0000000)
  eden space 16384K, 0% used [0x00000007aab00000,0x00000007aab00000,0x00000007abb00000)
  from space 2560K, 99% used [0x00000007abb00000,0x00000007abd7a3e8,0x00000007abd80000)
  to   space 2560K, 0% used [0x00000007abd80000,0x00000007abd80000,0x00000007ac000000)
 ParOldGen       total 44032K, used 24K [0x0000000780000000, 0x0000000782b00000, 0x00000007aab00000)
  object space 44032K, 0% used [0x0000000780000000,0x0000000780006000,0x0000000782b00000)
 Metaspace       used 8739K, capacity 9232K, committed 9472K, reserved 1056768K
  class space    used 1148K, capacity 1238K, committed 1280K, reserved 1048576K
}
Event: 2.559 GC heap before
{Heap before GC invocations=2 (full 0):
 PSYoungGen      total 18944K, used 18920K [0x00000007aab00000, 0x00000007ac000000, 0x00000007c0000000)
  eden space 16384K, 100% used [0x00000007aab00000,0x00000007abb00000,0x00000007abb00000)
  from space 2560K, 99% used [0x00000007abb00000,0x00000007abd7a3e8,0x00000007abd80000)
  to   space 2560K, 0% used [0x00000007abd80000,0x00000007abd80000,0x00000007ac000000)
 ParOldGen       total 44032K, used 24K [0x0000000780000000, 0x0000000782b00000, 0x00000007aab00000)
  object space 44032K, 0% used [0x0000000780000000,0x0000000780006000,0x0000000782b00000)
 Metaspace       used 14619K, capacity 15388K, committed 15616K, reserved 1062912K
  class space    used 2322K, capacity 2510K, committed 2560K, reserved 1048576K
Event: 2.573 GC heap after
Heap after GC invocations=2 (full 0):
 PSYoungGen      total 18944K, used 2544K [0x00000007aab00000, 0x00000007ac000000, 0x00000007c0000000)
  eden space 16384K, 0% used [0x00000007aab00000,0x00000007aab00000,0x00000007abb00000)
  from space 2560K, 99% used [0x00000007abd80000,0x00000007abffc030,0x00000007ac000000)
  to   space 2560K, 0% used [0x00000007abb00000,0x00000007abb00000,0x00000007abd80000)
 ParOldGen       total 44032K, used 2451K [0x0000000780000000, 0x0000000782b00000, 0x00000007aab00000)
  object space 44032K, 5% used [0x0000000780000000,0x0000000780264c18,0x0000000782b00000)
 Metaspace       used 14619K, capacity 15388K, committed 15616K, reserved 1062912K
  class space    used 2322K, capacity 2510K, committed 2560K, reserved 1048576K
}
Event: 15.420 GC heap before
{Heap before GC invocations=3 (full 0):
 PSYoungGen      total 18944K, used 18928K [0x00000007aab00000, 0x00000007ac000000, 0x00000007c0000000)
  eden space 16384K, 100% used [0x00000007aab00000,0x00000007abb00000,0x00000007abb00000)
  from space 2560K, 99% used [0x00000007abd80000,0x00000007abffc030,0x00000007ac000000)
  to   space 2560K, 0% used [0x00000007abb00000,0x00000007abb00000,0x00000007abd80000)
 ParOldGen       total 44032K, used 2451K [0x0000000780000000, 0x0000000782b00000, 0x00000007aab00000)
  object space 44032K, 5% used [0x0000000780000000,0x0000000780264c18,0x0000000782b00000)
 Metaspace       used 17689K, capacity 18812K, committed 18944K, reserved 1064960K
  class space    used 2739K, capacity 2970K, committed 3072K, reserved 1048576K
Event: 15.439 GC heap after
Heap after GC invocations=3 (full 0):
 PSYoungGen      total 18944K, used 2528K [0x00000007aab00000, 0x00000007ac000000, 0x00000007c0000000)
  eden space 16384K, 0% used [0x00000007aab00000,0x00000007aab00000,0x00000007abb00000)
  from space 2560K, 98% used [0x00000007abb00000,0x00000007abd78020,0x00000007abd80000)
  to   space 2560K, 0% used [0x00000007abd80000,0x00000007abd80000,0x00000007ac000000)
 ParOldGen       total 44032K, used 7189K [0x0000000780000000, 0x0000000782b00000, 0x00000007aab00000)
  object space 44032K, 16% used [0x0000000780000000,0x00000007807056f8,0x0000000782b00000)
 Metaspace       used 17689K, capacity 18812K, committed 18944K, reserved 1064960K
  class space    used 2739K, capacity 2970K, committed 3072K, reserved 1048576K
}
Event: 78.265 GC heap before
{Heap before GC invocations=4 (full 0):
 PSYoungGen      total 18944K, used 18912K [0x00000007aab00000, 0x00000007ac000000, 0x00000007c0000000)
  eden space 16384K, 100% used [0x00000007aab00000,0x00000007abb00000,0x00000007abb00000)
  from space 2560K, 98% used [0x00000007abb00000,0x00000007abd78020,0x00000007abd80000)
  to   space 2560K, 0% used [0x00000007abd80000,0x00000007abd80000,0x00000007ac000000)
 ParOldGen       total 62976K, used 44699K [0x0000000780000000, 0x0000000783d80000, 0x00000007aab00000)
  object space 62976K, 70% used [0x0000000780000000,0x0000000782ba6c98,0x0000000783d80000)
 Metaspace       used 19187K, capacity 20392K, committed 20480K, reserved 1067008K
  class space    used 2844K, capacity 3062K, committed 3072K, reserved 1048576K
Event: 78.281 GC heap after
Heap after GC invocations=4 (full 0):
 PSYoungGen      total 18944K, used 2530K [0x00000007aab00000, 0x00000007ac000000, 0x00000007c0000000)
  eden space 16384K, 0% used [0x00000007aab00000,0x00000007aab00000,0x00000007abb00000)
  from space 2560K, 98% used [0x00000007abd80000,0x00000007abff89c8,0x00000007ac000000)
  to   space 2560K, 0% used [0x00000007abb00000,0x00000007abb00000,0x00000007abd80000)
 ParOldGen       total 62976K, used 46271K [0x0000000780000000, 0x0000000783d80000, 0x00000007aab00000)
  object space 62976K, 73% used [0x0000000780000000,0x0000000782d2fe08,0x0000000783d80000)
 Metaspace       used 19187K, capacity 20392K, committed 20480K, reserved 1067008K
  class space    used 2844K, capacity 3062K, committed 3072K, reserved 1048576K
}
Event: 331.158 GC heap before
{Heap before GC invocations=5 (full 0):
 PSYoungGen      total 18944K, used 18914K [0x00000007aab00000, 0x00000007ac000000, 0x00000007c0000000)
  eden space 16384K, 100% used [0x00000007aab00000,0x00000007abb00000,0x00000007abb00000)
  from space 2560K, 98% used [0x00000007abd80000,0x00000007abff89c8,0x00000007ac000000)
  to   space 2560K, 0% used [0x00000007abb00000,0x00000007abb00000,0x00000007abd80000)
 ParOldGen       total 62976K, used 46271K [0x0000000780000000, 0x0000000783d80000, 0x00000007aab00000)
  object space 62976K, 73% used [0x0000000780000000,0x0000000782d2fe08,0x0000000783d80000)
 Metaspace       used 19719K, capacity 20980K, committed 21120K, reserved 1067008K
  class space    used 2891K, capacity 3144K, committed 3200K, reserved 1048576K
Event: 331.213 GC heap after
Heap after GC invocations=5 (full 0):
 PSYoungGen      total 18944K, used 2530K [0x00000007aab00000, 0x00000007acb00000, 0x00000007c0000000)
  eden space 16384K, 0% used [0x00000007aab00000,0x00000007aab00000,0x00000007abb00000)
  from space 2560K, 98% used [0x00000007abb00000,0x00000007abd789c8,0x00000007abd80000)
  to   space 8192K, 0% used [0x00000007ac300000,0x00000007ac300000,0x00000007acb00000)
 ParOldGen       total 62976K, used 46735K [0x0000000780000000, 0x0000000783d80000, 0x00000007aab00000)
  object space 62976K, 74% used [0x0000000780000000,0x0000000782da3e08,0x0000000783d80000)
 Metaspace       used 19719K, capacity 20980K, committed 21120K, reserved 1067008K
  class space    used 2891K, capacity 3144K, committed 3200K, reserved 1048576K
}

Deoptimization events (10 events):
Event: 40.790 Thread 0x00007f8a7a812000 Uncommon trap: reason=class_check action=maybe_recompile pc=0x0000000108a29e7c method=javafx.beans.property.BooleanPropertyBase.get()Z @ 23
Event: 40.790 Thread 0x00007f8a7a812000 Uncommon trap: reason=class_check action=maybe_recompile pc=0x00000001089dc4a0 method=javafx.beans.property.BooleanPropertyBase.get()Z @ 23
Event: 40.794 Thread 0x00007f8a7a812000 Uncommon trap: reason=unreached action=reinterpret pc=0x0000000108ad948c method=java.util.HashMap.removeNode(ILjava/lang/Object;Ljava/lang/Object;ZZ)Ljava/util/HashMap$Node; @ 234
Event: 41.488 Thread 0x00007f8a7a812000 Uncommon trap: reason=bimorphic action=maybe_recompile pc=0x0000000108b6fa78 method=javafx.beans.property.StringPropertyBase.get()Ljava/lang/String; @ 23
Event: 41.519 Thread 0x00007f8a7a812000 Uncommon trap: reason=bimorphic action=maybe_recompile pc=0x0000000108b6fa78 method=javafx.beans.property.StringPropertyBase.get()Ljava/lang/String; @ 23
Event: 42.011 Thread 0x00007f8a7a812000 Uncommon trap: reason=bimorphic action=maybe_recompile pc=0x0000000108b6fa78 method=javafx.beans.property.StringPropertyBase.get()Ljava/lang/String; @ 23
Event: 79.210 Thread 0x00007f8a7a812000 Uncommon trap: reason=unreached action=reinterpret pc=0x0000000108ab1c90 method=com.sun.javafx.scene.EnteredExitedHandler.dispatchCapturingEvent(Ljavafx/event/Event;)Ljavafx/event/Event; @ 154
Event: 87.189 Thread 0x00007f8a7a812000 Uncommon trap: reason=bimorphic action=maybe_recompile pc=0x0000000108b6fa78 method=javafx.beans.property.StringPropertyBase.get()Ljava/lang/String; @ 23
Event: 89.402 Thread 0x00007f8a7a812000 Uncommon trap: reason=bimorphic action=maybe_recompile pc=0x000000010818f2ec method=com.sun.javafx.scene.EnteredExitedHandler.dispatchBubblingEvent(Ljavafx/event/Event;)Ljavafx/event/Event; @ 77
Event: 387.684 Thread 0x00007f8a7a812000 Uncommon trap: reason=unreached action=reinterpret pc=0x000000010862008c method=com.sun.javafx.tk.Toolkit.isFxUserThread()Z @ 6

Internal exceptions (10 events):
Event: 22.563 Thread 0x00007f8a7a812000 Exception <a 'java/security/PrivilegedActionException'> (0x00000007aac553c8) thrown at [/Users/java_re/workspace/8-2-build-macosx-x86_64/jdk8u31/2843/hotspot/src/share/vm/prims/jvm.cpp, line 1312]
Event: 23.122 Thread 0x00007f8a7a812000 Implicit null exception at 0x00000001087111cf to 0x00000001087113b5
Event: 23.122 Thread 0x00007f8a7a812000 Implicit null exception at 0x00000001087868ce to 0x0000000108786925
Event: 23.140 Thread 0x00007f8a7918a000 Exception <a 'java/lang/ArrayIndexOutOfBoundsException': -1> (0x00000007aad67608) thrown at [/Users/java_re/workspace/8-2-build-macosx-x86_64/jdk8u31/2843/hotspot/src/share/vm/interpreter/interpreterRuntime.cpp, line 366]
Event: 40.150 Thread 0x00007f8a7a812000 Implicit null exception at 0x0000000108b1507c to 0x0000000108b1ad21
Event: 40.187 Thread 0x00007f8a7a812000 Implicit null exception at 0x0000000108513d1a to 0x0000000108514769
Event: 40.214 Thread 0x00007f8a7a812000 Implicit null exception at 0x0000000108819f28 to 0x000000010881aba5
Event: 40.273 Thread 0x00007f8a7918a000 Implicit null exception at 0x0000000108a6d222 to 0x0000000108a6d99d
Event: 40.287 Thread 0x00007f8a7918a000 Implicit null exception at 0x0000000108a4bf37 to 0x0000000108a4d8ad
Event: 387.706 Thread 0x00007f8a7a812000 Exception <a 'java/lang/IllegalStateException'> (0x00000007aaf60d10) thrown at [/Users/java_re/workspace/8-2-build-macosx-x86_64/jdk8u31/2843/hotspot/src/share/vm/prims/jvm.cpp, line 1316]

Events (10 events):
Event: 387.715 Thread 0x00007f8a79028000 flushing nmethod 0x0000000108740850
Event: 387.715 Thread 0x00007f8a79028000 flushing nmethod 0x0000000108744450
Event: 387.715 Thread 0x00007f8a79028000 flushing nmethod 0x0000000108754450
Event: 387.715 Thread 0x00007f8a79028000 flushing nmethod 0x0000000108754b10
Event: 387.715 Thread 0x00007f8a79028000 flushing nmethod 0x000000010876b550
Event: 387.715 Thread 0x00007f8a79028000 flushing nmethod 0x000000010877fc10
Event: 387.715 Thread 0x00007f8a79028000 flushing nmethod 0x0000000108781150
Event: 387.715 Thread 0x00007f8a79028000 flushing nmethod 0x00000001087863d0
Event: 387.715 Thread 0x00007f8a79028000 flushing nmethod 0x0000000108790690
Event: 387.725 Thread 0x00007f8a7a812000 Thread exited: 0x00007f8a7a812000


Dynamic libraries:
0x000000000cea3000 	/System/Library/Frameworks/Cocoa.framework/Versions/A/Cocoa
0x000000000cea3000 	/System/Library/Frameworks/Security.framework/Versions/A/Security
0x000000000cea3000 	/System/Library/Frameworks/ApplicationServices.framework/Versions/A/ApplicationServices
0x000000000cea3000 	/usr/lib/libz.1.dylib
0x000000000cea3000 	/usr/lib/libSystem.B.dylib
0x000000000cea3000 	/usr/lib/libobjc.A.dylib
0x000000000cea3000 	/System/Library/Frameworks/CoreFoundation.framework/Versions/A/CoreFoundation
0x000000000cea3000 	/System/Library/Frameworks/Foundation.framework/Versions/C/Foundation
0x000000000cea3000 	/System/Library/Frameworks/AppKit.framework/Versions/C/AppKit
0x000000000cea3000 	/System/Library/Frameworks/CoreData.framework/Versions/A/CoreData
0x000000000cea3000 	/System/Library/PrivateFrameworks/RemoteViewServices.framework/Versions/A/RemoteViewServices
0x000000000cea3000 	/System/Library/PrivateFrameworks/UIFoundation.framework/Versions/A/UIFoundation
0x000000000cea3000 	/System/Library/Frameworks/IOSurface.framework/Versions/A/IOSurface
0x000000000cea3000 	/System/Library/Frameworks/AudioToolbox.framework/Versions/A/AudioToolbox
0x000000000cea3000 	/System/Library/Frameworks/AudioUnit.framework/Versions/A/AudioUnit
0x000000000cea3000 	/System/Library/PrivateFrameworks/DataDetectorsCore.framework/Versions/A/DataDetectorsCore
0x000000000cea3000 	/System/Library/PrivateFrameworks/DesktopServicesPriv.framework/Versions/A/DesktopServicesPriv
0x000000000cea3000 	/System/Library/Frameworks/Carbon.framework/Versions/A/Frameworks/HIToolbox.framework/Versions/A/HIToolbox
0x000000000cea3000 	/System/Library/Frameworks/QuartzCore.framework/Versions/A/QuartzCore
0x000000000cea3000 	/System/Library/Frameworks/Carbon.framework/Versions/A/Frameworks/SpeechRecognition.framework/Versions/A/SpeechRecognition
0x000000000cea3000 	/usr/lib/libauto.dylib
0x000000000cea3000 	/usr/lib/libicucore.A.dylib
0x000000000cea3000 	/usr/lib/libxml2.2.dylib
0x000000000cea3000 	/System/Library/PrivateFrameworks/CoreUI.framework/Versions/A/CoreUI
0x000000000cea3000 	/System/Library/Frameworks/CoreAudio.framework/Versions/A/CoreAudio
0x000000000cea3000 	/System/Library/Frameworks/DiskArbitration.framework/Versions/A/DiskArbitration
0x000000000cea3000 	/usr/lib/liblangid.dylib
0x000000000cea3000 	/System/Library/PrivateFrameworks/MultitouchSupport.framework/Versions/A/MultitouchSupport
0x000000000cea3000 	/System/Library/Frameworks/IOKit.framework/Versions/A/IOKit
0x000000000cea3000 	/usr/lib/libDiagnosticMessagesClient.dylib
0x000000000cea3000 	/System/Library/Frameworks/CoreServices.framework/Versions/A/CoreServices
0x000000000cea3000 	/System/Library/PrivateFrameworks/PerformanceAnalysis.framework/Versions/A/PerformanceAnalysis
0x000000000cea3000 	/System/Library/PrivateFrameworks/GenerationalStorage.framework/Versions/A/GenerationalStorage
0x000000000cea3000 	/System/Library/Frameworks/OpenGL.framework/Versions/A/OpenGL
0x000000000cea3000 	/System/Library/PrivateFrameworks/Sharing.framework/Versions/A/Sharing
0x000000000cea3000 	/System/Library/Frameworks/CoreGraphics.framework/Versions/A/CoreGraphics
0x000000000cea3000 	/System/Library/Frameworks/CoreText.framework/Versions/A/CoreText
0x000000000cea3000 	/System/Library/Frameworks/ImageIO.framework/Versions/A/ImageIO
0x000000000cea3000 	/usr/lib/libextension.dylib
0x000000000cea3000 	/System/Library/PrivateFrameworks/Backup.framework/Versions/A/Backup
0x000000000cea3000 	/usr/lib/libarchive.2.dylib
0x000000000cea3000 	/System/Library/Frameworks/CFNetwork.framework/Versions/A/CFNetwork
0x000000000cea3000 	/System/Library/Frameworks/SystemConfiguration.framework/Versions/A/SystemConfiguration
0x000000000cea3000 	/usr/lib/libCRFSuite.dylib
0x000000000cea3000 	/usr/lib/libc++.1.dylib
0x000000000cea3000 	/usr/lib/libc++abi.dylib
0x000000000cea3000 	/usr/lib/system/libcache.dylib
0x000000000cea3000 	/usr/lib/system/libcommonCrypto.dylib
0x000000000cea3000 	/usr/lib/system/libcompiler_rt.dylib
0x000000000cea3000 	/usr/lib/system/libcopyfile.dylib
0x000000000cea3000 	/usr/lib/system/libcorecrypto.dylib
0x000000000cea3000 	/usr/lib/system/libdispatch.dylib
0x000000000cea3000 	/usr/lib/system/libdyld.dylib
0x000000000cea3000 	/usr/lib/system/libkeymgr.dylib
0x000000000cea3000 	/usr/lib/system/liblaunch.dylib
0x000000000cea3000 	/usr/lib/system/libmacho.dylib
0x000000000cea3000 	/usr/lib/system/libquarantine.dylib
0x000000000cea3000 	/usr/lib/system/libremovefile.dylib
0x000000000cea3000 	/usr/lib/system/libsystem_asl.dylib
0x000000000cea3000 	/usr/lib/system/libsystem_blocks.dylib
0x000000000cea3000 	/usr/lib/system/libsystem_c.dylib
0x000000000cea3000 	/usr/lib/system/libsystem_configuration.dylib
0x000000000cea3000 	/usr/lib/system/libsystem_coreservices.dylib
0x000000000cea3000 	/usr/lib/system/libsystem_coretls.dylib
0x000000000cea3000 	/usr/lib/system/libsystem_dnssd.dylib
0x000000000cea3000 	/usr/lib/system/libsystem_info.dylib
0x000000000cea3000 	/usr/lib/system/libsystem_kernel.dylib
0x000000000cea3000 	/usr/lib/system/libsystem_m.dylib
0x000000000cea3000 	/usr/lib/system/libsystem_malloc.dylib
0x000000000cea3000 	/usr/lib/system/libsystem_network.dylib
0x000000000cea3000 	/usr/lib/system/libsystem_networkextension.dylib
0x000000000cea3000 	/usr/lib/system/libsystem_notify.dylib
0x000000000cea3000 	/usr/lib/system/libsystem_platform.dylib
0x000000000cea3000 	/usr/lib/system/libsystem_pthread.dylib
0x000000000cea3000 	/usr/lib/system/libsystem_sandbox.dylib
0x000000000cea3000 	/usr/lib/system/libsystem_secinit.dylib
0x000000000cea3000 	/usr/lib/system/libsystem_stats.dylib
0x000000000cea3000 	/usr/lib/system/libsystem_trace.dylib
0x000000000cea3000 	/usr/lib/system/libunc.dylib
0x000000000cea3000 	/usr/lib/system/libunwind.dylib
0x000000000cea3000 	/usr/lib/system/libxpc.dylib
0x000000000cea3000 	/usr/lib/libbz2.1.0.dylib
0x000000000cea3000 	/usr/lib/liblzma.5.dylib
0x000000000cea3000 	/usr/lib/libbsm.0.dylib
0x000000000cea3000 	/usr/lib/libsqlite3.dylib
0x000000000cea3000 	/usr/lib/system/libkxld.dylib
0x000000000cea3000 	/usr/lib/libxar.1.dylib
0x000000000cea3000 	/usr/lib/libpam.2.dylib
0x000000000cea3000 	/usr/lib/libOpenScriptingUtil.dylib
0x000000000cea3000 	/System/Library/Frameworks/CoreServices.framework/Versions/A/Frameworks/FSEvents.framework/Versions/A/FSEvents
0x000000000cea3000 	/System/Library/Frameworks/CoreServices.framework/Versions/A/Frameworks/CarbonCore.framework/Versions/A/CarbonCore
0x000000000cea3000 	/System/Library/Frameworks/CoreServices.framework/Versions/A/Frameworks/Metadata.framework/Versions/A/Metadata
0x000000000cea3000 	/System/Library/Frameworks/CoreServices.framework/Versions/A/Frameworks/OSServices.framework/Versions/A/OSServices
0x000000000cea3000 	/System/Library/Frameworks/CoreServices.framework/Versions/A/Frameworks/SearchKit.framework/Versions/A/SearchKit
0x000000000cea3000 	/System/Library/Frameworks/CoreServices.framework/Versions/A/Frameworks/AE.framework/Versions/A/AE
0x000000000cea3000 	/System/Library/Frameworks/CoreServices.framework/Versions/A/Frameworks/LaunchServices.framework/Versions/A/LaunchServices
0x000000000cea3000 	/System/Library/Frameworks/CoreServices.framework/Versions/A/Frameworks/DictionaryServices.framework/Versions/A/DictionaryServices
0x000000000cea3000 	/System/Library/Frameworks/NetFS.framework/Versions/A/NetFS
0x000000000cea3000 	/System/Library/PrivateFrameworks/NetAuth.framework/Versions/A/NetAuth
0x000000000cea3000 	/System/Library/PrivateFrameworks/login.framework/Versions/A/Frameworks/loginsupport.framework/Versions/A/loginsupport
0x000000000cea3000 	/System/Library/PrivateFrameworks/TCC.framework/Versions/A/TCC
0x000000000cea3000 	/usr/lib/libmecabra.dylib
0x000000000cea3000 	/System/Library/Frameworks/ApplicationServices.framework/Versions/A/Frameworks/ATS.framework/Versions/A/ATS
0x000000000cea3000 	/System/Library/Frameworks/ApplicationServices.framework/Versions/A/Frameworks/ColorSync.framework/Versions/A/ColorSync
0x000000000cea3000 	/System/Library/Frameworks/ApplicationServices.framework/Versions/A/Frameworks/HIServices.framework/Versions/A/HIServices
0x000000000cea3000 	/System/Library/Frameworks/ApplicationServices.framework/Versions/A/Frameworks/LangAnalysis.framework/Versions/A/LangAnalysis
0x000000000cea3000 	/System/Library/Frameworks/ApplicationServices.framework/Versions/A/Frameworks/PrintCore.framework/Versions/A/PrintCore
0x000000000cea3000 	/System/Library/Frameworks/ApplicationServices.framework/Versions/A/Frameworks/QD.framework/Versions/A/QD
0x000000000cea3000 	/System/Library/Frameworks/ApplicationServices.framework/Versions/A/Frameworks/SpeechSynthesis.framework/Versions/A/SpeechSynthesis
0x000000000cea3000 	/System/Library/Frameworks/Accelerate.framework/Versions/A/Accelerate
0x000000000cea3000 	/System/Library/Frameworks/Accelerate.framework/Versions/A/Frameworks/vImage.framework/Versions/A/vImage
0x000000000cea3000 	/System/Library/Frameworks/Accelerate.framework/Versions/A/Frameworks/vecLib.framework/Versions/A/vecLib
0x000000000cea3000 	/System/Library/Frameworks/Accelerate.framework/Versions/A/Frameworks/vecLib.framework/Versions/A/libvDSP.dylib
0x000000000cea3000 	/System/Library/Frameworks/Accelerate.framework/Versions/A/Frameworks/vecLib.framework/Versions/A/libvMisc.dylib
0x000000000cea3000 	/System/Library/Frameworks/Accelerate.framework/Versions/A/Frameworks/vecLib.framework/Versions/A/libLAPACK.dylib
0x000000000cea3000 	/System/Library/Frameworks/Accelerate.framework/Versions/A/Frameworks/vecLib.framework/Versions/A/libBLAS.dylib
0x000000000cea3000 	/System/Library/Frameworks/Accelerate.framework/Versions/A/Frameworks/vecLib.framework/Versions/A/libLinearAlgebra.dylib
0x000000000cea3000 	/System/Library/Frameworks/ApplicationServices.framework/Versions/A/Frameworks/ATS.framework/Versions/A/Resources/libFontParser.dylib
0x000000000cea3000 	/System/Library/Frameworks/ApplicationServices.framework/Versions/A/Frameworks/ATS.framework/Versions/A/Resources/libFontRegistry.dylib
0x000000000cea3000 	/System/Library/PrivateFrameworks/AppleVPA.framework/Versions/A/AppleVPA
0x000000000cea3000 	/System/Library/PrivateFrameworks/AppleJPEG.framework/Versions/A/AppleJPEG
0x000000000cea3000 	/System/Library/Frameworks/ImageIO.framework/Versions/A/Resources/libJPEG.dylib
0x000000000cea3000 	/System/Library/Frameworks/ImageIO.framework/Versions/A/Resources/libTIFF.dylib
0x000000000cea3000 	/System/Library/Frameworks/ImageIO.framework/Versions/A/Resources/libPng.dylib
0x000000000cea3000 	/System/Library/Frameworks/ImageIO.framework/Versions/A/Resources/libGIF.dylib
0x000000000cea3000 	/System/Library/Frameworks/ImageIO.framework/Versions/A/Resources/libJP2.dylib
0x000000000cea3000 	/System/Library/Frameworks/ImageIO.framework/Versions/A/Resources/libRadiance.dylib
0x000000000cea3000 	/System/Library/Frameworks/CoreVideo.framework/Versions/A/CoreVideo
0x000000000cea3000 	/System/Library/Frameworks/OpenGL.framework/Versions/A/Libraries/libGLU.dylib
0x000000000cea3000 	/System/Library/Frameworks/OpenGL.framework/Versions/A/Libraries/libGFXShared.dylib
0x000000000cea3000 	/System/Library/Frameworks/OpenGL.framework/Versions/A/Libraries/libGL.dylib
0x000000000cea3000 	/System/Library/Frameworks/OpenGL.framework/Versions/A/Libraries/libGLImage.dylib
0x000000000cea3000 	/System/Library/Frameworks/OpenGL.framework/Versions/A/Libraries/libCVMSPluginSupport.dylib
0x000000000cea3000 	/System/Library/Frameworks/OpenGL.framework/Versions/A/Libraries/libCoreVMClient.dylib
0x000000000cea3000 	/usr/lib/libcups.2.dylib
0x000000000cea3000 	/System/Library/Frameworks/Kerberos.framework/Versions/A/Kerberos
0x000000000cea3000 	/System/Library/Frameworks/GSS.framework/Versions/A/GSS
0x000000000cea3000 	/usr/lib/libresolv.9.dylib
0x000000000cea3000 	/usr/lib/libiconv.2.dylib
0x000000000cea3000 	/System/Library/PrivateFrameworks/Heimdal.framework/Versions/A/Heimdal
0x000000000cea3000 	/usr/lib/libheimdal-asn1.dylib
0x000000000cea3000 	/System/Library/Frameworks/OpenDirectory.framework/Versions/A/OpenDirectory
0x000000000cea3000 	/System/Library/PrivateFrameworks/CommonAuth.framework/Versions/A/CommonAuth
0x000000000cea3000 	/System/Library/Frameworks/OpenDirectory.framework/Versions/A/Frameworks/CFOpenDirectory.framework/Versions/A/CFOpenDirectory
0x000000000cea3000 	/System/Library/Frameworks/SecurityFoundation.framework/Versions/A/SecurityFoundation
0x000000000cea3000 	/System/Library/PrivateFrameworks/LanguageModeling.framework/Versions/A/LanguageModeling
0x000000000cea3000 	/usr/lib/libcmph.dylib
0x000000000cea3000 	/System/Library/Frameworks/ServiceManagement.framework/Versions/A/ServiceManagement
0x000000000cea3000 	/usr/lib/libxslt.1.dylib
0x000000000cea3000 	/System/Library/Frameworks/Carbon.framework/Versions/A/Frameworks/Ink.framework/Versions/A/Ink
0x000000000cea3000 	/System/Library/Frameworks/QuartzCore.framework/Versions/A/Frameworks/CoreImage.framework/Versions/A/CoreImage
0x000000000cea3000 	/System/Library/PrivateFrameworks/CrashReporterSupport.framework/Versions/A/CrashReporterSupport
0x000000000cea3000 	/System/Library/Frameworks/OpenCL.framework/Versions/A/OpenCL
0x000000000cea3000 	/System/Library/PrivateFrameworks/FaceCore.framework/Versions/A/FaceCore
0x000000000cea3000 	/System/Library/PrivateFrameworks/Ubiquity.framework/Versions/A/Ubiquity
0x000000000cea3000 	/System/Library/PrivateFrameworks/IconServices.framework/Versions/A/IconServices
0x000000000cea3000 	/System/Library/PrivateFrameworks/ChunkingLibrary.framework/Versions/A/ChunkingLibrary
0x000000000cea3000 	/System/Library/PrivateFrameworks/Apple80211.framework/Versions/A/Apple80211
0x000000000cea3000 	/System/Library/Frameworks/CoreWLAN.framework/Versions/A/CoreWLAN
0x000000000cea3000 	/System/Library/Frameworks/IOBluetooth.framework/Versions/A/IOBluetooth
0x000000000cea3000 	/System/Library/PrivateFrameworks/CoreWiFi.framework/Versions/A/CoreWiFi
0x000000000cea3000 	/System/Library/Frameworks/CoreBluetooth.framework/Versions/A/CoreBluetooth
0x000000000cea3000 	/System/Library/PrivateFrameworks/DebugSymbols.framework/Versions/A/DebugSymbols
0x000000000cea3000 	/System/Library/PrivateFrameworks/CoreSymbolication.framework/Versions/A/CoreSymbolication
0x000000000cea3000 	/System/Library/PrivateFrameworks/Symbolication.framework/Versions/A/Symbolication
0x000000000cea3000 	/System/Library/PrivateFrameworks/SpeechRecognitionCore.framework/Versions/A/SpeechRecognitionCore
0x0000000107000000 	/Library/Internet Plug-Ins/JavaAppletPlugin.plugin/Contents/Home/lib/server/libjvm.dylib
0x000000000cea3000 	/usr/lib/libstdc++.6.dylib
0x000000010676b000 	/Library/Internet Plug-Ins/JavaAppletPlugin.plugin/Contents/Home/lib/libverify.dylib
0x0000000106779000 	/Library/Internet Plug-Ins/JavaAppletPlugin.plugin/Contents/Home/lib/libjava.dylib
0x00000001067b7000 	/Library/Internet Plug-Ins/JavaAppletPlugin.plugin/Contents/Home/lib/libzip.dylib
0x000000011bad2000 	/System/Library/Frameworks/JavaVM.framework/Frameworks/JavaRuntimeSupport.framework/JavaRuntimeSupport
0x000000011baea000 	/System/Library/Frameworks/JavaVM.framework/Versions/A/Frameworks/JavaNativeFoundation.framework/Versions/A/JavaNativeFoundation
0x000000011baff000 	/System/Library/Frameworks/JavaVM.framework/Versions/A/JavaVM
0x000000000cea3000 	/System/Library/Frameworks/Carbon.framework/Versions/A/Carbon
0x00000001067f4000 	/System/Library/PrivateFrameworks/JavaLaunching.framework/Versions/A/JavaLaunching
0x000000000cea3000 	/System/Library/Frameworks/Carbon.framework/Versions/A/Frameworks/CommonPanels.framework/Versions/A/CommonPanels
0x000000000cea3000 	/System/Library/Frameworks/Carbon.framework/Versions/A/Frameworks/Help.framework/Versions/A/Help
0x000000000cea3000 	/System/Library/Frameworks/Carbon.framework/Versions/A/Frameworks/ImageCapture.framework/Versions/A/ImageCapture
0x000000000cea3000 	/System/Library/Frameworks/Carbon.framework/Versions/A/Frameworks/OpenScripting.framework/Versions/A/OpenScripting
0x000000000cea3000 	/System/Library/Frameworks/Carbon.framework/Versions/A/Frameworks/Print.framework/Versions/A/Print
0x000000000cea3000 	/System/Library/Frameworks/Carbon.framework/Versions/A/Frameworks/SecurityHI.framework/Versions/A/SecurityHI
0x000000011dbcd000 	/Library/Internet Plug-Ins/JavaAppletPlugin.plugin/Contents/Home/lib/libprism_es2.dylib
0x000000000cea3000 	/System/Library/Frameworks/OpenGL.framework/Versions/A/Resources/GLEngine.bundle/GLEngine
0x000000000cea3000 	/System/Library/Frameworks/OpenGL.framework/Versions/A/Libraries/libGLProgrammability.dylib
0x0000000000000000 	/System/Library/Extensions/AppleIntelHD5000GraphicsGLDriver.bundle/Contents/MacOS/AppleIntelHD5000GraphicsGLDriver
0x000000000cea3000 	/System/Library/PrivateFrameworks/IOAccelerator.framework/Versions/A/IOAccelerator
0x000000000cea3000 	/System/Library/PrivateFrameworks/GPUSupport.framework/Versions/A/Libraries/libGPUSupportMercury.dylib
0x000000000cea3000 	/System/Library/Frameworks/OpenGL.framework/Versions/A/Resources/GLRendererFloat.bundle/GLRendererFloat
0x000000000cea3000 	/System/Library/Frameworks/OpenCL.framework/Versions/A/Libraries/libcldcpuengine.dylib
0x000000000cea3000 	/System/Library/PrivateFrameworks/DiskImages.framework/Versions/A/DiskImages
0x000000000cea3000 	/System/Library/Frameworks/DiscRecording.framework/Versions/A/DiscRecording
0x000000000cea3000 	/usr/lib/libcsfde.dylib
0x000000000cea3000 	/usr/lib/libcurl.4.dylib
0x000000000cea3000 	/System/Library/PrivateFrameworks/MediaKit.framework/Versions/A/MediaKit
0x000000000cea3000 	/System/Library/PrivateFrameworks/ProtectedCloudStorage.framework/Versions/A/ProtectedCloudStorage
0x000000000cea3000 	/usr/lib/libCoreStorage.dylib
0x000000000cea3000 	/System/Library/PrivateFrameworks/EFILogin.framework/Versions/A/EFILogin
0x000000000cea3000 	/usr/lib/libutil.dylib
0x000000000cea3000 	/System/Library/PrivateFrameworks/FindMyDevice.framework/Versions/A/FindMyDevice
0x000000000cea3000 	/System/Library/Frameworks/LDAP.framework/Versions/A/LDAP
0x000000000cea3000 	/usr/lib/libsasl2.2.dylib
0x000000000cea3000 	/System/Library/PrivateFrameworks/CoreDaemon.framework/Versions/B/CoreDaemon
0x000000000cea3000 	/usr/lib/libcrypto.0.9.8.dylib
0x000000000cea3000 	/System/Library/PrivateFrameworks/AppleSRP.framework/Versions/A/AppleSRP
0x000000000cea3000 	/System/Library/PrivateFrameworks/TrustEvaluationAgent.framework/Versions/A/TrustEvaluationAgent
0x000000011e07e000 	/Library/Internet Plug-Ins/JavaAppletPlugin.plugin/Contents/Home/lib/libglass.dylib
0x000000000cea3000 	/System/Library/PrivateFrameworks/CoreServicesInternal.framework/Versions/A/CoreServicesInternal
0x000000000cea3000 	/System/Library/PrivateFrameworks/CloudDocs.framework/Versions/A/CloudDocs
0x000000000cea3000 	/System/Library/PrivateFrameworks/CoreDuet.framework/Versions/A/CoreDuet
0x000000000cea3000 	/System/Library/Frameworks/CloudKit.framework/Versions/A/CloudKit
0x000000000cea3000 	/System/Library/PrivateFrameworks/ProtocolBuffer.framework/Versions/A/ProtocolBuffer
0x000000000cea3000 	/System/Library/PrivateFrameworks/CoreDuetDaemonProtocol.framework/Versions/A/CoreDuetDaemonProtocol
0x000000000cea3000 	/System/Library/PrivateFrameworks/CoreDuetDebugLogging.framework/Versions/A/CoreDuetDebugLogging
0x000000000cea3000 	/System/Library/PrivateFrameworks/MMCS.framework/Versions/A/MMCS
0x000000000cea3000 	/System/Library/Frameworks/CoreLocation.framework/Versions/A/CoreLocation
0x000000000cea3000 	/System/Library/PrivateFrameworks/GeoServices.framework/Versions/A/GeoServices
0x000000000cea3000 	/System/Library/Frameworks/CoreGraphics.framework/Versions/A/Resources/libCGCMS.A.dylib
0x000000011f73a000 	/System/Library/CoreServices/RawCamera.bundle/Contents/MacOS/RawCamera
0x000000000cea3000 	/System/Library/Frameworks/CoreGraphics.framework/Versions/A/Resources/libRIP.A.dylib
0x000000000cea3000 	/System/Library/PrivateFrameworks/FamilyControls.framework/Versions/A/FamilyControls
0x000000000cea3000 	/System/Library/PrivateFrameworks/CommerceKit.framework/Versions/A/Frameworks/CommerceCore.framework/Versions/A/CommerceCore
0x000000000cea3000 	/System/Library/PrivateFrameworks/SystemAdministration.framework/Versions/A/SystemAdministration
0x000000000cea3000 	/System/Library/PrivateFrameworks/AppContainer.framework/Versions/A/AppContainer
0x000000000cea3000 	/System/Library/PrivateFrameworks/SecCodeWrapper.framework/Versions/A/SecCodeWrapper
0x000000000cea3000 	/System/Library/Frameworks/DirectoryService.framework/Versions/A/DirectoryService
0x000000000cea3000 	/System/Library/PrivateFrameworks/LoginUIKit.framework/Versions/A/Frameworks/LoginUICore.framework/Versions/A/LoginUICore
0x000000000cea3000 	/usr/lib/libodfde.dylib
0x0000000121ab8000 	/Library/Internet Plug-Ins/JavaAppletPlugin.plugin/Contents/Home/lib/libjavafx_font.dylib
0x000000000cea3000 	/System/Library/Frameworks/CoreGraphics.framework/Versions/A/Resources/libCGXType.A.dylib
0x0000000122c83000 	cl_kernels
0x0000000125731000 	/System/Library/Frameworks/OpenCL.framework/Versions/A/Libraries/ImageFormats/unorm8_bgra.dylib
0x00000001258ff000 	/Library/Internet Plug-Ins/JavaAppletPlugin.plugin/Contents/Home/lib/libprism_common.dylib
0x00000001259f2000 	cl_kernels
0x000000000cea3000 	/System/Library/PrivateFrameworks/FinderKit.framework/Versions/A/FinderKit
0x000000000cea3000 	/System/Library/PrivateFrameworks/Suggestions.framework/Versions/A/Suggestions
0x000000000cea3000 	/System/Library/Frameworks/Quartz.framework/Versions/A/Frameworks/QuickLookUI.framework/Versions/A/QuickLookUI
0x000000000cea3000 	/System/Library/Frameworks/Quartz.framework/Versions/A/Frameworks/ImageKit.framework/Versions/A/ImageKit
0x000000000cea3000 	/System/Library/PrivateFrameworks/Bom.framework/Versions/A/Bom
0x000000000cea3000 	/System/Library/Frameworks/QuickLook.framework/Versions/A/QuickLook
0x000000000cea3000 	/System/Library/PrivateFrameworks/AppleSystemInfo.framework/Versions/A/AppleSystemInfo
0x000000000cea3000 	/System/Library/Frameworks/ImageCaptureCore.framework/Versions/A/ImageCaptureCore
0x000000000cea3000 	/System/Library/Frameworks/AddressBook.framework/Versions/A/AddressBook
0x000000000cea3000 	/System/Library/PrivateFrameworks/IntlPreferences.framework/Versions/A/IntlPreferences
0x000000000cea3000 	/System/Library/PrivateFrameworks/ToneLibrary.framework/Versions/A/ToneLibrary
0x000000000cea3000 	/System/Library/PrivateFrameworks/ToneKit.framework/Versions/A/ToneKit
0x000000000cea3000 	/System/Library/PrivateFrameworks/vCard.framework/Versions/A/vCard
0x000000000cea3000 	/System/Library/PrivateFrameworks/ApplePushService.framework/Versions/A/ApplePushService
0x000000000cea3000 	/System/Library/PrivateFrameworks/ContactsData.framework/Versions/A/ContactsData
0x000000000cea3000 	/System/Library/PrivateFrameworks/ContactsFoundation.framework/Versions/A/ContactsFoundation
0x000000000cea3000 	/System/Library/Frameworks/SecurityInterface.framework/Versions/A/SecurityInterface
0x000000000cea3000 	/System/Library/PrivateFrameworks/PhoneNumbers.framework/Versions/A/PhoneNumbers
0x000000000cea3000 	/System/Library/Frameworks/Quartz.framework/Versions/A/Quartz
0x000000000cea3000 	/System/Library/Frameworks/AVFoundation.framework/Versions/A/AVFoundation
0x000000000cea3000 	/System/Library/Frameworks/AVFoundation.framework/Versions/A/Resources/libAVFAudio.dylib
0x000000000cea3000 	/System/Library/Frameworks/CoreMedia.framework/Versions/A/CoreMedia
0x000000000cea3000 	/System/Library/Frameworks/MediaToolbox.framework/Versions/A/MediaToolbox
0x000000000cea3000 	/System/Library/Frameworks/VideoToolbox.framework/Versions/A/VideoToolbox
0x000000000cea3000 	/System/Library/Frameworks/CoreMediaIO.framework/Versions/A/CoreMediaIO
0x000000000cea3000 	/System/Library/PrivateFrameworks/MediaControlSender.framework/Versions/A/MediaControlSender
0x000000000cea3000 	/System/Library/PrivateFrameworks/CoreAVCHD.framework/Versions/A/CoreAVCHD
0x000000000cea3000 	/System/Library/Frameworks/MediaAccessibility.framework/Versions/A/MediaAccessibility
0x000000000cea3000 	/System/Library/PrivateFrameworks/Mangrove.framework/Versions/A/Mangrove
0x000000000cea3000 	/System/Library/PrivateFrameworks/CoreAUC.framework/Versions/A/CoreAUC
0x000000000cea3000 	/System/Library/PrivateFrameworks/NetworkStatistics.framework/Versions/A/NetworkStatistics
0x000000000cea3000 	/System/Library/PrivateFrameworks/AirPlaySupport.framework/Versions/A/AirPlaySupport
0x000000000cea3000 	/System/Library/PrivateFrameworks/CoreUtils.framework/Versions/A/CoreUtils
0x000000000cea3000 	/System/Library/PrivateFrameworks/AppleVA.framework/Versions/A/AppleVA
0x000000000cea3000 	/System/Library/PrivateFrameworks/XPCService.framework/Versions/A/XPCService
0x000000000cea3000 	/System/Library/PrivateFrameworks/AppSandbox.framework/Versions/A/AppSandbox
0x000000000cea3000 	/usr/lib/libsandbox.1.dylib
0x000000000cea3000 	/usr/lib/libMatch.1.dylib
0x000000011bb12000 	/System/Library/PrivateFrameworks/SafariServices.framework/Versions/A/SafariServices
0x000000000cea3000 	/usr/lib/libspindump.dylib
0x000000000cea3000 	/System/Library/Frameworks/QTKit.framework/Versions/A/QTKit
0x000000000cea3000 	/System/Library/PrivateFrameworks/CoreMediaAuthoring.framework/Versions/A/CoreMediaAuthoring
0x000000000cea3000 	/System/Library/Frameworks/Quartz.framework/Versions/A/Frameworks/QuartzComposer.framework/Versions/A/QuartzComposer
0x000000000cea3000 	/System/Library/Frameworks/Quartz.framework/Versions/A/Frameworks/PDFKit.framework/Versions/A/PDFKit
0x000000000cea3000 	/System/Library/Frameworks/Quartz.framework/Versions/A/Frameworks/QuartzFilters.framework/Versions/A/QuartzFilters
0x000000000cea3000 	/System/Library/Frameworks/JavaScriptCore.framework/Versions/A/JavaScriptCore
0x000000000cea3000 	/System/Library/PrivateFrameworks/CorePDF.framework/Versions/A/CorePDF
0x000000000cea3000 	/System/Library/PrivateFrameworks/DisplayServices.framework/Versions/A/DisplayServices
0x000000000cea3000 	/System/Library/PrivateFrameworks/AppleFSCompression.framework/Versions/A/AppleFSCompression
0x000000011bb1b000 	/System/Library/PrivateFrameworks/CacheDelete.framework/CacheDelete
0x000000000cea3000 	/System/Library/PrivateFrameworks/PlugInKit.framework/Versions/A/PlugInKit
0x000000012743d000 	/System/Library/Frameworks/OpenCL.framework/Versions/A/Libraries/ImageFormats/unorm8_rgba.dylib
0x0000000127721000 	cl_kernels
0x0000000127741000 	cl_kernels
0x0000000127745000 	cl_kernels
0x000000012777c000 	/System/Library/Frameworks/Security.framework/PlugIns/csparser.bundle/Contents/MacOS/csparser
0x000000011bbbf000 	/Library/Internet Plug-Ins/JavaAppletPlugin.plugin/Contents/Home/lib/libjavafx_iio.dylib
0x0000000121d54000 	/Library/Internet Plug-Ins/JavaAppletPlugin.plugin/Contents/Home/lib/libnio.dylib
0x0000000121d68000 	/Library/Internet Plug-Ins/JavaAppletPlugin.plugin/Contents/Home/lib/./libnet.dylib

VM Arguments:
java_command: /Users/Douglas/Workspace/steve/build/dist/stve.jar
java_class_path (initial): /Users/Douglas/Workspace/steve/build/dist/stve.jar
Launcher Type: SUN_STANDARD

Environment Variables:
PATH=/usr/bin:/bin:/usr/sbin:/sbin
SHELL=/bin/bash

Signal Handlers:
SIGSEGV: [libjvm.dylib+0x57a0e7], sa_mask[0]=11111111011111110111111111111111, sa_flags=SA_ONSTACK|SA_RESTART|SA_SIGINFO
SIGBUS: [libjvm.dylib+0x57a0e7], sa_mask[0]=11111111011111110111111111111111, sa_flags=SA_RESTART|SA_SIGINFO
SIGFPE: [libjvm.dylib+0x45af24], sa_mask[0]=11111111011111110111111111111111, sa_flags=SA_RESTART|SA_SIGINFO
SIGPIPE: [libjvm.dylib+0x45af24], sa_mask[0]=11111111011111110111111111111111, sa_flags=SA_RESTART|SA_SIGINFO
SIGXFSZ: [libjvm.dylib+0x45af24], sa_mask[0]=11111111011111110111111111111111, sa_flags=SA_RESTART|SA_SIGINFO
SIGILL: [libjvm.dylib+0x45af24], sa_mask[0]=11111111011111110111111111111111, sa_flags=SA_RESTART|SA_SIGINFO
SIGUSR1: SIG_DFL, sa_mask[0]=00000000000000000000000000000000, sa_flags=none
SIGUSR2: [libjvm.dylib+0x45aa42], sa_mask[0]=00000000000000000000000000000000, sa_flags=SA_RESTART|SA_SIGINFO
SIGHUP: [libjvm.dylib+0x459015], sa_mask[0]=11111111011111110111111111111111, sa_flags=SA_RESTART|SA_SIGINFO
SIGINT: [libjvm.dylib+0x459015], sa_mask[0]=11111111011111110111111111111111, sa_flags=SA_RESTART|SA_SIGINFO
SIGTERM: [libjvm.dylib+0x459015], sa_mask[0]=11111111011111110111111111111111, sa_flags=SA_RESTART|SA_SIGINFO
SIGQUIT: [libjvm.dylib+0x459015], sa_mask[0]=11111111011111110111111111111111, sa_flags=SA_RESTART|SA_SIGINFO


---------------  S Y S T E M  ---------------

OS:Bsduname:Darwin 14.3.0 Darwin Kernel Version 14.3.0: Mon Mar 23 11:59:05 PDT 2015; root:xnu-2782.20.48~5/RELEASE_X86_64 x86_64
rlimit: STACK 8192k, CORE 0k, NPROC 709, NOFILE 10240, AS infinity
load average:2.12 2.14 2.05

CPU:total 4 (2 cores per cpu, 2 threads per core) family 6 model 69 stepping 1, cmov, cx8, fxsr, mmx, sse, sse2, sse3, ssse3, sse4.1, sse4.2, popcnt, avx, avx2, aes, clmul, erms, lzcnt, ht, tsc, tscinvbit, bmi1, bmi2

Memory: 4k page, physical 4194304k(21736k free)

/proc/meminfo:


vm_info: Java HotSpot(TM) 64-Bit Server VM (25.31-b07) for bsd-amd64 JRE (1.8.0_31-b15), built on Feb  9 2015 15:29:11 by "java_re" with gcc 4.2.1 (Based on Apple Inc. build 5658) (LLVM build 2336.11.00)

time: Sat May 23 18:55:13 2015
elapsed time: 479 seconds (0d 0h 7m 59s)

